{"/Users/brianmccann/git-repos/greenspark-aws/core-api/src/index.ts": {"path":"/Users/brianmccann/git-repos/greenspark-aws/core-api/src/index.ts","statementMap":{"0":{"start":{"line":1,"column":0},"end":{"line":1,"column":27}}},"fnMap":{},"branchMap":{},"s":{"0":0},"f":{},"b":{}}
,"/Users/brianmccann/git-repos/greenspark-aws/core-api/src/api/mapper/AccountMapper.ts": {"path":"/Users/brianmccann/git-repos/greenspark-aws/core-api/src/api/mapper/AccountMapper.ts","statementMap":{"0":{"start":{"line":9,"column":4},"end":{"line":16,"column":6}},"1":{"start":{"line":20,"column":4},"end":{"line":26,"column":6}},"2":{"start":{"line":30,"column":19},"end":{"line":35,"column":6}},"3":{"start":{"line":36,"column":4},"end":{"line":36,"column":90}},"4":{"start":{"line":36,"column":61},"end":{"line":36,"column":88}},"5":{"start":{"line":37,"column":4},"end":{"line":37,"column":18}},"6":{"start":{"line":6,"column":0},"end":{"line":6,"column":21}}},"fnMap":{"0":{"name":"(anonymous_0)","decl":{"start":{"line":8,"column":2},"end":{"line":8,"column":8}},"loc":{"start":{"line":8,"column":70},"end":{"line":17,"column":3}}},"1":{"name":"(anonymous_1)","decl":{"start":{"line":19,"column":2},"end":{"line":19,"column":8}},"loc":{"start":{"line":19,"column":45},"end":{"line":27,"column":3}}},"2":{"name":"(anonymous_2)","decl":{"start":{"line":29,"column":2},"end":{"line":29,"column":8}},"loc":{"start":{"line":29,"column":55},"end":{"line":38,"column":3}}},"3":{"name":"(anonymous_3)","decl":{"start":{"line":36,"column":34},"end":{"line":36,"column":35}},"loc":{"start":{"line":36,"column":61},"end":{"line":36,"column":88}}}},"branchMap":{},"s":{"0":0,"1":0,"2":0,"3":0,"4":0,"5":0,"6":1},"f":{"0":0,"1":0,"2":0,"3":0},"b":{}}
,"/Users/brianmccann/git-repos/greenspark-aws/core-api/src/api/mapper/BarcodeMapper.ts": {"path":"/Users/brianmccann/git-repos/greenspark-aws/core-api/src/api/mapper/BarcodeMapper.ts","statementMap":{"0":{"start":{"line":5,"column":4},"end":{"line":12,"column":null}},"1":{"start":{"line":16,"column":4},"end":{"line":31,"column":null}},"2":{"start":{"line":3,"column":0},"end":{"line":3,"column":21}}},"fnMap":{"0":{"name":"(anonymous_0)","decl":{"start":{"line":4,"column":2},"end":{"line":4,"column":20}},"loc":{"start":{"line":4,"column":55},"end":{"line":13,"column":3}}},"1":{"name":"(anonymous_1)","decl":{"start":{"line":15,"column":2},"end":{"line":15,"column":21}},"loc":{"start":{"line":15,"column":56},"end":{"line":32,"column":3}}}},"branchMap":{},"s":{"0":1,"1":1,"2":1},"f":{"0":1,"1":1},"b":{}}
,"/Users/brianmccann/git-repos/greenspark-aws/core-api/src/api/mapper/BenchmarkMapper.ts": {"path":"/Users/brianmccann/git-repos/greenspark-aws/core-api/src/api/mapper/BenchmarkMapper.ts","statementMap":{"0":{"start":{"line":1,"column":0},"end":{"line":1,"column":89}},"1":{"start":{"line":3,"column":0},"end":{"line":3,"column":34}},"2":{"start":{"line":9,"column":4},"end":{"line":16,"column":6}},"3":{"start":{"line":10,"column":57},"end":{"line":10,"column":85}},"4":{"start":{"line":20,"column":4},"end":{"line":20,"column":21}},"5":{"start":{"line":24,"column":4},"end":{"line":39,"column":null}},"6":{"start":{"line":42,"column":27},"end":{"line":42,"column":55}},"7":{"start":{"line":44,"column":4},"end":{"line":59,"column":null}},"8":{"start":{"line":46,"column":76},"end":{"line":46,"column":112}},"9":{"start":{"line":63,"column":4},"end":{"line":63,"column":52}},"10":{"start":{"line":64,"column":38},"end":{"line":73,"column":null}},"11":{"start":{"line":74,"column":4},"end":{"line":85,"column":6}},"12":{"start":{"line":7,"column":0},"end":{"line":7,"column":21}}},"fnMap":{"0":{"name":"(anonymous_0)","decl":{"start":{"line":8,"column":2},"end":{"line":8,"column":20}},"loc":{"start":{"line":8,"column":50},"end":{"line":17,"column":3}}},"1":{"name":"(anonymous_1)","decl":{"start":{"line":10,"column":28},"end":{"line":10,"column":29}},"loc":{"start":{"line":10,"column":57},"end":{"line":10,"column":85}}},"2":{"name":"(anonymous_2)","decl":{"start":{"line":19,"column":2},"end":{"line":19,"column":16}},"loc":{"start":{"line":19,"column":40},"end":{"line":21,"column":3}}},"3":{"name":"(anonymous_3)","decl":{"start":{"line":23,"column":2},"end":{"line":23,"column":24}},"loc":{"start":{"line":23,"column":50},"end":{"line":40,"column":3}}},"4":{"name":"(anonymous_4)","decl":{"start":{"line":41,"column":2},"end":{"line":41,"column":17}},"loc":{"start":{"line":41,"column":41},"end":{"line":60,"column":3}}},"5":{"name":"(anonymous_5)","decl":{"start":{"line":46,"column":45},"end":{"line":46,"column":46}},"loc":{"start":{"line":46,"column":76},"end":{"line":46,"column":112}}},"6":{"name":"(anonymous_6)","decl":{"start":{"line":62,"column":2},"end":{"line":62,"column":20}},"loc":{"start":{"line":62,"column":72},"end":{"line":86,"column":3}}}},"branchMap":{"0":{"loc":{"start":{"line":63,"column":17},"end":{"line":63,"column":51}},"type":"cond-expr","locations":[{"start":{"line":63,"column":30},"end":{"line":63,"column":40}},{"start":{"line":63,"column":43},"end":{"line":63,"column":51}}]}},"s":{"0":13,"1":13,"2":1,"3":1,"4":1,"5":15,"6":14,"7":14,"8":14,"9":2,"10":2,"11":2,"12":13},"f":{"0":1,"1":1,"2":1,"3":15,"4":14,"5":14,"6":2},"b":{"0":[1,1]}}
,"/Users/brianmccann/git-repos/greenspark-aws/core-api/src/api/mapper/CommodityMapper.ts": {"path":"/Users/brianmccann/git-repos/greenspark-aws/core-api/src/api/mapper/CommodityMapper.ts","statementMap":{"0":{"start":{"line":1,"column":0},"end":{"line":1,"column":80}},"1":{"start":{"line":3,"column":0},"end":{"line":3,"column":34}},"2":{"start":{"line":9,"column":4},"end":{"line":9,"column":106}},"3":{"start":{"line":9,"column":62},"end":{"line":9,"column":103}},"4":{"start":{"line":13,"column":4},"end":{"line":13,"column":52}},"5":{"start":{"line":14,"column":4},"end":{"line":33,"column":6}},"6":{"start":{"line":36,"column":17},"end":{"line":36,"column":111}},"7":{"start":{"line":37,"column":17},"end":{"line":37,"column":103}},"8":{"start":{"line":38,"column":4},"end":{"line":47,"column":6}},"9":{"start":{"line":50,"column":4},"end":{"line":59,"column":6}},"10":{"start":{"line":62,"column":19},"end":{"line":69,"column":6}},"11":{"start":{"line":70,"column":4},"end":{"line":70,"column":93}},"12":{"start":{"line":70,"column":63},"end":{"line":70,"column":91}},"13":{"start":{"line":71,"column":4},"end":{"line":71,"column":18}},"14":{"start":{"line":7,"column":0},"end":{"line":7,"column":21}}},"fnMap":{"0":{"name":"(anonymous_0)","decl":{"start":{"line":8,"column":2},"end":{"line":8,"column":24}},"loc":{"start":{"line":8,"column":81},"end":{"line":10,"column":3}}},"1":{"name":"(anonymous_1)","decl":{"start":{"line":9,"column":28},"end":{"line":9,"column":29}},"loc":{"start":{"line":9,"column":62},"end":{"line":9,"column":103}}},"2":{"name":"(anonymous_2)","decl":{"start":{"line":12,"column":2},"end":{"line":12,"column":20}},"loc":{"start":{"line":12,"column":71},"end":{"line":34,"column":3}}},"3":{"name":"(anonymous_3)","decl":{"start":{"line":35,"column":2},"end":{"line":35,"column":17}},"loc":{"start":{"line":35,"column":41},"end":{"line":48,"column":3}}},"4":{"name":"(anonymous_4)","decl":{"start":{"line":49,"column":2},"end":{"line":49,"column":16}},"loc":{"start":{"line":49,"column":40},"end":{"line":60,"column":3}}},"5":{"name":"(anonymous_5)","decl":{"start":{"line":61,"column":2},"end":{"line":61,"column":20}},"loc":{"start":{"line":61,"column":50},"end":{"line":72,"column":3}}},"6":{"name":"(anonymous_6)","decl":{"start":{"line":70,"column":34},"end":{"line":70,"column":35}},"loc":{"start":{"line":70,"column":63},"end":{"line":70,"column":91}}}},"branchMap":{"0":{"loc":{"start":{"line":13,"column":17},"end":{"line":13,"column":51}},"type":"cond-expr","locations":[{"start":{"line":13,"column":30},"end":{"line":13,"column":40}},{"start":{"line":13,"column":43},"end":{"line":13,"column":51}}]},"1":{"loc":{"start":{"line":36,"column":17},"end":{"line":36,"column":111}},"type":"cond-expr","locations":[{"start":{"line":36,"column":55},"end":{"line":36,"column":99}},{"start":{"line":36,"column":102},"end":{"line":36,"column":111}}]},"2":{"loc":{"start":{"line":37,"column":17},"end":{"line":37,"column":103}},"type":"cond-expr","locations":[{"start":{"line":37,"column":55},"end":{"line":37,"column":91}},{"start":{"line":37,"column":94},"end":{"line":37,"column":103}}]}},"s":{"0":5,"1":5,"2":1,"3":1,"4":3,"5":3,"6":4,"7":4,"8":4,"9":1,"10":1,"11":1,"12":1,"13":1,"14":5},"f":{"0":1,"1":1,"2":3,"3":4,"4":1,"5":1,"6":1},"b":{"0":[2,1],"1":[3,1],"2":[3,1]}}
,"/Users/brianmccann/git-repos/greenspark-aws/core-api/src/api/mapper/ContactMapper.ts": {"path":"/Users/brianmccann/git-repos/greenspark-aws/core-api/src/api/mapper/ContactMapper.ts","statementMap":{"0":{"start":{"line":3,"column":0},"end":{"line":3,"column":34}},"1":{"start":{"line":10,"column":4},"end":{"line":10,"column":47}},"2":{"start":{"line":13,"column":4},"end":{"line":13,"column":47}},"3":{"start":{"line":17,"column":4},"end":{"line":17,"column":47}},"4":{"start":{"line":21,"column":4},"end":{"line":49,"column":null}},"5":{"start":{"line":53,"column":4},"end":{"line":87,"column":null}},"6":{"start":{"line":91,"column":4},"end":{"line":93,"column":null}},"7":{"start":{"line":92,"column":6},"end":{"line":92,"column":23}},"8":{"start":{"line":94,"column":4},"end":{"line":94,"column":104}},"9":{"start":{"line":94,"column":46},"end":{"line":94,"column":102}},"10":{"start":{"line":98,"column":4},"end":{"line":100,"column":null}},"11":{"start":{"line":99,"column":6},"end":{"line":99,"column":16}},"12":{"start":{"line":101,"column":4},"end":{"line":101,"column":76}},"13":{"start":{"line":101,"column":48},"end":{"line":101,"column":74}},"14":{"start":{"line":8,"column":0},"end":{"line":8,"column":21}}},"fnMap":{"0":{"name":"(anonymous_0)","decl":{"start":{"line":9,"column":2},"end":{"line":9,"column":20}},"loc":{"start":{"line":9,"column":64},"end":{"line":11,"column":3}}},"1":{"name":"(anonymous_1)","decl":{"start":{"line":12,"column":2},"end":{"line":12,"column":20}},"loc":{"start":{"line":12,"column":48},"end":{"line":14,"column":3}}},"2":{"name":"(anonymous_2)","decl":{"start":{"line":16,"column":2},"end":{"line":16,"column":16}},"loc":{"start":{"line":16,"column":38},"end":{"line":18,"column":3}}},"3":{"name":"(anonymous_3)","decl":{"start":{"line":20,"column":2},"end":{"line":20,"column":17}},"loc":{"start":{"line":20,"column":39},"end":{"line":50,"column":3}}},"4":{"name":"(anonymous_4)","decl":{"start":{"line":52,"column":2},"end":{"line":52,"column":26}},"loc":{"start":{"line":52,"column":88},"end":{"line":88,"column":3}}},"5":{"name":"(anonymous_5)","decl":{"start":{"line":90,"column":2},"end":{"line":90,"column":24}},"loc":{"start":{"line":90,"column":90},"end":{"line":95,"column":3}}},"6":{"name":"(anonymous_6)","decl":{"start":{"line":94,"column":23},"end":{"line":94,"column":24}},"loc":{"start":{"line":94,"column":46},"end":{"line":94,"column":102}}},"7":{"name":"(anonymous_7)","decl":{"start":{"line":97,"column":2},"end":{"line":97,"column":25}},"loc":{"start":{"line":97,"column":50},"end":{"line":102,"column":3}}},"8":{"name":"(anonymous_8)","decl":{"start":{"line":101,"column":23},"end":{"line":101,"column":24}},"loc":{"start":{"line":101,"column":48},"end":{"line":101,"column":74}}}},"branchMap":{"0":{"loc":{"start":{"line":37,"column":26},"end":{"line":37,"column":94}},"type":"cond-expr","locations":[{"start":{"line":37,"column":53},"end":{"line":37,"column":87}},{"start":{"line":37,"column":90},"end":{"line":37,"column":94}}]},"1":{"loc":{"start":{"line":46,"column":17},"end":{"line":46,"column":69}},"type":"cond-expr","locations":[{"start":{"line":46,"column":36},"end":{"line":46,"column":62}},{"start":{"line":46,"column":65},"end":{"line":46,"column":69}}]},"2":{"loc":{"start":{"line":67,"column":10},"end":{"line":67,"column":44}},"type":"cond-expr","locations":[{"start":{"line":67,"column":23},"end":{"line":67,"column":33}},{"start":{"line":67,"column":36},"end":{"line":67,"column":44}}]},"3":{"loc":{"start":{"line":72,"column":25},"end":{"line":72,"column":95}},"type":"cond-expr","locations":[{"start":{"line":72,"column":53},"end":{"line":72,"column":88}},{"start":{"line":72,"column":91},"end":{"line":72,"column":95}}]},"4":{"loc":{"start":{"line":84,"column":17},"end":{"line":84,"column":71}},"type":"cond-expr","locations":[{"start":{"line":84,"column":37},"end":{"line":84,"column":64}},{"start":{"line":84,"column":67},"end":{"line":84,"column":71}}]},"5":{"loc":{"start":{"line":91,"column":4},"end":{"line":93,"column":null}},"type":"if","locations":[{"start":{"line":91,"column":4},"end":{"line":93,"column":null}}]},"6":{"loc":{"start":{"line":91,"column":8},"end":{"line":91,"column":39}},"type":"binary-expr","locations":[{"start":{"line":91,"column":8},"end":{"line":91,"column":16}},{"start":{"line":91,"column":20},"end":{"line":91,"column":39}}]},"7":{"loc":{"start":{"line":98,"column":4},"end":{"line":100,"column":null}},"type":"if","locations":[{"start":{"line":98,"column":4},"end":{"line":100,"column":null}}]},"8":{"loc":{"start":{"line":98,"column":8},"end":{"line":98,"column":39}},"type":"binary-expr","locations":[{"start":{"line":98,"column":8},"end":{"line":98,"column":16}},{"start":{"line":98,"column":20},"end":{"line":98,"column":39}}]}},"s":{"0":6,"1":1,"2":1,"3":1,"4":4,"5":3,"6":4,"7":3,"8":1,"9":1,"10":6,"11":4,"12":2,"13":2,"14":6},"f":{"0":1,"1":1,"2":1,"3":4,"4":3,"5":4,"6":1,"7":6,"8":2},"b":{"0":[2,2],"1":[2,2],"2":[2,1],"3":[2,1],"4":[2,1],"5":[3],"6":[4,4],"7":[4],"8":[6,4]}}
,"/Users/brianmccann/git-repos/greenspark-aws/core-api/src/api/mapper/CustomerMapper.ts": {"path":"/Users/brianmccann/git-repos/greenspark-aws/core-api/src/api/mapper/CustomerMapper.ts","statementMap":{"0":{"start":{"line":1,"column":0},"end":{"line":1,"column":132}},"1":{"start":{"line":3,"column":0},"end":{"line":3,"column":44}},"2":{"start":{"line":4,"column":0},"end":{"line":4,"column":34}},"3":{"start":{"line":5,"column":0},"end":{"line":5,"column":46}},"4":{"start":{"line":6,"column":0},"end":{"line":6,"column":44}},"5":{"start":{"line":10,"column":22},"end":{"line":10,"column":41}},"6":{"start":{"line":11,"column":23},"end":{"line":11,"column":43}},"7":{"start":{"line":12,"column":22},"end":{"line":12,"column":41}},"8":{"start":{"line":16,"column":4},"end":{"line":54,"column":6}},"9":{"start":{"line":58,"column":25},"end":{"line":58,"column":79}},"10":{"start":{"line":59,"column":26},"end":{"line":59,"column":82}},"11":{"start":{"line":61,"column":4},"end":{"line":70,"column":null}},"12":{"start":{"line":62,"column":6},"end":{"line":69,"column":null}},"13":{"start":{"line":63,"column":8},"end":{"line":68,"column":11}},"14":{"start":{"line":64,"column":10},"end":{"line":67,"column":null}},"15":{"start":{"line":65,"column":12},"end":{"line":65,"column":59}},"16":{"start":{"line":66,"column":12},"end":{"line":66,"column":24}},"17":{"start":{"line":71,"column":4},"end":{"line":99,"column":6}},"18":{"start":{"line":103,"column":4},"end":{"line":109,"column":6}},"19":{"start":{"line":113,"column":4},"end":{"line":123,"column":null}},"20":{"start":{"line":127,"column":19},"end":{"line":133,"column":6}},"21":{"start":{"line":134,"column":4},"end":{"line":134,"column":103}},"22":{"start":{"line":134,"column":64},"end":{"line":134,"column":101}},"23":{"start":{"line":135,"column":4},"end":{"line":135,"column":18}},"24":{"start":{"line":14,"column":0},"end":{"line":14,"column":21}}},"fnMap":{"0":{"name":"(anonymous_1)","decl":{"start":{"line":15,"column":2},"end":{"line":15,"column":20}},"loc":{"start":{"line":15,"column":71},"end":{"line":55,"column":3}}},"1":{"name":"(anonymous_2)","decl":{"start":{"line":57,"column":2},"end":{"line":57,"column":17}},"loc":{"start":{"line":57,"column":40},"end":{"line":100,"column":3}}},"2":{"name":"(anonymous_3)","decl":{"start":{"line":63,"column":27},"end":{"line":63,"column":28}},"loc":{"start":{"line":63,"column":36},"end":{"line":68,"column":9}}},"3":{"name":"(anonymous_4)","decl":{"start":{"line":102,"column":2},"end":{"line":102,"column":16}},"loc":{"start":{"line":102,"column":39},"end":{"line":110,"column":3}}},"4":{"name":"(anonymous_5)","decl":{"start":{"line":112,"column":2},"end":{"line":112,"column":24}},"loc":{"start":{"line":112,"column":47},"end":{"line":124,"column":3}}},"5":{"name":"(anonymous_6)","decl":{"start":{"line":126,"column":2},"end":{"line":126,"column":20}},"loc":{"start":{"line":126,"column":49},"end":{"line":136,"column":3}}},"6":{"name":"(anonymous_7)","decl":{"start":{"line":134,"column":34},"end":{"line":134,"column":35}},"loc":{"start":{"line":134,"column":64},"end":{"line":134,"column":101}}}},"branchMap":{"0":{"loc":{"start":{"line":48,"column":22},"end":{"line":48,"column":69}},"type":"binary-expr","locations":[{"start":{"line":48,"column":22},"end":{"line":48,"column":53}},{"start":{"line":48,"column":57},"end":{"line":48,"column":69}}]},"1":{"loc":{"start":{"line":48,"column":22},"end":{"line":48,"column":53}},"type":"cond-expr","locations":[{"start":{"line":48,"column":43},"end":{"line":48,"column":45}},{"start":{"line":48,"column":43},"end":{"line":48,"column":53}}]},"2":{"loc":{"start":{"line":48,"column":22},"end":{"line":48,"column":45}},"type":"binary-expr","locations":[{"start":{"line":48,"column":22},"end":{"line":48,"column":45}},{"start":{"line":48,"column":43},"end":{"line":48,"column":45}}]},"3":{"loc":{"start":{"line":49,"column":21},"end":{"line":51,"column":12}},"type":"cond-expr","locations":[{"start":{"line":50,"column":8},"end":{"line":50,"column":84}},{"start":{"line":51,"column":8},"end":{"line":51,"column":12}}]},"4":{"loc":{"start":{"line":62,"column":6},"end":{"line":69,"column":null}},"type":"if","locations":[{"start":{"line":62,"column":6},"end":{"line":69,"column":null}}]},"5":{"loc":{"start":{"line":64,"column":10},"end":{"line":67,"column":null}},"type":"if","locations":[{"start":{"line":64,"column":10},"end":{"line":67,"column":null}}]},"6":{"loc":{"start":{"line":90,"column":30},"end":{"line":90,"column":81}},"type":"binary-expr","locations":[{"start":{"line":90,"column":30},"end":{"line":90,"column":73}},{"start":{"line":90,"column":77},"end":{"line":90,"column":81}}]},"7":{"loc":{"start":{"line":91,"column":20},"end":{"line":91,"column":64}},"type":"binary-expr","locations":[{"start":{"line":91,"column":20},"end":{"line":91,"column":56}},{"start":{"line":91,"column":60},"end":{"line":91,"column":64}}]},"8":{"loc":{"start":{"line":92,"column":21},"end":{"line":97,"column":14}},"type":"cond-expr","locations":[{"start":{"line":92,"column":44},"end":{"line":97,"column":8}},{"start":{"line":97,"column":10},"end":{"line":97,"column":14}}]},"9":{"loc":{"start":{"line":95,"column":18},"end":{"line":95,"column":65}},"type":"binary-expr","locations":[{"start":{"line":95,"column":18},"end":{"line":95,"column":49}},{"start":{"line":95,"column":53},"end":{"line":95,"column":65}}]},"10":{"loc":{"start":{"line":98,"column":23},"end":{"line":98,"column":71}},"type":"binary-expr","locations":[{"start":{"line":98,"column":23},"end":{"line":98,"column":55}},{"start":{"line":98,"column":59},"end":{"line":98,"column":71}}]}},"s":{"0":5,"1":5,"2":5,"3":5,"4":5,"5":5,"6":5,"7":5,"8":2,"9":5,"10":5,"11":5,"12":1,"13":1,"14":1,"15":1,"16":1,"17":5,"18":1,"19":1,"20":1,"21":1,"22":1,"23":1,"24":5},"f":{"0":2,"1":5,"2":1,"3":1,"4":1,"5":1,"6":1},"b":{"0":[2,1],"1":[1,1],"2":[2,1],"3":[1,1],"4":[1],"5":[1],"6":[5,3],"7":[5,3],"8":[3,2],"9":[3,3],"10":[5,1]}}
,"/Users/brianmccann/git-repos/greenspark-aws/core-api/src/api/mapper/FinishedGoodMapper.ts": {"path":"/Users/brianmccann/git-repos/greenspark-aws/core-api/src/api/mapper/FinishedGoodMapper.ts","statementMap":{"0":{"start":{"line":1,"column":0},"end":{"line":1,"column":101}},"1":{"start":{"line":3,"column":0},"end":{"line":3,"column":110}},"2":{"start":{"line":5,"column":13},"end":{"line":5,"column":28}},"3":{"start":{"line":10,"column":21},"end":{"line":10,"column":45}},"4":{"start":{"line":12,"column":4},"end":{"line":16,"column":null}},"5":{"start":{"line":13,"column":6},"end":{"line":13,"column":36}},"6":{"start":{"line":15,"column":6},"end":{"line":15,"column":30}},"7":{"start":{"line":18,"column":4},"end":{"line":18,"column":43}},"8":{"start":{"line":19,"column":4},"end":{"line":19,"column":47}},"9":{"start":{"line":20,"column":4},"end":{"line":20,"column":45}},"10":{"start":{"line":22,"column":4},"end":{"line":22,"column":38}},"11":{"start":{"line":23,"column":4},"end":{"line":23,"column":68}},"12":{"start":{"line":26,"column":4},"end":{"line":26,"column":41}},"13":{"start":{"line":28,"column":4},"end":{"line":28,"column":25}},"14":{"start":{"line":31,"column":4},"end":{"line":31,"column":36}},"15":{"start":{"line":33,"column":4},"end":{"line":52,"column":null}},"16":{"start":{"line":34,"column":6},"end":{"line":51,"column":null}},"17":{"start":{"line":35,"column":21},"end":{"line":35,"column":49}},"18":{"start":{"line":36,"column":8},"end":{"line":40,"column":null}},"19":{"start":{"line":37,"column":10},"end":{"line":37,"column":25}},"20":{"start":{"line":39,"column":10},"end":{"line":39,"column":30}},"21":{"start":{"line":42,"column":8},"end":{"line":42,"column":27}},"22":{"start":{"line":43,"column":8},"end":{"line":43,"column":37}},"23":{"start":{"line":45,"column":8},"end":{"line":49,"column":null}},"24":{"start":{"line":46,"column":10},"end":{"line":46,"column":34}},"25":{"start":{"line":48,"column":10},"end":{"line":48,"column":33}},"26":{"start":{"line":50,"column":8},"end":{"line":50,"column":20}},"27":{"start":{"line":54,"column":4},"end":{"line":54,"column":20}},"28":{"start":{"line":58,"column":19},"end":{"line":58,"column":35}},"29":{"start":{"line":61,"column":4},"end":{"line":70,"column":null}},"30":{"start":{"line":62,"column":6},"end":{"line":69,"column":null}},"31":{"start":{"line":63,"column":8},"end":{"line":68,"column":null}},"32":{"start":{"line":72,"column":4},"end":{"line":110,"column":6}},"33":{"start":{"line":114,"column":19},"end":{"line":120,"column":6}},"34":{"start":{"line":121,"column":4},"end":{"line":121,"column":98}},"35":{"start":{"line":121,"column":58},"end":{"line":121,"column":96}},"36":{"start":{"line":122,"column":4},"end":{"line":122,"column":18}},"37":{"start":{"line":7,"column":0},"end":{"line":7,"column":21}}},"fnMap":{"0":{"name":"(anonymous_0)","decl":{"start":{"line":8,"column":2},"end":{"line":8,"column":8}},"loc":{"start":{"line":9,"column":36},"end":{"line":55,"column":3}}},"1":{"name":"(anonymous_1)","decl":{"start":{"line":34,"column":58},"end":{"line":34,"column":59}},"loc":{"start":{"line":34,"column":62},"end":{"line":51,"column":7}}},"2":{"name":"(anonymous_2)","decl":{"start":{"line":57,"column":2},"end":{"line":57,"column":8}},"loc":{"start":{"line":57,"column":47},"end":{"line":111,"column":3}}},"3":{"name":"(anonymous_3)","decl":{"start":{"line":62,"column":39},"end":{"line":62,"column":40}},"loc":{"start":{"line":62,"column":43},"end":{"line":69,"column":7}}},"4":{"name":"(anonymous_4)","decl":{"start":{"line":113,"column":2},"end":{"line":113,"column":8}},"loc":{"start":{"line":113,"column":56},"end":{"line":123,"column":3}}},"5":{"name":"(anonymous_5)","decl":{"start":{"line":121,"column":30},"end":{"line":121,"column":31}},"loc":{"start":{"line":121,"column":58},"end":{"line":121,"column":96}}}},"branchMap":{"0":{"loc":{"start":{"line":12,"column":4},"end":{"line":16,"column":null}},"type":"if","locations":[{"start":{"line":12,"column":4},"end":{"line":16,"column":null}},{"start":{"line":14,"column":11},"end":{"line":16,"column":null}}]},"1":{"loc":{"start":{"line":33,"column":4},"end":{"line":52,"column":null}},"type":"if","locations":[{"start":{"line":33,"column":4},"end":{"line":52,"column":null}}]},"2":{"loc":{"start":{"line":36,"column":8},"end":{"line":40,"column":null}},"type":"if","locations":[{"start":{"line":36,"column":8},"end":{"line":40,"column":null}},{"start":{"line":38,"column":15},"end":{"line":40,"column":null}}]},"3":{"loc":{"start":{"line":45,"column":8},"end":{"line":49,"column":null}},"type":"if","locations":[{"start":{"line":45,"column":8},"end":{"line":49,"column":null}},{"start":{"line":47,"column":15},"end":{"line":49,"column":null}}]},"4":{"loc":{"start":{"line":61,"column":4},"end":{"line":70,"column":null}},"type":"if","locations":[{"start":{"line":61,"column":4},"end":{"line":70,"column":null}}]},"5":{"loc":{"start":{"line":79,"column":11},"end":{"line":79,"column":61}},"type":"cond-expr","locations":[{"start":{"line":79,"column":28},"end":{"line":79,"column":42}},{"start":{"line":79,"column":44},"end":{"line":79,"column":61}}]}},"s":{"0":6,"1":6,"2":6,"3":2,"4":2,"5":1,"6":1,"7":2,"8":2,"9":2,"10":2,"11":2,"12":2,"13":2,"14":2,"15":2,"16":2,"17":2,"18":2,"19":1,"20":1,"21":2,"22":2,"23":2,"24":1,"25":1,"26":2,"27":2,"28":3,"29":3,"30":3,"31":3,"32":3,"33":1,"34":1,"35":1,"36":1,"37":6},"f":{"0":2,"1":2,"2":3,"3":3,"4":1,"5":1},"b":{"0":[1,1],"1":[2],"2":[1,1],"3":[1,1],"4":[3],"5":[1,2]}}
,"/Users/brianmccann/git-repos/greenspark-aws/core-api/src/api/mapper/InboundTicketMapper.ts": {"path":"/Users/brianmccann/git-repos/greenspark-aws/core-api/src/api/mapper/InboundTicketMapper.ts","statementMap":{"0":{"start":{"line":1,"column":0},"end":{"line":1,"column":null}},"1":{"start":{"line":7,"column":0},"end":{"line":7,"column":46}},"2":{"start":{"line":8,"column":0},"end":{"line":8,"column":44}},"3":{"start":{"line":9,"column":0},"end":{"line":9,"column":34}},"4":{"start":{"line":10,"column":0},"end":{"line":10,"column":97}},"5":{"start":{"line":12,"column":0},"end":{"line":12,"column":null}},"6":{"start":{"line":19,"column":22},"end":{"line":19,"column":41}},"7":{"start":{"line":22,"column":21},"end":{"line":22,"column":29}},"8":{"start":{"line":23,"column":4},"end":{"line":23,"column":33}},"9":{"start":{"line":24,"column":4},"end":{"line":26,"column":null}},"10":{"start":{"line":25,"column":6},"end":{"line":25,"column":64}},"11":{"start":{"line":28,"column":23},"end":{"line":28,"column":25}},"12":{"start":{"line":29,"column":4},"end":{"line":36,"column":null}},"13":{"start":{"line":30,"column":6},"end":{"line":35,"column":8}},"14":{"start":{"line":37,"column":19},"end":{"line":37,"column":23}},"15":{"start":{"line":38,"column":4},"end":{"line":40,"column":null}},"16":{"start":{"line":39,"column":6},"end":{"line":39,"column":76}},"17":{"start":{"line":41,"column":28},"end":{"line":41,"column":30}},"18":{"start":{"line":42,"column":4},"end":{"line":47,"column":null}},"19":{"start":{"line":43,"column":6},"end":{"line":46,"column":8}},"20":{"start":{"line":48,"column":4},"end":{"line":92,"column":6}},"21":{"start":{"line":96,"column":4},"end":{"line":96,"column":33}},"22":{"start":{"line":97,"column":4},"end":{"line":99,"column":null}},"23":{"start":{"line":98,"column":6},"end":{"line":98,"column":64}},"24":{"start":{"line":100,"column":23},"end":{"line":100,"column":25}},"25":{"start":{"line":102,"column":4},"end":{"line":108,"column":null}},"26":{"start":{"line":103,"column":6},"end":{"line":107,"column":8}},"27":{"start":{"line":110,"column":19},"end":{"line":110,"column":23}},"28":{"start":{"line":111,"column":4},"end":{"line":113,"column":null}},"29":{"start":{"line":112,"column":6},"end":{"line":112,"column":76}},"30":{"start":{"line":115,"column":28},"end":{"line":115,"column":30}},"31":{"start":{"line":116,"column":4},"end":{"line":121,"column":null}},"32":{"start":{"line":117,"column":6},"end":{"line":120,"column":8}},"33":{"start":{"line":123,"column":4},"end":{"line":167,"column":6}},"34":{"start":{"line":172,"column":21},"end":{"line":172,"column":60}},"35":{"start":{"line":173,"column":21},"end":{"line":173,"column":76}},"36":{"start":{"line":175,"column":20},"end":{"line":175,"column":24}},"37":{"start":{"line":176,"column":4},"end":{"line":178,"column":null}},"38":{"start":{"line":177,"column":6},"end":{"line":177,"column":32}},"39":{"start":{"line":180,"column":4},"end":{"line":240,"column":6}},"40":{"start":{"line":244,"column":4},"end":{"line":249,"column":6}},"41":{"start":{"line":253,"column":19},"end":{"line":258,"column":6}},"42":{"start":{"line":259,"column":4},"end":{"line":259,"column":103}},"43":{"start":{"line":259,"column":61},"end":{"line":259,"column":101}},"44":{"start":{"line":260,"column":4},"end":{"line":260,"column":18}},"45":{"start":{"line":264,"column":19},"end":{"line":264,"column":21}},"46":{"start":{"line":266,"column":4},"end":{"line":281,"column":null}},"47":{"start":{"line":267,"column":6},"end":{"line":280,"column":9}},"48":{"start":{"line":268,"column":21},"end":{"line":268,"column":44}},"49":{"start":{"line":269,"column":8},"end":{"line":273,"column":null}},"50":{"start":{"line":270,"column":10},"end":{"line":270,"column":25}},"51":{"start":{"line":272,"column":10},"end":{"line":272,"column":29}},"52":{"start":{"line":275,"column":8},"end":{"line":275,"column":27}},"53":{"start":{"line":276,"column":8},"end":{"line":276,"column":37}},"54":{"start":{"line":277,"column":8},"end":{"line":277,"column":37}},"55":{"start":{"line":279,"column":8},"end":{"line":279,"column":20}},"56":{"start":{"line":283,"column":4},"end":{"line":283,"column":20}},"57":{"start":{"line":20,"column":0},"end":{"line":20,"column":21}}},"fnMap":{"0":{"name":"(anonymous_1)","decl":{"start":{"line":21,"column":2},"end":{"line":21,"column":8}},"loc":{"start":{"line":21,"column":82},"end":{"line":93,"column":3}}},"1":{"name":"(anonymous_2)","decl":{"start":{"line":95,"column":2},"end":{"line":95,"column":8}},"loc":{"start":{"line":95,"column":90},"end":{"line":168,"column":3}}},"2":{"name":"(anonymous_3)","decl":{"start":{"line":170,"column":2},"end":{"line":170,"column":8}},"loc":{"start":{"line":170,"column":49},"end":{"line":241,"column":3}}},"3":{"name":"(anonymous_4)","decl":{"start":{"line":243,"column":2},"end":{"line":243,"column":8}},"loc":{"start":{"line":243,"column":48},"end":{"line":250,"column":3}}},"4":{"name":"(anonymous_5)","decl":{"start":{"line":252,"column":2},"end":{"line":252,"column":8}},"loc":{"start":{"line":252,"column":58},"end":{"line":261,"column":3}}},"5":{"name":"(anonymous_6)","decl":{"start":{"line":259,"column":31},"end":{"line":259,"column":32}},"loc":{"start":{"line":259,"column":61},"end":{"line":259,"column":101}}},"6":{"name":"(anonymous_7)","decl":{"start":{"line":263,"column":2},"end":{"line":263,"column":8}},"loc":{"start":{"line":263,"column":114},"end":{"line":284,"column":3}}},"7":{"name":"(anonymous_8)","decl":{"start":{"line":267,"column":31},"end":{"line":267,"column":32}},"loc":{"start":{"line":267,"column":35},"end":{"line":280,"column":7}}}},"branchMap":{"0":{"loc":{"start":{"line":24,"column":4},"end":{"line":26,"column":null}},"type":"if","locations":[{"start":{"line":24,"column":4},"end":{"line":26,"column":null}}]},"1":{"loc":{"start":{"line":24,"column":8},"end":{"line":24,"column":39}},"type":"binary-expr","locations":[{"start":{"line":24,"column":8},"end":{"line":24,"column":19}},{"start":{"line":24,"column":23},"end":{"line":24,"column":39}}]},"2":{"loc":{"start":{"line":29,"column":4},"end":{"line":36,"column":null}},"type":"if","locations":[{"start":{"line":29,"column":4},"end":{"line":36,"column":null}}]},"3":{"loc":{"start":{"line":29,"column":8},"end":{"line":29,"column":49}},"type":"binary-expr","locations":[{"start":{"line":29,"column":8},"end":{"line":29,"column":21}},{"start":{"line":29,"column":25},"end":{"line":29,"column":49}}]},"4":{"loc":{"start":{"line":38,"column":4},"end":{"line":40,"column":null}},"type":"if","locations":[{"start":{"line":38,"column":4},"end":{"line":40,"column":null}}]},"5":{"loc":{"start":{"line":42,"column":4},"end":{"line":47,"column":null}},"type":"if","locations":[{"start":{"line":42,"column":4},"end":{"line":47,"column":null}}]},"6":{"loc":{"start":{"line":42,"column":8},"end":{"line":42,"column":57}},"type":"binary-expr","locations":[{"start":{"line":42,"column":8},"end":{"line":42,"column":25}},{"start":{"line":42,"column":29},"end":{"line":42,"column":57}}]},"7":{"loc":{"start":{"line":50,"column":26},"end":{"line":50,"column":50}},"type":"cond-expr","locations":[{"start":{"line":50,"column":38},"end":{"line":50,"column":40}},{"start":{"line":50,"column":38},"end":{"line":50,"column":50}}]},"8":{"loc":{"start":{"line":50,"column":26},"end":{"line":50,"column":40}},"type":"binary-expr","locations":[{"start":{"line":50,"column":26},"end":{"line":50,"column":40}},{"start":{"line":50,"column":38},"end":{"line":50,"column":40}}]},"9":{"loc":{"start":{"line":51,"column":20},"end":{"line":51,"column":56}},"type":"cond-expr","locations":[{"start":{"line":51,"column":42},"end":{"line":51,"column":44}},{"start":{"line":51,"column":42},"end":{"line":51,"column":56}}]},"10":{"loc":{"start":{"line":51,"column":20},"end":{"line":51,"column":44}},"type":"binary-expr","locations":[{"start":{"line":51,"column":20},"end":{"line":51,"column":44}},{"start":{"line":51,"column":42},"end":{"line":51,"column":44}}]},"11":{"loc":{"start":{"line":52,"column":19},"end":{"line":52,"column":54}},"type":"cond-expr","locations":[{"start":{"line":52,"column":41},"end":{"line":52,"column":43}},{"start":{"line":52,"column":41},"end":{"line":52,"column":54}}]},"12":{"loc":{"start":{"line":52,"column":19},"end":{"line":52,"column":43}},"type":"binary-expr","locations":[{"start":{"line":52,"column":19},"end":{"line":52,"column":43}},{"start":{"line":52,"column":41},"end":{"line":52,"column":43}}]},"13":{"loc":{"start":{"line":53,"column":21},"end":{"line":53,"column":58}},"type":"cond-expr","locations":[{"start":{"line":53,"column":43},"end":{"line":53,"column":45}},{"start":{"line":53,"column":43},"end":{"line":53,"column":58}}]},"14":{"loc":{"start":{"line":53,"column":21},"end":{"line":53,"column":45}},"type":"binary-expr","locations":[{"start":{"line":53,"column":21},"end":{"line":53,"column":45}},{"start":{"line":53,"column":43},"end":{"line":53,"column":45}}]},"15":{"loc":{"start":{"line":54,"column":23},"end":{"line":54,"column":62}},"type":"cond-expr","locations":[{"start":{"line":54,"column":45},"end":{"line":54,"column":47}},{"start":{"line":54,"column":45},"end":{"line":54,"column":62}}]},"16":{"loc":{"start":{"line":54,"column":23},"end":{"line":54,"column":47}},"type":"binary-expr","locations":[{"start":{"line":54,"column":23},"end":{"line":54,"column":47}},{"start":{"line":54,"column":45},"end":{"line":54,"column":47}}]},"17":{"loc":{"start":{"line":57,"column":18},"end":{"line":57,"column":52}},"type":"cond-expr","locations":[{"start":{"line":57,"column":40},"end":{"line":57,"column":42}},{"start":{"line":57,"column":40},"end":{"line":57,"column":52}}]},"18":{"loc":{"start":{"line":57,"column":18},"end":{"line":57,"column":42}},"type":"binary-expr","locations":[{"start":{"line":57,"column":18},"end":{"line":57,"column":42}},{"start":{"line":57,"column":40},"end":{"line":57,"column":42}}]},"19":{"loc":{"start":{"line":72,"column":16},"end":{"line":72,"column":48}},"type":"cond-expr","locations":[{"start":{"line":72,"column":38},"end":{"line":72,"column":40}},{"start":{"line":72,"column":38},"end":{"line":72,"column":48}}]},"20":{"loc":{"start":{"line":72,"column":16},"end":{"line":72,"column":40}},"type":"binary-expr","locations":[{"start":{"line":72,"column":16},"end":{"line":72,"column":40}},{"start":{"line":72,"column":38},"end":{"line":72,"column":40}}]},"21":{"loc":{"start":{"line":73,"column":21},"end":{"line":73,"column":47}},"type":"cond-expr","locations":[{"start":{"line":73,"column":35},"end":{"line":73,"column":37}},{"start":{"line":73,"column":35},"end":{"line":73,"column":47}}]},"22":{"loc":{"start":{"line":73,"column":21},"end":{"line":73,"column":37}},"type":"binary-expr","locations":[{"start":{"line":73,"column":21},"end":{"line":73,"column":37}},{"start":{"line":73,"column":35},"end":{"line":73,"column":37}}]},"23":{"loc":{"start":{"line":74,"column":17},"end":{"line":74,"column":38}},"type":"cond-expr","locations":[{"start":{"line":74,"column":31},"end":{"line":74,"column":33}},{"start":{"line":74,"column":31},"end":{"line":74,"column":38}}]},"24":{"loc":{"start":{"line":74,"column":17},"end":{"line":74,"column":33}},"type":"binary-expr","locations":[{"start":{"line":74,"column":17},"end":{"line":74,"column":33}},{"start":{"line":74,"column":31},"end":{"line":74,"column":33}}]},"25":{"loc":{"start":{"line":75,"column":15},"end":{"line":75,"column":34}},"type":"cond-expr","locations":[{"start":{"line":75,"column":29},"end":{"line":75,"column":31}},{"start":{"line":75,"column":29},"end":{"line":75,"column":34}}]},"26":{"loc":{"start":{"line":75,"column":15},"end":{"line":75,"column":31}},"type":"binary-expr","locations":[{"start":{"line":75,"column":15},"end":{"line":75,"column":31}},{"start":{"line":75,"column":29},"end":{"line":75,"column":31}}]},"27":{"loc":{"start":{"line":76,"column":16},"end":{"line":76,"column":36}},"type":"cond-expr","locations":[{"start":{"line":76,"column":30},"end":{"line":76,"column":32}},{"start":{"line":76,"column":30},"end":{"line":76,"column":36}}]},"28":{"loc":{"start":{"line":76,"column":16},"end":{"line":76,"column":32}},"type":"binary-expr","locations":[{"start":{"line":76,"column":16},"end":{"line":76,"column":32}},{"start":{"line":76,"column":30},"end":{"line":76,"column":32}}]},"29":{"loc":{"start":{"line":78,"column":15},"end":{"line":78,"column":39}},"type":"cond-expr","locations":[{"start":{"line":78,"column":27},"end":{"line":78,"column":29}},{"start":{"line":78,"column":27},"end":{"line":78,"column":39}}]},"30":{"loc":{"start":{"line":78,"column":15},"end":{"line":78,"column":29}},"type":"binary-expr","locations":[{"start":{"line":78,"column":15},"end":{"line":78,"column":29}},{"start":{"line":78,"column":27},"end":{"line":78,"column":29}}]},"31":{"loc":{"start":{"line":81,"column":29},"end":{"line":81,"column":72}},"type":"cond-expr","locations":[{"start":{"line":81,"column":51},"end":{"line":81,"column":53}},{"start":{"line":81,"column":51},"end":{"line":81,"column":72}}]},"32":{"loc":{"start":{"line":81,"column":29},"end":{"line":81,"column":53}},"type":"binary-expr","locations":[{"start":{"line":81,"column":29},"end":{"line":81,"column":53}},{"start":{"line":81,"column":51},"end":{"line":81,"column":53}}]},"33":{"loc":{"start":{"line":82,"column":21},"end":{"line":82,"column":58}},"type":"cond-expr","locations":[{"start":{"line":82,"column":43},"end":{"line":82,"column":45}},{"start":{"line":82,"column":43},"end":{"line":82,"column":58}}]},"34":{"loc":{"start":{"line":82,"column":21},"end":{"line":82,"column":45}},"type":"binary-expr","locations":[{"start":{"line":82,"column":21},"end":{"line":82,"column":45}},{"start":{"line":82,"column":43},"end":{"line":82,"column":45}}]},"35":{"loc":{"start":{"line":83,"column":18},"end":{"line":83,"column":47}},"type":"cond-expr","locations":[{"start":{"line":83,"column":33},"end":{"line":83,"column":35}},{"start":{"line":83,"column":33},"end":{"line":83,"column":47}}]},"36":{"loc":{"start":{"line":83,"column":18},"end":{"line":83,"column":35}},"type":"binary-expr","locations":[{"start":{"line":83,"column":18},"end":{"line":83,"column":35}},{"start":{"line":83,"column":33},"end":{"line":83,"column":35}}]},"37":{"loc":{"start":{"line":85,"column":17},"end":{"line":85,"column":45}},"type":"cond-expr","locations":[{"start":{"line":85,"column":32},"end":{"line":85,"column":34}},{"start":{"line":85,"column":32},"end":{"line":85,"column":45}}]},"38":{"loc":{"start":{"line":85,"column":17},"end":{"line":85,"column":34}},"type":"binary-expr","locations":[{"start":{"line":85,"column":17},"end":{"line":85,"column":34}},{"start":{"line":85,"column":32},"end":{"line":85,"column":34}}]},"39":{"loc":{"start":{"line":97,"column":4},"end":{"line":99,"column":null}},"type":"if","locations":[{"start":{"line":97,"column":4},"end":{"line":99,"column":null}}]},"40":{"loc":{"start":{"line":102,"column":4},"end":{"line":108,"column":null}},"type":"if","locations":[{"start":{"line":102,"column":4},"end":{"line":108,"column":null}}]},"41":{"loc":{"start":{"line":102,"column":8},"end":{"line":102,"column":49}},"type":"binary-expr","locations":[{"start":{"line":102,"column":8},"end":{"line":102,"column":21}},{"start":{"line":102,"column":25},"end":{"line":102,"column":49}}]},"42":{"loc":{"start":{"line":111,"column":4},"end":{"line":113,"column":null}},"type":"if","locations":[{"start":{"line":111,"column":4},"end":{"line":113,"column":null}}]},"43":{"loc":{"start":{"line":116,"column":4},"end":{"line":121,"column":null}},"type":"if","locations":[{"start":{"line":116,"column":4},"end":{"line":121,"column":null}}]},"44":{"loc":{"start":{"line":116,"column":8},"end":{"line":116,"column":57}},"type":"binary-expr","locations":[{"start":{"line":116,"column":8},"end":{"line":116,"column":25}},{"start":{"line":116,"column":29},"end":{"line":116,"column":57}}]},"45":{"loc":{"start":{"line":125,"column":26},"end":{"line":125,"column":50}},"type":"cond-expr","locations":[{"start":{"line":125,"column":38},"end":{"line":125,"column":40}},{"start":{"line":125,"column":38},"end":{"line":125,"column":50}}]},"46":{"loc":{"start":{"line":125,"column":26},"end":{"line":125,"column":40}},"type":"binary-expr","locations":[{"start":{"line":125,"column":26},"end":{"line":125,"column":40}},{"start":{"line":125,"column":38},"end":{"line":125,"column":40}}]},"47":{"loc":{"start":{"line":126,"column":20},"end":{"line":126,"column":56}},"type":"cond-expr","locations":[{"start":{"line":126,"column":42},"end":{"line":126,"column":44}},{"start":{"line":126,"column":42},"end":{"line":126,"column":56}}]},"48":{"loc":{"start":{"line":126,"column":20},"end":{"line":126,"column":44}},"type":"binary-expr","locations":[{"start":{"line":126,"column":20},"end":{"line":126,"column":44}},{"start":{"line":126,"column":42},"end":{"line":126,"column":44}}]},"49":{"loc":{"start":{"line":127,"column":19},"end":{"line":127,"column":54}},"type":"cond-expr","locations":[{"start":{"line":127,"column":41},"end":{"line":127,"column":43}},{"start":{"line":127,"column":41},"end":{"line":127,"column":54}}]},"50":{"loc":{"start":{"line":127,"column":19},"end":{"line":127,"column":43}},"type":"binary-expr","locations":[{"start":{"line":127,"column":19},"end":{"line":127,"column":43}},{"start":{"line":127,"column":41},"end":{"line":127,"column":43}}]},"51":{"loc":{"start":{"line":128,"column":21},"end":{"line":128,"column":58}},"type":"cond-expr","locations":[{"start":{"line":128,"column":43},"end":{"line":128,"column":45}},{"start":{"line":128,"column":43},"end":{"line":128,"column":58}}]},"52":{"loc":{"start":{"line":128,"column":21},"end":{"line":128,"column":45}},"type":"binary-expr","locations":[{"start":{"line":128,"column":21},"end":{"line":128,"column":45}},{"start":{"line":128,"column":43},"end":{"line":128,"column":45}}]},"53":{"loc":{"start":{"line":129,"column":23},"end":{"line":129,"column":62}},"type":"cond-expr","locations":[{"start":{"line":129,"column":45},"end":{"line":129,"column":47}},{"start":{"line":129,"column":45},"end":{"line":129,"column":62}}]},"54":{"loc":{"start":{"line":129,"column":23},"end":{"line":129,"column":47}},"type":"binary-expr","locations":[{"start":{"line":129,"column":23},"end":{"line":129,"column":47}},{"start":{"line":129,"column":45},"end":{"line":129,"column":47}}]},"55":{"loc":{"start":{"line":132,"column":18},"end":{"line":132,"column":52}},"type":"cond-expr","locations":[{"start":{"line":132,"column":40},"end":{"line":132,"column":42}},{"start":{"line":132,"column":40},"end":{"line":132,"column":52}}]},"56":{"loc":{"start":{"line":132,"column":18},"end":{"line":132,"column":42}},"type":"binary-expr","locations":[{"start":{"line":132,"column":18},"end":{"line":132,"column":42}},{"start":{"line":132,"column":40},"end":{"line":132,"column":42}}]},"57":{"loc":{"start":{"line":147,"column":16},"end":{"line":147,"column":48}},"type":"cond-expr","locations":[{"start":{"line":147,"column":38},"end":{"line":147,"column":40}},{"start":{"line":147,"column":38},"end":{"line":147,"column":48}}]},"58":{"loc":{"start":{"line":147,"column":16},"end":{"line":147,"column":40}},"type":"binary-expr","locations":[{"start":{"line":147,"column":16},"end":{"line":147,"column":40}},{"start":{"line":147,"column":38},"end":{"line":147,"column":40}}]},"59":{"loc":{"start":{"line":148,"column":21},"end":{"line":148,"column":47}},"type":"cond-expr","locations":[{"start":{"line":148,"column":35},"end":{"line":148,"column":37}},{"start":{"line":148,"column":35},"end":{"line":148,"column":47}}]},"60":{"loc":{"start":{"line":148,"column":21},"end":{"line":148,"column":37}},"type":"binary-expr","locations":[{"start":{"line":148,"column":21},"end":{"line":148,"column":37}},{"start":{"line":148,"column":35},"end":{"line":148,"column":37}}]},"61":{"loc":{"start":{"line":149,"column":17},"end":{"line":149,"column":38}},"type":"cond-expr","locations":[{"start":{"line":149,"column":31},"end":{"line":149,"column":33}},{"start":{"line":149,"column":31},"end":{"line":149,"column":38}}]},"62":{"loc":{"start":{"line":149,"column":17},"end":{"line":149,"column":33}},"type":"binary-expr","locations":[{"start":{"line":149,"column":17},"end":{"line":149,"column":33}},{"start":{"line":149,"column":31},"end":{"line":149,"column":33}}]},"63":{"loc":{"start":{"line":150,"column":15},"end":{"line":150,"column":34}},"type":"cond-expr","locations":[{"start":{"line":150,"column":29},"end":{"line":150,"column":31}},{"start":{"line":150,"column":29},"end":{"line":150,"column":34}}]},"64":{"loc":{"start":{"line":150,"column":15},"end":{"line":150,"column":31}},"type":"binary-expr","locations":[{"start":{"line":150,"column":15},"end":{"line":150,"column":31}},{"start":{"line":150,"column":29},"end":{"line":150,"column":31}}]},"65":{"loc":{"start":{"line":151,"column":16},"end":{"line":151,"column":36}},"type":"cond-expr","locations":[{"start":{"line":151,"column":30},"end":{"line":151,"column":32}},{"start":{"line":151,"column":30},"end":{"line":151,"column":36}}]},"66":{"loc":{"start":{"line":151,"column":16},"end":{"line":151,"column":32}},"type":"binary-expr","locations":[{"start":{"line":151,"column":16},"end":{"line":151,"column":32}},{"start":{"line":151,"column":30},"end":{"line":151,"column":32}}]},"67":{"loc":{"start":{"line":156,"column":29},"end":{"line":156,"column":72}},"type":"cond-expr","locations":[{"start":{"line":156,"column":51},"end":{"line":156,"column":53}},{"start":{"line":156,"column":51},"end":{"line":156,"column":72}}]},"68":{"loc":{"start":{"line":156,"column":29},"end":{"line":156,"column":53}},"type":"binary-expr","locations":[{"start":{"line":156,"column":29},"end":{"line":156,"column":53}},{"start":{"line":156,"column":51},"end":{"line":156,"column":53}}]},"69":{"loc":{"start":{"line":157,"column":21},"end":{"line":157,"column":58}},"type":"cond-expr","locations":[{"start":{"line":157,"column":43},"end":{"line":157,"column":45}},{"start":{"line":157,"column":43},"end":{"line":157,"column":58}}]},"70":{"loc":{"start":{"line":157,"column":21},"end":{"line":157,"column":45}},"type":"binary-expr","locations":[{"start":{"line":157,"column":21},"end":{"line":157,"column":45}},{"start":{"line":157,"column":43},"end":{"line":157,"column":45}}]},"71":{"loc":{"start":{"line":158,"column":18},"end":{"line":158,"column":47}},"type":"cond-expr","locations":[{"start":{"line":158,"column":33},"end":{"line":158,"column":35}},{"start":{"line":158,"column":33},"end":{"line":158,"column":47}}]},"72":{"loc":{"start":{"line":158,"column":18},"end":{"line":158,"column":35}},"type":"binary-expr","locations":[{"start":{"line":158,"column":18},"end":{"line":158,"column":35}},{"start":{"line":158,"column":33},"end":{"line":158,"column":35}}]},"73":{"loc":{"start":{"line":160,"column":17},"end":{"line":160,"column":45}},"type":"cond-expr","locations":[{"start":{"line":160,"column":32},"end":{"line":160,"column":34}},{"start":{"line":160,"column":32},"end":{"line":160,"column":45}}]},"74":{"loc":{"start":{"line":160,"column":17},"end":{"line":160,"column":34}},"type":"binary-expr","locations":[{"start":{"line":160,"column":17},"end":{"line":160,"column":34}},{"start":{"line":160,"column":32},"end":{"line":160,"column":34}}]},"75":{"loc":{"start":{"line":176,"column":4},"end":{"line":178,"column":null}},"type":"if","locations":[{"start":{"line":176,"column":4},"end":{"line":178,"column":null}}]},"76":{"loc":{"start":{"line":182,"column":19},"end":{"line":182,"column":63}},"type":"cond-expr","locations":[{"start":{"line":182,"column":52},"end":{"line":182,"column":54}},{"start":{"line":182,"column":52},"end":{"line":182,"column":63}}]},"77":{"loc":{"start":{"line":182,"column":19},"end":{"line":182,"column":54}},"type":"binary-expr","locations":[{"start":{"line":182,"column":19},"end":{"line":182,"column":54}},{"start":{"line":182,"column":52},"end":{"line":182,"column":54}}]},"78":{"loc":{"start":{"line":206,"column":14},"end":{"line":206,"column":62}},"type":"cond-expr","locations":[{"start":{"line":206,"column":47},"end":{"line":206,"column":49}},{"start":{"line":206,"column":47},"end":{"line":206,"column":62}}]},"79":{"loc":{"start":{"line":206,"column":14},"end":{"line":206,"column":49}},"type":"binary-expr","locations":[{"start":{"line":206,"column":14},"end":{"line":206,"column":49}},{"start":{"line":206,"column":47},"end":{"line":206,"column":49}}]},"80":{"loc":{"start":{"line":266,"column":4},"end":{"line":281,"column":null}},"type":"if","locations":[{"start":{"line":266,"column":4},"end":{"line":281,"column":null}}]},"81":{"loc":{"start":{"line":269,"column":8},"end":{"line":273,"column":null}},"type":"if","locations":[{"start":{"line":269,"column":8},"end":{"line":273,"column":null}},{"start":{"line":271,"column":15},"end":{"line":273,"column":null}}]}},"s":{"0":4,"1":4,"2":4,"3":4,"4":4,"5":4,"6":4,"7":1,"8":1,"9":1,"10":1,"11":1,"12":1,"13":0,"14":1,"15":1,"16":0,"17":1,"18":1,"19":1,"20":1,"21":0,"22":0,"23":0,"24":0,"25":0,"26":0,"27":0,"28":0,"29":0,"30":0,"31":0,"32":0,"33":0,"34":1,"35":1,"36":1,"37":1,"38":0,"39":1,"40":0,"41":0,"42":0,"43":0,"44":0,"45":1,"46":1,"47":1,"48":0,"49":0,"50":0,"51":0,"52":0,"53":0,"54":0,"55":0,"56":1,"57":4},"f":{"0":1,"1":0,"2":1,"3":0,"4":0,"5":0,"6":1,"7":0},"b":{"0":[1],"1":[1,1],"2":[0],"3":[1,1],"4":[0],"5":[1],"6":[1,1],"7":[0,1],"8":[1,1],"9":[1,0],"10":[1,1],"11":[1,0],"12":[1,1],"13":[1,0],"14":[1,1],"15":[1,0],"16":[1,1],"17":[1,0],"18":[1,1],"19":[1,0],"20":[1,1],"21":[1,0],"22":[1,1],"23":[1,0],"24":[1,1],"25":[1,0],"26":[1,1],"27":[1,0],"28":[1,1],"29":[0,1],"30":[1,1],"31":[1,0],"32":[1,1],"33":[1,0],"34":[1,1],"35":[1,0],"36":[1,1],"37":[1,0],"38":[1,1],"39":[0],"40":[0],"41":[0,0],"42":[0],"43":[0],"44":[0,0],"45":[0,0],"46":[0,0],"47":[0,0],"48":[0,0],"49":[0,0],"50":[0,0],"51":[0,0],"52":[0,0],"53":[0,0],"54":[0,0],"55":[0,0],"56":[0,0],"57":[0,0],"58":[0,0],"59":[0,0],"60":[0,0],"61":[0,0],"62":[0,0],"63":[0,0],"64":[0,0],"65":[0,0],"66":[0,0],"67":[0,0],"68":[0,0],"69":[0,0],"70":[0,0],"71":[0,0],"72":[0,0],"73":[0,0],"74":[0,0],"75":[0],"76":[0,1],"77":[1,1],"78":[0,1],"79":[1,1],"80":[1],"81":[0,0]}}
,"/Users/brianmccann/git-repos/greenspark-aws/core-api/src/api/mapper/InvoiceMapper.ts": {"path":"/Users/brianmccann/git-repos/greenspark-aws/core-api/src/api/mapper/InvoiceMapper.ts","statementMap":{"0":{"start":{"line":1,"column":0},"end":{"line":1,"column":34}},"1":{"start":{"line":11,"column":22},"end":{"line":11,"column":30}},"2":{"start":{"line":12,"column":4},"end":{"line":35,"column":6}},"3":{"start":{"line":40,"column":4},"end":{"line":62,"column":null}},"4":{"start":{"line":5,"column":0},"end":{"line":5,"column":21}}},"fnMap":{"0":{"name":"(anonymous_0)","decl":{"start":{"line":6,"column":2},"end":{"line":6,"column":8}},"loc":{"start":{"line":9,"column":18},"end":{"line":36,"column":3}}},"1":{"name":"(anonymous_1)","decl":{"start":{"line":38,"column":2},"end":{"line":38,"column":8}},"loc":{"start":{"line":38,"column":98},"end":{"line":63,"column":3}}}},"branchMap":{},"s":{"0":2,"1":0,"2":0,"3":0,"4":2},"f":{"0":0,"1":0},"b":{}}
,"/Users/brianmccann/git-repos/greenspark-aws/core-api/src/api/mapper/InvoicePaymentMapper.ts": {"path":"/Users/brianmccann/git-repos/greenspark-aws/core-api/src/api/mapper/InvoicePaymentMapper.ts","statementMap":{"0":{"start":{"line":3,"column":0},"end":{"line":3,"column":24}},"1":{"start":{"line":13,"column":4},"end":{"line":26,"column":null}},"2":{"start":{"line":30,"column":4},"end":{"line":40,"column":null}},"3":{"start":{"line":44,"column":19},"end":{"line":49,"column":6}},"4":{"start":{"line":50,"column":4},"end":{"line":50,"column":98}},"5":{"start":{"line":50,"column":57},"end":{"line":50,"column":96}},"6":{"start":{"line":51,"column":4},"end":{"line":51,"column":18}},"7":{"start":{"line":6,"column":0},"end":{"line":6,"column":21}}},"fnMap":{"0":{"name":"(anonymous_0)","decl":{"start":{"line":7,"column":2},"end":{"line":7,"column":8}},"loc":{"start":{"line":10,"column":18},"end":{"line":27,"column":3}}},"1":{"name":"(anonymous_1)","decl":{"start":{"line":29,"column":2},"end":{"line":29,"column":8}},"loc":{"start":{"line":29,"column":49},"end":{"line":41,"column":3}}},"2":{"name":"(anonymous_2)","decl":{"start":{"line":43,"column":2},"end":{"line":43,"column":8}},"loc":{"start":{"line":43,"column":56},"end":{"line":52,"column":3}}},"3":{"name":"(anonymous_3)","decl":{"start":{"line":50,"column":28},"end":{"line":50,"column":29}},"loc":{"start":{"line":50,"column":57},"end":{"line":50,"column":96}}}},"branchMap":{},"s":{"0":1,"1":0,"2":0,"3":0,"4":0,"5":0,"6":0,"7":1},"f":{"0":0,"1":0,"2":0,"3":0},"b":{}}
,"/Users/brianmccann/git-repos/greenspark-aws/core-api/src/api/mapper/LocationMapper.ts": {"path":"/Users/brianmccann/git-repos/greenspark-aws/core-api/src/api/mapper/LocationMapper.ts","statementMap":{"0":{"start":{"line":3,"column":0},"end":{"line":3,"column":34}},"1":{"start":{"line":10,"column":4},"end":{"line":10,"column":21}},"2":{"start":{"line":14,"column":4},"end":{"line":14,"column":21}},"3":{"start":{"line":18,"column":4},"end":{"line":30,"column":null}},"4":{"start":{"line":34,"column":4},"end":{"line":34,"column":21}},"5":{"start":{"line":38,"column":4},"end":{"line":55,"column":null}},"6":{"start":{"line":59,"column":4},"end":{"line":61,"column":null}},"7":{"start":{"line":60,"column":6},"end":{"line":60,"column":23}},"8":{"start":{"line":62,"column":4},"end":{"line":62,"column":105}},"9":{"start":{"line":62,"column":47},"end":{"line":62,"column":103}},"10":{"start":{"line":66,"column":4},"end":{"line":68,"column":null}},"11":{"start":{"line":67,"column":6},"end":{"line":67,"column":16}},"12":{"start":{"line":69,"column":4},"end":{"line":69,"column":77}},"13":{"start":{"line":69,"column":49},"end":{"line":69,"column":75}},"14":{"start":{"line":7,"column":0},"end":{"line":7,"column":21}}},"fnMap":{"0":{"name":"(anonymous_0)","decl":{"start":{"line":9,"column":2},"end":{"line":9,"column":20}},"loc":{"start":{"line":9,"column":49},"end":{"line":11,"column":3}}},"1":{"name":"(anonymous_1)","decl":{"start":{"line":13,"column":2},"end":{"line":13,"column":16}},"loc":{"start":{"line":13,"column":39},"end":{"line":15,"column":3}}},"2":{"name":"(anonymous_2)","decl":{"start":{"line":17,"column":2},"end":{"line":17,"column":17}},"loc":{"start":{"line":17,"column":40},"end":{"line":31,"column":3}}},"3":{"name":"(anonymous_3)","decl":{"start":{"line":33,"column":2},"end":{"line":33,"column":20}},"loc":{"start":{"line":33,"column":42},"end":{"line":35,"column":3}}},"4":{"name":"(anonymous_4)","decl":{"start":{"line":37,"column":2},"end":{"line":37,"column":26}},"loc":{"start":{"line":37,"column":88},"end":{"line":56,"column":3}}},"5":{"name":"(anonymous_5)","decl":{"start":{"line":58,"column":2},"end":{"line":58,"column":24}},"loc":{"start":{"line":58,"column":91},"end":{"line":63,"column":3}}},"6":{"name":"(anonymous_6)","decl":{"start":{"line":62,"column":23},"end":{"line":62,"column":24}},"loc":{"start":{"line":62,"column":47},"end":{"line":62,"column":103}}},"7":{"name":"(anonymous_7)","decl":{"start":{"line":65,"column":2},"end":{"line":65,"column":25}},"loc":{"start":{"line":65,"column":51},"end":{"line":70,"column":3}}},"8":{"name":"(anonymous_8)","decl":{"start":{"line":69,"column":23},"end":{"line":69,"column":24}},"loc":{"start":{"line":69,"column":49},"end":{"line":69,"column":75}}}},"branchMap":{"0":{"loc":{"start":{"line":46,"column":10},"end":{"line":46,"column":44}},"type":"cond-expr","locations":[{"start":{"line":46,"column":23},"end":{"line":46,"column":33}},{"start":{"line":46,"column":36},"end":{"line":46,"column":44}}]},"1":{"loc":{"start":{"line":59,"column":4},"end":{"line":61,"column":null}},"type":"if","locations":[{"start":{"line":59,"column":4},"end":{"line":61,"column":null}}]},"2":{"loc":{"start":{"line":59,"column":8},"end":{"line":59,"column":39}},"type":"binary-expr","locations":[{"start":{"line":59,"column":8},"end":{"line":59,"column":16}},{"start":{"line":59,"column":20},"end":{"line":59,"column":39}}]},"3":{"loc":{"start":{"line":66,"column":4},"end":{"line":68,"column":null}},"type":"if","locations":[{"start":{"line":66,"column":4},"end":{"line":68,"column":null}}]},"4":{"loc":{"start":{"line":66,"column":8},"end":{"line":66,"column":39}},"type":"binary-expr","locations":[{"start":{"line":66,"column":8},"end":{"line":66,"column":16}},{"start":{"line":66,"column":20},"end":{"line":66,"column":39}}]}},"s":{"0":5,"1":0,"2":0,"3":1,"4":0,"5":0,"6":2,"7":2,"8":0,"9":0,"10":5,"11":4,"12":1,"13":1,"14":5},"f":{"0":0,"1":0,"2":1,"3":0,"4":0,"5":2,"6":0,"7":5,"8":1},"b":{"0":[0,0],"1":[2],"2":[2,2],"3":[4],"4":[5,3]}}
,"/Users/brianmccann/git-repos/greenspark-aws/core-api/src/api/mapper/MaterialMapper.ts": {"path":"/Users/brianmccann/git-repos/greenspark-aws/core-api/src/api/mapper/MaterialMapper.ts","statementMap":{"0":{"start":{"line":1,"column":0},"end":{"line":1,"column":null}},"1":{"start":{"line":10,"column":0},"end":{"line":10,"column":34}},"2":{"start":{"line":11,"column":0},"end":{"line":11,"column":54}},"3":{"start":{"line":14,"column":27},"end":{"line":14,"column":51}},"4":{"start":{"line":16,"column":46},"end":{"line":24,"column":1}},"5":{"start":{"line":17,"column":23},"end":{"line":17,"column":37}},"6":{"start":{"line":19,"column":2},"end":{"line":21,"column":null}},"7":{"start":{"line":20,"column":4},"end":{"line":20,"column":33}},"8":{"start":{"line":23,"column":2},"end":{"line":23,"column":24}},"9":{"start":{"line":16,"column":13},"end":{"line":16,"column":46}},"10":{"start":{"line":29,"column":4},"end":{"line":30,"column":41}},"11":{"start":{"line":29,"column":59},"end":{"line":30,"column":39}},"12":{"start":{"line":33,"column":23},"end":{"line":33,"column":59}},"13":{"start":{"line":34,"column":18},"end":{"line":34,"column":19}},"14":{"start":{"line":35,"column":4},"end":{"line":41,"column":null}},"15":{"start":{"line":37,"column":6},"end":{"line":37,"column":115}},"16":{"start":{"line":40,"column":6},"end":{"line":40,"column":58}},"17":{"start":{"line":42,"column":23},"end":{"line":42,"column":24}},"18":{"start":{"line":43,"column":4},"end":{"line":49,"column":null}},"19":{"start":{"line":45,"column":6},"end":{"line":45,"column":120}},"20":{"start":{"line":48,"column":6},"end":{"line":48,"column":63}},"21":{"start":{"line":51,"column":27},"end":{"line":51,"column":68}},"22":{"start":{"line":53,"column":4},"end":{"line":80,"column":null}},"23":{"start":{"line":84,"column":22},"end":{"line":84,"column":23}},"24":{"start":{"line":86,"column":41},"end":{"line":91,"column":6}},"25":{"start":{"line":92,"column":4},"end":{"line":106,"column":null}},"26":{"start":{"line":93,"column":6},"end":{"line":98,"column":null}},"27":{"start":{"line":100,"column":6},"end":{"line":105,"column":null}},"28":{"start":{"line":108,"column":4},"end":{"line":160,"column":6}},"29":{"start":{"line":164,"column":4},"end":{"line":169,"column":6}},"30":{"start":{"line":173,"column":19},"end":{"line":173,"column":107}},"31":{"start":{"line":173,"column":66},"end":{"line":173,"column":106}},"32":{"start":{"line":174,"column":4},"end":{"line":174,"column":18}},"33":{"start":{"line":178,"column":19},"end":{"line":183,"column":6}},"34":{"start":{"line":184,"column":4},"end":{"line":184,"column":108}},"35":{"start":{"line":184,"column":66},"end":{"line":184,"column":106}},"36":{"start":{"line":185,"column":4},"end":{"line":185,"column":18}},"37":{"start":{"line":26,"column":0},"end":{"line":26,"column":21}}},"fnMap":{"0":{"name":"(anonymous_1)","decl":{"start":{"line":16,"column":46},"end":{"line":16,"column":47}},"loc":{"start":{"line":16,"column":76},"end":{"line":24,"column":1}}},"1":{"name":"(anonymous_2)","decl":{"start":{"line":27,"column":2},"end":{"line":27,"column":8}},"loc":{"start":{"line":28,"column":10},"end":{"line":31,"column":3}}},"2":{"name":"(anonymous_3)","decl":{"start":{"line":29,"column":28},"end":{"line":29,"column":29}},"loc":{"start":{"line":29,"column":59},"end":{"line":30,"column":39}}},"3":{"name":"(anonymous_4)","decl":{"start":{"line":32,"column":2},"end":{"line":32,"column":8}},"loc":{"start":{"line":32,"column":90},"end":{"line":81,"column":3}}},"4":{"name":"(anonymous_5)","decl":{"start":{"line":83,"column":2},"end":{"line":83,"column":8}},"loc":{"start":{"line":83,"column":49},"end":{"line":161,"column":3}}},"5":{"name":"(anonymous_6)","decl":{"start":{"line":163,"column":2},"end":{"line":163,"column":8}},"loc":{"start":{"line":163,"column":48},"end":{"line":170,"column":3}}},"6":{"name":"(anonymous_7)","decl":{"start":{"line":172,"column":2},"end":{"line":172,"column":8}},"loc":{"start":{"line":172,"column":63},"end":{"line":175,"column":3}}},"7":{"name":"(anonymous_8)","decl":{"start":{"line":173,"column":36},"end":{"line":173,"column":37}},"loc":{"start":{"line":173,"column":66},"end":{"line":173,"column":106}}},"8":{"name":"(anonymous_9)","decl":{"start":{"line":177,"column":2},"end":{"line":177,"column":8}},"loc":{"start":{"line":177,"column":58},"end":{"line":186,"column":3}}},"9":{"name":"(anonymous_10)","decl":{"start":{"line":184,"column":36},"end":{"line":184,"column":37}},"loc":{"start":{"line":184,"column":66},"end":{"line":184,"column":106}}}},"branchMap":{"0":{"loc":{"start":{"line":19,"column":2},"end":{"line":21,"column":null}},"type":"if","locations":[{"start":{"line":19,"column":2},"end":{"line":21,"column":null}}]},"1":{"loc":{"start":{"line":33,"column":23},"end":{"line":33,"column":59}},"type":"cond-expr","locations":[{"start":{"line":33,"column":37},"end":{"line":33,"column":48}},{"start":{"line":33,"column":51},"end":{"line":33,"column":59}}]},"2":{"loc":{"start":{"line":35,"column":4},"end":{"line":41,"column":null}},"type":"if","locations":[{"start":{"line":35,"column":4},"end":{"line":41,"column":null}},{"start":{"line":38,"column":11},"end":{"line":41,"column":null}}]},"3":{"loc":{"start":{"line":35,"column":8},"end":{"line":36,"column":50}},"type":"binary-expr","locations":[{"start":{"line":35,"column":8},"end":{"line":35,"column":40}},{"start":{"line":36,"column":8},"end":{"line":36,"column":50}}]},"4":{"loc":{"start":{"line":40,"column":16},"end":{"line":40,"column":57}},"type":"cond-expr","locations":[{"start":{"line":40,"column":49},"end":{"line":40,"column":51}},{"start":{"line":40,"column":49},"end":{"line":40,"column":57}}]},"5":{"loc":{"start":{"line":40,"column":16},"end":{"line":40,"column":51}},"type":"binary-expr","locations":[{"start":{"line":40,"column":16},"end":{"line":40,"column":51}},{"start":{"line":40,"column":49},"end":{"line":40,"column":51}}]},"6":{"loc":{"start":{"line":40,"column":16},"end":{"line":40,"column":49}},"type":"cond-expr","locations":[{"start":{"line":40,"column":39},"end":{"line":40,"column":41}},{"start":{"line":40,"column":39},"end":{"line":40,"column":49}}]},"7":{"loc":{"start":{"line":40,"column":16},"end":{"line":40,"column":41}},"type":"binary-expr","locations":[{"start":{"line":40,"column":16},"end":{"line":40,"column":41}},{"start":{"line":40,"column":39},"end":{"line":40,"column":41}}]},"8":{"loc":{"start":{"line":43,"column":4},"end":{"line":49,"column":null}},"type":"if","locations":[{"start":{"line":43,"column":4},"end":{"line":49,"column":null}},{"start":{"line":46,"column":11},"end":{"line":49,"column":null}}]},"9":{"loc":{"start":{"line":43,"column":8},"end":{"line":44,"column":48}},"type":"binary-expr","locations":[{"start":{"line":43,"column":8},"end":{"line":43,"column":40}},{"start":{"line":44,"column":6},"end":{"line":44,"column":48}}]},"10":{"loc":{"start":{"line":48,"column":21},"end":{"line":48,"column":62}},"type":"cond-expr","locations":[{"start":{"line":48,"column":54},"end":{"line":48,"column":56}},{"start":{"line":48,"column":54},"end":{"line":48,"column":62}}]},"11":{"loc":{"start":{"line":48,"column":21},"end":{"line":48,"column":56}},"type":"binary-expr","locations":[{"start":{"line":48,"column":21},"end":{"line":48,"column":56}},{"start":{"line":48,"column":54},"end":{"line":48,"column":56}}]},"12":{"loc":{"start":{"line":48,"column":21},"end":{"line":48,"column":54}},"type":"cond-expr","locations":[{"start":{"line":48,"column":44},"end":{"line":48,"column":46}},{"start":{"line":48,"column":44},"end":{"line":48,"column":54}}]},"13":{"loc":{"start":{"line":48,"column":21},"end":{"line":48,"column":46}},"type":"binary-expr","locations":[{"start":{"line":48,"column":21},"end":{"line":48,"column":46}},{"start":{"line":48,"column":44},"end":{"line":48,"column":46}}]},"14":{"loc":{"start":{"line":63,"column":19},"end":{"line":63,"column":60}},"type":"cond-expr","locations":[{"start":{"line":63,"column":52},"end":{"line":63,"column":54}},{"start":{"line":63,"column":52},"end":{"line":63,"column":60}}]},"15":{"loc":{"start":{"line":63,"column":19},"end":{"line":63,"column":54}},"type":"binary-expr","locations":[{"start":{"line":63,"column":19},"end":{"line":63,"column":54}},{"start":{"line":63,"column":52},"end":{"line":63,"column":54}}]},"16":{"loc":{"start":{"line":64,"column":15},"end":{"line":64,"column":52}},"type":"cond-expr","locations":[{"start":{"line":64,"column":44},"end":{"line":64,"column":46}},{"start":{"line":64,"column":44},"end":{"line":64,"column":52}}]},"17":{"loc":{"start":{"line":64,"column":15},"end":{"line":64,"column":46}},"type":"binary-expr","locations":[{"start":{"line":64,"column":15},"end":{"line":64,"column":46}},{"start":{"line":64,"column":44},"end":{"line":64,"column":46}}]},"18":{"loc":{"start":{"line":65,"column":14},"end":{"line":65,"column":50}},"type":"cond-expr","locations":[{"start":{"line":65,"column":42},"end":{"line":65,"column":44}},{"start":{"line":65,"column":42},"end":{"line":65,"column":50}}]},"19":{"loc":{"start":{"line":65,"column":14},"end":{"line":65,"column":44}},"type":"binary-expr","locations":[{"start":{"line":65,"column":14},"end":{"line":65,"column":44}},{"start":{"line":65,"column":42},"end":{"line":65,"column":44}}]},"20":{"loc":{"start":{"line":69,"column":20},"end":{"line":69,"column":55}},"type":"cond-expr","locations":[{"start":{"line":69,"column":43},"end":{"line":69,"column":45}},{"start":{"line":69,"column":43},"end":{"line":69,"column":55}}]},"21":{"loc":{"start":{"line":69,"column":20},"end":{"line":69,"column":45}},"type":"binary-expr","locations":[{"start":{"line":69,"column":20},"end":{"line":69,"column":45}},{"start":{"line":69,"column":43},"end":{"line":69,"column":45}}]},"22":{"loc":{"start":{"line":92,"column":4},"end":{"line":106,"column":null}},"type":"if","locations":[{"start":{"line":92,"column":4},"end":{"line":106,"column":null}},{"start":{"line":99,"column":11},"end":{"line":106,"column":null}}]},"23":{"loc":{"start":{"line":116,"column":14},"end":{"line":116,"column":53}},"type":"cond-expr","locations":[{"start":{"line":116,"column":42},"end":{"line":116,"column":44}},{"start":{"line":116,"column":42},"end":{"line":116,"column":53}}]},"24":{"loc":{"start":{"line":116,"column":14},"end":{"line":116,"column":44}},"type":"binary-expr","locations":[{"start":{"line":116,"column":14},"end":{"line":116,"column":44}},{"start":{"line":116,"column":42},"end":{"line":116,"column":44}}]},"25":{"loc":{"start":{"line":131,"column":24},"end":{"line":132,"column":70}},"type":"cond-expr","locations":[{"start":{"line":132,"column":12},"end":{"line":132,"column":65}},{"start":{"line":132,"column":68},"end":{"line":132,"column":70}}]},"26":{"loc":{"start":{"line":131,"column":24},"end":{"line":131,"column":54}},"type":"cond-expr","locations":[{"start":{"line":131,"column":47},"end":{"line":131,"column":49}},{"start":{"line":131,"column":47},"end":{"line":131,"column":54}}]},"27":{"loc":{"start":{"line":131,"column":24},"end":{"line":131,"column":49}},"type":"binary-expr","locations":[{"start":{"line":131,"column":24},"end":{"line":131,"column":49}},{"start":{"line":131,"column":47},"end":{"line":131,"column":49}}]},"28":{"loc":{"start":{"line":138,"column":24},"end":{"line":139,"column":69}},"type":"cond-expr","locations":[{"start":{"line":139,"column":12},"end":{"line":139,"column":64}},{"start":{"line":139,"column":67},"end":{"line":139,"column":69}}]},"29":{"loc":{"start":{"line":138,"column":24},"end":{"line":138,"column":53}},"type":"cond-expr","locations":[{"start":{"line":138,"column":47},"end":{"line":138,"column":49}},{"start":{"line":138,"column":47},"end":{"line":138,"column":53}}]},"30":{"loc":{"start":{"line":138,"column":24},"end":{"line":138,"column":49}},"type":"binary-expr","locations":[{"start":{"line":138,"column":24},"end":{"line":138,"column":49}},{"start":{"line":138,"column":47},"end":{"line":138,"column":49}}]},"31":{"loc":{"start":{"line":145,"column":24},"end":{"line":146,"column":74}},"type":"cond-expr","locations":[{"start":{"line":146,"column":12},"end":{"line":146,"column":69}},{"start":{"line":146,"column":72},"end":{"line":146,"column":74}}]},"32":{"loc":{"start":{"line":145,"column":24},"end":{"line":145,"column":58}},"type":"cond-expr","locations":[{"start":{"line":145,"column":47},"end":{"line":145,"column":49}},{"start":{"line":145,"column":47},"end":{"line":145,"column":58}}]},"33":{"loc":{"start":{"line":145,"column":24},"end":{"line":145,"column":49}},"type":"binary-expr","locations":[{"start":{"line":145,"column":24},"end":{"line":145,"column":49}},{"start":{"line":145,"column":47},"end":{"line":145,"column":49}}]},"34":{"loc":{"start":{"line":148,"column":20},"end":{"line":148,"column":96}},"type":"cond-expr","locations":[{"start":{"line":148,"column":57},"end":{"line":148,"column":91}},{"start":{"line":148,"column":94},"end":{"line":148,"column":96}}]}},"s":{"0":7,"1":7,"2":7,"3":7,"4":7,"5":4,"6":4,"7":1,"8":4,"9":7,"10":0,"11":0,"12":0,"13":0,"14":0,"15":0,"16":0,"17":0,"18":0,"19":0,"20":0,"21":0,"22":0,"23":14,"24":14,"25":14,"26":0,"27":14,"28":14,"29":0,"30":11,"31":13,"32":11,"33":0,"34":0,"35":0,"36":0,"37":7},"f":{"0":4,"1":0,"2":0,"3":0,"4":14,"5":0,"6":11,"7":13,"8":0,"9":0},"b":{"0":[1],"1":[0,0],"2":[0,0],"3":[0,0],"4":[0,0],"5":[0,0],"6":[0,0],"7":[0,0],"8":[0,0],"9":[0,0],"10":[0,0],"11":[0,0],"12":[0,0],"13":[0,0],"14":[0,0],"15":[0,0],"16":[0,0],"17":[0,0],"18":[0,0],"19":[0,0],"20":[0,0],"21":[0,0],"22":[0,14],"23":[6,8],"24":[14,14],"25":[8,6],"26":[0,14],"27":[14,14],"28":[6,8],"29":[0,14],"30":[14,14],"31":[8,6],"32":[0,14],"33":[14,14],"34":[0,14]}}
,"/Users/brianmccann/git-repos/greenspark-aws/core-api/src/api/mapper/MaterialTypeMapper.ts": {"path":"/Users/brianmccann/git-repos/greenspark-aws/core-api/src/api/mapper/MaterialTypeMapper.ts","statementMap":{"0":{"start":{"line":1,"column":0},"end":{"line":1,"column":62}},"1":{"start":{"line":3,"column":0},"end":{"line":3,"column":34}},"2":{"start":{"line":10,"column":4},"end":{"line":10,"column":103}},"3":{"start":{"line":10,"column":59},"end":{"line":10,"column":100}},"4":{"start":{"line":15,"column":4},"end":{"line":35,"column":null}},"5":{"start":{"line":16,"column":6},"end":{"line":34,"column":8}},"6":{"start":{"line":38,"column":4},"end":{"line":40,"column":37}},"7":{"start":{"line":45,"column":19},"end":{"line":51,"column":6}},"8":{"start":{"line":52,"column":4},"end":{"line":53,"column":44}},"9":{"start":{"line":53,"column":6},"end":{"line":53,"column":42}},"10":{"start":{"line":54,"column":4},"end":{"line":54,"column":18}},"11":{"start":{"line":58,"column":4},"end":{"line":64,"column":6}},"12":{"start":{"line":68,"column":4},"end":{"line":88,"column":null}},"13":{"start":{"line":7,"column":0},"end":{"line":7,"column":21}}},"fnMap":{"0":{"name":"(anonymous_0)","decl":{"start":{"line":9,"column":2},"end":{"line":9,"column":24}},"loc":{"start":{"line":9,"column":79},"end":{"line":11,"column":3}}},"1":{"name":"(anonymous_1)","decl":{"start":{"line":10,"column":28},"end":{"line":10,"column":29}},"loc":{"start":{"line":10,"column":59},"end":{"line":10,"column":100}}},"2":{"name":"(anonymous_2)","decl":{"start":{"line":13,"column":2},"end":{"line":13,"column":17}},"loc":{"start":{"line":13,"column":44},"end":{"line":42,"column":3}}},"3":{"name":"(anonymous_3)","decl":{"start":{"line":44,"column":2},"end":{"line":44,"column":20}},"loc":{"start":{"line":44,"column":53},"end":{"line":55,"column":3}}},"4":{"name":"(anonymous_4)","decl":{"start":{"line":52,"column":34},"end":{"line":52,"column":35}},"loc":{"start":{"line":53,"column":6},"end":{"line":53,"column":42}}},"5":{"name":"(anonymous_5)","decl":{"start":{"line":57,"column":2},"end":{"line":57,"column":16}},"loc":{"start":{"line":57,"column":43},"end":{"line":65,"column":3}}},"6":{"name":"(anonymous_6)","decl":{"start":{"line":67,"column":2},"end":{"line":67,"column":20}},"loc":{"start":{"line":67,"column":68},"end":{"line":89,"column":3}}}},"branchMap":{"0":{"loc":{"start":{"line":15,"column":4},"end":{"line":35,"column":null}},"type":"if","locations":[{"start":{"line":15,"column":4},"end":{"line":35,"column":null}}]},"1":{"loc":{"start":{"line":25,"column":19},"end":{"line":25,"column":76}},"type":"cond-expr","locations":[{"start":{"line":25,"column":40},"end":{"line":25,"column":42}},{"start":{"line":25,"column":40},"end":{"line":25,"column":76}}]},"2":{"loc":{"start":{"line":25,"column":19},"end":{"line":25,"column":42}},"type":"binary-expr","locations":[{"start":{"line":25,"column":19},"end":{"line":25,"column":42}},{"start":{"line":25,"column":40},"end":{"line":25,"column":42}}]}},"s":{"0":11,"1":11,"2":0,"3":0,"4":14,"5":14,"6":0,"7":0,"8":0,"9":0,"10":0,"11":0,"12":0,"13":11},"f":{"0":0,"1":0,"2":14,"3":0,"4":0,"5":0,"6":0},"b":{"0":[14],"1":[6,8],"2":[14,14]}}
,"/Users/brianmccann/git-repos/greenspark-aws/core-api/src/api/mapper/OrganizationMapper.ts": {"path":"/Users/brianmccann/git-repos/greenspark-aws/core-api/src/api/mapper/OrganizationMapper.ts","statementMap":{"0":{"start":{"line":4,"column":0},"end":{"line":4,"column":38}},"1":{"start":{"line":6,"column":0},"end":{"line":6,"column":34}},"2":{"start":{"line":9,"column":19},"end":{"line":9,"column":35}},"3":{"start":{"line":16,"column":51},"end":{"line":22,"column":6}},"4":{"start":{"line":23,"column":4},"end":{"line":23,"column":96}},"5":{"start":{"line":23,"column":66},"end":{"line":23,"column":94}},"6":{"start":{"line":24,"column":4},"end":{"line":24,"column":18}},"7":{"start":{"line":28,"column":4},"end":{"line":36,"column":6}},"8":{"start":{"line":40,"column":4},"end":{"line":46,"column":6}},"9":{"start":{"line":50,"column":39},"end":{"line":58,"column":6}},"10":{"start":{"line":59,"column":4},"end":{"line":62,"column":7}},"11":{"start":{"line":60,"column":6},"end":{"line":60,"column":36}},"12":{"start":{"line":61,"column":6},"end":{"line":61,"column":38}},"13":{"start":{"line":63,"column":4},"end":{"line":63,"column":112}},"14":{"start":{"line":63,"column":69},"end":{"line":63,"column":110}},"15":{"start":{"line":64,"column":4},"end":{"line":64,"column":18}},"16":{"start":{"line":10,"column":0},"end":{"line":10,"column":21}}},"fnMap":{"0":{"name":"(anonymous_1)","decl":{"start":{"line":15,"column":2},"end":{"line":15,"column":20}},"loc":{"start":{"line":15,"column":53},"end":{"line":25,"column":3}}},"1":{"name":"(anonymous_2)","decl":{"start":{"line":23,"column":34},"end":{"line":23,"column":35}},"loc":{"start":{"line":23,"column":66},"end":{"line":23,"column":94}}},"2":{"name":"(anonymous_3)","decl":{"start":{"line":27,"column":2},"end":{"line":27,"column":16}},"loc":{"start":{"line":27,"column":43},"end":{"line":37,"column":3}}},"3":{"name":"(anonymous_4)","decl":{"start":{"line":39,"column":2},"end":{"line":39,"column":17}},"loc":{"start":{"line":39,"column":44},"end":{"line":47,"column":3}}},"4":{"name":"(anonymous_5)","decl":{"start":{"line":49,"column":2},"end":{"line":49,"column":20}},"loc":{"start":{"line":49,"column":52},"end":{"line":65,"column":3}}},"5":{"name":"(anonymous_6)","decl":{"start":{"line":59,"column":26},"end":{"line":59,"column":27}},"loc":{"start":{"line":59,"column":51},"end":{"line":62,"column":5}}},"6":{"name":"(anonymous_7)","decl":{"start":{"line":63,"column":37},"end":{"line":63,"column":38}},"loc":{"start":{"line":63,"column":69},"end":{"line":63,"column":110}}}},"branchMap":{"0":{"loc":{"start":{"line":45,"column":13},"end":{"line":45,"column":81}},"type":"cond-expr","locations":[{"start":{"line":45,"column":28},"end":{"line":45,"column":76}},{"start":{"line":45,"column":79},"end":{"line":45,"column":81}}]},"1":{"loc":{"start":{"line":60,"column":16},"end":{"line":60,"column":35}},"type":"binary-expr","locations":[{"start":{"line":60,"column":16},"end":{"line":60,"column":23}},{"start":{"line":60,"column":27},"end":{"line":60,"column":35}}]}},"s":{"0":2,"1":2,"2":2,"3":0,"4":0,"5":0,"6":0,"7":0,"8":0,"9":0,"10":0,"11":0,"12":0,"13":0,"14":0,"15":0,"16":2},"f":{"0":0,"1":0,"2":0,"3":0,"4":0,"5":0,"6":0},"b":{"0":[0,0],"1":[0,0]}}
,"/Users/brianmccann/git-repos/greenspark-aws/core-api/src/api/mapper/OutboundTicketMapper.ts": {"path":"/Users/brianmccann/git-repos/greenspark-aws/core-api/src/api/mapper/OutboundTicketMapper.ts","statementMap":{"0":{"start":{"line":1,"column":0},"end":{"line":1,"column":null}},"1":{"start":{"line":9,"column":0},"end":{"line":9,"column":56}},"2":{"start":{"line":13,"column":33},"end":{"line":13,"column":59}},"3":{"start":{"line":15,"column":4},"end":{"line":17,"column":null}},"4":{"start":{"line":16,"column":6},"end":{"line":16,"column":39}},"5":{"start":{"line":19,"column":20},"end":{"line":19,"column":24}},"6":{"start":{"line":20,"column":4},"end":{"line":22,"column":null}},"7":{"start":{"line":21,"column":6},"end":{"line":21,"column":32}},"8":{"start":{"line":24,"column":4},"end":{"line":24,"column":69}},"9":{"start":{"line":25,"column":4},"end":{"line":25,"column":57}},"10":{"start":{"line":26,"column":4},"end":{"line":26,"column":57}},"11":{"start":{"line":28,"column":4},"end":{"line":30,"column":null}},"12":{"start":{"line":29,"column":6},"end":{"line":29,"column":86}},"13":{"start":{"line":32,"column":4},"end":{"line":32,"column":47}},"14":{"start":{"line":34,"column":4},"end":{"line":34,"column":32}},"15":{"start":{"line":39,"column":30},"end":{"line":39,"column":32}},"16":{"start":{"line":41,"column":4},"end":{"line":43,"column":null}},"17":{"start":{"line":42,"column":6},"end":{"line":42,"column":59}},"18":{"start":{"line":46,"column":4},"end":{"line":59,"column":null}},"19":{"start":{"line":47,"column":6},"end":{"line":58,"column":null}},"20":{"start":{"line":48,"column":8},"end":{"line":57,"column":null}},"21":{"start":{"line":61,"column":55},"end":{"line":61,"column":57}},"22":{"start":{"line":62,"column":4},"end":{"line":87,"column":null}},"23":{"start":{"line":63,"column":6},"end":{"line":86,"column":null}},"24":{"start":{"line":64,"column":61},"end":{"line":67,"column":null}},"25":{"start":{"line":69,"column":8},"end":{"line":83,"column":null}},"26":{"start":{"line":71,"column":10},"end":{"line":82,"column":null}},"27":{"start":{"line":72,"column":12},"end":{"line":81,"column":14}},"28":{"start":{"line":85,"column":8},"end":{"line":85,"column":30}},"29":{"start":{"line":89,"column":21},"end":{"line":89,"column":25}},"30":{"start":{"line":90,"column":4},"end":{"line":93,"column":null}},"31":{"start":{"line":91,"column":6
[...]
,"/Users/brianmccann/git-repos/greenspark-aws/core-api/src/utilities/generateTag.js": {"path":"/Users/brianmccann/git-repos/greenspark-aws/core-api/src/utilities/generateTag.js","statementMap":{"0":{"start":{"line":1,"column":15},"end":{"line":1,"column":32}},"1":{"start":{"line":3,"column":0},"end":{"line":16,"column":2}},"2":{"start":{"line":5,"column":19},"end":{"line":5,"column":20}},"3":{"start":{"line":6,"column":21},"end":{"line":7,"column":51}},"4":{"start":{"line":9,"column":11},"end":{"line":9,"column":13}},"5":{"start":{"line":10,"column":2},"end":{"line":13,"column":null}},"6":{"start":{"line":10,"column":15},"end":{"line":10,"column":16}},"7":{"start":{"line":11,"column":18},"end":{"line":11,"column":35}},"8":{"start":{"line":12,"column":4},"end":{"line":12,"column":30}},"9":{"start":{"line":15,"column":2},"end":{"line":15,"column":12}}},"fnMap":{"0":{"name":"(anonymous_0)","decl":{"start":{"line":3,"column":22},"end":{"line":3,"column":25}},"loc":{"start":{"line":3,"column":27},"end":{"line":16,"column":1}}}},"branchMap":{},"s":{"0":1,"1":1,"2":0,"3":0,"4":0,"5":0,"6":0,"7":0,"8":0,"9":0},"f":{"0":0},"b":{}}
,"/Users/brianmccann/git-repos/greenspark-aws/core-api/src/utilities/getCollection.ts": {"path":"/Users/brianmccann/git-repos/greenspark-aws/core-api/src/utilities/getCollection.ts","statementMap":{"0":{"start":{"line":2,"column":2},"end":{"line":2,"column":65}},"1":{"start":{"line":1,"column":0},"end":{"line":1,"column":16}}},"fnMap":{"0":{"name":"getCollection","decl":{"start":{"line":1,"column":16},"end":{"line":1,"column":29}},"loc":{"start":{"line":1,"column":43},"end":{"line":3,"column":1}}}},"branchMap":{},"s":{"0":0,"1":0},"f":{"0":0},"b":{}}
,"/Users/brianmccann/git-repos/greenspark-aws/core-api/src/utilities/getStatusObj.js": {"path":"/Users/brianmccann/git-repos/greenspark-aws/core-api/src/utilities/getStatusObj.js","statementMap":{"0":{"start":{"line":1,"column":0},"end":{"line":5,"column":3}},"1":{"start":{"line":1,"column":55},"end":{"line":5,"column":2}}},"fnMap":{"0":{"name":"(anonymous_0)","decl":{"start":{"line":1,"column":23},"end":{"line":1,"column":24}},"loc":{"start":{"line":1,"column":55},"end":{"line":5,"column":2}}}},"branchMap":{},"s":{"0":0,"1":0},"f":{"0":0},"b":{}}
,"/Users/brianmccann/git-repos/greenspark-aws/core-api/src/utilities/handleWarmerEvent.ts": {"path":"/Users/brianmccann/git-repos/greenspark-aws/core-api/src/utilities/handleWarmerEvent.ts","statementMap":{"0":{"start":{"line":1,"column":0},"end":{"line":1,"column":54}},"1":{"start":{"line":3,"column":14},"end":{"line":3,"column":19}},"2":{"start":{"line":6,"column":2},"end":{"line":6,"column":null}},"3":{"start":{"line":7,"column":2},"end":{"line":9,"column":null}},"4":{"start":{"line":8,"column":4},"end":{"line":8,"column":29}},"5":{"start":{"line":10,"column":2},"end":{"line":10,"column":29}},"6":{"start":{"line":11,"column":2},"end":{"line":11,"column":null}},"7":{"start":{"line":12,"column":22},"end":{"line":12,"column":29}},"8":{"start":{"line":13,"column":2},"end":{"line":13,"column":null}},"9":{"start":{"line":14,"column":2},"end":{"line":14,"column":null}},"10":{"start":{"line":5,"column":0},"end":{"line":5,"column":7}},"11":{"start":{"line":18,"column":2},"end":{"line":18,"column":null}},"12":{"start":{"line":18,"column":32},"end":{"line":18,"column":65}}},"fnMap":{"0":{"name":"handleWarmerEvent","decl":{"start":{"line":5,"column":22},"end":{"line":5,"column":39}},"loc":{"start":{"line":5,"column":50},"end":{"line":15,"column":1}}},"1":{"name":"sleep","decl":{"start":{"line":17,"column":9},"end":{"line":17,"column":14}},"loc":{"start":{"line":17,"column":35},"end":{"line":19,"column":1}}},"2":{"name":"(anonymous_2)","decl":{"start":{"line":18,"column":21},"end":{"line":18,"column":28}},"loc":{"start":{"line":18,"column":32},"end":{"line":18,"column":65}}}},"branchMap":{"0":{"loc":{"start":{"line":7,"column":2},"end":{"line":9,"column":null}},"type":"if","locations":[{"start":{"line":7,"column":2},"end":{"line":9,"column":null}}]},"1":{"loc":{"start":{"line":14,"column":9},"end":{"line":14,"column":52}},"type":"cond-expr","locations":[{"start":{"line":14,"column":23},"end":{"line":14,"column":37}},{"start":{"line":14,"column":40},"end":{"line":14,"column":52}}]}},"s":{"0":19,"1":19,"2":0,"3":0,"4":0,"5":0,"6":0,"7":0,"8":0,"9":0,"10":19,"11":0,"12":0},"f":{"0":0,"1":0,"2":0},"b":{"0":[0],"1":[0,0]}}
,"/Users/brianmccann/git-repos/greenspark-aws/core-api/src/utilities/isUuid.js": {"path":"/Users/brianmccann/git-repos/greenspark-aws/core-api/src/utilities/isUuid.js","statementMap":{"0":{"start":{"line":1,"column":0},"end":{"line":1,"column":114}},"1":{"start":{"line":1,"column":24},"end":{"line":1,"column":113}}},"fnMap":{"0":{"name":"(anonymous_0)","decl":{"start":{"line":1,"column":17},"end":{"line":1,"column":20}},"loc":{"start":{"line":1,"column":24},"end":{"line":1,"column":113}}}},"branchMap":{},"s":{"0":0,"1":0},"f":{"0":0},"b":{}}
,"/Users/brianmccann/git-repos/greenspark-aws/core-api/src/utilities/mapAsync.js": {"path":"/Users/brianmccann/git-repos/greenspark-aws/core-api/src/utilities/mapAsync.js","statementMap":{"0":{"start":{"line":2,"column":18},"end":{"line":2,"column":20}},"1":{"start":{"line":3,"column":23},"end":{"line":3,"column":25}},"2":{"start":{"line":4,"column":22},"end":{"line":4,"column":58}},"3":{"start":{"line":5,"column":17},"end":{"line":5,"column":19}},"4":{"start":{"line":7,"column":4},"end":{"line":7,"column":15}},"5":{"start":{"line":8,"column":4},"end":{"line":8,"column":41}},"6":{"start":{"line":8,"column":34},"end":{"line":8,"column":41}},"7":{"start":{"line":9,"column":17},"end":{"line":9,"column":34}},"8":{"start":{"line":10,"column":4},"end":{"line":10,"column":46}},"9":{"start":{"line":11,"column":4},"end":{"line":11,"column":24}},"10":{"start":{"line":13,"column":24},"end":{"line":13,"column":26}},"11":{"start":{"line":14,"column":2},"end":{"line":16,"column":null}},"12":{"start":{"line":14,"column":17},"end":{"line":14,"column":18}},"13":{"start":{"line":15,"column":4},"end":{"line":15,"column":38}},"14":{"start":{"line":17,"column":2},"end":{"line":17,"column":35}},"15":{"start":{"line":18,"column":2},"end":{"line":20,"column":null}},"16":{"start":{"line":18,"column":15},"end":{"line":18,"column":16}},"17":{"start":{"line":19,"column":4},"end":{"line":19,"column":36}},"18":{"start":{"line":21,"column":2},"end":{"line":21,"column":17}},"19":{"start":{"line":24,"column":0},"end":{"line":24,"column":30}}},"fnMap":{"0":{"name":"mapAsync","decl":{"start":{"line":1,"column":15},"end":{"line":1,"column":23}},"loc":{"start":{"line":1,"column":54},"end":{"line":22,"column":1}}},"1":{"name":"processItem","decl":{"start":{"line":6,"column":17},"end":{"line":6,"column":28}},"loc":{"start":{"line":6,"column":28},"end":{"line":12,"column":3}}}},"branchMap":{"0":{"loc":{"start":{"line":1,"column":35},"end":{"line":1,"column":54}},"type":"default-arg","locations":[{"start":{"line":1,"column":45},"end":{"line":1,"column":54}}]},"1":{"loc":{"start":{"line":4,"column":22},"end":{"line":4,"column":58}},"type":"binary-expr","locations":[{"start":{"line":4,"column":22},"end":{"line":4,"column":42}},{"start":{"line":4,"column":46},"end":{"line":4,"column":58}}]},"2":{"loc":{"start":{"line":4,"column":22},"end":{"line":4,"column":42}},"type":"cond-expr","locations":[{"start":{"line":4,"column":29},"end":{"line":4,"column":31}},{"start":{"line":4,"column":22},"end":{"line":4,"column":42}}]},"3":{"loc":{"start":{"line":4,"column":22},"end":{"line":4,"column":31}},"type":"binary-expr","locations":[{"start":{"line":4,"column":22},"end":{"line":4,"column":31}},{"start":{"line":4,"column":22},"end":{"line":4,"column":31}}]},"4":{"loc":{"start":{"line":8,"column":4},"end":{"line":8,"column":41}},"type":"if","locations":[{"start":{"line":8,"column":4},"end":{"line":8,"column":41}}]}},"s":{"0":19,"1":19,"2":19,"3":19,"4":25,"5":25,"6":11,"7":14,"8":14,"9":14,"10":19,"11":19,"12":19,"13":11,"14":19,"15":19,"16":19,"17":14,"18":19,"19":11},"f":{"0":19,"1":25},"b":{"0":[18],"1":[19,18],"2":[18,1],"3":[19,19],"4":[11]}}
,"/Users/brianmccann/git-repos/greenspark-aws/core-api/src/utilities/price-utility.ts": {"path":"/Users/brianmccann/git-repos/greenspark-aws/core-api/src/utilities/price-utility.ts","statementMap":{"0":{"start":{"line":1,"column":0},"end":{"line":1,"column":31}},"1":{"start":{"line":2,"column":0},"end":{"line":2,"column":35}},"2":{"start":{"line":5,"column":26},"end":{"line":5,"column":29}},"3":{"start":{"line":8,"column":18},"end":{"line":8,"column":19}},"4":{"start":{"line":9,"column":21},"end":{"line":9,"column":22}},"5":{"start":{"line":10,"column":2},"end":{"line":13,"column":null}},"6":{"start":{"line":11,"column":4},"end":{"line":11,"column":23}},"7":{"start":{"line":12,"column":4},"end":{"line":12,"column":19}},"8":{"start":{"line":14,"column":2},"end":{"line":14,"column":42}},"9":{"start":{"line":16,"column":2},"end":{"line":20,"column":5}},"10":{"start":{"line":7,"column":0},"end":{"line":7,"column":16}},"11":{"start":{"line":24,"column":21},"end":{"line":24,"column":55}},"12":{"start":{"line":25,"column":22},"end":{"line":25,"column":41}},"13":{"start":{"line":27,"column":2},"end":{"line":27,"column":60}},"14":{"start":{"line":28,"column":2},"end":{"line":28,"column":21}},"15":{"start":{"line":23,"column":0},"end":{"line":23,"column":16}},"16":{"start":{"line":32,"column":21},"end":{"line":32,"column":38}},"17":{"start":{"line":34,"column":19},"end":{"line":34,"column":50}},"18":{"start":{"line":36,"column":15},"end":{"line":36,"column":32}},"19":{"start":{"line":38,"column":2},"end":{"line":38,"column":51}},"20":{"start":{"line":39,"column":2},"end":{"line":39,"column":24}},"21":{"start":{"line":40,"column":2},"end":{"line":40,"column":14}},"22":{"start":{"line":31,"column":0},"end":{"line":31,"column":16}},"23":{"start":{"line":45,"column":27},"end":{"line":45,"column":41}},"24":{"start":{"line":46,"column":2},"end":{"line":49,"column":null}},"25":{"start":{"line":47,"column":4},"end":{"line":47,"column":35}},"26":{"start":{"line":48,"column":4},"end":{"line":48,"column":64}},"27":{"start":{"line":50,"column":22},"end":{"line":50,"column":46}},"28":{"start":{"line":51,"column":25},"end":{"line":51,"column":76}},"29":{"start":{"line":52,"column":23},"end":{"line":52,"column":77}},"30":{"start":{"line":53,"column":2},"end":{"line":56,"column":4}},"31":{"start":{"line":44,"column":0},"end":{"line":44,"column":16}},"32":{"start":{"line":60,"column":19},"end":{"line":60,"column":29}},"33":{"start":{"line":61,"column":19},"end":{"line":61,"column":29}},"34":{"start":{"line":63,"column":14},"end":{"line":63,"column":36}},"35":{"start":{"line":65,"column":18},"end":{"line":65,"column":30}},"36":{"start":{"line":66,"column":2},"end":{"line":66,"column":51}},"37":{"start":{"line":67,"column":2},"end":{"line":67,"column":17}},"38":{"start":{"line":59,"column":0},"end":{"line":59,"column":16}},"39":{"start":{"line":71,"column":19},"end":{"line":71,"column":29}},"40":{"start":{"line":72,"column":19},"end":{"line":72,"column":29}},"41":{"start":{"line":74,"column":14},"end":{"line":74,"column":41}},"42":{"start":{"line":76,"column":15},"end":{"line":76,"column":27}},"43":{"start":{"line":77,"column":2},"end":{"line":77,"column":48}},"44":{"start":{"line":78,"column":2},"end":{"line":78,"column":14}},"45":{"start":{"line":70,"column":0},"end":{"line":70,"column":16}},"46":{"start":{"line":82,"column":2},"end":{"line":88,"column":null}},"47":{"start":{"line":83,"column":4},"end":{"line":87,"column":16}},"48":{"start":{"line":89,"column":2},"end":{"line":89,"column":69}},"49":{"start":{"line":81,"column":0},"end":{"line":81,"column":16}},"50":{"start":{"line":94,"column":2},"end":{"line":94,"column":34}},"51":{"start":{"line":92,"column":0},"end":{"line":92,"column":16}},"52":{"start":{"line":98,"column":2},"end":{"line":106,"column":null}},"53":{"start":{"line":100,"column":4},"end":{"line":104,"column":null}},"54":{"start":{"line":101,"column":6},"end":{"line":101,"column":65}},"55":{"start":{"line":103,"column":6},"end":{"line":103,"column":30}},"56":{"start":{"line":105,"column":4},"end":{"line":105,"column":17}},"57":{"start":{"line":107,"column":2},"end":{"line":107,"column":14}},"58":{"start":{"line":97,"column":0},"end":{"line":97,"column":16}},"59":{"start":{"line":111,"column":2},"end":{"line":111,"column":43}},"60":{"start":{"line":110,"column":0},"end":{"line":110,"column":16}},"61":{"start":{"line":114,"column":0},"end":{"line":124,"column":2}}},"fnMap":{"0":{"name":"getDineroValueFuncFromNumber","decl":{"start":{"line":7,"column":16},"end":{"line":7,"column":44}},"loc":{"start":{"line":7,"column":53},"end":{"line":21,"column":1}}},"1":{"name":"getValueFromNumber","decl":{"start":{"line":23,"column":16},"end":{"line":23,"column":34}},"loc":{"start":{"line":23,"column":51},"end":{"line":29,"column":1}}},"2":{"name":"getValueFromValueJSONAndMultiplier","decl":{"start":{"line":31,"column":16},"end":{"line":31,"column":50}},"loc":{"start":{"line":31,"column":72},"end":{"line":41,"column":1}}},"3":{"name":"getPriceFromValueJSONAndWeight","decl":{"start":{"line":44,"column":16},"end":{"line":44,"column":46}},"loc":{"start":{"line":44,"column":106},"end":{"line":57,"column":1}}},"4":{"name":"addTwoJSONValues","decl":{"start":{"line":59,"column":16},"end":{"line":59,"column":32}},"loc":{"start":{"line":59,"column":39},"end":{"line":68,"column":1}}},"5":{"name":"subtractSecondJSONValueFromFirst","decl":{"start":{"line":70,"column":16},"end":{"line":70,"column":48}},"loc":{"start":{"line":70,"column":55},"end":{"line":79,"column":1}}},"6":{"name":"convertDollarStringToPrice","decl":{"start":{"line":81,"column":16},"end":{"line":81,"column":42}},"loc":{"start":{"line":81,"column":63},"end":{"line":90,"column":1}}},"7":{"name":"convertPriceToDollarString","decl":{"start":{"line":92,"column":16},"end":{"line":92,"column":42}},"loc":{"start":{"line":92,"column":49},"end":{"line":95,"column":1}}},"8":{"name":"convertPercentageToDecimal","decl":{"start":{"line":97,"column":16},"end":{"line":97,"column":42}},"loc":{"start":{"line":97,"column":51},"end":{"line":108,"column":1}}},"9":{"name":"convertDecimalToPercentage","decl":{"start":{"line":110,"column":16},"end":{"line":110,"column":42}},"loc":{"start":{"line":110,"column":51},"end":{"line":112,"column":1}}}},"branchMap":{"0":{"loc":{"start":{"line":7,"column":48},"end":{"line":7,"column":53}},"type":"default-arg","locations":[{"start":{"line":7,"column":52},"end":{"line":7,"column":53}}]},"1":{"loc":{"start":{"line":10,"column":9},"end":{"line":10,"column":48}},"type":"binary-expr","locations":[{"start":{"line":10,"column":9},"end":{"line":10,"column":31}},{"start":{"line":10,"column":35},"end":{"line":10,"column":48}}]},"2":{"loc":{"start":{"line":23,"column":46},"end":{"line":23,"column":51}},"type":"default-arg","locations":[{"start":{"line":23,"column":50},"end":{"line":23,"column":51}}]},"3":{"loc":{"start":{"line":44,"column":94},"end":{"line":44,"column":106}},"type":"default-arg","locations":[{"start":{"line":44,"column":102},"end":{"line":44,"column":106}}]},"4":{"loc":{"start":{"line":46,"column":2},"end":{"line":49,"column":null}},"type":"if","locations":[{"start":{"line":46,"column":2},"end":{"line":49,"column":null}}]},"5":{"loc":{"start":{"line":51,"column":25},"end":{"line":51,"column":76}},"type":"cond-expr","locations":[{"start":{"line":51,"column":38},"end":{"line":51,"column":64}},{"start":{"line":51,"column":67},"end":{"line":51,"column":76}}]},"6":{"loc":{"start":{"line":81,"column":52},"end":{"line":81,"column":63}},"type":"default-arg","locations":[{"start":{"line":81,"column":58},"end":{"line":81,"column":63}}]},"7":{"loc":{"start":{"line":82,"column":2},"end":{"line":88,"column":null}},"type":"if","locations":[{"start":{"line":82,"column":2},"end":{"line":88,"column":null}}]},"8":{"loc":{"start":{"line":98,"column":2},"end":{"line":106,"column":null}},"type":"if","locations":[{"start":{"line":98,"column":2},"end":{"line":106,"column":null}}]},"9":{"loc":{"start":{"line":100,"column":4},"end":{"line":104,"column":null}},"type":"if","locations":[{"start":{"line":100,"column":4},"end":{"line":104,"column":null}},{"start":{"line":102,"column":11},"end":{"line":104,"column":null}}]}},"s":{"0":20,"1":20,"2":20,"3":49,"4":49,"5":49,"6":26,"7":26,"8":49,"9":49,"10":20,"11":13,"12":13,"13":13,"14":13,"15":20,"16":0,"17":0,"18":0,"19":0,"20":0,"21":0,"22":20,"23":5,"24":5,"25":4,"26":4,"27":5,"28":5,"29":5,"30":5,"31":20,"32":1,"33":1,"34":1,"35":1,"36":1,"37":1,"38":20,"39":1,"40":1,"41":1,"42":1,"43":1,"44":1,"45":20,"46":0,"47":0,"48":0,"49":20,"50":0,"51":20,"52":0,"53":0,"54":0,"55":0,"56":0,"57":0,"58":20,"59":0,"60":20,"61":20},"f":{"0":49,"1":13,"2":0,"3":5,"4":1,"5":1,"6":0,"7":0,"8":0,"9":0},"b":{"0":[0],"1":[75,32],"2":[13],"3":[4],"4":[4],"5":[5,0],"6":[0],"7":[0],"8":[0],"9":[0,0]}}
,"/Users/brianmccann/git-repos/greenspark-aws/core-api/src/utilities/states.js": {"path":"/Users/brianmccann/git-repos/greenspark-aws/core-api/src/utilities/states.js","statementMap":{"0":{"start":{"line":1,"column":0},"end":{"line":56,"column":2}}},"fnMap":{},"branchMap":{},"s":{"0":4},"f":{},"b":{}}
,"/Users/brianmccann/git-repos/greenspark-aws/core-api/src/utilities/weight-utility.ts": {"path":"/Users/brianmccann/git-repos/greenspark-aws/core-api/src/utilities/weight-utility.ts","statementMap":{"0":{"start":{"line":1,"column":0},"end":{"line":1,"column":63}},"1":{"start":{"line":3,"column":31},"end":{"line":9,"column":1}},"2":{"start":{"line":4,"column":2},"end":{"line":8,"column":4}},"3":{"start":{"line":3,"column":13},"end":{"line":3,"column":31}}},"fnMap":{"0":{"name":"(anonymous_0)","decl":{"start":{"line":3,"column":31},"end":{"line":3,"column":32}},"loc":{"start":{"line":3,"column":98},"end":{"line":9,"column":1}}}},"branchMap":{"0":{"loc":{"start":{"line":3,"column":40},"end":{"line":3,"column":76}},"type":"default-arg","locations":[{"start":{"line":3,"column":61},"end":{"line":3,"column":76}}]}},"s":{"0":8,"1":8,"2":0,"3":8},"f":{"0":0},"b":{"0":[0]}}
}
