TN:
SF:src/index.ts
FNF:0
FNH:0
DA:1,0
LF:1
LH:0
BRF:0
BRH:0
end_of_record
TN:
SF:src/api/mapper/AccountMapper.ts
FN:8,(anonymous_0)
FN:19,(anonymous_1)
FN:29,(anonymous_2)
FN:36,(anonymous_3)
FNF:4
FNH:0
FNDA:0,(anonymous_0)
FNDA:0,(anonymous_1)
FNDA:0,(anonymous_2)
FNDA:0,(anonymous_3)
DA:6,1
DA:9,0
DA:20,0
DA:30,0
DA:36,0
DA:37,0
LF:6
LH:1
BRF:0
BRH:0
end_of_record
TN:
SF:src/api/mapper/BarcodeMapper.ts
FN:4,(anonymous_0)
FN:15,(anonymous_1)
FNF:2
FNH:2
FNDA:1,(anonymous_0)
FNDA:1,(anonymous_1)
DA:3,1
DA:5,1
DA:16,1
LF:3
LH:3
BRF:0
BRH:0
end_of_record
TN:
SF:src/api/mapper/BenchmarkMapper.ts
FN:8,(anonymous_0)
FN:10,(anonymous_1)
FN:19,(anonymous_2)
FN:23,(anonymous_3)
FN:41,(anonymous_4)
FN:46,(anonymous_5)
FN:62,(anonymous_6)
FNF:7
FNH:7
FNDA:1,(anonymous_0)
FNDA:1,(anonymous_1)
FNDA:1,(anonymous_2)
FNDA:15,(anonymous_3)
FNDA:14,(anonymous_4)
FNDA:14,(anonymous_5)
FNDA:2,(anonymous_6)
DA:1,13
DA:3,13
DA:7,13
DA:9,1
DA:10,1
DA:20,1
DA:24,15
DA:42,14
DA:44,14
DA:46,14
DA:63,2
DA:64,2
DA:74,2
LF:13
LH:13
BRDA:63,0,0,1
BRDA:63,0,1,1
BRF:2
BRH:2
end_of_record
TN:
SF:src/api/mapper/CommodityMapper.ts
FN:8,(anonymous_0)
FN:9,(anonymous_1)
FN:12,(anonymous_2)
FN:35,(anonymous_3)
FN:49,(anonymous_4)
FN:61,(anonymous_5)
FN:70,(anonymous_6)
FNF:7
FNH:7
FNDA:1,(anonymous_0)
FNDA:1,(anonymous_1)
FNDA:3,(anonymous_2)
FNDA:4,(anonymous_3)
FNDA:1,(anonymous_4)
FNDA:1,(anonymous_5)
FNDA:1,(anonymous_6)
DA:1,5
DA:3,5
DA:7,5
DA:9,1
DA:13,3
DA:14,3
DA:36,4
DA:37,4
DA:38,4
DA:50,1
DA:62,1
DA:70,1
DA:71,1
LF:13
LH:13
BRDA:13,0,0,2
BRDA:13,0,1,1
BRDA:36,1,0,3
BRDA:36,1,1,1
BRDA:37,2,0,3
BRDA:37,2,1,1
BRF:6
BRH:6
end_of_record
TN:
SF:src/api/mapper/ContactMapper.ts
FN:9,(anonymous_0)
FN:12,(anonymous_1)
FN:16,(anonymous_2)
FN:20,(anonymous_3)
FN:52,(anonymous_4)
FN:90,(anonymous_5)
FN:94,(anonymous_6)
FN:97,(anonymous_7)
FN:101,(anonymous_8)
FNF:9
FNH:9
FNDA:1,(anonymous_0)
FNDA:1,(anonymous_1)
FNDA:1,(anonymous_2)
FNDA:4,(anonymous_3)
FNDA:3,(anonymous_4)
FNDA:4,(anonymous_5)
FNDA:1,(anonymous_6)
FNDA:6,(anonymous_7)
FNDA:2,(anonymous_8)
DA:3,6
DA:8,6
DA:10,1
DA:13,1
DA:17,1
DA:21,4
DA:53,3
DA:91,4
DA:92,3
DA:94,1
DA:98,6
DA:99,4
DA:101,2
LF:13
LH:13
BRDA:37,0,0,2
BRDA:37,0,1,2
BRDA:46,1,0,2
BRDA:46,1,1,2
BRDA:67,2,0,2
BRDA:67,2,1,1
BRDA:72,3,0,2
BRDA:72,3,1,1
BRDA:84,4,0,2
BRDA:84,4,1,1
BRDA:91,5,0,3
BRDA:91,6,0,4
BRDA:91,6,1,4
BRDA:98,7,0,4
BRDA:98,8,0,6
BRDA:98,8,1,4
BRF:16
BRH:16
end_of_record
TN:
SF:src/api/mapper/CustomerMapper.ts
FN:15,(anonymous_1)
FN:57,(anonymous_2)
FN:63,(anonymous_3)
FN:102,(anonymous_4)
FN:112,(anonymous_5)
FN:126,(anonymous_6)
FN:134,(anonymous_7)
FNF:7
FNH:7
FNDA:2,(anonymous_1)
FNDA:5,(anonymous_2)
FNDA:1,(anonymous_3)
FNDA:1,(anonymous_4)
FNDA:1,(anonymous_5)
FNDA:1,(anonymous_6)
FNDA:1,(anonymous_7)
DA:1,5
DA:3,5
DA:4,5
DA:5,5
DA:6,5
DA:10,5
DA:11,5
DA:12,5
DA:14,5
DA:16,2
DA:58,5
DA:59,5
DA:61,5
DA:62,1
DA:63,1
DA:64,1
DA:65,1
DA:66,1
DA:71,5
DA:103,1
DA:113,1
DA:127,1
DA:134,1
DA:135,1
LF:24
LH:24
BRDA:48,0,0,2
BRDA:48,0,1,1
BRDA:48,1,0,1
BRDA:48,1,1,1
BRDA:48,2,0,2
BRDA:48,2,1,1
BRDA:49,3,0,1
BRDA:49,3,1,1
BRDA:62,4,0,1
BRDA:64,5,0,1
BRDA:90,6,0,5
BRDA:90,6,1,3
BRDA:91,7,0,5
BRDA:91,7,1,3
BRDA:92,8,0,3
BRDA:92,8,1,2
BRDA:95,9,0,3
BRDA:95,9,1,3
BRDA:98,10,0,5
BRDA:98,10,1,1
BRF:20
BRH:20
end_of_record
TN:
SF:src/api/mapper/FinishedGoodMapper.ts
FN:8,(anonymous_0)
FN:34,(anonymous_1)
FN:57,(anonymous_2)
FN:62,(anonymous_3)
FN:113,(anonymous_4)
FN:121,(anonymous_5)
FNF:6
FNH:6
FNDA:2,(anonymous_0)
FNDA:2,(anonymous_1)
FNDA:3,(anonymous_2)
FNDA:3,(anonymous_3)
FNDA:1,(anonymous_4)
FNDA:1,(anonymous_5)
DA:1,6
DA:3,6
DA:5,6
DA:7,6
DA:10,2
DA:12,2
DA:13,1
DA:15,1
DA:18,2
DA:19,2
DA:20,2
DA:22,2
DA:23,2
DA:26,2
DA:28,2
DA:31,2
DA:33,2
DA:34,2
DA:35,2
DA:36,2
DA:37,1
DA:39,1
DA:42,2
DA:43,2
DA:45,2
DA:46,1
DA:48,1
DA:50,2
DA:54,2
DA:58,3
DA:61,3
DA:62,3
DA:63,3
DA:72,3
DA:114,1
DA:121,1
DA:122,1
LF:37
LH:37
BRDA:12,0,0,1
BRDA:12,0,1,1
BRDA:33,1,0,2
BRDA:36,2,0,1
BRDA:36,2,1,1
BRDA:45,3,0,1
BRDA:45,3,1,1
BRDA:61,4,0,3
BRDA:79,5,0,1
BRDA:79,5,1,2
BRF:10
BRH:10
end_of_record
TN:
SF:src/api/mapper/InboundTicketMapper.ts
FN:21,(anonymous_1)
FN:95,(anonymous_2)
FN:170,(anonymous_3)
FN:243,(anonymous_4)
FN:252,(anonymous_5)
FN:259,(anonymous_6)
FN:263,(anonymous_7)
FN:267,(anonymous_8)
FNF:8
FNH:3
FNDA:1,(anonymous_1)
FNDA:0,(anonymous_2)
FNDA:1,(anonymous_3)
FNDA:0,(anonymous_4)
FNDA:0,(anonymous_5)
FNDA:0,(anonymous_6)
FNDA:1,(anonymous_7)
FNDA:0,(anonymous_8)
DA:1,4
DA:7,4
DA:8,4
DA:9,4
DA:10,4
DA:12,4
DA:19,4
DA:20,4
DA:22,1
DA:23,1
DA:24,1
DA:25,1
DA:28,1
DA:29,1
DA:30,0
DA:37,1
DA:38,1
DA:39,0
DA:41,1
DA:42,1
DA:43,1
DA:48,1
DA:96,0
DA:97,0
DA:98,0
DA:100,0
DA:102,0
DA:103,0
DA:110,0
DA:111,0
DA:112,0
DA:115,0
DA:116,0
DA:117,0
DA:123,0
DA:172,1
DA:173,1
DA:175,1
DA:176,1
DA:177,0
DA:180,1
DA:244,0
DA:253,0
DA:259,0
DA:260,0
DA:264,1
DA:266,1
DA:267,1
DA:268,0
DA:269,0
DA:270,0
DA:272,0
DA:275,0
DA:276,0
DA:277,0
DA:279,0
DA:283,1
LF:57
LH:29
BRDA:24,0,0,1
BRDA:24,1,0,1
BRDA:24,1,1,1
BRDA:29,2,0,0
BRDA:29,3,0,1
BRDA:29,3,1,1
BRDA:38,4,0,0
BRDA:42,5,0,1
BRDA:42,6,0,1
BRDA:42,6,1,1
BRDA:50,7,0,0
BRDA:50,7,1,1
BRDA:50,8,0,1
BRDA:50,8,1,1
BRDA:51,9,0,1
BRDA:51,9,1,0
BRDA:51,10,0,1
BRDA:51,10,1,1
BRDA:52,11,0,1
BRDA:52,11,1,0
BRDA:52,12,0,1
BRDA:52,12,1,1
BRDA:53,13,0,1
BRDA:53,13,1,0
BRDA:53,14,0,1
BRDA:53,14,1,1
BRDA:54,15,0,1
BRDA:54,15,1,0
BRDA:54,16,0,1
BRDA:54,16,1,1
BRDA:57,17,0,1
BRDA:57,17,1,0
BRDA:57,18,0,1
BRDA:57,18,1,1
BRDA:72,19,0,1
BRDA:72,19,1,0
BRDA:72,20,0,1
BRDA:72,20,1,1
BRDA:73,21,0,1
BRDA:73,21,1,0
BRDA:73,22,0,1
BRDA:73,22,1,1
BRDA:74,23,0,1
BRDA:74,23,1,0
BRDA:74,24,0,1
BRDA:74,24,1,1
BRDA:75,25,0,1
BRDA:75,25,1,0
BRDA:75,26,0,1
BRDA:75,26,1,1
BRDA:76,27,0,1
BRDA:76,27,1,0
BRDA:76,28,0,1
BRDA:76,28,1,1
BRDA:78,29,0,0
BRDA:78,29,1,1
BRDA:78,30,0,1
BRDA:78,30,1,1
BRDA:81,31,0,1
BRDA:81,31,1,0
BRDA:81,32,0,1
BRDA:81,32,1,1
BRDA:82,33,0,1
BRDA:82,33,1,0
BRDA:82,34,0,1
BRDA:82,34,1,1
BRDA:83,35,0,1
BRDA:83,35,1,0
BRDA:83,36,0,1
BRDA:83,36,1,1
BRDA:85,37,0,1
BRDA:85,37,1,0
BRDA:85,38,0,1
BRDA:85,38,1,1
BRDA:97,39,0,0
BRDA:102,40,0,0
BRDA:102,41,0,0
BRDA:102,41,1,0
BRDA:111,42,0,0
BRDA:116,43,0,0
BRDA:116,44,0,0
BRDA:116,44,1,0
BRDA:125,45,0,0
BRDA:125,45,1,0
BRDA:125,46,0,0
BRDA:125,46,1,0
BRDA:126,47,0,0
BRDA:126,47,1,0
BRDA:126,48,0,0
BRDA:126,48,1,0
BRDA:127,49,0,0
BRDA:127,49,1,0
BRDA:127,50,0,0
BRDA:127,50,1,0
BRDA:128,51,0,0
BRDA:128,51,1,0
BRDA:128,52,0,0
BRDA:128,52,1,0
BRDA:129,53,0,0
BRDA:129,53,1,0
BRDA:129,54,0,0
BRDA:129,54,1,0
BRDA:132,55,0,0
BRDA:132,55,1,0
BRDA:132,56,0,0
BRDA:132,56,1,0
BRDA:147,57,0,0
BRDA:147,57,1,0
BRDA:147,58,0,0
BRDA:147,58,1,0
BRDA:148,59,0,0
BRDA:148,59,1,0
BRDA:148,60,0,0
BRDA:148,60,1,0
BRDA:149,61,0,0
BRDA:149,61,1,0
BRDA:149,62,0,0
BRDA:149,62,1,0
BRDA:150,63,0,0
BRDA:150,63,1,0
BRDA:150,64,0,0
BRDA:150,64,1,0
BRDA:151,65,0,0
BRDA:151,65,1,0
BRDA:151,66,0,0
BRDA:151,66,1,0
BRDA:156,67,0,0
BRDA:156,67,1,0
BRDA:156,68,0,0
BRDA:156,68,1,0
BRDA:157,69,0,0
BRDA:157,69,1,0
BRDA:157,70,0,0
BRDA:157,70,1,0
BRDA:158,71,0,0
BRDA:158,71,1,0
BRDA:158,72,0,0
BRDA:158,72,1,0
BRDA:160,73,0,0
BRDA:160,73,1,0
BRDA:160,74,0,0
BRDA:160,74,1,0
BRDA:176,75,0,0
BRDA:182,76,0,0
BRDA:182,76,1,1
BRDA:182,77,0,1
BRDA:182,77,1,1
BRDA:206,78,0,0
BRDA:206,78,1,1
BRDA:206,79,0,1
BRDA:206,79,1,1
BRDA:266,80,0,1
BRDA:269,81,0,0
BRDA:269,81,1,0
BRF:154
BRH:63
end_of_record
TN:
SF:src/api/mapper/InvoiceMapper.ts
FN:6,(anonymous_0)
FN:38,(anonymous_1)
FNF:2
FNH:0
FNDA:0,(anonymous_0)
FNDA:0,(anonymous_1)
DA:1,2
DA:5,2
DA:11,0
DA:12,0
DA:40,0
LF:5
LH:2
BRF:0
BRH:0
end_of_record
TN:
SF:src/api/mapper/InvoicePaymentMapper.ts
FN:7,(anonymous_0)
FN:29,(anonymous_1)
FN:43,(anonymous_2)
FN:50,(anonymous_3)
FNF:4
FNH:0
FNDA:0,(anonymous_0)
FNDA:0,(anonymous_1)
FNDA:0,(anonymous_2)
FNDA:0,(anonymous_3)
DA:3,1
DA:6,1
DA:13,0
DA:30,0
DA:44,0
DA:50,0
DA:51,0
LF:7
LH:2
BRF:0
BRH:0
end_of_record
TN:
SF:src/api/mapper/LocationMapper.ts
FN:9,(anonymous_0)
FN:13,(anonymous_1)
FN:17,(anonymous_2)
FN:33,(anonymous_3)
FN:37,(anonymous_4)
FN:58,(anonymous_5)
FN:62,(anonymous_6)
FN:65,(anonymous_7)
FN:69,(anonymous_8)
FNF:9
FNH:4
FNDA:0,(anonymous_0)
FNDA:0,(anonymous_1)
FNDA:1,(anonymous_2)
FNDA:0,(anonymous_3)
FNDA:0,(anonymous_4)
FNDA:2,(anonymous_5)
FNDA:0,(anonymous_6)
FNDA:5,(anonymous_7)
FNDA:1,(anonymous_8)
DA:3,5
DA:7,5
DA:10,0
DA:14,0
DA:18,1
DA:34,0
DA:38,0
DA:59,2
DA:60,2
DA:62,0
DA:66,5
DA:67,4
DA:69,1
LF:13
LH:8
BRDA:46,0,0,0
BRDA:46,0,1,0
BRDA:59,1,0,2
BRDA:59,2,0,2
BRDA:59,2,1,2
BRDA:66,3,0,4
BRDA:66,4,0,5
BRDA:66,4,1,3
BRF:8
BRH:6
end_of_record
TN:
SF:src/api/mapper/MaterialMapper.ts
FN:16,(anonymous_1)
FN:27,(anonymous_2)
FN:29,(anonymous_3)
FN:32,(anonymous_4)
FN:83,(anonymous_5)
FN:163,(anonymous_6)
FN:172,(anonymous_7)
FN:173,(anonymous_8)
FN:177,(anonymous_9)
FN:184,(anonymous_10)
FNF:10
FNH:4
FNDA:4,(anonymous_1)
FNDA:0,(anonymous_2)
FNDA:0,(anonymous_3)
FNDA:0,(anonymous_4)
FNDA:14,(anonymous_5)
FNDA:0,(anonymous_6)
FNDA:11,(anonymous_7)
FNDA:13,(anonymous_8)
FNDA:0,(anonymous_9)
FNDA:0,(anonymous_10)
DA:1,7
DA:10,7
DA:11,7
DA:14,7
DA:16,7
DA:17,4
DA:19,4
DA:20,1
DA:23,4
DA:26,7
DA:29,0
DA:33,0
DA:34,0
DA:35,0
DA:37,0
DA:40,0
DA:42,0
DA:43,0
DA:45,0
DA:48,0
DA:51,0
DA:53,0
DA:84,14
DA:86,14
DA:92,14
DA:93,0
DA:100,14
DA:108,14
DA:164,0
DA:173,13
DA:174,11
DA:178,0
DA:184,0
DA:185,0
LF:34
LH:17
BRDA:19,0,0,1
BRDA:33,1,0,0
BRDA:33,1,1,0
BRDA:35,2,0,0
BRDA:35,2,1,0
BRDA:35,3,0,0
BRDA:35,3,1,0
BRDA:40,4,0,0
BRDA:40,4,1,0
BRDA:40,5,0,0
BRDA:40,5,1,0
BRDA:40,6,0,0
BRDA:40,6,1,0
BRDA:40,7,0,0
BRDA:40,7,1,0
BRDA:43,8,0,0
BRDA:43,8,1,0
BRDA:43,9,0,0
BRDA:43,9,1,0
BRDA:48,10,0,0
BRDA:48,10,1,0
BRDA:48,11,0,0
BRDA:48,11,1,0
BRDA:48,12,0,0
BRDA:48,12,1,0
BRDA:48,13,0,0
BRDA:48,13,1,0
BRDA:63,14,0,0
BRDA:63,14,1,0
BRDA:63,15,0,0
BRDA:63,15,1,0
BRDA:64,16,0,0
BRDA:64,16,1,0
BRDA:64,17,0,0
BRDA:64,17,1,0
BRDA:65,18,0,0
BRDA:65,18,1,0
BRDA:65,19,0,0
BRDA:65,19,1,0
BRDA:69,20,0,0
BRDA:69,20,1,0
BRDA:69,21,0,0
BRDA:69,21,1,0
BRDA:92,22,0,0
BRDA:92,22,1,14
BRDA:116,23,0,6
BRDA:116,23,1,8
BRDA:116,24,0,14
BRDA:116,24,1,14
BRDA:131,25,0,8
BRDA:131,25,1,6
BRDA:131,26,0,0
BRDA:131,26,1,14
BRDA:131,27,0,14
BRDA:131,27,1,14
BRDA:138,28,0,6
BRDA:138,28,1,8
BRDA:138,29,0,0
BRDA:138,29,1,14
BRDA:138,30,0,14
BRDA:138,30,1,14
BRDA:145,31,0,8
BRDA:145,31,1,6
BRDA:145,32,0,0
BRDA:145,32,1,14
BRDA:145,33,0,14
BRDA:145,33,1,14
BRDA:148,34,0,0
BRDA:148,34,1,14
BRF:69
BRH:22
end_of_record
TN:
SF:src/api/mapper/MaterialTypeMapper.ts
FN:9,(anonymous_0)
FN:10,(anonymous_1)
FN:13,(anonymous_2)
FN:44,(anonymous_3)
FN:52,(anonymous_4)
FN:57,(anonymous_5)
FN:67,(anonymous_6)
FNF:7
FNH:1
FNDA:0,(anonymous_0)
FNDA:0,(anonymous_1)
FNDA:14,(anonymous_2)
FNDA:0,(anonymous_3)
FNDA:0,(anonymous_4)
FNDA:0,(anonymous_5)
FNDA:0,(anonymous_6)
DA:1,11
DA:3,11
DA:7,11
DA:10,0
DA:15,14
DA:16,14
DA:38,0
DA:45,0
DA:52,0
DA:53,0
DA:54,0
DA:58,0
DA:68,0
LF:13
LH:5
BRDA:15,0,0,14
BRDA:25,1,0,6
BRDA:25,1,1,8
BRDA:25,2,0,14
BRDA:25,2,1,14
BRF:5
BRH:5
end_of_record
TN:
SF:src/api/mapper/OrganizationMapper.ts
FN:15,(anonymous_1)
FN:23,(anonymous_2)
FN:27,(anonymous_3)
FN:39,(anonymous_4)
FN:49,(anonymous_5)
FN:59,(anonymous_6)
FN:63,(anonymous_7)
FNF:7
FNH:0
FNDA:0,(anonymous_1)
FNDA:0,(anonymous_2)
FNDA:0,(anonymous_3)
FNDA:0,(anonymous_4)
FNDA:0,(anonymous_5)
FNDA:0,(anonymous_6)
FNDA:0,(anonymous_7)
DA:4,2
DA:6,2
DA:9,2
DA:10,2
DA:16,0
DA:23,0
DA:24,0
DA:28,0
DA:40,0
DA:50,0
DA:59,0
DA:60,0
DA:61,0
DA:63,0
DA:64,0
LF:15
LH:4
BRDA:45,0,0,0
BRDA:45,0,1,0
BRDA:60,1,0,0
BRDA:60,1,1,0
BRF:4
BRH:0
end_of_record
TN:
SF:src/api/mapper/OutboundTicketMapper.ts
FN:12,(anonymous_0)
FN:37,(anonymous_1)
FN:47,(anonymous_2)
FN:63,(anonymous_3)
FN:71,(anonymous_4)
FN:121,(anonymous_5)
FN:130,(anonymous_6)
FN:137,(anonymous_7)
FNF:8
FNH:0
FNDA:0,(anonymous_0)
FNDA:0,(anonymous_1)
FNDA:0,(anonymous_2)
FNDA:0,(anonymous_3)
FNDA:0,(anonymous_4)
FNDA:0,(anonymous_5)
FNDA:0,(anonymous_6)
FNDA:0,(anonymous_7)
DA:1,2
DA:9,2
DA:11,2
DA:13,0
DA:15,0
DA:16,0
DA:19,0
DA:20,0
DA:21,0
DA:24,0
DA:25,0
DA:26,0
DA:28,0
DA:29,0
DA:32,0
DA:34,0
DA:39,0
DA:41,0
DA:42,0
DA:46,0
DA:47,0
DA:48,0
DA:61,0
DA:62,0
DA:63,0
DA:64,0
DA:69,0
DA:71,0
DA:72,0
DA:85,0
DA:89,0
DA:90,0
DA:91,0
DA:92,0
DA:95,0
DA:96,0
DA:97,0
DA:100,0
DA:122,0
DA:131,0
DA:137,0
DA:138,0
LF:42
LH:3
BRDA:15,0,0,0
BRDA:20,1,0,0
BRDA:28,2,0,0
BRDA:28,3,0,0
BRDA:28,3,1,0
BRDA:28,4,0,0
BRDA:28,4,1,0
BRDA:41,5,0,0
BRDA:46,6,0,0
BRDA:62,7,0,0
BRDA:69,8,0,0
BRDA:90,9,0,0
BRDA:96,10,0,0
BRDA:107,11,0,0
BRDA:107,11,1,0
BRF:15
BRH:0
end_of_record
TN:
SF:src/api/mapper/PackingListMapper.ts
FN:9,(anonymous_1)
FN:33,(anonymous_2)
FN:56,(anonymous_3)
FN:60,(anonymous_4)
FN:67,(anonymous_5)
FN:84,(anonymous_6)
FN:89,(anonymous_7)
FN:98,(anonymous_8)
FN:105,(anonymous_9)
FNF:9
FNH:0
FNDA:0,(anonymous_1)
FNDA:0,(anonymous_2)
FNDA:0,(anonymous_3)
FNDA:0,(anonymous_4)
FNDA:0,(anonymous_5)
FNDA:0,(anonymous_6)
FNDA:0,(anonymous_7)
FNDA:0,(anonymous_8)
FNDA:0,(anonymous_9)
DA:3,3
DA:4,3
DA:6,3
DA:8,3
DA:15,0
DA:17,0
DA:18,0
DA:20,0
DA:23,0
DA:25,0
DA:27,0
DA:30,0
DA:32,0
DA:33,0
DA:34,0
DA:35,0
DA:36,0
DA:38,0
DA:41,0
DA:42,0
DA:44,0
DA:45,0
DA:47,0
DA:49,0
DA:53,0
DA:57,0
DA:59,0
DA:60,0
DA:61,0
DA:66,0
DA:67,0
DA:68,0
DA:77,0
DA:84,0
DA:90,0
DA:99,0
DA:105,0
DA:106,0
LF:38
LH:4
BRDA:17,0,0,0
BRDA:17,0,1,0
BRDA:32,1,0,0
BRDA:35,2,0,0
BRDA:35,2,1,0
BRDA:44,3,0,0
BRDA:44,3,1,0
BRDA:59,4,0,0
BRDA:66,5,0,0
BRF:9
BRH:0
end_of_record
TN:
SF:src/api/mapper/PaymentsMapper.ts
FN:7,(anonymous_0)
FN:35,(anonymous_1)
FN:58,(anonymous_2)
FN:76,(anonymous_3)
FN:78,(anonymous_4)
FNF:5
FNH:1
FNDA:0,(anonymous_0)
FNDA:0,(anonymous_1)
FNDA:0,(anonymous_2)
FNDA:1,(anonymous_3)
FNDA:0,(anonymous_4)
DA:1,1
DA:2,1
DA:6,1
DA:11,0
DA:12,0
DA:37,0
DA:60,0
DA:78,1
LF:8
LH:4
BRDA:16,0,0,0
BRDA:16,0,1,0
BRDA:17,1,0,0
BRDA:17,1,1,0
BRDA:41,2,0,0
BRDA:41,2,1,0
BRDA:42,3,0,0
BRDA:42,3,1,0
BRDA:63,4,0,0
BRDA:63,4,1,0
BRF:10
BRH:0
end_of_record
TN:
SF:src/api/mapper/PriceEntryMapper.ts
FN:19,(anonymous_1)
FN:27,(anonymous_2)
FN:28,(anonymous_3)
FN:29,(anonymous_4)
FN:31,(anonymous_5)
FN:38,(anonymous_6)
FN:43,(anonymous_7)
FN:52,(anonymous_8)
FN:105,(anonymous_9)
FN:133,(anonymous_10)
FN:173,(anonymous_11)
FN:203,(anonymous_12)
FNF:12
FNH:12
FNDA:6,(anonymous_1)
FNDA:18,(anonymous_2)
FNDA:18,(anonymous_3)
FNDA:9,(anonymous_4)
FNDA:13,(anonymous_5)
FNDA:4,(anonymous_6)
FNDA:10,(anonymous_7)
FNDA:35,(anonymous_8)
FNDA:35,(anonymous_9)
FNDA:16,(anonymous_10)
FNDA:11,(anonymous_11)
FNDA:1,(anonymous_12)
DA:1,11
DA:9,11
DA:11,11
DA:12,11
DA:13,11
DA:16,11
DA:17,11
DA:20,6
DA:27,18
DA:28,18
DA:29,9
DA:30,6
DA:31,13
DA:32,9
DA:33,5
DA:35,4
DA:38,6
DA:39,6
DA:40,6
DA:44,10
DA:45,10
DA:46,10
DA:47,10
DA:48,10
DA:49,10
DA:53,35
DA:59,35
DA:65,35
DA:72,35
DA:74,35
DA:76,6
DA:77,6
DA:78,6
DA:79,6
DA:80,6
DA:81,6
DA:82,6
DA:83,6
DA:86,35
DA:106,35
DA:107,0
DA:109,35
DA:110,35
DA:125,35
DA:126,18
DA:128,17
DA:130,35
DA:134,16
DA:135,16
DA:136,16
DA:137,16
DA:138,16
DA:139,0
DA:141,0
DA:144,16
DA:174,11
DA:175,11
DA:176,11
DA:177,8
DA:178,8
DA:179,8
DA:180,8
DA:181,8
DA:182,8
DA:183,8
DA:184,8
DA:185,8
DA:186,8
DA:188,11
DA:189,8
DA:190,8
DA:191,8
DA:192,8
DA:193,8
DA:194,8
DA:195,8
DA:196,8
DA:197,8
DA:198,8
DA:200,11
DA:204,1
DA:205,1
DA:206,3
DA:207,3
DA:209,1
LF:85
LH:82
BRDA:32,0,0,5
BRDA:32,0,1,4
BRDA:59,1,0,6
BRDA:59,1,1,29
BRDA:60,2,0,6
BRDA:60,2,1,0
BRDA:63,3,0,6
BRDA:63,3,1,0
BRDA:65,4,0,6
BRDA:65,4,1,29
BRDA:66,5,0,6
BRDA:66,5,1,0
BRDA:69,6,0,6
BRDA:69,6,1,0
BRDA:72,7,0,6
BRDA:72,7,1,29
BRDA:74,8,0,6
BRDA:74,9,0,35
BRDA:74,9,1,6
BRDA:90,10,0,6
BRDA:90,10,1,29
BRDA:93,11,0,6
BRDA:93,11,1,29
BRDA:95,12,0,29
BRDA:95,12,1,6
BRDA:95,13,0,35
BRDA:95,13,1,35
BRDA:96,14,0,6
BRDA:96,14,1,29
BRDA:106,15,0,0
BRDA:125,16,0,18
BRDA:125,16,1,17
BRDA:138,17,0,0
BRDA:148,18,0,0
BRDA:148,18,1,16
BRDA:176,19,0,8
BRDA:188,20,0,8
BRF:37
BRH:30
end_of_record
TN:
SF:src/api/mapper/PriceSheetMapper.ts
FN:19,(anonymous_1)
FN:20,(anonymous_2)
FN:23,(anonymous_3)
FN:29,(anonymous_4)
FN:37,(anonymous_5)
FN:41,(anonymous_6)
FN:49,(anonymous_7)
FN:53,(anonymous_8)
FN:64,(anonymous_9)
FNF:9
FNH:7
FNDA:0,(anonymous_1)
FNDA:0,(anonymous_2)
FNDA:4,(anonymous_3)
FNDA:1,(anonymous_4)
FNDA:2,(anonymous_5)
FNDA:1,(anonymous_6)
FNDA:2,(anonymous_7)
FNDA:3,(anonymous_8)
FNDA:1,(anonymous_9)
DA:8,10
DA:9,10
DA:11,10
DA:14,10
DA:15,10
DA:17,10
DA:20,0
DA:24,4
DA:30,1
DA:37,2
DA:38,1
DA:42,1
DA:49,2
DA:50,1
DA:54,3
DA:55,3
DA:65,1
DA:66,1
DA:67,3
DA:68,3
DA:70,1
LF:21
LH:20
BRDA:74,0,0,1
BRDA:74,0,1,1
BRF:2
BRH:2
end_of_record
TN:
SF:src/api/mapper/PurchaseOrderDetailsMapper.ts
FN:6,(anonymous_0)
FN:20,(anonymous_1)
FNF:2
FNH:0
FNDA:0,(anonymous_0)
FNDA:0,(anonymous_1)
DA:2,3
DA:5,3
DA:9,0
DA:10,0
DA:22,0
LF:5
LH:2
BRDA:12,0,0,0
BRDA:12,0,1,0
BRDA:13,1,0,0
BRDA:13,1,1,0
BRDA:24,2,0,0
BRDA:24,2,1,0
BRDA:25,3,0,0
BRDA:25,3,1,0
BRF:8
BRH:0
end_of_record
TN:
SF:src/api/mapper/PurchaseOrderMapper.ts
FN:11,(anonymous_0)
FN:39,(anonymous_1)
FN:65,(anonymous_2)
FN:76,(anonymous_3)
FN:85,(anonymous_4)
FN:91,(anonymous_5)
FNF:6
FNH:0
FNDA:0,(anonymous_0)
FNDA:0,(anonymous_1)
FNDA:0,(anonymous_2)
FNDA:0,(anonymous_3)
FNDA:0,(anonymous_4)
FNDA:0,(anonymous_5)
DA:7,3
DA:10,3
DA:16,0
DA:17,0
DA:42,0
DA:68,0
DA:79,0
DA:85,0
DA:86,0
DA:88,0
DA:93,0
LF:11
LH:2
BRDA:33,0,0,0
BRDA:33,0,1,0
BRDA:112,1,0,0
BRDA:112,1,1,0
BRF:4
BRH:0
end_of_record
TN:
SF:src/api/mapper/RegradeMapper.ts
FN:11,(anonymous_1)
FN:19,(anonymous_2)
FN:27,(anonymous_3)
FN:29,(anonymous_4)
FN:52,(anonymous_5)
FN:55,(anonymous_6)
FN:64,(anonymous_7)
FNF:7
FNH:5
FNDA:5,(anonymous_1)
FNDA:3,(anonymous_2)
FNDA:8,(anonymous_3)
FNDA:5,(anonymous_4)
FNDA:0,(anonymous_5)
FNDA:1,(anonymous_6)
FNDA:0,(anonymous_7)
DA:5,2
DA:6,2
DA:9,2
DA:13,5
DA:14,5
DA:19,5
DA:20,3
DA:22,2
DA:24,1
DA:27,8
DA:28,5
DA:29,5
DA:30,5
DA:37,5
DA:38,5
DA:40,5
DA:53,0
DA:56,1
DA:65,0
LF:19
LH:17
BRDA:20,0,0,2
BRDA:43,1,0,0
BRDA:43,1,1,5
BRF:3
BRH:2
end_of_record
TN:
SF:src/api/mapper/SalesOrderDetailsMapper.ts
FN:6,(anonymous_0)
FN:21,(anonymous_1)
FNF:2
FNH:0
FNDA:0,(anonymous_0)
FNDA:0,(anonymous_1)
DA:2,2
DA:5,2
DA:9,0
DA:10,0
DA:23,0
LF:5
LH:2
BRDA:12,0,0,0
BRDA:12,0,1,0
BRDA:13,1,0,0
BRDA:13,1,1,0
BRDA:25,2,0,0
BRDA:25,2,1,0
BRDA:26,3,0,0
BRDA:26,3,1,0
BRF:8
BRH:0
end_of_record
TN:
SF:src/api/mapper/SalesOrderMapper.ts
FN:7,(anonymous_0)
FN:35,(anonymous_1)
FN:64,(anonymous_2)
FN:75,(anonymous_3)
FN:84,(anonymous_4)
FN:90,(anonymous_5)
FNF:6
FNH:0
FNDA:0,(anonymous_0)
FNDA:0,(anonymous_1)
FNDA:0,(anonymous_2)
FNDA:0,(anonymous_3)
FNDA:0,(anonymous_4)
FNDA:0,(anonymous_5)
DA:2,2
DA:6,2
DA:12,0
DA:13,0
DA:38,0
DA:67,0
DA:78,0
DA:84,0
DA:85,0
DA:87,0
DA:92,0
LF:11
LH:2
BRDA:29,0,0,0
BRDA:29,0,1,0
BRDA:108,1,0,0
BRDA:108,1,1,0
BRF:4
BRH:0
end_of_record
TN:
SF:src/api/mapper/VehicleMapper.ts
FN:8,(anonymous_0)
FN:12,(anonymous_1)
FN:16,(anonymous_2)
FN:33,(anonymous_3)
FN:37,(anonymous_4)
FN:59,(anonymous_5)
FN:63,(anonymous_6)
FN:66,(anonymous_7)
FN:70,(anonymous_8)
FN:73,(anonymous_9)
FN:77,(anonymous_10)
FNF:11
FNH:7
FNDA:0,(anonymous_0)
FNDA:0,(anonymous_1)
FNDA:1,(anonymous_2)
FNDA:0,(anonymous_3)
FNDA:1,(anonymous_4)
FNDA:2,(anonymous_5)
FNDA:0,(anonymous_6)
FNDA:1,(anonymous_7)
FNDA:1,(anonymous_8)
FNDA:6,(anonymous_9)
FNDA:1,(anonymous_10)
DA:3,9
DA:6,9
DA:9,0
DA:13,0
DA:17,1
DA:34,0
DA:38,1
DA:60,2
DA:61,2
DA:63,0
DA:67,1
DA:68,0
DA:70,1
DA:74,6
DA:75,5
DA:77,1
LF:16
LH:11
BRDA:48,0,0,1
BRDA:48,0,1,0
BRDA:60,1,0,2
BRDA:60,2,0,2
BRDA:60,2,1,2
BRDA:67,3,0,0
BRDA:67,4,0,1
BRDA:67,4,1,1
BRDA:74,5,0,5
BRDA:74,6,0,6
BRDA:74,6,1,3
BRF:11
BRH:9
end_of_record
TN:
SF:src/api/mapper/YardMapper.ts
FN:6,(anonymous_0)
FN:14,(anonymous_1)
FN:18,(anonymous_2)
FN:19,(anonymous_3)
FN:22,(anonymous_4)
FN:33,(anonymous_5)
FN:51,(anonymous_6)
FNF:7
FNH:1
FNDA:0,(anonymous_0)
FNDA:0,(anonymous_1)
FNDA:0,(anonymous_2)
FNDA:0,(anonymous_3)
FNDA:0,(anonymous_4)
FNDA:3,(anonymous_5)
FNDA:0,(anonymous_6)
DA:5,12
DA:7,0
DA:14,0
DA:15,0
DA:19,0
DA:23,0
DA:34,3
DA:52,0
LF:8
LH:2
BRDA:35,0,0,0
BRDA:35,0,1,3
BRF:2
BRH:1
end_of_record
TN:
SF:src/api/models/dto/common.ts
FN:12,(anonymous_0)
FN:19,(anonymous_1)
FN:24,(anonymous_2)
FN:31,getPaymentTerms
FN:57,(anonymous_4)
FNF:5
FNH:5
FNDA:36,(anonymous_0)
FNDA:36,(anonymous_1)
FNDA:36,(anonymous_2)
FNDA:5,getPaymentTerms
FNDA:36,(anonymous_4)
DA:1,36
DA:12,36
DA:13,36
DA:14,36
DA:15,36
DA:16,36
DA:19,36
DA:20,36
DA:21,36
DA:24,36
DA:25,36
DA:26,36
DA:27,36
DA:28,36
DA:31,36
DA:32,5
DA:34,0
DA:37,0
DA:40,0
DA:43,0
DA:46,0
DA:49,2
DA:52,3
DA:57,36
DA:58,36
DA:59,36
DA:60,36
DA:61,36
DA:62,36
DA:63,36
DA:64,36
DA:65,36
DA:66,36
DA:67,36
DA:68,36
DA:69,36
DA:70,36
DA:71,36
DA:72,36
DA:73,36
DA:74,36
DA:75,36
DA:302,36
DA:326,36
LF:44
LH:39
BRDA:12,0,0,36
BRDA:12,0,1,36
BRDA:19,1,0,36
BRDA:19,1,1,36
BRDA:24,2,0,36
BRDA:24,2,1,36
BRDA:32,3,0,0
BRDA:32,3,1,0
BRDA:32,3,2,0
BRDA:32,3,3,0
BRDA:32,3,4,0
BRDA:32,3,5,2
BRDA:32,3,6,3
BRDA:57,4,0,36
BRDA:57,4,1,36
BRF:15
BRH:10
end_of_record
TN:
SF:src/api/models/dto/index.ts
FNF:0
FNH:0
DA:1,36
DA:2,36
DA:3,36
DA:4,36
DA:5,36
DA:6,36
DA:7,36
DA:8,36
DA:9,36
DA:10,36
DA:11,36
DA:12,36
DA:13,36
DA:14,36
DA:15,36
LF:15
LH:15
BRF:0
BRH:0
end_of_record
TN:
SF:src/api/models/memoryDatabase/mock-db.ts
FN:12,(anonymous_0)
FN:25,(anonymous_1)
FN:32,(anonymous_2)
FN:46,(anonymous_3)
FN:67,(anonymous_4)
FN:83,(anonymous_5)
FN:85,(anonymous_6)
FN:89,(anonymous_7)
FN:99,(anonymous_8)
FN:104,(anonymous_9)
FN:114,(anonymous_10)
FN:137,(anonymous_11)
FN:143,(anonymous_12)
FN:146,(anonymous_13)
FN:153,(anonymous_14)
FN:164,(anonymous_15)
FNF:16
FNH:1
FNDA:4,(anonymous_0)
FNDA:0,(anonymous_1)
FNDA:0,(anonymous_2)
FNDA:0,(anonymous_3)
FNDA:0,(anonymous_4)
FNDA:0,(anonymous_5)
FNDA:0,(anonymous_6)
FNDA:0,(anonymous_7)
FNDA:0,(anonymous_8)
FNDA:0,(anonymous_9)
FNDA:0,(anonymous_10)
FNDA:0,(anonymous_11)
FNDA:0,(anonymous_12)
FNDA:0,(anonymous_13)
FNDA:0,(anonymous_14)
FNDA:0,(anonymous_15)
DA:2,4
DA:3,4
DA:4,4
DA:5,4
DA:7,4
DA:14,4
DA:15,4
DA:16,4
DA:17,4
DA:26,0
DA:27,0
DA:29,0
DA:33,0
DA:35,0
DA:36,0
DA:40,0
DA:42,0
DA:54,0
DA:55,0
DA:57,0
DA:58,0
DA:59,0
DA:60,0
DA:61,0
DA:62,0
DA:67,0
DA:69,0
DA:70,0
DA:71,0
DA:73,0
DA:74,0
DA:84,0
DA:85,0
DA:86,0
DA:90,0
DA:91,0
DA:92,0
DA:93,0
DA:95,0
DA:96,0
DA:100,0
DA:101,0
DA:102,0
DA:104,0
DA:105,0
DA:106,0
DA:107,0
DA:109,0
DA:111,0
DA:115,0
DA:118,0
DA:119,0
DA:120,0
DA:126,0
DA:127,0
DA:129,0
DA:130,0
DA:131,0
DA:132,0
DA:134,0
DA:138,0
DA:139,0
DA:144,0
DA:145,0
DA:146,0
DA:147,0
DA:148,0
DA:150,0
DA:154,0
DA:165,0
DA:169,4
DA:171,4
LF:72
LH:11
BRDA:26,0,0,0
BRDA:48,1,0,0
BRDA:49,2,0,0
BRDA:50,3,0,0
BRDA:51,4,0,0
BRDA:52,5,0,0
BRDA:54,6,0,0
BRDA:58,7,0,0
BRDA:60,8,0,0
BRDA:69,9,0,0
BRDA:69,9,1,0
BRDA:73,10,0,0
BRDA:73,10,1,0
BRDA:73,11,0,0
BRDA:73,11,1,0
BRDA:76,12,0,0
BRDA:76,12,1,0
BRDA:86,13,0,0
BRDA:86,13,1,0
BRDA:92,14,0,0
BRDA:101,15,0,0
BRDA:105,16,0,0
BRDA:126,17,0,0
BRF:23
BRH:0
end_of_record
TN:
SF:src/api/models/runtime/GreensparkEntityNotFoundError.ts
FN:2,(anonymous_0)
FNF:1
FNH:0
FNDA:0,(anonymous_0)
DA:1,20
DA:3,0
DA:6,0
DA:9,0
LF:4
LH:1
BRF:0
BRH:0
end_of_record
TN:
SF:src/api/models/runtime/GreensparkError.ts
FN:2,(anonymous_0)
FNF:1
FNH:1
FNDA:6,(anonymous_0)
DA:1,26
DA:3,6
DA:6,6
DA:9,6
LF:4
LH:4
BRF:0
BRH:0
end_of_record
TN:
SF:src/api/services/businessLogic/account-logic.ts
FN:25,(anonymous_1)
FN:51,(anonymous_2)
FN:54,(anonymous_3)
FN:74,(anonymous_4)
FN:75,(anonymous_5)
FN:84,(anonymous_6)
FN:97,(anonymous_7)
FN:101,(anonymous_8)
FNF:8
FNH:3
FNDA:1,(anonymous_1)
FNDA:0,(anonymous_2)
FNDA:0,(anonymous_3)
FNDA:2,(anonymous_4)
FNDA:0,(anonymous_5)
FNDA:0,(anonymous_6)
FNDA:1,(anonymous_7)
FNDA:0,(anonymous_8)
DA:3,1
DA:4,1
DA:6,1
DA:7,1
DA:8,1
DA:9,1
DA:25,1
DA:27,1
DA:28,1
DA:31,1
DA:33,1
DA:34,1
DA:35,1
DA:38,1
DA:39,1
DA:41,1
DA:43,1
DA:44,1
DA:51,1
DA:52,1
DA:54,1
DA:55,1
DA:57,1
DA:59,1
DA:68,0
DA:70,1
DA:74,1
DA:75,2
DA:76,0
DA:77,0
DA:80,0
DA:84,1
DA:87,0
DA:88,0
DA:94,0
DA:97,1
DA:98,1
DA:101,1
DA:102,0
DA:103,0
DA:105,0
DA:106,0
DA:108,0
LF:43
LH:31
BRDA:27,0,0,1
BRDA:76,1,0,0
BRF:2
BRH:1
end_of_record
TN:
SF:src/api/services/businessLogic/asset-logic.ts
FN:16,_getPresignedUrl
FN:36,_copy
FN:46,_imageExists
FN:62,awaitOrgImage
FN:69,getPresignedUrlForOrgImage
FN:75,saveOrgImage
FN:94,(anonymous_6)
FNF:7
FNH:3
FNDA:2,_getPresignedUrl
FNDA:0,_copy
FNDA:0,_imageExists
FNDA:1,awaitOrgImage
FNDA:2,getPresignedUrlForOrgImage
FNDA:0,saveOrgImage
FNDA:0,(anonymous_6)
DA:1,10
DA:2,10
DA:13,10
DA:17,2
DA:21,2
DA:22,2
DA:24,2
DA:25,2
DA:26,2
DA:28,0
DA:30,2
DA:32,2
DA:33,2
DA:37,0
DA:43,0
DA:46,10
DA:47,0
DA:48,0
DA:53,0
DA:54,0
DA:56,0
DA:62,10
DA:63,1
DA:64,1
DA:65,1
DA:66,1
DA:69,10
DA:70,2
DA:71,2
DA:75,10
DA:76,0
DA:77,0
DA:80,0
DA:81,0
DA:82,0
DA:85,0
DA:94,10
DA:98,0
LF:38
LH:23
BRDA:16,0,0,0
BRDA:36,1,0,0
BRDA:69,2,0,0
BRDA:69,3,0,2
BRDA:70,4,0,1
BRDA:70,4,1,1
BRDA:81,5,0,0
BRF:7
BRH:3
end_of_record
TN:
SF:src/api/services/businessLogic/atm-logic.ts
FN:11,(anonymous_1)
FNF:1
FNH:1
FNDA:1,(anonymous_1)
DA:1,1
DA:3,1
DA:5,1
DA:6,1
DA:8,1
DA:10,1
DA:13,1
DA:14,1
DA:15,1
DA:16,1
DA:27,1
DA:30,0
DA:31,0
DA:32,0
DA:35,0
LF:15
LH:11
BRDA:31,0,0,0
BRDA:31,0,1,0
BRF:2
BRH:0
end_of_record
TN:
SF:src/api/services/businessLogic/benchmark-logic.ts
FN:12,(anonymous_1)
FN:28,(anonymous_2)
FN:44,(anonymous_3)
FN:57,(anonymous_4)
FN:71,(anonymous_5)
FNF:5
FNH:0
FNDA:0,(anonymous_1)
FNDA:0,(anonymous_2)
FNDA:0,(anonymous_3)
FNDA:0,(anonymous_4)
FNDA:0,(anonymous_5)
DA:2,2
DA:4,2
DA:5,2
DA:7,2
DA:9,2
DA:14,0
DA:15,0
DA:24,0
DA:30,0
DA:31,0
DA:41,0
DA:46,0
DA:47,0
DA:54,0
DA:59,0
DA:61,0
DA:62,0
DA:63,0
DA:64,0
DA:65,0
DA:66,0
DA:67,0
DA:68,0
DA:73,0
DA:74,0
DA:76,0
DA:77,0
DA:78,0
DA:79,0
DA:80,0
DA:81,0
DA:82,0
DA:83,0
DA:87,2
LF:34
LH:6
BRDA:59,0,0,0
BRDA:59,0,1,0
BRDA:74,1,0,0
BRF:3
BRH:0
end_of_record
TN:
SF:src/api/services/businessLogic/commodity-logic.ts
FN:11,(anonymous_1)
FN:18,(anonymous_2)
FN:25,(anonymous_3)
FN:38,(anonymous_4)
FN:49,(anonymous_5)
FNF:5
FNH:0
FNDA:0,(anonymous_1)
FNDA:0,(anonymous_2)
FNDA:0,(anonymous_3)
FNDA:0,(anonymous_4)
FNDA:0,(anonymous_5)
DA:1,4
DA:2,4
DA:4,4
DA:6,4
DA:8,4
DA:10,4
DA:13,0
DA:14,0
DA:15,0
DA:20,0
DA:21,0
DA:22,0
DA:27,0
DA:29,0
DA:30,0
DA:31,0
DA:33,0
DA:35,0
DA:40,0
DA:41,0
DA:43,0
DA:44,0
DA:45,0
DA:46,0
DA:51,0
DA:52,0
DA:54,0
DA:55,0
DA:56,0
DA:57,0
DA:61,4
LF:31
LH:7
BRDA:41,0,0,0
BRDA:41,0,1,0
BRDA:52,1,0,0
BRF:3
BRH:0
end_of_record
TN:
SF:src/api/services/businessLogic/customer-logic.ts
FN:21,(anonymous_1)
FN:24,(anonymous_2)
FN:134,(anonymous_3)
FN:140,(anonymous_4)
FN:147,(anonymous_5)
FN:160,(anonymous_6)
FN:182,(anonymous_7)
FN:195,(anonymous_8)
FN:122,(anonymous_9)
FN:124,(anonymous_10)
FN:126,(anonymous_11)
FN:128,(anonymous_12)
FN:129,(anonymous_13)
FNF:13
FNH:0
FNDA:0,(anonymous_1)
FNDA:0,(anonymous_2)
FNDA:0,(anonymous_3)
FNDA:0,(anonymous_4)
FNDA:0,(anonymous_5)
FNDA:0,(anonymous_6)
FNDA:0,(anonymous_7)
FNDA:0,(anonymous_8)
FNDA:0,(anonymous_9)
FNDA:0,(anonymous_10)
FNDA:0,(anonymous_11)
FNDA:0,(anonymous_12)
FNDA:0,(anonymous_13)
DA:1,4
DA:2,4
DA:3,4
DA:4,4
DA:6,4
DA:7,4
DA:8,4
DA:11,4
DA:13,4
DA:15,4
DA:21,4
DA:22,0
DA:24,0
DA:25,0
DA:34,4
DA:36,4
DA:123,0
DA:124,0
DA:125,0
DA:126,0
DA:127,0
DA:128,0
DA:129,0
DA:130,0
DA:136,0
DA:137,0
DA:142,0
DA:143,0
DA:144,0
DA:149,0
DA:150,0
DA:155,0
DA:156,0
DA:157,0
DA:159,0
DA:160,0
DA:161,0
DA:162,0
DA:163,0
DA:168,0
DA:169,0
DA:170,0
DA:174,0
DA:176,0
DA:178,0
DA:179,0
DA:184,0
DA:189,0
DA:190,0
DA:193,0
DA:194,0
DA:195,0
DA:196,0
DA:197,0
DA:198,0
DA:204,0
DA:205,0
DA:207,0
DA:208,0
DA:209,0
DA:211,0
DA:213,0
DA:215,0
DA:216,0
DA:218,0
DA:219,0
DA:220,0
DA:223,0
DA:225,0
DA:227,0
DA:228,0
DA:229,0
DA:235,4
LF:73
LH:14
BRDA:22,0,0,0
BRDA:22,1,0,0
BRDA:22,1,1,0
BRDA:26,2,0,0
BRDA:26,2,1,0
BRDA:28,3,0,0
BRDA:28,3,1,0
BRDA:155,4,0,0
BRDA:155,4,1,0
BRDA:157,5,0,0
BRDA:157,5,1,0
BRDA:159,6,0,0
BRDA:161,7,0,0
BRDA:169,8,0,0
BRDA:169,9,0,0
BRDA:169,9,1,0
BRDA:169,10,0,0
BRDA:169,10,1,0
BRDA:169,11,0,0
BRDA:169,11,1,0
BRDA:190,12,0,0
BRDA:194,13,0,0
BRDA:196,14,0,0
BRDA:228,15,0,0
BRDA:228,16,0,0
BRDA:228,16,1,0
BRDA:123,17,0,0
BRDA:123,18,0,0
BRDA:123,18,1,0
BRDA:126,19,0,0
BRDA:126,19,1,0
BRDA:127,20,0,0
BRDA:129,21,0,0
BRDA:129,21,1,0
BRDA:130,22,0,0
BRF:35
BRH:0
end_of_record
TN:
SF:src/api/services/businessLogic/device-logic.ts
FN:23,fetchAll
FN:27,fetch
FN:31,create
FN:37,update
FN:44,_validateAndSave
FN:58,requestYardImage
FNF:6
FNH:0
FNDA:0,fetchAll
FNDA:0,fetch
FNDA:0,create
FNDA:0,update
FNDA:0,_validateAndSave
FNDA:0,requestYardImage
DA:1,0
DA:2,0
DA:3,0
DA:4,0
DA:9,0
DA:11,0
DA:13,0
DA:23,0
DA:24,0
DA:27,0
DA:28,0
DA:31,0
DA:32,0
DA:33,0
DA:34,0
DA:37,0
DA:38,0
DA:39,0
DA:40,0
DA:41,0
DA:46,0
DA:50,0
DA:51,0
DA:52,0
DA:54,0
DA:55,0
DA:58,0
DA:60,0
DA:67,0
DA:73,0
DA:74,0
DA:80,0
DA:81,0
DA:87,0
DA:88,0
DA:89,0
LF:36
LH:0
BRDA:39,0,0,0
BRDA:58,1,0,0
BRDA:78,2,0,0
BRDA:78,2,1,0
BRF:4
BRH:0
end_of_record
TN:
SF:src/api/services/businessLogic/finished-goods.ts
FN:61,(anonymous_1)
FN:63,(anonymous_2)
FN:67,(anonymous_3)
FN:92,(anonymous_4)
FN:101,(anonymous_5)
FN:107,(anonymous_6)
FN:124,(anonymous_7)
FN:150,(anonymous_8)
FN:177,(anonymous_9)
FN:214,(anonymous_10)
FN:232,(anonymous_11)
FN:269,(anonymous_12)
FN:290,(anonymous_13)
FN:331,(anonymous_14)
FN:364,(anonymous_15)
FN:378,(anonymous_16)
FN:380,(anonymous_17)
FN:384,(anonymous_18)
FN:408,(anonymous_19)
FN:426,(anonymous_20)
FN:432,(anonymous_21)
FN:437,(anonymous_22)
FN:440,(anonymous_23)
FN:442,(anonymous_24)
FNF:24
FNH:0
FNDA:0,(anonymous_1)
FNDA:0,(anonymous_2)
FNDA:0,(anonymous_3)
FNDA:0,(anonymous_4)
FNDA:0,(anonymous_5)
FNDA:0,(anonymous_6)
FNDA:0,(anonymous_7)
FNDA:0,(anonymous_8)
FNDA:0,(anonymous_9)
FNDA:0,(anonymous_10)
FNDA:0,(anonymous_11)
FNDA:0,(anonymous_12)
FNDA:0,(anonymous_13)
FNDA:0,(anonymous_14)
FNDA:0,(anonymous_15)
FNDA:0,(anonymous_16)
FNDA:0,(anonymous_17)
FNDA:0,(anonymous_18)
FNDA:0,(anonymous_19)
FNDA:0,(anonymous_20)
FNDA:0,(anonymous_21)
FNDA:0,(anonymous_22)
FNDA:0,(anonymous_23)
FNDA:0,(anonymous_24)
DA:1,4
DA:3,4
DA:5,4
DA:6,4
DA:19,4
DA:20,4
DA:21,4
DA:23,4
DA:34,4
DA:35,4
DA:63,0
DA:68,0
DA:69,0
DA:72,0
DA:73,0
DA:76,0
DA:77,0
DA:78,0
DA:79,0
DA:80,0
DA:82,0
DA:84,0
DA:85,0
DA:88,0
DA:89,0
DA:97,0
DA:98,0
DA:103,0
DA:104,0
DA:110,0
DA:112,0
DA:114,0
DA:116,0
DA:117,0
DA:120,0
DA:121,0
DA:126,0
DA:128,0
DA:130,0
DA:132,0
DA:134,0
DA:135,0
DA:136,0
DA:137,0
DA:138,0
DA:139,0
DA:141,0
DA:142,0
DA:144,0
DA:146,0
DA:152,0
DA:153,0
DA:156,0
DA:158,0
DA:160,0
DA:162,0
DA:165,0
DA:166,0
DA:169,0
DA:170,0
DA:172,0
DA:173,0
DA:174,0
DA:177,0
DA:178,0
DA:179,0
DA:180,0
DA:183,0
DA:185,0
DA:187,0
DA:189,0
DA:191,0
DA:192,0
DA:193,0
DA:195,0
DA:198,0
DA:200,0
DA:201,0
DA:202,0
DA:205,0
DA:206,0
DA:208,0
DA:210,0
DA:216,0
DA:217,0
DA:220,0
DA:222,0
DA:224,0
DA:225,0
DA:228,0
DA:229,0
DA:230,0
DA:232,0
DA:233,0
DA:234,0
DA:235,0
DA:238,0
DA:240,0
DA:241,0
DA:242,0
DA:243,0
DA:245,0
DA:247,0
DA:248,0
DA:249,0
DA:252,0
DA:253,0
DA:255,0
DA:257,0
DA:274,0
DA:277,0
DA:278,0
DA:294,0
DA:297,0
DA:299,0
DA:303,0
DA:306,0
DA:308,0
DA:309,0
DA:310,0
DA:311,0
DA:314,0
DA:315,0
DA:317,0
DA:320,0
DA:324,0
DA:327,0
DA:329,0
DA:330,0
DA:331,0
DA:332,0
DA:338,0
DA:340,0
DA:341,0
DA:344,0
DA:345,0
DA:348,0
DA:373,0
DA:378,0
DA:380,0
DA:382,0
DA:384,0
DA:386,0
DA:389,0
DA:411,0
DA:413,0
DA:415,0
DA:417,0
DA:418,0
DA:420,0
DA:429,0
DA:433,0
DA:434,0
DA:437,0
DA:441,0
DA:442,0
DA:443,0
DA:446,0
DA:448,0
LF:159
LH:10
BRDA:68,0,0,0
BRDA:72,1,0,0
BRDA:84,2,0,0
BRDA:101,3,0,0
BRDA:116,4,0,0
BRDA:141,5,0,0
BRDA:152,6,0,0
BRDA:160,7,0,0
BRDA:160,8,0,0
BRDA:160,8,1,0
BRDA:165,9,0,0
BRDA:165,10,0,0
BRDA:165,10,1,0
BRDA:191,11,0,0
BRDA:191,12,0,0
BRDA:191,12,1,0
BRDA:192,13,0,0
BRDA:205,14,0,0
BRDA:216,15,0,0
BRDA:224,16,0,0
BRDA:224,17,0,0
BRDA:224,17,1,0
BRDA:252,18,0,0
BRDA:303,19,0,0
BRDA:308,20,0,0
BRDA:308,21,0,0
BRDA:308,21,1,0
BRDA:308,22,0,0
BRDA:308,22,1,0
BRDA:308,23,0,0
BRDA:308,23,1,0
BRDA:308,24,0,0
BRDA:308,24,1,0
BRDA:308,25,0,0
BRDA:308,25,1,0
BRDA:308,26,0,0
BRDA:308,26,1,0
BRDA:340,27,0,0
BRDA:344,28,0,0
BRDA:382,29,0,0
BRDA:433,30,0,0
BRDA:433,31,0,0
BRDA:433,31,1,0
BRF:43
BRH:0
end_of_record
TN:
SF:src/api/services/businessLogic/inventory-logic.ts
FN:25,(anonymous_0)
FN:51,(anonymous_1)
FN:66,(anonymous_2)
FN:67,(anonymous_3)
FN:69,(anonymous_4)
FN:70,(anonymous_5)
FN:90,(anonymous_6)
FN:112,(anonymous_7)
FN:128,(anonymous_8)
FN:142,(anonymous_9)
FN:166,(anonymous_10)
FN:170,(anonymous_11)
FN:175,(anonymous_12)
FN:179,(anonymous_13)
FN:190,(anonymous_14)
FN:223,(anonymous_15)
FN:236,(anonymous_16)
FN:269,(anonymous_17)
FNF:18
FNH:0
FNDA:0,(anonymous_0)
FNDA:0,(anonymous_1)
FNDA:0,(anonymous_2)
FNDA:0,(anonymous_3)
FNDA:0,(anonymous_4)
FNDA:0,(anonymous_5)
FNDA:0,(anonymous_6)
FNDA:0,(anonymous_7)
FNDA:0,(anonymous_8)
FNDA:0,(anonymous_9)
FNDA:0,(anonymous_10)
FNDA:0,(anonymous_11)
FNDA:0,(anonymous_12)
FNDA:0,(anonymous_13)
FNDA:0,(anonymous_14)
FNDA:0,(anonymous_15)
FNDA:0,(anonymous_16)
FNDA:0,(anonymous_17)
DA:10,0
DA:11,0
DA:14,0
DA:24,0
DA:26,0
DA:28,0
DA:35,0
DA:36,0
DA:51,0
DA:52,0
DA:66,0
DA:67,0
DA:68,0
DA:69,0
DA:70,0
DA:72,0
DA:87,0
DA:96,0
DA:99,0
DA:105,0
DA:112,0
DA:114,0
DA:125,0
DA:128,0
DA:129,0
DA:130,0
DA:134,0
DA:135,0
DA:136,0
DA:138,0
DA:142,0
DA:143,0
DA:144,0
DA:148,0
DA:149,0
DA:150,0
DA:152,0
DA:155,0
DA:157,0
DA:159,0
DA:162,0
DA:166,0
DA:167,0
DA:170,0
DA:171,0
DA:175,0
DA:176,0
DA:179,0
DA:180,0
DA:187,0
DA:188,0
DA:190,0
DA:191,0
DA:192,0
DA:193,0
DA:196,0
DA:197,0
DA:198,0
DA:203,0
DA:204,0
DA:206,0
DA:220,0
DA:225,0
DA:229,0
DA:238,0
DA:242,0
DA:243,0
DA:256,0
DA:271,0
DA:277,0
DA:283,0
DA:284,0
DA:285,0
DA:286,0
DA:288,0
LF:75
LH:0
BRDA:35,0,0,0
BRDA:129,1,0,0
BRDA:134,2,0,0
BRDA:143,3,0,0
BRDA:148,4,0,0
BRDA:191,5,0,0
BRDA:196,6,0,0
BRDA:230,7,0,0
BRDA:230,7,1,0
BRDA:230,8,0,0
BRDA:230,8,1,0
BRDA:231,9,0,0
BRDA:231,9,1,0
BRDA:231,10,0,0
BRDA:231,10,1,0
BRDA:232,11,0,0
BRDA:232,11,1,0
BRDA:232,12,0,0
BRDA:232,12,1,0
BRDA:242,13,0,0
BRDA:283,14,0,0
BRF:21
BRH:0
end_of_record
TN:
SF:src/api/services/businessLogic/invoice-logic.ts
FN:16,(anonymous_1)
FN:22,(anonymous_2)
FN:33,(anonymous_3)
FN:68,(anonymous_4)
FN:122,(anonymous_5)
FN:133,(anonymous_6)
FNF:6
FNH:0
FNDA:0,(anonymous_1)
FNDA:0,(anonymous_2)
FNDA:0,(anonymous_3)
FNDA:0,(anonymous_4)
FNDA:0,(anonymous_5)
FNDA:0,(anonymous_6)
DA:2,2
DA:4,2
DA:6,2
DA:7,2
DA:15,2
DA:18,0
DA:19,0
DA:24,0
DA:25,0
DA:34,0
DA:36,0
DA:37,0
DA:41,0
DA:42,0
DA:45,0
DA:46,0
DA:50,0
DA:51,0
DA:52,0
DA:55,0
DA:57,0
DA:58,0
DA:59,0
DA:70,0
DA:71,0
DA:73,0
DA:75,0
DA:79,0
DA:80,0
DA:82,0
DA:85,0
DA:87,0
DA:88,0
DA:92,0
DA:93,0
DA:94,0
DA:99,0
DA:100,0
DA:104,0
DA:105,0
DA:106,0
DA:109,0
DA:111,0
DA:112,0
DA:113,0
DA:123,0
DA:125,0
DA:127,0
DA:128,0
DA:129,0
DA:135,0
DA:143,0
DA:144,0
LF:53
LH:5
BRDA:50,0,0,0
BRDA:70,1,0,0
BRDA:92,2,0,0
BRDA:104,3,0,0
BRF:4
BRH:0
end_of_record
TN:
SF:src/api/services/businessLogic/invoice-payment-logic.ts
FN:15,(anonymous_1)
FN:27,(anonymous_2)
FNF:2
FNH:0
FNDA:0,(anonymous_1)
FNDA:0,(anonymous_2)
DA:1,1
DA:2,1
DA:3,1
DA:4,1
DA:5,1
DA:6,1
DA:18,0
DA:24,0
DA:29,0
DA:31,0
DA:33,0
DA:34,0
DA:36,0
DA:39,0
DA:40,0
DA:41,0
DA:43,0
DA:45,0
DA:46,0
DA:48,0
DA:51,0
DA:55,0
DA:56,0
DA:61,0
DA:62,0
DA:68,1
LF:26
LH:7
BRDA:34,0,0,0
BRDA:46,1,0,0
BRDA:61,2,0,0
BRF:3
BRH:0
end_of_record
TN:
SF:src/api/services/businessLogic/material-logic.ts
FN:31,(anonymous_1)
FN:66,(anonymous_2)
FN:93,(anonymous_3)
FN:124,(anonymous_4)
FN:129,(anonymous_5)
FN:134,(anonymous_6)
FN:143,(anonymous_7)
FN:174,(anonymous_8)
FN:196,(anonymous_9)
FN:198,(anonymous_10)
FN:201,(anonymous_11)
FN:205,(anonymous_12)
FN:215,(anonymous_13)
FN:227,(anonymous_14)
FN:309,(anonymous_15)
FN:336,(anonymous_16)
FN:337,(anonymous_17)
FN:347,(anonymous_18)
FN:348,(anonymous_19)
FN:358,(anonymous_20)
FN:359,(anonymous_21)
FNF:21
FNH:2
FNDA:0,(anonymous_1)
FNDA:0,(anonymous_2)
FNDA:0,(anonymous_3)
FNDA:0,(anonymous_4)
FNDA:0,(anonymous_5)
FNDA:0,(anonymous_6)
FNDA:0,(anonymous_7)
FNDA:0,(anonymous_8)
FNDA:0,(anonymous_9)
FNDA:0,(anonymous_10)
FNDA:2,(anonymous_11)
FNDA:5,(anonymous_12)
FNDA:0,(anonymous_13)
FNDA:0,(anonymous_14)
FNDA:0,(anonymous_15)
FNDA:0,(anonymous_16)
FNDA:0,(anonymous_17)
FNDA:0,(anonymous_18)
FNDA:0,(anonymous_19)
FNDA:0,(anonymous_20)
FNDA:0,(anonymous_21)
DA:1,8
DA:4,8
DA:14,8
DA:15,8
DA:16,8
DA:18,8
DA:29,8
DA:41,0
DA:42,0
DA:44,0
DA:45,0
DA:46,0
DA:48,0
DA:49,0
DA:50,0
DA:51,0
DA:52,0
DA:53,0
DA:54,0
DA:55,0
DA:56,0
DA:57,0
DA:59,0
DA:61,0
DA:63,0
DA:71,0
DA:72,0
DA:74,0
DA:75,0
DA:77,0
DA:78,0
DA:79,0
DA:80,0
DA:81,0
DA:82,0
DA:83,0
DA:84,0
DA:85,0
DA:86,0
DA:88,0
DA:90,0
DA:94,0
DA:95,0
DA:96,0
DA:99,0
DA:105,0
DA:107,0
DA:109,0
DA:114,0
DA:115,0
DA:117,0
DA:119,0
DA:120,0
DA:125,0
DA:134,0
DA:148,0
DA:149,0
DA:152,0
DA:153,0
DA:156,0
DA:158,0
DA:160,0
DA:169,0
DA:170,0
DA:175,0
DA:176,0
DA:177,0
DA:179,0
DA:188,0
DA:192,0
DA:197,0
DA:198,0
DA:202,2
DA:203,0
DA:205,2
DA:207,5
DA:208,1
DA:211,4
DA:216,0
DA:235,0
DA:237,0
DA:239,0
DA:240,0
DA:242,0
DA:243,0
DA:244,0
DA:247,0
DA:248,0
DA:251,0
DA:252,0
DA:255,0
DA:257,0
DA:259,0
DA:261,0
DA:263,0
DA:265,0
DA:268,0
DA:269,0
DA:270,0
DA:272,0
DA:273,0
DA:275,0
DA:276,0
DA:278,0
DA:279,0
DA:281,0
DA:283,0
DA:286,0
DA:288,0
DA:289,0
DA:291,0
DA:294,0
DA:298,0
DA:300,0
DA:312,0
DA:314,0
DA:316,0
DA:333,0
DA:337,0
DA:338,0
DA:339,0
DA:340,0
DA:341,0
DA:343,0
DA:348,0
DA:349,0
DA:350,0
DA:351,0
DA:353,0
DA:359,0
DA:360,0
DA:361,0
DA:364,0
DA:365,0
DA:367,0
LF:135
LH:12
BRDA:95,0,0,0
BRDA:148,1,0,0
BRDA:152,2,0,0
BRDA:202,3,0,0
BRDA:202,4,0,2
BRDA:202,4,1,2
BRDA:207,5,0,1
BRDA:243,6,0,0
BRDA:251,7,0,0
BRDA:257,8,0,0
BRDA:257,8,1,0
BRDA:360,9,0,0
BRF:12
BRH:3
end_of_record
TN:
SF:src/api/services/businessLogic/material-type-logic.ts
FN:17,(anonymous_1)
FN:23,(anonymous_2)
FN:30,(anonymous_3)
FN:39,(anonymous_4)
FN:49,(anonymous_5)
FNF:5
FNH:0
FNDA:0,(anonymous_1)
FNDA:0,(anonymous_2)
FNDA:0,(anonymous_3)
FNDA:0,(anonymous_4)
FNDA:0,(anonymous_5)
DA:3,4
DA:4,4
DA:5,4
DA:12,4
DA:14,4
DA:16,4
DA:19,0
DA:20,0
DA:25,0
DA:26,0
DA:27,0
DA:32,0
DA:34,0
DA:35,0
DA:36,0
DA:40,0
DA:41,0
DA:43,0
DA:45,0
DA:46,0
DA:51,0
DA:52,0
DA:53,0
DA:57,4
LF:24
LH:7
BRDA:32,0,0,0
BRDA:32,0,1,0
BRDA:41,1,0,0
BRF:3
BRH:0
end_of_record
TN:
SF:src/api/services/businessLogic/organization-logic.ts
FN:11,(anonymous_1)
FN:19,(anonymous_2)
FN:25,(anonymous_3)
FN:26,(anonymous_4)
FN:32,(anonymous_5)
FN:41,(anonymous_6)
FN:53,(anonymous_7)
FNF:7
FNH:3
FNDA:0,(anonymous_1)
FNDA:1,(anonymous_2)
FNDA:2,(anonymous_3)
FNDA:2,(anonymous_4)
FNDA:0,(anonymous_5)
FNDA:0,(anonymous_6)
FNDA:0,(anonymous_7)
DA:1,2
DA:2,2
DA:3,2
DA:6,2
DA:8,2
DA:10,2
DA:13,0
DA:16,0
DA:21,1
DA:22,1
DA:23,1
DA:24,1
DA:25,1
DA:26,2
DA:27,1
DA:29,0
DA:34,0
DA:38,0
DA:45,0
DA:46,0
DA:48,0
DA:49,0
DA:50,0
DA:54,0
DA:55,0
DA:57,0
DA:61,0
DA:62,0
DA:67,2
LF:29
LH:14
BRDA:23,0,0,1
BRDA:23,1,0,1
BRDA:23,1,1,1
BRDA:45,2,0,0
BRDA:45,2,1,0
BRDA:46,3,0,0
BRDA:46,3,1,0
BRDA:55,4,0,0
BRF:8
BRH:3
end_of_record
TN:
SF:src/api/services/businessLogic/packing-list-logic.ts
FN:23,(anonymous_1)
FN:28,(anonymous_2)
FN:30,(anonymous_3)
FN:31,(anonymous_4)
FN:38,(anonymous_5)
FN:47,(anonymous_6)
FN:54,(anonymous_7)
FN:59,(anonymous_8)
FN:62,(anonymous_9)
FN:83,(anonymous_10)
FN:94,(anonymous_11)
FN:121,(anonymous_12)
FN:151,(anonymous_13)
FN:183,(anonymous_14)
FN:200,(anonymous_15)
FN:215,(anonymous_16)
FN:217,(anonymous_17)
FN:219,(anonymous_18)
FN:225,(anonymous_19)
FN:234,(anonymous_20)
FNF:20
FNH:0
FNDA:0,(anonymous_1)
FNDA:0,(anonymous_2)
FNDA:0,(anonymous_3)
FNDA:0,(anonymous_4)
FNDA:0,(anonymous_5)
FNDA:0,(anonymous_6)
FNDA:0,(anonymous_7)
FNDA:0,(anonymous_8)
FNDA:0,(anonymous_9)
FNDA:0,(anonymous_10)
FNDA:0,(anonymous_11)
FNDA:0,(anonymous_12)
FNDA:0,(anonymous_13)
FNDA:0,(anonymous_14)
FNDA:0,(anonymous_15)
FNDA:0,(anonymous_16)
FNDA:0,(anonymous_17)
FNDA:0,(anonymous_18)
FNDA:0,(anonymous_19)
FNDA:0,(anonymous_20)
DA:1,3
DA:2,3
DA:3,3
DA:6,3
DA:19,3
DA:20,3
DA:22,3
DA:25,0
DA:29,0
DA:30,0
DA:31,0
DA:32,0
DA:35,0
DA:40,0
DA:41,0
DA:42,0
DA:44,0
DA:48,0
DA:50,0
DA:51,0
DA:59,0
DA:67,0
DA:69,0
DA:70,0
DA:71,0
DA:72,0
DA:73,0
DA:75,0
DA:76,0
DA:78,0
DA:80,0
DA:85,0
DA:86,0
DA:88,0
DA:91,0
DA:94,0
DA:95,0
DA:98,0
DA:100,0
DA:101,0
DA:103,0
DA:105,0
DA:107,0
DA:109,0
DA:110,0
DA:111,0
DA:113,0
DA:116,0
DA:118,0
DA:122,0
DA:123,0
DA:126,0
DA:128,0
DA:130,0
DA:131,0
DA:134,0
DA:136,0
DA:137,0
DA:139,0
DA:140,0
DA:142,0
DA:144,0
DA:146,0
DA:148,0
DA:152,0
DA:153,0
DA:156,0
DA:158,0
DA:160,0
DA:161,0
DA:164,0
DA:165,0
DA:168,0
DA:170,0
DA:172,0
DA:174,0
DA:176,0
DA:177,0
DA:179,0
DA:182,0
DA:183,0
DA:184,0
DA:188,0
DA:191,0
DA:192,0
DA:194,0
DA:196,0
DA:202,0
DA:203,0
DA:207,0
DA:208,0
DA:211,0
DA:216,0
DA:217,0
DA:219,0
DA:220,0
DA:221,0
DA:222,0
DA:225,0
DA:226,0
DA:227,0
DA:236,0
DA:239,0
DA:240,0
DA:242,0
LF:105
LH:7
BRDA:41,0,0,0
BRDA:48,1,0,0
BRDA:48,1,1,0
BRDA:48,2,0,0
BRDA:48,2,1,0
BRDA:75,3,0,0
BRDA:75,3,1,0
BRDA:109,4,0,0
BRDA:109,5,0,0
BRDA:109,5,1,0
BRDA:110,6,0,0
BRDA:122,7,0,0
BRDA:130,8,0,0
BRDA:130,9,0,0
BRDA:130,9,1,0
BRDA:152,10,0,0
BRDA:160,11,0,0
BRDA:160,12,0,0
BRDA:160,12,1,0
BRDA:164,13,0,0
BRDA:182,14,0,0
BRDA:202,15,0,0
BRDA:207,16,0,0
BRDA:207,17,0,0
BRDA:207,17,1,0
BRDA:216,18,0,0
BRDA:226,19,0,0
BRDA:239,20,0,0
BRF:28
BRH:0
end_of_record
TN:
SF:src/api/services/businessLogic/payments-logic.ts
FN:18,(anonymous_1)
FN:24,(anonymous_2)
FN:35,(anonymous_3)
FN:114,(anonymous_4)
FN:146,(anonymous_5)
FN:148,(anonymous_6)
FN:149,(anonymous_7)
FN:156,(anonymous_8)
FN:167,(anonymous_9)
FN:244,(anonymous_10)
FNF:10
FNH:0
FNDA:0,(anonymous_1)
FNDA:0,(anonymous_2)
FNDA:0,(anonymous_3)
FNDA:0,(anonymous_4)
FNDA:0,(anonymous_5)
FNDA:0,(anonymous_6)
FNDA:0,(anonymous_7)
FNDA:0,(anonymous_8)
FNDA:0,(anonymous_9)
FNDA:0,(anonymous_10)
DA:1,0
DA:2,0
DA:3,0
DA:4,0
DA:5,0
DA:6,0
DA:7,0
DA:14,0
DA:15,0
DA:17,0
DA:20,0
DA:21,0
DA:26,0
DA:27,0
DA:36,0
DA:38,0
DA:40,0
DA:41,0
DA:42,0
DA:43,0
DA:47,0
DA:49,0
DA:50,0
DA:51,0
DA:52,0
DA:53,0
DA:56,0
DA:58,0
DA:59,0
DA:64,0
DA:68,0
DA:69,0
DA:71,0
DA:72,0
DA:77,0
DA:79,0
DA:80,0
DA:81,0
DA:82,0
DA:83,0
DA:85,0
DA:94,0
DA:96,0
DA:99,0
DA:100,0
DA:102,0
DA:103,0
DA:104,0
DA:116,0
DA:117,0
DA:126,0
DA:128,0
DA:129,0
DA:132,0
DA:133,0
DA:136,0
DA:138,0
DA:139,0
DA:144,0
DA:146,0
DA:147,0
DA:148,0
DA:149,0
DA:152,0
DA:153,0
DA:156,0
DA:157,0
DA:159,0
DA:163,0
DA:164,0
DA:167,0
DA:168,0
DA:170,0
DA:177,0
DA:180,0
DA:182,0
DA:183,0
DA:188,0
DA:190,0
DA:191,0
DA:192,0
DA:194,0
DA:202,0
DA:208,0
DA:211,0
DA:215,0
DA:217,0
DA:218,0
DA:219,0
DA:220,0
DA:221,0
DA:224,0
DA:226,0
DA:228,0
DA:231,0
DA:232,0
DA:234,0
DA:245,0
DA:247,0
DA:249,0
DA:250,0
DA:251,0
LF:102
LH:0
BRDA:51,0,0,0
BRDA:64,1,0,0
BRDA:64,2,0,0
BRDA:64,2,1,0
BRDA:64,2,2,0
BRDA:64,2,3,0
BRDA:71,3,0,0
BRDA:71,4,0,0
BRDA:71,4,1,0
BRDA:77,5,0,0
BRDA:77,5,1,0
BRDA:77,6,0,0
BRDA:77,6,1,0
BRDA:77,6,2,0
BRDA:77,6,3,0
BRDA:82,7,0,0
BRDA:116,8,0,0
BRDA:132,9,0,0
BRDA:144,10,0,0
BRDA:144,10,1,0
BRDA:152,11,0,0
BRDA:152,12,0,0
BRDA:152,12,1,0
BRDA:163,13,0,0
BRDA:163,14,0,0
BRDA:163,14,1,0
BRDA:177,15,0,0
BRDA:177,15,1,0
BRDA:177,16,0,0
BRDA:177,16,1,0
BRDA:188,17,0,0
BRDA:188,18,0,0
BRDA:188,18,1,0
BRDA:188,18,2,0
BRDA:191,19,0,0
BRDA:208,20,0,0
BRDA:208,21,0,0
BRDA:208,21,1,0
BRDA:219,22,0,0
BRDA:231,23,0,0
BRF:40
BRH:0
end_of_record
TN:
SF:src/api/services/businessLogic/price-entry-logic.ts
FN:30,(anonymous_1)
FN:38,(anonymous_2)
FN:43,(anonymous_3)
FN:44,(anonymous_4)
FN:52,(anonymous_5)
FN:69,(anonymous_6)
FN:84,(anonymous_7)
FN:89,(anonymous_8)
FN:90,(anonymous_9)
FN:103,(anonymous_10)
FN:107,(anonymous_11)
FN:114,(anonymous_12)
FN:129,(anonymous_13)
FN:134,(anonymous_14)
FN:143,(anonymous_15)
FN:167,(anonymous_16)
FNF:16
FNH:15
FNDA:2,(anonymous_1)
FNDA:6,(anonymous_2)
FNDA:3,(anonymous_3)
FNDA:6,(anonymous_4)
FNDA:1,(anonymous_5)
FNDA:1,(anonymous_6)
FNDA:1,(anonymous_7)
FNDA:2,(anonymous_8)
FNDA:1,(anonymous_9)
FNDA:0,(anonymous_10)
FNDA:2,(anonymous_11)
FNDA:3,(anonymous_12)
FNDA:2,(anonymous_13)
FNDA:2,(anonymous_14)
FNDA:3,(anonymous_15)
FNDA:2,(anonymous_16)
DA:1,3
DA:2,3
DA:4,3
DA:6,3
DA:9,3
DA:10,3
DA:12,3
DA:14,3
DA:16,3
DA:17,3
DA:31,2
DA:35,2
DA:39,6
DA:40,6
DA:41,0
DA:42,6
DA:43,3
DA:44,6
DA:45,3
DA:46,3
DA:47,1
DA:49,2
DA:53,1
DA:54,0
DA:57,0
DA:60,1
DA:61,1
DA:63,1
DA:64,1
DA:65,0
DA:66,0
DA:69,1
DA:70,1
DA:77,1
DA:78,1
DA:81,1
DA:85,1
DA:86,1
DA:88,1
DA:89,2
DA:90,1
DA:91,1
DA:97,1
DA:98,1
DA:100,1
DA:104,0
DA:108,2
DA:109,2
DA:110,2
DA:126,3
DA:127,2
DA:129,2
DA:134,3
DA:137,2
DA:140,2
DA:143,3
DA:145,2
DA:146,2
DA:149,2
DA:152,2
DA:153,1
DA:155,1
DA:156,1
DA:167,2
LF:64
LH:58
BRDA:33,0,0,2
BRDA:33,0,1,0
BRDA:33,1,0,2
BRDA:33,1,1,2
BRDA:33,2,0,0
BRDA:33,2,1,2
BRDA:33,3,0,2
BRDA:33,3,1,2
BRDA:40,4,0,0
BRDA:40,4,1,6
BRDA:42,5,0,3
BRDA:42,5,1,3
BRDA:46,6,0,1
BRDA:53,7,0,0
BRDA:61,8,0,0
BRDA:64,9,0,0
BRDA:86,10,0,0
BRDA:108,11,0,0
BRDA:108,11,1,2
BRDA:109,12,0,0
BRDA:109,12,1,2
BRDA:116,13,0,2
BRDA:126,14,0,2
BRDA:137,15,0,0
BRDA:137,15,1,2
BRDA:143,16,0,0
BRDA:143,16,1,2
BRDA:143,17,0,2
BRDA:143,17,1,2
BRDA:145,18,0,2
BRDA:146,19,0,0
BRDA:146,19,1,2
BRDA:152,20,0,1
BRDA:161,21,0,1
BRDA:161,21,1,0
BRDA:162,22,0,1
BRDA:162,22,1,0
BRF:37
BRH:23
end_of_record
TN:
SF:src/api/services/businessLogic/price-sheet-logic.ts
FN:11,(anonymous_1)
FN:17,(anonymous_2)
FN:22,(anonymous_3)
FN:30,(anonymous_4)
FN:40,(anonymous_5)
FN:55,(anonymous_6)
FNF:6
FNH:2
FNDA:1,(anonymous_1)
FNDA:2,(anonymous_2)
FNDA:0,(anonymous_3)
FNDA:0,(anonymous_4)
FNDA:0,(anonymous_5)
FNDA:0,(anonymous_6)
DA:1,4
DA:4,4
DA:6,4
DA:8,4
DA:10,4
DA:13,1
DA:14,1
DA:18,2
DA:19,2
DA:23,0
DA:24,0
DA:25,0
DA:27,0
DA:32,0
DA:33,0
DA:36,0
DA:37,0
DA:41,0
DA:42,0
DA:44,0
DA:45,0
DA:46,0
DA:48,0
DA:49,0
DA:50,0
DA:51,0
DA:52,0
DA:58,0
DA:59,0
DA:61,0
DA:62,0
DA:66,4
LF:32
LH:10
BRDA:24,0,0,0
BRDA:32,1,0,0
BRDA:32,1,1,0
BRDA:42,2,0,0
BRF:4
BRH:0
end_of_record
TN:
SF:src/api/services/businessLogic/purchase-order-logic.ts
FN:29,(anonymous_1)
FN:31,(anonymous_2)
FN:46,(anonymous_3)
FN:68,(anonymous_4)
FN:100,(anonymous_5)
FN:136,(anonymous_6)
FN:150,(anonymous_7)
FN:178,(anonymous_8)
FN:194,(anonymous_9)
FN:201,(anonymous_10)
FNF:10
FNH:1
FNDA:0,(anonymous_1)
FNDA:0,(anonymous_2)
FNDA:0,(anonymous_3)
FNDA:0,(anonymous_4)
FNDA:0,(anonymous_5)
FNDA:0,(anonymous_6)
FNDA:0,(anonymous_7)
FNDA:0,(anonymous_8)
FNDA:0,(anonymous_9)
FNDA:3,(anonymous_10)
DA:8,3
DA:9,3
DA:11,3
DA:12,3
DA:13,3
DA:26,3
DA:28,3
DA:30,0
DA:31,0
DA:32,0
DA:33,0
DA:34,0
DA:35,0
DA:36,0
DA:40,0
DA:43,0
DA:48,0
DA:49,0
DA:50,0
DA:51,0
DA:52,0
DA:53,0
DA:57,0
DA:59,0
DA:69,0
DA:71,0
DA:72,0
DA:74,0
DA:75,0
DA:77,0
DA:78,0
DA:79,0
DA:80,0
DA:81,0
DA:82,0
DA:85,0
DA:86,0
DA:87,0
DA:89,0
DA:90,0
DA:91,0
DA:102,0
DA:103,0
DA:105,0
DA:107,0
DA:108,0
DA:110,0
DA:111,0
DA:113,0
DA:114,0
DA:115,0
DA:116,0
DA:117,0
DA:118,0
DA:121,0
DA:122,0
DA:123,0
DA:125,0
DA:126,0
DA:127,0
DA:137,0
DA:138,0
DA:140,0
DA:141,0
DA:142,0
DA:150,3
DA:152,0
DA:153,0
DA:157,0
DA:158,0
DA:160,0
DA:161,0
DA:162,0
DA:166,0
DA:167,0
DA:171,0
DA:172,0
DA:174,0
DA:177,0
DA:178,0
DA:179,0
DA:185,0
DA:186,0
DA:188,0
DA:189,0
DA:190,0
DA:193,0
DA:194,0
DA:196,0
DA:197,0
DA:201,3
DA:203,3
DA:205,3
DA:206,0
DA:208,3
DA:209,0
DA:212,3
DA:214,3
DA:215,0
DA:219,3
LF:100
LH:15
BRDA:32,0,0,0
BRDA:32,1,0,0
BRDA:32,1,1,0
BRDA:49,2,0,0
BRDA:49,2,1,0
BRDA:49,3,0,0
BRDA:49,3,1,0
BRDA:74,4,0,0
BRDA:74,5,0,0
BRDA:74,5,1,0
BRDA:74,6,0,0
BRDA:74,6,1,0
BRDA:102,7,0,0
BRDA:110,8,0,0
BRDA:110,9,0,0
BRDA:110,9,1,0
BRDA:110,10,0,0
BRDA:110,10,1,0
BRDA:161,11,0,0
BRDA:174,12,0,0
BRDA:189,13,0,0
BRDA:205,14,0,0
BRDA:208,15,0,0
BRDA:214,16,0,0
BRF:24
BRH:0
end_of_record
TN:
SF:src/api/services/businessLogic/regrades-logic.ts
FN:43,(anonymous_1)
FN:50,(anonymous_2)
FN:66,(anonymous_3)
FN:160,(anonymous_4)
FN:171,(anonymous_5)
FN:175,(anonymous_6)
FN:186,(anonymous_7)
FN:187,(anonymous_8)
FN:196,(anonymous_9)
FN:275,(anonymous_10)
FN:280,(anonymous_11)
FN:282,(anonymous_12)
FNF:12
FNH:2
FNDA:0,(anonymous_1)
FNDA:0,(anonymous_2)
FNDA:0,(anonymous_3)
FNDA:0,(anonymous_4)
FNDA:0,(anonymous_5)
FNDA:0,(anonymous_6)
FNDA:1,(anonymous_7)
FNDA:3,(anonymous_8)
FNDA:0,(anonymous_9)
FNDA:0,(anonymous_10)
FNDA:0,(anonymous_11)
FNDA:0,(anonymous_12)
DA:1,1
DA:3,1
DA:5,1
DA:6,1
DA:7,1
DA:9,1
DA:11,1
DA:26,1
DA:31,1
DA:33,1
DA:34,1
DA:45,0
DA:46,0
DA:52,0
DA:53,0
DA:68,0
DA:69,0
DA:70,0
DA:72,0
DA:74,0
DA:76,0
DA:79,0
DA:81,0
DA:83,0
DA:85,0
DA:87,0
DA:89,0
DA:91,0
DA:93,0
DA:94,0
DA:100,0
DA:102,0
DA:104,0
DA:106,0
DA:108,0
DA:109,0
DA:110,0
DA:113,0
DA:122,0
DA:125,0
DA:126,0
DA:127,0
DA:128,0
DA:129,0
DA:130,0
DA:131,0
DA:132,0
DA:136,0
DA:138,0
DA:139,0
DA:140,0
DA:141,0
DA:142,0
DA:145,0
DA:146,0
DA:148,0
DA:150,0
DA:153,0
DA:154,0
DA:162,0
DA:163,0
DA:165,0
DA:166,0
DA:175,0
DA:176,0
DA:178,0
DA:179,0
DA:180,0
DA:181,0
DA:187,3
DA:197,0
DA:199,0
DA:200,0
DA:202,0
DA:204,0
DA:205,0
DA:206,0
DA:209,0
DA:211,0
DA:215,0
DA:219,0
DA:227,0
DA:231,0
DA:233,0
DA:235,0
DA:240,0
DA:242,0
DA:245,0
DA:247,0
DA:248,0
DA:249,0
DA:250,0
DA:251,0
DA:252,0
DA:253,0
DA:254,0
DA:255,0
DA:257,0
DA:260,0
DA:261,0
DA:263,0
DA:265,0
DA:266,0
DA:269,0
DA:276,0
DA:282,0
DA:283,0
DA:285,0
DA:288,0
LF:109
LH:12
BRDA:69,0,0,0
BRDA:89,1,0,0
BRDA:104,2,0,0
BRDA:109,3,0,0
BRDA:145,4,0,0
BRDA:162,5,0,0
BRDA:178,6,0,0
BRDA:205,7,0,0
BRDA:215,8,0,0
BRDA:215,8,1,0
BRDA:265,9,0,0
BRF:11
BRH:0
end_of_record
TN:
SF:src/api/services/businessLogic/sales-order-logic.ts
FN:25,(anonymous_1)
FN:28,(anonymous_2)
FN:43,(anonymous_3)
FN:65,(anonymous_4)
FN:98,(anonymous_5)
FN:131,(anonymous_6)
FN:146,(anonymous_7)
FN:155,(anonymous_8)
FNF:8
FNH:0
FNDA:0,(anonymous_1)
FNDA:0,(anonymous_2)
FNDA:0,(anonymous_3)
FNDA:0,(anonymous_4)
FNDA:0,(anonymous_5)
FNDA:0,(anonymous_6)
FNDA:0,(anonymous_7)
FNDA:0,(anonymous_8)
DA:7,2
DA:8,2
DA:10,2
DA:11,2
DA:12,2
DA:13,2
DA:22,2
DA:24,2
DA:27,0
DA:28,0
DA:29,0
DA:30,0
DA:31,0
DA:32,0
DA:33,0
DA:37,0
DA:40,0
DA:45,0
DA:46,0
DA:47,0
DA:48,0
DA:49,0
DA:50,0
DA:54,0
DA:56,0
DA:66,0
DA:68,0
DA:69,0
DA:74,0
DA:75,0
DA:77,0
DA:78,0
DA:79,0
DA:80,0
DA:82,0
DA:83,0
DA:84,0
DA:86,0
DA:87,0
DA:88,0
DA:100,0
DA:101,0
DA:103,0
DA:105,0
DA:106,0
DA:109,0
DA:110,0
DA:112,0
DA:113,0
DA:114,0
DA:115,0
DA:116,0
DA:117,0
DA:118,0
DA:120,0
DA:121,0
DA:122,0
DA:132,0
DA:134,0
DA:136,0
DA:137,0
DA:138,0
DA:146,2
DA:149,0
DA:150,0
DA:151,0
DA:155,2
DA:157,0
DA:159,0
DA:160,0
DA:162,0
DA:163,0
DA:166,0
DA:168,0
DA:169,0
DA:173,2
LF:76
LH:11
BRDA:29,0,0,0
BRDA:29,1,0,0
BRDA:29,1,1,0
BRDA:46,2,0,0
BRDA:46,2,1,0
BRDA:46,3,0,0
BRDA:46,3,1,0
BRDA:74,4,0,0
BRDA:74,5,0,0
BRDA:74,5,1,0
BRDA:74,6,0,0
BRDA:74,6,1,0
BRDA:100,7,0,0
BRDA:109,8,0,0
BRDA:109,9,0,0
BRDA:109,9,1,0
BRDA:109,10,0,0
BRDA:109,10,1,0
BRDA:159,11,0,0
BRDA:162,12,0,0
BRDA:168,13,0,0
BRF:21
BRH:0
end_of_record
TN:
SF:src/api/services/businessLogic/validate.ts
FN:10,(anonymous_0)
FN:27,(anonymous_1)
FN:37,(anonymous_2)
FN:39,(anonymous_3)
FN:44,(anonymous_4)
FN:57,(anonymous_5)
FN:80,(anonymous_6)
FN:91,(anonymous_7)
FN:104,(anonymous_8)
FN:108,(anonymous_9)
FN:112,(anonymous_10)
FN:121,(anonymous_11)
FN:125,(anonymous_12)
FN:129,(anonymous_13)
FN:133,(anonymous_14)
FN:137,(anonymous_15)
FN:144,(anonymous_16)
FN:156,(anonymous_17)
FN:167,(anonymous_18)
FN:181,(anonymous_19)
FN:199,(anonymous_20)
FN:206,(anonymous_21)
FN:224,(anonymous_22)
FN:238,(anonymous_23)
FN:250,(anonymous_24)
FN:257,(anonymous_25)
FN:274,(anonymous_26)
FN:280,isValidResource
FN:289,(anonymous_28)
FNF:29
FNH:17
FNDA:7,(anonymous_0)
FNDA:7,(anonymous_1)
FNDA:4,(anonymous_2)
FNDA:4,(anonymous_3)
FNDA:0,(anonymous_4)
FNDA:3,(anonymous_5)
FNDA:3,(anonymous_6)
FNDA:2,(anonymous_7)
FNDA:2,(anonymous_8)
FNDA:2,(anonymous_9)
FNDA:2,(anonymous_10)
FNDA:2,(anonymous_11)
FNDA:2,(anonymous_12)
FNDA:2,(anonymous_13)
FNDA:2,(anonymous_14)
FNDA:2,(anonymous_15)
FNDA:0,(anonymous_16)
FNDA:0,(anonymous_17)
FNDA:0,(anonymous_18)
FNDA:0,(anonymous_19)
FNDA:0,(anonymous_20)
FNDA:0,(anonymous_21)
FNDA:0,(anonymous_22)
FNDA:0,(anonymous_23)
FNDA:0,(anonymous_24)
FNDA:0,(anonymous_25)
FNDA:0,(anonymous_26)
FNDA:45,isValidResource
FNDA:7,(anonymous_28)
DA:1,12
DA:2,12
DA:3,12
DA:4,12
DA:5,12
DA:6,12
DA:8,12
DA:10,12
DA:11,7
DA:12,7
DA:13,7
DA:19,0
DA:22,7
DA:24,0
DA:27,12
DA:28,7
DA:29,6
DA:31,1
DA:32,1
DA:34,0
DA:37,12
DA:39,12
DA:40,4
DA:44,12
DA:46,0
DA:47,0
DA:49,0
DA:51,0
DA:55,12
DA:58,3
DA:59,3
DA:62,0
DA:63,0
DA:66,0
DA:67,0
DA:70,0
DA:71,0
DA:74,0
DA:80,3
DA:88,12
DA:92,2
DA:93,2
DA:96,0
DA:97,0
DA:99,0
DA:104,2
DA:108,2
DA:112,2
DA:119,12
DA:121,2
DA:125,2
DA:129,2
DA:133,2
DA:137,2
DA:142,12
DA:145,0
DA:157,0
DA:158,0
DA:159,0
DA:162,0
DA:168,0
DA:169,0
DA:173,0
DA:176,0
DA:182,0
DA:183,0
DA:188,0
DA:191,0
DA:197,12
DA:200,0
DA:207,0
DA:208,0
DA:213,0
DA:216,0
DA:222,12
DA:225,0
DA:226,0
DA:227,0
DA:230,0
DA:236,12
DA:239,0
DA:248,12
DA:251,0
DA:258,0
DA:264,0
DA:266,0
DA:275,0
DA:280,12
DA:281,45
DA:289,12
DA:290,7
DA:291,24
DA:292,0
DA:295,7
LF:94
LH:48
BRDA:11,0,0,7
BRDA:11,1,0,7
BRDA:11,1,1,7
BRDA:13,2,0,0
BRDA:14,3,0,7
BRDA:14,3,1,7
BRDA:14,3,2,7
BRDA:14,3,3,7
BRDA:28,4,0,6
BRDA:28,4,1,1
BRDA:31,5,0,1
BRDA:31,6,0,1
BRDA:31,6,1,1
BRDA:37,7,0,4
BRDA:37,7,1,4
BRDA:40,8,0,4
BRDA:40,8,1,4
BRDA:40,8,2,4
BRDA:47,9,0,0
BRDA:47,10,0,0
BRDA:47,10,1,0
BRDA:47,10,2,0
BRDA:58,11,0,3
BRDA:62,12,0,0
BRDA:62,13,0,0
BRDA:62,13,1,0
BRDA:66,14,0,0
BRDA:70,15,0,0
BRDA:92,16,0,2
BRDA:96,17,0,0
BRDA:96,18,0,0
BRDA:96,18,1,0
BRDA:145,19,0,0
BRDA:145,19,1,0
BRDA:158,20,0,0
BRDA:169,21,0,0
BRDA:183,22,0,0
BRDA:184,23,0,0
BRDA:184,23,1,0
BRDA:184,23,2,0
BRDA:200,24,0,0
BRDA:200,24,1,0
BRDA:200,24,2,0
BRDA:208,25,0,0
BRDA:209,26,0,0
BRDA:209,26,1,0
BRDA:209,26,2,0
BRDA:226,27,0,0
BRDA:239,28,0,0
BRDA:239,28,1,0
BRDA:239,28,2,0
BRDA:239,28,3,0
BRDA:239,28,4,0
BRDA:251,29,0,0
BRDA:251,29,1,0
BRDA:251,29,2,0
BRDA:258,30,0,0
BRDA:259,31,0,0
BRDA:259,31,1,0
BRDA:259,31,2,0
BRDA:259,31,3,0
BRDA:267,32,0,0
BRDA:267,32,1,0
BRDA:275,33,0,0
BRDA:275,33,1,0
BRDA:280,34,0,0
BRDA:282,35,0,45
BRDA:282,35,1,45
BRDA:282,35,2,45
BRDA:291,36,0,0
BRF:70
BRH:22
end_of_record
TN:
SF:src/api/services/businessLogic/yard-logic.ts
FN:12,(anonymous_1)
FN:19,(anonymous_2)
FN:32,(anonymous_3)
FN:46,(anonymous_4)
FN:60,(anonymous_5)
FN:69,(anonymous_6)
FNF:6
FNH:0
FNDA:0,(anonymous_1)
FNDA:0,(anonymous_2)
FNDA:0,(anonymous_3)
FNDA:0,(anonymous_4)
FNDA:0,(anonymous_5)
FNDA:0,(anonymous_6)
DA:1,0
DA:2,0
DA:3,0
DA:6,0
DA:8,0
DA:10,0
DA:14,0
DA:15,0
DA:16,0
DA:21,0
DA:22,0
DA:28,0
DA:29,0
DA:34,0
DA:36,0
DA:37,0
DA:41,0
DA:42,0
DA:43,0
DA:48,0
DA:49,0
DA:51,0
DA:52,0
DA:55,0
DA:56,0
DA:57,0
DA:61,0
DA:63,0
DA:70,0
DA:71,0
DA:75,0
LF:31
LH:0
BRDA:34,0,0,0
BRDA:34,0,1,0
BRDA:49,1,0,0
BRF:3
BRH:0
end_of_record
TN:
SF:src/api/services/businessLogic/inbound-ticket/inbound-ticket-events.ts
FN:13,(anonymous_0)
FNF:1
FNH:0
FNDA:0,(anonymous_0)
DA:1,3
DA:9,3
DA:11,3
DA:13,3
DA:15,0
DA:17,0
DA:28,0
DA:29,0
DA:31,0
DA:35,0
DA:36,0
LF:11
LH:4
BRF:0
BRH:0
end_of_record
TN:
SF:src/api/services/businessLogic/inbound-ticket/inbound-ticket-helper.ts
FN:8,(anonymous_1)
FN:42,(anonymous_2)
FN:44,(anonymous_3)
FN:49,(anonymous_4)
FN:67,(anonymous_5)
FN:75,(anonymous_6)
FN:92,(anonymous_7)
FN:106,(anonymous_8)
FNF:8
FNH:7
FNDA:9,(anonymous_1)
FNDA:2,(anonymous_2)
FNDA:2,(anonymous_3)
FNDA:5,(anonymous_4)
FNDA:2,(anonymous_5)
FNDA:5,(anonymous_6)
FNDA:0,(anonymous_7)
FNDA:3,(anonymous_8)
DA:2,4
DA:4,4
DA:5,4
DA:6,4
DA:8,4
DA:9,9
DA:11,9
DA:13,9
DA:14,9
DA:16,9
DA:17,9
DA:18,9
DA:20,9
DA:21,9
DA:22,9
DA:24,9
DA:25,9
DA:26,9
DA:27,9
DA:28,9
DA:29,9
DA:30,9
DA:31,9
DA:32,9
DA:34,9
DA:35,1
DA:36,1
DA:39,9
DA:42,4
DA:44,2
DA:45,2
DA:49,4
DA:52,5
DA:54,5
DA:55,1
DA:58,4
DA:60,4
DA:62,4
DA:63,4
DA:67,4
DA:70,2
DA:72,2
DA:73,3
DA:75,5
DA:77,3
DA:79,1
DA:82,2
DA:83,2
DA:84,2
DA:88,2
DA:92,4
DA:94,0
DA:95,0
DA:97,0
DA:100,0
DA:101,0
DA:106,4
DA:110,3
DA:111,3
DA:113,3
DA:114,3
DA:117,3
DA:118,0
DA:123,3
DA:125,1
DA:126,1
DA:127,1
DA:133,2
DA:135,1
DA:136,1
DA:137,1
DA:142,1
DA:144,1
DA:145,1
LF:74
LH:68
BRDA:34,0,0,1
BRDA:54,1,0,1
BRDA:77,2,0,1
BRDA:77,2,1,2
BRDA:83,3,0,2
BRDA:95,4,0,0
BRDA:95,4,1,0
BRDA:97,5,0,0
BRDA:111,6,0,3
BRDA:111,6,1,1
BRDA:114,7,0,3
BRDA:114,7,1,1
BRDA:117,8,0,0
BRDA:123,9,0,1
BRDA:123,10,0,3
BRDA:123,10,1,2
BRDA:133,11,0,1
BRDA:133,12,0,2
BRDA:133,12,1,1
BRDA:142,13,0,1
BRDA:142,14,0,1
BRDA:142,14,1,1
BRF:22
BRH:18
end_of_record
TN:
SF:src/api/services/businessLogic/inbound-ticket/inbound-ticket-logic.ts
FN:43,validateTicket
FN:67,removeFailedImages
FN:70,(anonymous_3)
FN:78,(anonymous_4)
FN:85,(anonymous_5)
FN:89,(anonymous_6)
FN:92,(anonymous_7)
FN:100,(anonymous_8)
FN:110,(anonymous_9)
FN:118,(anonymous_10)
FN:141,(anonymous_11)
FN:216,(anonymous_12)
FN:217,(anonymous_13)
FN:218,(anonymous_14)
FN:219,(anonymous_15)
FN:237,(anonymous_16)
FN:270,(anonymous_17)
FN:270,(anonymous_18)
FN:272,(anonymous_19)
FN:292,(anonymous_20)
FN:293,(anonymous_21)
FN:294,(anonymous_22)
FN:295,(anonymous_23)
FN:313,(anonymous_24)
FN:375,(anonymous_25)
FN:408,(anonymous_26)
FN:442,(anonymous_27)
FNF:27
FNH:18
FNDA:7,validateTicket
FNDA:13,removeFailedImages
FNDA:1,(anonymous_3)
FNDA:1,(anonymous_4)
FNDA:10,(anonymous_5)
FNDA:2,(anonymous_6)
FNDA:1,(anonymous_7)
FNDA:1,(anonymous_8)
FNDA:1,(anonymous_9)
FNDA:1,(anonymous_10)
FNDA:4,(anonymous_11)
FNDA:4,(anonymous_12)
FNDA:4,(anonymous_13)
FNDA:16,(anonymous_14)
FNDA:0,(anonymous_15)
FNDA:3,(anonymous_16)
FNDA:0,(anonymous_17)
FNDA:0,(anonymous_18)
FNDA:0,(anonymous_19)
FNDA:3,(anonymous_20)
FNDA:3,(anonymous_21)
FNDA:12,(anonymous_22)
FNDA:0,(anonymous_23)
FNDA:0,(anonymous_24)
FNDA:0,(anonymous_25)
FNDA:0,(anonymous_26)
FNDA:0,(anonymous_27)
DA:3,3
DA:4,3
DA:21,3
DA:22,3
DA:24,3
DA:25,3
DA:26,3
DA:27,3
DA:34,3
DA:35,3
DA:36,3
DA:40,3
DA:45,7
DA:47,3
DA:48,3
DA:50,2
DA:51,2
DA:54,2
DA:55,2
DA:57,0
DA:60,7
DA:61,0
DA:67,3
DA:68,13
DA:69,2
DA:71,1
DA:72,1
DA:73,1
DA:76,13
DA:77,2
DA:79,1
DA:80,1
DA:81,1
DA:84,13
DA:85,10
DA:87,13
DA:89,10
DA:90,2
DA:91,2
DA:93,1
DA:94,1
DA:95,1
DA:98,2
DA:99,2
DA:101,1
DA:102,1
DA:103,1
DA:109,3
DA:113,1
DA:115,1
DA:120,1
DA:122,1
DA:123,0
DA:126,1
DA:142,4
DA:143,0
DA:149,4
DA:158,4
DA:161,4
DA:162,1
DA:175,1
DA:176,1
DA:177,1
DA:181,4
DA:183,4
DA:185,4
DA:187,4
DA:188,4
DA:190,4
DA:192,4
DA:195,4
DA:199,0
DA:202,4
DA:205,0
DA:206,0
DA:208,0
DA:210,4
DA:213,4
DA:216,4
DA:217,4
DA:218,16
DA:219,4
DA:221,4
DA:222,4
DA:223,4
DA:240,3
DA:241,0
DA:244,3
DA:245,0
DA:252,3
DA:254,3
DA:255,3
DA:256,0
DA:260,3
DA:262,3
DA:264,3
DA:265,3
DA:267,3
DA:270,3
DA:271,3
DA:272,0
DA:273,0
DA:275,0
DA:278,3
DA:281,3
DA:284,3
DA:287,3
DA:289,3
DA:292,3
DA:293,3
DA:294,12
DA:295,3
DA:297,3
DA:299,3
DA:301,3
DA:303,0
DA:304,0
DA:305,0
DA:307,0
DA:309,3
DA:315,0
DA:317,0
DA:318,0
DA:321,0
DA:323,0
DA:326,0
DA:328,0
DA:329,0
DA:332,0
DA:335,0
DA:344,0
DA:346,0
DA:347,0
DA:349,0
DA:352,0
DA:353,0
DA:354,0
DA:357,0
DA:359,0
DA:362,0
DA:363,0
DA:365,0
DA:367,0
DA:370,0
DA:372,0
DA:377,0
DA:379,0
DA:381,0
DA:383,0
DA:385,0
DA:387,0
DA:396,0
DA:398,0
DA:400,0
DA:402,0
DA:403,0
DA:410,0
DA:412,0
DA:414,0
DA:416,0
DA:418,0
DA:420,0
DA:429,0
DA:431,0
DA:433,0
DA:435,0
DA:436,0
DA:442,3
DA:443,0
LF:169
LH:103
BRDA:45,0,0,3
BRDA:45,0,1,2
BRDA:45,0,2,0
BRDA:45,0,3,2
BRDA:45,0,4,0
BRDA:60,1,0,0
BRDA:68,2,0,2
BRDA:68,3,0,13
BRDA:68,3,1,3
BRDA:68,4,0,3
BRDA:68,4,1,10
BRDA:68,5,0,13
BRDA:68,5,1,13
BRDA:68,6,0,0
BRDA:68,6,1,13
BRDA:68,7,0,13
BRDA:68,7,1,13
BRDA:68,8,0,0
BRDA:68,8,1,3
BRDA:68,9,0,3
BRDA:68,9,1,3
BRDA:68,10,0,0
BRDA:68,10,1,3
BRDA:68,11,0,3
BRDA:68,11,1,3
BRDA:69,12,0,0
BRDA:69,12,1,2
BRDA:69,13,0,2
BRDA:69,13,1,2
BRDA:69,14,0,0
BRDA:69,14,1,2
BRDA:69,15,0,2
BRDA:69,15,1,2
BRDA:71,16,0,0
BRDA:71,16,1,1
BRDA:71,17,0,1
BRDA:71,17,1,1
BRDA:71,18,0,0
BRDA:71,18,1,1
BRDA:71,19,0,1
BRDA:71,19,1,1
BRDA:76,20,0,2
BRDA:76,21,0,13
BRDA:76,21,1,3
BRDA:76,22,0,3
BRDA:76,22,1,10
BRDA:76,23,0,13
BRDA:76,23,1,13
BRDA:76,24,0,0
BRDA:76,24,1,13
BRDA:76,25,0,13
BRDA:76,25,1,13
BRDA:76,26,0,0
BRDA:76,26,1,3
BRDA:76,27,0,3
BRDA:76,27,1,3
BRDA:76,28,0,0
BRDA:76,28,1,3
BRDA:76,29,0,3
BRDA:76,29,1,3
BRDA:77,30,0,0
BRDA:77,30,1,2
BRDA:77,31,0,2
BRDA:77,31,1,2
BRDA:77,32,0,0
BRDA:77,32,1,2
BRDA:77,33,0,2
BRDA:77,33,1,2
BRDA:79,34,0,0
BRDA:79,34,1,1
BRDA:79,35,0,1
BRDA:79,35,1,1
BRDA:79,36,0,0
BRDA:79,36,1,1
BRDA:79,37,0,1
BRDA:79,37,1,1
BRDA:84,38,0,3
BRDA:84,38,1,10
BRDA:84,39,0,13
BRDA:84,39,1,13
BRDA:84,40,0,0
BRDA:84,40,1,13
BRDA:84,41,0,13
BRDA:84,41,1,13
BRDA:85,42,0,10
BRDA:85,42,1,3
BRDA:85,42,2,8
BRDA:85,42,3,1
BRDA:87,43,0,3
BRDA:90,44,0,2
BRDA:98,45,0,2
BRDA:122,46,0,0
BRDA:142,47,0,0
BRDA:142,47,1,4
BRDA:161,48,0,1
BRDA:161,49,0,4
BRDA:161,49,1,1
BRDA:195,50,0,0
BRDA:196,51,0,4
BRDA:196,51,1,0
BRDA:197,52,0,0
BRDA:197,52,1,0
BRDA:197,53,0,0
BRDA:197,53,1,0
BRDA:197,54,0,0
BRDA:197,54,1,0
BRDA:197,55,0,0
BRDA:197,55,1,0
BRDA:205,56,0,0
BRDA:216,57,0,4
BRDA:216,57,1,0
BRDA:216,58,0,0
BRDA:216,58,1,4
BRDA:216,59,0,4
BRDA:216,59,1,4
BRDA:217,60,0,4
BRDA:217,60,1,0
BRDA:217,61,0,0
BRDA:217,61,1,4
BRDA:217,62,0,4
BRDA:217,62,1,4
BRDA:240,63,0,0
BRDA:244,64,0,0
BRDA:255,65,0,0
BRDA:255,66,0,3
BRDA:255,66,1,3
BRDA:255,66,2,3
BRDA:271,67,0,0
BRDA:290,68,0,3
BRDA:290,68,1,0
BRDA:290,69,0,0
BRDA:290,69,1,3
BRDA:290,70,0,3
BRDA:290,70,1,3
BRDA:290,71,0,0
BRDA:290,71,1,0
BRDA:290,72,0,0
BRDA:290,72,1,0
BRDA:291,73,0,3
BRDA:291,73,1,0
BRDA:291,74,0,0
BRDA:291,74,1,3
BRDA:291,75,0,3
BRDA:291,75,1,3
BRDA:291,76,0,0
BRDA:291,76,1,0
BRDA:291,77,0,0
BRDA:291,77,1,0
BRDA:292,78,0,3
BRDA:292,78,1,0
BRDA:292,79,0,0
BRDA:292,79,1,3
BRDA:292,80,0,3
BRDA:292,80,1,3
BRDA:292,81,0,3
BRDA:292,81,1,0
BRDA:293,82,0,3
BRDA:293,82,1,0
BRDA:293,83,0,0
BRDA:293,83,1,3
BRDA:293,84,0,3
BRDA:293,84,1,3
BRDA:293,85,0,3
BRDA:293,85,1,0
BRDA:304,86,0,0
BRDA:304,87,0,0
BRDA:304,87,1,0
BRDA:317,88,0,0
BRDA:321,89,0,0
BRDA:321,90,0,0
BRDA:321,90,1,0
BRDA:328,91,0,0
BRDA:362,92,0,0
BRF:173
BRH:107
end_of_record
TN:
SF:src/api/services/businessLogic/outbound-ticket/outbound-tickets-flow.ts
FN:22,(anonymous_1)
FN:25,(anonymous_2)
FN:31,(anonymous_3)
FN:32,(anonymous_4)
FN:53,(anonymous_5)
FN:59,(anonymous_6)
FN:66,(anonymous_7)
FN:78,(anonymous_8)
FN:96,(anonymous_9)
FN:113,(anonymous_10)
FN:125,(anonymous_11)
FN:127,(anonymous_12)
FN:133,(anonymous_13)
FN:154,(anonymous_14)
FN:187,(anonymous_15)
FNF:15
FNH:0
FNDA:0,(anonymous_1)
FNDA:0,(anonymous_2)
FNDA:0,(anonymous_3)
FNDA:0,(anonymous_4)
FNDA:0,(anonymous_5)
FNDA:0,(anonymous_6)
FNDA:0,(anonymous_7)
FNDA:0,(anonymous_8)
FNDA:0,(anonymous_9)
FNDA:0,(anonymous_10)
FNDA:0,(anonymous_11)
FNDA:0,(anonymous_12)
FNDA:0,(anonymous_13)
FNDA:0,(anonymous_14)
FNDA:0,(anonymous_15)
DA:1,2
DA:2,2
DA:4,2
DA:5,2
DA:8,2
DA:9,2
DA:17,2
DA:19,2
DA:21,2
DA:25,0
DA:26,0
DA:27,0
DA:31,0
DA:32,0
DA:33,0
DA:35,0
DA:37,0
DA:57,0
DA:58,0
DA:59,0
DA:61,0
DA:63,0
DA:66,0
DA:70,0
DA:78,0
DA:82,0
DA:84,0
DA:87,0
DA:90,0
DA:92,0
DA:101,0
DA:103,0
DA:104,0
DA:107,0
DA:108,0
DA:110,0
DA:118,0
DA:120,0
DA:122,0
DA:124,0
DA:125,0
DA:127,0
DA:128,0
DA:129,0
DA:133,0
DA:134,0
DA:135,0
DA:141,0
DA:149,0
DA:151,0
DA:159,0
DA:161,0
DA:163,0
DA:168,0
DA:174,0
DA:176,0
DA:192,0
DA:194,0
DA:196,0
DA:198,0
DA:200,0
LF:61
LH:9
BRDA:26,0,0,0
BRDA:35,1,0,0
BRDA:35,2,0,0
BRDA:35,2,1,0
BRDA:57,3,0,0
BRDA:57,4,0,0
BRDA:57,4,1,0
BRDA:103,5,0,0
BRDA:103,6,0,0
BRDA:103,6,1,0
BRDA:120,7,0,0
BRDA:120,8,0,0
BRDA:120,8,1,0
BRDA:128,9,0,0
BRDA:134,10,0,0
BRDA:161,11,0,0
BRDA:161,12,0,0
BRDA:161,12,1,0
BRF:18
BRH:0
end_of_record
TN:
SF:src/api/services/businessLogic/outbound-ticket/outbound-tickets-logic-helper.ts
FN:42,(anonymous_1)
FN:60,(anonymous_2)
FN:111,(anonymous_3)
FN:140,(anonymous_4)
FN:147,(anonymous_5)
FN:163,(anonymous_6)
FN:228,(anonymous_7)
FN:237,(anonymous_8)
FN:241,(anonymous_9)
FN:254,(anonymous_10)
FN:263,(anonymous_11)
FN:269,(anonymous_12)
FN:279,(anonymous_13)
FN:286,(anonymous_14)
FN:292,(anonymous_15)
FN:303,(anonymous_16)
FN:323,(anonymous_17)
FN:325,(anonymous_18)
FN:332,(anonymous_19)
FN:344,(anonymous_20)
FN:345,(anonymous_21)
FN:353,(anonymous_22)
FN:360,(anonymous_23)
FN:367,(anonymous_24)
FNF:24
FNH:0
FNDA:0,(anonymous_1)
FNDA:0,(anonymous_2)
FNDA:0,(anonymous_3)
FNDA:0,(anonymous_4)
FNDA:0,(anonymous_5)
FNDA:0,(anonymous_6)
FNDA:0,(anonymous_7)
FNDA:0,(anonymous_8)
FNDA:0,(anonymous_9)
FNDA:0,(anonymous_10)
FNDA:0,(anonymous_11)
FNDA:0,(anonymous_12)
FNDA:0,(anonymous_13)
FNDA:0,(anonymous_14)
FNDA:0,(anonymous_15)
FNDA:0,(anonymous_16)
FNDA:0,(anonymous_17)
FNDA:0,(anonymous_18)
FNDA:0,(anonymous_19)
FNDA:0,(anonymous_20)
FNDA:0,(anonymous_21)
FNDA:0,(anonymous_22)
FNDA:0,(anonymous_23)
FNDA:0,(anonymous_24)
DA:2,2
DA:3,2
DA:10,2
DA:11,2
DA:12,2
DA:27,2
DA:29,2
DA:31,2
DA:39,2
DA:44,0
DA:45,0
DA:48,0
DA:49,0
DA:52,0
DA:54,0
DA:55,0
DA:56,0
DA:65,0
DA:67,0
DA:68,0
DA:70,0
DA:72,0
DA:73,0
DA:74,0
DA:77,0
DA:81,0
DA:82,0
DA:85,0
DA:86,0
DA:87,0
DA:88,0
DA:89,0
DA:92,0
DA:93,0
DA:95,0
DA:98,0
DA:102,0
DA:109,0
DA:111,0
DA:112,0
DA:118,0
DA:119,0
DA:123,0
DA:124,0
DA:127,0
DA:147,0
DA:149,0
DA:150,0
DA:156,0
DA:157,0
DA:161,0
DA:163,0
DA:165,0
DA:167,0
DA:169,0
DA:170,0
DA:172,0
DA:173,0
DA:174,0
DA:178,0
DA:181,0
DA:182,0
DA:188,0
DA:190,0
DA:191,0
DA:196,0
DA:199,0
DA:200,0
DA:201,0
DA:202,0
DA:206,0
DA:207,0
DA:212,0
DA:213,0
DA:216,0
DA:221,0
DA:222,0
DA:230,0
DA:232,0
DA:233,0
DA:237,0
DA:238,0
DA:242,0
DA:250,0
DA:259,0
DA:261,0
DA:263,0
DA:265,0
DA:267,0
DA:269,0
DA:270,0
DA:276,0
DA:284,0
DA:285,0
DA:286,0
DA:288,0
DA:290,0
DA:292,0
DA:293,0
DA:299,0
DA:305,0
DA:307,0
DA:309,0
DA:311,0
DA:319,0
DA:324,0
DA:325,0
DA:326,0
DA:329,0
DA:334,0
DA:340,0
DA:342,0
DA:344,0
DA:345,0
DA:346,0
DA:347,0
DA:352,0
DA:353,0
DA:354,0
DA:355,0
DA:359,0
DA:360,0
DA:362,0
DA:363,0
DA:367,0
DA:368,0
LF:126
LH:9
BRDA:44,0,0,0
BRDA:48,1,0,0
BRDA:73,2,0,0
BRDA:82,3,0,0
BRDA:86,4,0,0
BRDA:86,5,0,0
BRDA:86,5,1,0
BRDA:86,6,0,0
BRDA:86,6,1,0
BRDA:86,7,0,0
BRDA:86,7,1,0
BRDA:86,8,0,0
BRDA:86,8,1,0
BRDA:86,9,0,0
BRDA:86,9,1,0
BRDA:86,10,0,0
BRDA:86,10,1,0
BRDA:118,11,0,0
BRDA:123,12,0,0
BRDA:149,13,0,0
BRDA:169,14,0,0
BRDA:169,14,1,0
BRDA:178,15,0,0
BRDA:178,15,1,0
BRDA:206,16,0,0
BRDA:212,17,0,0
BRDA:212,17,1,0
BRDA:232,18,0,0
BRDA:232,19,0,0
BRDA:232,19,1,0
BRDA:261,20,0,0
BRDA:261,21,0,0
BRDA:261,21,1,0
BRDA:285,22,0,0
BRDA:285,23,0,0
BRDA:285,23,1,0
BRDA:342,24,0,0
BRDA:352,25,0,0
BRDA:359,26,0,0
BRF:39
BRH:0
end_of_record
TN:
SF:src/api/services/businessLogic/outbound-ticket/outbound-tickets-logic.ts
FN:24,(anonymous_1)
FN:29,(anonymous_2)
FN:47,(anonymous_3)
FN:94,(anonymous_4)
FN:160,(anonymous_5)
FN:197,(anonymous_6)
FN:203,(anonymous_7)
FNF:7
FNH:0
FNDA:0,(anonymous_1)
FNDA:0,(anonymous_2)
FNDA:0,(anonymous_3)
FNDA:0,(anonymous_4)
FNDA:0,(anonymous_5)
FNDA:0,(anonymous_6)
FNDA:0,(anonymous_7)
DA:1,2
DA:2,2
DA:5,2
DA:6,2
DA:7,2
DA:8,2
DA:9,2
DA:10,2
DA:12,2
DA:21,2
DA:23,2
DA:25,0
DA:26,0
DA:31,0
DA:32,0
DA:33,0
DA:35,0
DA:50,0
DA:51,0
DA:53,0
DA:55,0
DA:57,0
DA:58,0
DA:60,0
DA:61,0
DA:63,0
DA:66,0
DA:69,0
DA:70,0
DA:73,0
DA:75,0
DA:76,0
DA:77,0
DA:79,0
DA:81,0
DA:82,0
DA:84,0
DA:85,0
DA:88,0
DA:90,0
DA:96,0
DA:97,0
DA:99,0
DA:100,0
DA:103,0
DA:104,0
DA:107,0
DA:108,0
DA:109,0
DA:110,0
DA:112,0
DA:113,0
DA:116,0
DA:117,0
DA:119,0
DA:121,0
DA:122,0
DA:123,0
DA:125,0
DA:128,0
DA:135,0
DA:136,0
DA:139,0
DA:141,0
DA:142,0
DA:144,0
DA:146,0
DA:148,0
DA:151,0
DA:152,0
DA:154,0
DA:156,0
DA:161,0
DA:162,0
DA:165,0
DA:167,0
DA:168,0
DA:171,0
DA:172,0
DA:175,0
DA:177,0
DA:178,0
DA:180,0
DA:181,0
DA:183,0
DA:184,0
DA:186,0
DA:188,0
DA:189,0
DA:191,0
DA:193,0
DA:200,0
DA:201,0
DA:203,0
DA:204,0
DA:205,0
DA:206,0
DA:207,0
DA:208,0
LF:99
LH:11
BRDA:32,0,0,0
BRDA:84,1,0,0
BRDA:84,2,0,0
BRDA:84,2,1,0
BRDA:99,3,0,0
BRDA:99,4,0,0
BRDA:99,4,1,0
BRDA:103,5,0,0
BRDA:112,6,0,0
BRDA:112,7,0,0
BRDA:112,7,1,0
BRDA:112,8,0,0
BRDA:112,8,1,0
BRDA:151,9,0,0
BRDA:151,10,0,0
BRDA:151,10,1,0
BRDA:161,11,0,0
BRDA:167,12,0,0
BRDA:167,13,0,0
BRDA:167,13,1,0
BRDA:171,14,0,0
BRDA:188,15,0,0
BRDA:188,16,0,0
BRDA:188,16,1,0
BRF:24
BRH:0
end_of_record
TN:
SF:src/api/services/compositeLogic/material-type-composite-logic.ts
FN:15,isValidationErrorInCommodities
FN:29,isValidationErrorInMaterials
FN:50,(anonymous_2)
FN:56,(anonymous_3)
FN:84,(anonymous_4)
FN:97,(anonymous_5)
FN:110,(anonymous_6)
FN:123,(anonymous_7)
FN:136,(anonymous_8)
FN:144,(anonymous_9)
FN:145,(anonymous_10)
FN:148,(anonymous_11)
FN:151,(anonymous_12)
FN:152,(anonymous_13)
FN:159,(anonymous_14)
FN:172,(anonymous_15)
FN:183,(anonymous_16)
FN:184,(anonymous_17)
FN:187,(anonymous_18)
FN:190,(anonymous_19)
FN:191,(anonymous_20)
FN:196,(anonymous_21)
FN:200,(anonymous_22)
FN:204,(anonymous_23)
FN:208,(anonymous_24)
FNF:25
FNH:0
FNDA:0,isValidationErrorInCommodities
FNDA:0,isValidationErrorInMaterials
FNDA:0,(anonymous_2)
FNDA:0,(anonymous_3)
FNDA:0,(anonymous_4)
FNDA:0,(anonymous_5)
FNDA:0,(anonymous_6)
FNDA:0,(anonymous_7)
FNDA:0,(anonymous_8)
FNDA:0,(anonymous_9)
FNDA:0,(anonymous_10)
FNDA:0,(anonymous_11)
FNDA:0,(anonymous_12)
FNDA:0,(anonymous_13)
FNDA:0,(anonymous_14)
FNDA:0,(anonymous_15)
FNDA:0,(anonymous_16)
FNDA:0,(anonymous_17)
FNDA:0,(anonymous_18)
FNDA:0,(anonymous_19)
FNDA:0,(anonymous_20)
FNDA:0,(anonymous_21)
FNDA:0,(anonymous_22)
FNDA:0,(anonymous_23)
FNDA:0,(anonymous_24)
DA:4,3
DA:5,3
DA:6,3
DA:7,3
DA:8,3
DA:16,0
DA:17,0
DA:22,0
DA:23,0
DA:26,0
DA:30,0
DA:31,0
DA:36,0
DA:37,0
DA:40,0
DA:43,3
DA:51,0
DA:52,0
DA:53,0
DA:57,0
DA:58,0
DA:70,0
DA:85,0
DA:98,0
DA:111,0
DA:124,0
DA:137,0
DA:138,0
DA:139,0
DA:140,0
DA:141,0
DA:145,0
DA:146,0
DA:149,0
DA:152,0
DA:153,0
DA:154,0
DA:155,0
DA:157,0
DA:161,0
DA:163,0
DA:164,0
DA:166,0
DA:173,0
DA:174,0
DA:175,0
DA:176,0
DA:177,0
DA:178,0
DA:179,0
DA:180,0
DA:184,0
DA:185,0
DA:188,0
DA:191,0
DA:192,0
DA:193,0
DA:194,0
DA:196,0
DA:197,0
DA:198,0
DA:200,0
DA:201,0
DA:202,0
DA:204,0
DA:205,0
DA:210,0
DA:212,0
DA:213,0
DA:215,0
DA:223,3
LF:71
LH:7
BRDA:22,0,0,0
BRDA:36,1,0,0
BRDA:153,2,0,0
BRDA:161,3,0,0
BRDA:161,3,1,0
BRDA:163,4,0,0
BRDA:163,4,1,0
BRDA:192,5,0,0
BRDA:192,5,1,0
BRDA:201,6,0,0
BRDA:201,6,1,0
BRDA:210,7,0,0
BRDA:210,7,1,0
BRDA:212,8,0,0
BRDA:212,8,1,0
BRF:15
BRH:0
end_of_record
TN:
SF:src/api/services/compositeLogic/price-sheet-composite-logic.ts
FN:35,isValidationErrorSheets
FN:52,(anonymous_1)
FN:67,(anonymous_2)
FN:71,(anonymous_3)
FN:72,(anonymous_4)
FN:74,(anonymous_5)
FN:76,(anonymous_6)
FN:80,(anonymous_7)
FN:83,(anonymous_8)
FN:127,(anonymous_9)
FN:173,(anonymous_10)
FN:207,(anonymous_11)
FN:224,(anonymous_12)
FN:267,(anonymous_13)
FN:274,(anonymous_14)
FN:282,(anonymous_15)
FN:296,(anonymous_16)
FN:298,(anonymous_17)
FN:300,(anonymous_18)
FN:304,(anonymous_19)
FN:307,(anonymous_20)
FN:349,(anonymous_21)
FN:372,(anonymous_22)
FN:385,(anonymous_23)
FN:408,(anonymous_24)
FN:424,(anonymous_25)
FN:458,(anonymous_26)
FN:459,(anonymous_27)
FN:518,(anonymous_28)
FN:524,(anonymous_29)
FN:538,(anonymous_30)
FNF:31
FNH:0
FNDA:0,isValidationErrorSheets
FNDA:0,(anonymous_1)
FNDA:0,(anonymous_2)
FNDA:0,(anonymous_3)
FNDA:0,(anonymous_4)
FNDA:0,(anonymous_5)
FNDA:0,(anonymous_6)
FNDA:0,(anonymous_7)
FNDA:0,(anonymous_8)
FNDA:0,(anonymous_9)
FNDA:0,(anonymous_10)
FNDA:0,(anonymous_11)
FNDA:0,(anonymous_12)
FNDA:0,(anonymous_13)
FNDA:0,(anonymous_14)
FNDA:0,(anonymous_15)
FNDA:0,(anonymous_16)
FNDA:0,(anonymous_17)
FNDA:0,(anonymous_18)
FNDA:0,(anonymous_19)
FNDA:0,(anonymous_20)
FNDA:0,(anonymous_21)
FNDA:0,(anonymous_22)
FNDA:0,(anonymous_23)
FNDA:0,(anonymous_24)
FNDA:0,(anonymous_25)
FNDA:0,(anonymous_26)
FNDA:0,(anonymous_27)
FNDA:0,(anonymous_28)
FNDA:0,(anonymous_29)
FNDA:0,(anonymous_30)
DA:1,2
DA:4,2
DA:5,2
DA:6,2
DA:7,2
DA:8,2
DA:9,2
DA:10,2
DA:11,2
DA:13,2
DA:36,0
DA:37,0
DA:42,0
DA:43,0
DA:46,0
DA:49,2
DA:53,0
DA:54,0
DA:55,0
DA:56,0
DA:57,0
DA:58,0
DA:59,0
DA:60,0
DA:61,0
DA:62,0
DA:63,0
DA:68,0
DA:72,0
DA:73,0
DA:75,0
DA:77,0
DA:81,0
DA:84,0
DA:85,0
DA:86,0
DA:87,0
DA:88,0
DA:89,0
DA:90,0
DA:94,0
DA:97,0
DA:98,0
DA:104,0
DA:129,0
DA:133,0
DA:134,0
DA:135,0
DA:136,0
DA:137,0
DA:139,0
DA:143,0
DA:145,0
DA:172,0
DA:173,0
DA:174,0
DA:175,0
DA:178,0
DA:179,0
DA:180,0
DA:181,0
DA:183,0
DA:184,0
DA:186,0
DA:187,0
DA:188,0
DA:205,0
DA:207,0
DA:208,0
DA:210,0
DA:211,0
DA:212,0
DA:213,0
DA:214,0
DA:219,0
DA:220,0
DA:221,0
DA:225,0
DA:226,0
DA:227,0
DA:228,0
DA:231,0
DA:234,0
DA:235,0
DA:237,0
DA:268,0
DA:269,0
DA:270,0
DA:271,0
DA:272,0
DA:273,0
DA:274,0
DA:275,0
DA:276,0
DA:277,0
DA:282,0
DA:293,0
DA:297,0
DA:298,0
DA:299,0
DA:301,0
DA:305,0
DA:308,0
DA:309,0
DA:310,0
DA:311,0
DA:312,0
DA:313,0
DA:317,0
DA:320,0
DA:321,0
DA:327,0
DA:374,0
DA:377,0
DA:378,0
DA:380,0
DA:386,0
DA:387,0
DA:404,0
DA:409,0
DA:410,0
DA:411,0
DA:412,0
DA:413,0
DA:414,0
DA:416,0
DA:420,0
DA:455,0
DA:459,0
DA:460,0
DA:461,0
DA:462,0
DA:464,0
DA:465,0
DA:476,0
DA:477,0
DA:478,0
DA:479,0
DA:480,0
DA:482,0
DA:483,0
DA:484,0
DA:485,0
DA:489,0
DA:490,0
DA:499,0
DA:500,0
DA:501,0
DA:502,0
DA:503,0
DA:504,0
DA:506,0
DA:507,0
DA:509,0
DA:510,0
DA:511,0
DA:512,0
DA:515,0
DA:518,0
DA:519,0
DA:525,0
DA:526,0
DA:531,0
DA:532,0
DA:535,0
DA:539,0
DA:540,0
DA:545,0
DA:546,0
DA:549,0
DA:553,2
LF:171
LH:12
BRDA:42,0,0,0
BRDA:55,1,0,0
BRDA:56,2,0,0
BRDA:57,3,0,0
BRDA:58,4,0,0
BRDA:59,5,0,0
BRDA:60,6,0,0
BRDA:61,7,0,0
BRDA:62,8,0,0
BRDA:63,9,0,0
BRDA:89,10,0,0
BRDA:94,11,0,0
BRDA:94,11,1,0
BRDA:133,12,0,0
BRDA:133,12,1,0
BRDA:135,13,0,0
BRDA:136,14,0,0
BRDA:136,14,1,0
BRDA:172,15,0,0
BRDA:172,16,0,0
BRDA:172,16,1,0
BRDA:174,17,0,0
BRDA:178,18,0,0
BRDA:178,18,1,0
BRDA:180,19,0,0
BRDA:183,20,0,0
BRDA:186,21,0,0
BRDA:187,22,0,0
BRDA:210,23,0,0
BRDA:210,23,1,0
BRDA:212,24,0,0
BRDA:213,25,0,0
BRDA:213,25,1,0
BRDA:231,26,0,0
BRDA:231,26,1,0
BRDA:231,26,2,0
BRDA:234,27,0,0
BRDA:234,27,1,0
BRDA:276,28,0,0
BRDA:286,29,0,0
BRDA:286,29,1,0
BRDA:312,30,0,0
BRDA:317,31,0,0
BRDA:317,31,1,0
BRDA:374,32,0,0
BRDA:374,32,1,0
BRDA:374,32,2,0
BRDA:377,33,0,0
BRDA:386,34,0,0
BRDA:410,35,0,0
BRDA:410,36,0,0
BRDA:410,36,1,0
BRDA:412,37,0,0
BRDA:413,38,0,0
BRDA:413,38,1,0
BRDA:461,39,0,0
BRDA:493,40,0,0
BRDA:493,40,1,0
BRDA:496,41,0,0
BRDA:496,41,1,0
BRDA:499,42,0,0
BRDA:499,42,1,0
BRDA:502,43,0,0
BRDA:502,43,1,0
BRDA:531,44,0,0
BRDA:545,45,0,0
BRF:66
BRH:0
end_of_record
TN:
SF:src/api/services/compositeLogic/upload-inventory-logic.ts
FN:18,(anonymous_1)
FN:23,(anonymous_2)
FN:85,(anonymous_3)
FN:137,(anonymous_4)
FN:173,(anonymous_5)
FN:189,(anonymous_6)
FN:190,(anonymous_7)
FN:192,(anonymous_8)
FN:199,(anonymous_9)
FN:203,(anonymous_10)
FN:208,(anonymous_11)
FN:215,(anonymous_12)
FN:230,(anonymous_13)
FNF:13
FNH:0
FNDA:0,(anonymous_1)
FNDA:0,(anonymous_2)
FNDA:0,(anonymous_3)
FNDA:0,(anonymous_4)
FNDA:0,(anonymous_5)
FNDA:0,(anonymous_6)
FNDA:0,(anonymous_7)
FNDA:0,(anonymous_8)
FNDA:0,(anonymous_9)
FNDA:0,(anonymous_10)
FNDA:0,(anonymous_11)
FNDA:0,(anonymous_12)
FNDA:0,(anonymous_13)
DA:1,0
DA:2,0
DA:3,0
DA:4,0
DA:5,0
DA:6,0
DA:9,0
DA:10,0
DA:19,0
DA:20,0
DA:24,0
DA:86,0
DA:87,0
DA:88,0
DA:89,0
DA:90,0
DA:91,0
DA:92,0
DA:93,0
DA:139,0
DA:140,0
DA:141,0
DA:142,0
DA:143,0
DA:144,0
DA:145,0
DA:146,0
DA:174,0
DA:175,0
DA:181,0
DA:182,0
DA:183,0
DA:184,0
DA:185,0
DA:186,0
DA:190,0
DA:191,0
DA:193,0
DA:194,0
DA:195,0
DA:196,0
DA:197,0
DA:200,0
DA:207,0
DA:208,0
DA:209,0
DA:210,0
DA:212,0
DA:213,0
DA:215,0
DA:216,0
DA:217,0
DA:219,0
DA:221,0
DA:222,0
DA:225,0
DA:226,0
DA:227,0
DA:231,0
DA:238,0
LF:60
LH:0
BRDA:209,0,0,0
BRDA:212,1,0,0
BRDA:212,1,1,0
BRDA:216,2,0,0
BRF:4
BRH:0
end_of_record
TN:
SF:src/handlers/account-handler.ts
FN:19,(anonymous_1)
FN:37,(anonymous_2)
FN:42,(anonymous_3)
FN:54,(anonymous_4)
FNF:4
FNH:2
FNDA:4,(anonymous_1)
FNDA:0,(anonymous_2)
FNDA:0,(anonymous_3)
FNDA:4,(anonymous_4)
DA:2,1
DA:3,1
DA:8,1
DA:9,1
DA:11,1
DA:19,1
DA:21,4
DA:22,2
DA:24,2
DA:25,1
DA:29,3
DA:30,1
DA:33,2
DA:34,2
DA:37,1
DA:38,0
DA:39,0
DA:42,1
DA:43,0
DA:44,0
DA:45,0
DA:46,0
DA:49,0
DA:50,0
DA:53,1
DA:54,4
LF:26
LH:18
BRDA:21,0,0,2
BRDA:21,1,0,4
BRDA:21,1,1,2
BRDA:24,2,0,1
BRDA:29,3,0,1
BRDA:29,4,0,3
BRDA:29,4,1,2
BRDA:44,5,0,0
BRF:8
BRH:7
end_of_record
TN:
SF:src/handlers/asset-handler.ts
FN:9,(anonymous_0)
FN:16,(anonymous_1)
FN:35,(anonymous_2)
FNF:3
FNH:2
FNDA:3,(anonymous_0)
FNDA:3,(anonymous_1)
FNDA:0,(anonymous_2)
DA:1,1
DA:2,1
DA:3,1
DA:6,1
DA:9,1
DA:10,3
DA:11,1
DA:13,2
DA:16,1
DA:17,3
DA:19,3
DA:21,3
DA:22,3
DA:23,3
DA:24,0
DA:26,3
DA:27,3
DA:28,2
DA:35,1
DA:36,0
DA:38,0
DA:40,0
DA:41,0
DA:44,0
DA:46,0
DA:48,0
DA:50,0
DA:52,0
LF:28
LH:18
BRDA:10,0,0,1
BRDA:10,1,0,3
BRDA:10,1,1,2
BRDA:21,2,0,2
BRDA:21,2,1,1
BRDA:21,3,0,3
BRDA:21,3,1,3
BRDA:23,4,0,0
BRDA:23,5,0,2
BRDA:23,5,1,1
BRDA:23,6,0,3
BRDA:23,6,1,3
BRDA:27,7,0,1
BRDA:40,8,0,0
BRDA:40,9,0,0
BRDA:40,9,1,0
BRF:16
BRH:12
end_of_record
TN:
SF:src/handlers/authorizer.ts
FN:16,(anonymous_0)
FN:64,(anonymous_1)
FN:65,(anonymous_2)
FN:80,(anonymous_3)
FN:118,getOrgInfo
FN:120,(anonymous_5)
FN:136,getHeader
FNF:7
FNH:5
FNDA:3,(anonymous_0)
FNDA:0,(anonymous_1)
FNDA:0,(anonymous_2)
FNDA:8,(anonymous_3)
FNDA:3,getOrgInfo
FNDA:4,(anonymous_5)
FNDA:3,getHeader
DA:1,1
DA:2,1
DA:7,1
DA:8,1
DA:10,1
DA:11,1
DA:14,1
DA:16,1
DA:17,3
DA:18,0
DA:19,0
DA:21,3
DA:22,3
DA:23,3
DA:24,1
DA:31,3
DA:32,0
DA:33,3
DA:34,3
DA:36,0
DA:37,0
DA:41,3
DA:42,3
DA:44,0
DA:45,0
DA:46,0
DA:51,3
DA:53,3
DA:55,3
DA:57,1
DA:58,1
DA:59,1
DA:62,2
DA:64,2
DA:65,2
DA:67,2
DA:70,2
DA:71,2
DA:73,2
DA:80,8
DA:88,2
DA:94,2
DA:95,2
DA:96,0
DA:97,2
DA:98,0
DA:101,2
DA:119,3
DA:120,4
DA:121,1
DA:124,2
DA:128,2
DA:137,3
LF:53
LH:43
BRDA:17,0,0,0
BRDA:23,1,0,1
BRDA:31,2,0,0
BRDA:31,2,1,3
BRDA:31,3,0,0
BRDA:31,3,1,3
BRDA:31,4,0,3
BRDA:31,4,1,3
BRDA:33,5,0,3
BRDA:33,5,1,0
BRDA:33,6,0,0
BRDA:33,6,1,3
BRDA:33,7,0,3
BRDA:33,7,1,3
BRDA:64,8,0,2
BRDA:64,8,1,0
BRDA:64,9,0,2
BRDA:64,9,1,2
BRDA:65,10,0,2
BRDA:65,10,1,0
BRDA:65,11,0,2
BRDA:65,11,1,2
BRDA:70,12,0,2
BRDA:95,13,0,0
BRDA:95,13,1,2
BRDA:97,14,0,0
BRDA:120,15,0,1
BRDA:120,16,0,0
BRDA:120,16,1,3
BRDA:120,17,0,3
BRDA:120,17,1,3
BRDA:138,18,0,3
BRDA:138,18,1,0
BRF:33
BRH:22
end_of_record
TN:
SF:src/handlers/benchmark-handler.ts
FN:18,(anonymous_1)
FN:23,(anonymous_2)
FN:35,(anonymous_3)
FN:46,(anonymous_4)
FNF:4
FNH:0
FNDA:0,(anonymous_1)
FNDA:0,(anonymous_2)
FNDA:0,(anonymous_3)
FNDA:0,(anonymous_4)
DA:1,0
DA:4,0
DA:5,0
DA:6,0
DA:8,0
DA:18,0
DA:19,0
DA:20,0
DA:23,0
DA:24,0
DA:25,0
DA:26,0
DA:27,0
DA:29,0
DA:31,0
DA:32,0
DA:35,0
DA:36,0
DA:37,0
DA:38,0
DA:39,0
DA:42,0
DA:43,0
DA:46,0
DA:47,0
DA:49,0
DA:50,0
DA:51,0
DA:52,0
DA:55,0
DA:60,0
DA:61,0
DA:62,0
LF:33
LH:0
BRDA:26,0,0,0
BRDA:26,0,1,0
BRDA:31,1,0,0
BRDA:31,1,1,0
BRDA:37,2,0,0
BRDA:50,3,0,0
BRDA:61,4,0,0
BRDA:61,4,1,0
BRF:8
BRH:0
end_of_record
TN:
SF:src/handlers/commodity-handler.ts
FN:7,(anonymous_1)
FN:12,(anonymous_2)
FN:20,(anonymous_3)
FN:26,(anonymous_4)
FN:35,(anonymous_5)
FNF:5
FNH:0
FNDA:0,(anonymous_1)
FNDA:0,(anonymous_2)
FNDA:0,(anonymous_3)
FNDA:0,(anonymous_4)
FNDA:0,(anonymous_5)
DA:1,1
DA:2,1
DA:3,1
DA:7,1
DA:8,0
DA:9,0
DA:12,1
DA:13,0
DA:14,0
DA:15,0
DA:16,0
DA:19,1
DA:21,0
DA:22,0
DA:25,1
DA:27,0
DA:28,0
DA:29,0
DA:35,1
DA:36,0
DA:37,0
LF:21
LH:8
BRDA:15,0,0,0
BRDA:15,0,1,0
BRDA:28,1,0,0
BRDA:28,1,1,0
BRF:4
BRH:0
end_of_record
TN:
SF:src/handlers/customer-handler.ts
FN:6,(anonymous_1)
FN:11,(anonymous_2)
FN:18,(anonymous_3)
FN:23,(anonymous_4)
FN:32,(anonymous_5)
FNF:5
FNH:4
FNDA:2,(anonymous_1)
FNDA:1,(anonymous_2)
FNDA:1,(anonymous_3)
FNDA:1,(anonymous_4)
FNDA:0,(anonymous_5)
DA:1,1
DA:3,1
DA:4,1
DA:6,1
DA:7,2
DA:8,2
DA:11,1
DA:12,1
DA:13,1
DA:14,1
DA:15,1
DA:18,1
DA:19,1
DA:20,1
DA:23,1
DA:24,1
DA:25,1
DA:26,1
DA:32,1
LF:19
LH:19
BRDA:14,0,0,0
BRDA:14,0,1,1
BRDA:25,1,0,0
BRDA:25,1,1,1
BRF:4
BRH:2
end_of_record
TN:
SF:src/handlers/device-handler.ts
FN:14,(anonymous_0)
FN:19,(anonymous_1)
FNF:2
FNH:0
FNDA:0,(anonymous_0)
FNDA:0,(anonymous_1)
DA:1,0
DA:2,0
DA:14,0
DA:15,0
DA:16,0
DA:19,0
DA:20,0
DA:21,0
DA:22,0
LF:9
LH:0
BRF:0
BRH:0
end_of_record
TN:
SF:src/handlers/external-handler.ts
FN:8,(anonymous_1)
FN:32,(anonymous_2)
FNF:2
FNH:2
FNDA:2,(anonymous_1)
FNDA:1,(anonymous_2)
DA:1,1
DA:2,1
DA:4,1
DA:6,1
DA:8,1
DA:9,2
DA:11,2
DA:12,1
DA:15,1
DA:17,1
DA:25,1
DA:26,0
DA:29,1
DA:32,1
DA:33,1
DA:35,1
DA:37,1
DA:38,1
DA:41,0
DA:43,0
DA:45,0
DA:47,0
DA:55,0
DA:56,0
DA:59,0
LF:25
LH:17
BRDA:11,0,0,1
BRDA:11,1,0,2
BRDA:11,1,1,2
BRDA:25,2,0,0
BRDA:37,3,0,1
BRDA:37,4,0,1
BRDA:37,4,1,0
BRDA:55,5,0,0
BRF:8
BRH:5
end_of_record
TN:
SF:src/handlers/finished-goods.ts
FN:23,(anonymous_1)
FN:29,(anonymous_2)
FN:53,(anonymous_3)
FN:70,(anonymous_4)
FN:81,(anonymous_5)
FNF:5
FNH:0
FNDA:0,(anonymous_1)
FNDA:0,(anonymous_2)
FNDA:0,(anonymous_3)
FNDA:0,(anonymous_4)
FNDA:0,(anonymous_5)
DA:1,0
DA:2,0
DA:4,0
DA:6,0
DA:23,0
DA:24,0
DA:25,0
DA:26,0
DA:29,0
DA:32,0
DA:33,0
DA:37,0
DA:38,0
DA:41,0
DA:43,0
DA:44,0
DA:47,0
DA:50,0
DA:53,0
DA:54,0
DA:55,0
DA:56,0
DA:57,0
DA:61,0
DA:62,0
DA:64,0
DA:67,0
DA:70,0
DA:71,0
DA:73,0
DA:74,0
DA:76,0
DA:78,0
DA:81,0
DA:82,0
DA:83,0
DA:84,0
DA:85,0
DA:87,0
LF:39
LH:0
BRDA:32,0,0,0
BRDA:32,1,0,0
BRDA:32,1,1,0
BRDA:37,2,0,0
BRDA:37,3,0,0
BRDA:37,3,1,0
BRDA:37,4,0,0
BRDA:37,4,1,0
BRDA:43,5,0,0
BRDA:55,6,0,0
BRDA:64,7,0,0
BRDA:64,7,1,0
BRDA:76,8,0,0
BRDA:76,8,1,0
BRF:14
BRH:0
end_of_record
TN:
SF:src/handlers/inbound-ticket-handler.ts
FN:6,(anonymous_1)
FN:11,(anonymous_2)
FN:17,(anonymous_3)
FN:23,(anonymous_4)
FN:29,(anonymous_5)
FNF:5
FNH:0
FNDA:0,(anonymous_1)
FNDA:0,(anonymous_2)
FNDA:0,(anonymous_3)
FNDA:0,(anonymous_4)
FNDA:0,(anonymous_5)
DA:2,1
DA:3,1
DA:6,1
DA:7,0
DA:8,0
DA:11,1
DA:12,0
DA:13,0
DA:14,0
DA:17,1
DA:18,0
DA:19,0
DA:20,0
DA:23,1
DA:24,0
DA:25,0
DA:26,0
DA:29,1
DA:30,0
DA:31,0
DA:32,0
DA:33,0
DA:34,0
DA:37,0
LF:24
LH:7
BRDA:25,0,0,0
BRDA:25,0,1,0
BRF:2
BRH:0
end_of_record
TN:
SF:src/handlers/index.ts
FNF:0
FNH:0
DA:1,1
LF:1
LH:1
BRF:0
BRH:0
end_of_record
TN:
SF:src/handlers/inventory-handler.ts
FN:4,(anonymous_1)
FN:11,(anonymous_2)
FN:16,(anonymous_3)
FN:21,(anonymous_4)
FN:26,(anonymous_5)
FNF:5
FNH:0
FNDA:0,(anonymous_1)
FNDA:0,(anonymous_2)
FNDA:0,(anonymous_3)
FNDA:0,(anonymous_4)
FNDA:0,(anonymous_5)
DA:1,0
DA:2,0
DA:4,0
DA:5,0
DA:6,0
DA:7,0
DA:8,0
DA:11,0
DA:12,0
DA:13,0
DA:16,0
DA:17,0
DA:18,0
DA:21,0
DA:22,0
DA:23,0
DA:26,0
DA:27,0
DA:28,0
LF:19
LH:0
BRDA:7,0,0,0
BRDA:7,0,1,0
BRF:2
BRH:0
end_of_record
TN:
SF:src/handlers/invoice-handler.ts
FN:34,(anonymous_1)
FN:40,(anonymous_2)
FN:47,(anonymous_3)
FN:61,(anonymous_4)
FN:76,(anonymous_5)
FNF:5
FNH:3
FNDA:1,(anonymous_1)
FNDA:0,(anonymous_2)
FNDA:4,(anonymous_3)
FNDA:1,(anonymous_4)
FNDA:0,(anonymous_5)
DA:1,1
DA:2,1
DA:4,1
DA:5,1
DA:7,1
DA:11,1
DA:22,1
DA:33,1
DA:35,1
DA:36,1
DA:39,1
DA:41,0
DA:42,0
DA:43,0
DA:44,0
DA:47,1
DA:50,4
DA:51,4
DA:52,2
DA:53,2
DA:56,2
DA:57,2
DA:58,2
DA:61,1
DA:64,1
DA:65,1
DA:66,0
DA:67,0
DA:69,1
DA:70,1
DA:71,1
DA:72,1
DA:75,1
DA:79,0
DA:80,0
DA:81,0
LF:36
LH:27
BRDA:43,0,0,0
BRDA:43,0,1,0
BRDA:51,1,0,2
BRDA:65,2,0,0
BRDA:71,3,0,0
BRDA:71,3,1,1
BRF:6
BRH:2
end_of_record
TN:
SF:src/handlers/invoice-payment-handler.ts
FN:18,(anonymous_1)
FN:24,(anonymous_2)
FNF:2
FNH:2
FNDA:1,(anonymous_1)
FNDA:4,(anonymous_2)
DA:1,1
DA:2,1
DA:4,1
DA:5,1
DA:6,1
DA:8,1
DA:17,1
DA:19,1
DA:20,1
DA:21,1
DA:24,1
DA:27,4
DA:29,4
DA:30,1
DA:31,1
DA:34,3
DA:37,3
DA:38,1
DA:41,2
LF:19
LH:19
BRDA:29,0,0,1
BRDA:37,1,0,1
BRDA:37,2,0,3
BRDA:37,2,1,2
BRF:4
BRH:4
end_of_record
TN:
SF:src/handlers/material-handler.ts
FN:17,(anonymous_1)
FN:22,(anonymous_2)
FNF:2
FNH:0
FNDA:0,(anonymous_1)
FNDA:0,(anonymous_2)
DA:1,1
DA:2,1
DA:17,1
DA:18,0
DA:19,0
DA:22,1
DA:23,0
DA:24,0
DA:25,0
LF:9
LH:4
BRDA:24,0,0,0
BRDA:24,0,1,0
BRF:2
BRH:0
end_of_record
TN:
SF:src/handlers/material-type-handler.ts
FN:19,(anonymous_7)
FN:24,(anonymous_8)
FN:37,(anonymous_9)
FN:48,(anonymous_10)
FN:56,(anonymous_11)
FN:62,(anonymous_12)
FN:71,(anonymous_13)
FNF:7
FNH:0
FNDA:0,(anonymous_7)
FNDA:0,(anonymous_8)
FNDA:0,(anonymous_9)
FNDA:0,(anonymous_10)
FNDA:0,(anonymous_11)
FNDA:0,(anonymous_12)
FNDA:0,(anonymous_13)
DA:1,1
DA:2,1
DA:3,1
DA:4,1
DA:5,1
DA:9,1
DA:10,1
DA:14,1
DA:19,1
DA:20,0
DA:21,0
DA:24,1
DA:25,0
DA:26,0
DA:27,0
DA:28,0
DA:30,0
DA:32,0
DA:33,0
DA:34,0
DA:37,1
DA:38,0
DA:39,0
DA:40,0
DA:41,0
DA:43,0
DA:44,0
DA:45,0
DA:48,1
DA:49,0
DA:50,0
DA:51,0
DA:52,0
DA:55,1
DA:57,0
DA:58,0
DA:61,1
DA:63,0
DA:64,0
DA:65,0
DA:71,1
LF:41
LH:15
BRDA:27,0,0,0
BRDA:27,0,1,0
BRDA:40,1,0,0
BRDA:51,2,0,0
BRDA:51,2,1,0
BRDA:64,3,0,0
BRDA:64,3,1,0
BRF:7
BRH:0
end_of_record
TN:
SF:src/handlers/organization-handler.ts
FN:6,(anonymous_1)
FN:11,(anonymous_2)
FN:17,(anonymous_3)
FN:25,(anonymous_4)
FN:31,(anonymous_5)
FNF:5
FNH:5
FNDA:1,(anonymous_1)
FNDA:1,(anonymous_2)
FNDA:1,(anonymous_3)
FNDA:1,(anonymous_4)
FNDA:1,(anonymous_5)
DA:1,1
DA:2,1
DA:6,1
DA:7,1
DA:8,1
DA:11,1
DA:12,1
DA:13,1
DA:14,1
DA:17,1
DA:18,1
DA:19,1
DA:20,1
DA:21,1
DA:24,1
DA:26,1
DA:27,1
DA:30,1
DA:32,1
DA:33,1
DA:34,1
LF:21
LH:21
BRDA:13,0,0,0
BRDA:13,0,1,1
BRDA:20,1,0,0
BRDA:20,1,1,1
BRDA:33,2,0,0
BRDA:33,2,1,1
BRF:6
BRH:3
end_of_record
TN:
SF:src/handlers/outbound-ticket-handler.ts
FN:48,(anonymous_1)
FN:54,(anonymous_2)
FN:59,(anonymous_3)
FN:70,(anonymous_4)
FN:88,(anonymous_5)
FNF:5
FNH:1
FNDA:0,(anonymous_1)
FNDA:0,(anonymous_2)
FNDA:2,(anonymous_3)
FNDA:0,(anonymous_4)
FNDA:0,(anonymous_5)
DA:1,1
DA:2,1
DA:3,1
DA:5,1
DA:7,1
DA:19,1
DA:48,1
DA:49,0
DA:50,0
DA:51,0
DA:54,1
DA:55,0
DA:56,0
DA:59,1
DA:60,2
DA:61,2
DA:62,2
DA:63,2
DA:66,0
DA:67,0
DA:70,1
DA:71,0
DA:73,0
DA:74,0
DA:77,0
DA:79,0
DA:84,0
DA:85,0
DA:88,1
DA:89,0
DA:90,0
DA:91,0
LF:32
LH:15
BRDA:61,0,0,2
BRDA:73,1,0,0
BRDA:85,2,0,0
BRDA:85,2,1,0
BRF:4
BRH:1
end_of_record
TN:
SF:src/handlers/packing-list-handler.ts
FN:16,(anonymous_1)
FN:27,(anonymous_2)
FN:36,(anonymous_3)
FN:45,(anonymous_4)
FN:62,(anonymous_5)
FNF:5
FNH:0
FNDA:0,(anonymous_1)
FNDA:0,(anonymous_2)
FNDA:0,(anonymous_3)
FNDA:0,(anonymous_4)
FNDA:0,(anonymous_5)
DA:1,1
DA:2,1
DA:3,1
DA:5,1
DA:7,1
DA:16,1
DA:17,0
DA:18,0
DA:19,0
DA:20,0
DA:23,0
DA:24,0
DA:27,1
DA:28,0
DA:30,0
DA:32,0
DA:33,0
DA:36,1
DA:37,0
DA:39,0
DA:40,0
DA:41,0
DA:45,1
DA:46,0
DA:47,0
DA:50,0
DA:51,0
DA:54,0
DA:55,0
DA:58,0
DA:59,0
DA:62,1
DA:63,0
DA:64,0
DA:65,0
LF:35
LH:10
BRDA:18,0,0,0
BRDA:32,1,0,0
BRDA:32,1,1,0
BRDA:40,2,0,0
BRDA:40,2,1,0
BRDA:50,3,0,0
BRDA:50,4,0,0
BRDA:50,4,1,0
BRDA:50,5,0,0
BRDA:50,5,1,0
BRDA:54,6,0,0
BRDA:54,7,0,0
BRDA:54,7,1,0
BRF:13
BRH:0
end_of_record
TN:
SF:src/handlers/payments-handler.ts
FN:42,(anonymous_1)
FN:48,(anonymous_2)
FN:55,(anonymous_3)
FN:69,(anonymous_4)
FN:84,(anonymous_5)
FNF:5
FNH:0
FNDA:0,(anonymous_1)
FNDA:0,(anonymous_2)
FNDA:0,(anonymous_3)
FNDA:0,(anonymous_4)
FNDA:0,(anonymous_5)
DA:1,0
DA:4,0
DA:5,0
DA:6,0
DA:8,0
DA:24,0
DA:41,0
DA:43,0
DA:44,0
DA:47,0
DA:49,0
DA:50,0
DA:51,0
DA:52,0
DA:55,0
DA:58,0
DA:59,0
DA:60,0
DA:61,0
DA:64,0
DA:65,0
DA:66,0
DA:69,0
DA:72,0
DA:73,0
DA:74,0
DA:75,0
DA:77,0
DA:78,0
DA:79,0
DA:80,0
DA:83,0
DA:87,0
DA:88,0
DA:89,0
LF:35
LH:0
BRDA:51,0,0,0
BRDA:51,0,1,0
BRDA:59,1,0,0
BRDA:73,2,0,0
BRDA:79,3,0,0
BRDA:79,3,1,0
BRF:6
BRH:0
end_of_record
TN:
SF:src/handlers/permissions-handler.ts
FN:80,(anonymous_0)
FNF:1
FNH:1
FNDA:3,(anonymous_0)
DA:2,1
DA:3,1
DA:5,1
DA:17,1
DA:48,1
DA:80,1
DA:81,3
DA:83,3
DA:84,0
DA:89,3
DA:90,1
DA:91,2
DA:92,1
DA:94,1
DA:97,3
LF:15
LH:14
BRDA:83,0,0,0
BRDA:89,1,0,1
BRDA:89,1,1,2
BRDA:91,2,0,1
BRDA:91,2,1,1
BRF:5
BRH:4
end_of_record
TN:
SF:src/handlers/price-entry-handler.ts
FN:6,(anonymous_1)
FN:11,(anonymous_2)
FN:18,(anonymous_3)
FN:23,(anonymous_4)
FN:29,(anonymous_5)
FNF:5
FNH:0
FNDA:0,(anonymous_1)
FNDA:0,(anonymous_2)
FNDA:0,(anonymous_3)
FNDA:0,(anonymous_4)
FNDA:0,(anonymous_5)
DA:1,0
DA:2,0
DA:6,0
DA:7,0
DA:8,0
DA:11,0
DA:12,0
DA:13,0
DA:14,0
DA:15,0
DA:18,0
DA:19,0
DA:20,0
DA:23,0
DA:24,0
DA:25,0
DA:26,0
DA:29,0
DA:30,0
DA:31,0
LF:20
LH:0
BRDA:14,0,0,0
BRDA:14,0,1,0
BRDA:25,1,0,0
BRDA:25,1,1,0
BRF:4
BRH:0
end_of_record
TN:
SF:src/handlers/price-sheet-handler.ts
FN:17,(anonymous_1)
FN:22,(anonymous_2)
FN:27,(anonymous_3)
FN:34,(anonymous_4)
FN:39,(anonymous_5)
FN:45,(anonymous_6)
FN:60,(anonymous_7)
FN:77,(anonymous_8)
FN:83,(anonymous_9)
FNF:9
FNH:0
FNDA:0,(anonymous_1)
FNDA:0,(anonymous_2)
FNDA:0,(anonymous_3)
FNDA:0,(anonymous_4)
FNDA:0,(anonymous_5)
FNDA:0,(anonymous_6)
FNDA:0,(anonymous_7)
FNDA:0,(anonymous_8)
FNDA:0,(anonymous_9)
DA:2,1
DA:11,1
DA:12,1
DA:15,1
DA:17,1
DA:18,0
DA:19,0
DA:22,1
DA:23,0
DA:24,0
DA:27,1
DA:28,0
DA:29,0
DA:30,0
DA:31,0
DA:34,1
DA:35,0
DA:36,0
DA:39,1
DA:40,0
DA:41,0
DA:42,0
DA:45,1
DA:46,0
DA:47,0
DA:48,0
DA:49,0
DA:50,0
DA:51,0
DA:53,0
DA:55,0
DA:56,0
DA:57,0
DA:60,1
DA:61,0
DA:62,0
DA:63,0
DA:64,0
DA:65,0
DA:66,0
DA:68,0
DA:70,0
DA:71,0
DA:72,0
DA:77,1
DA:83,1
LF:46
LH:13
BRDA:30,0,0,0
BRDA:30,0,1,0
BRDA:41,1,0,0
BRDA:41,1,1,0
BRDA:50,2,0,0
BRDA:50,2,1,0
BRDA:65,3,0,0
BRDA:65,3,1,0
BRF:8
BRH:0
end_of_record
TN:
SF:src/handlers/purchase-order-handler.ts
FN:48,(anonymous_1)
FN:54,(anonymous_2)
FN:61,(anonymous_3)
FN:77,(anonymous_4)
FN:92,(anonymous_5)
FN:101,(anonymous_6)
FN:102,(anonymous_7)
FN:103,(anonymous_8)
FN:104,(anonymous_9)
FN:105,(anonymous_10)
FNF:10
FNH:0
FNDA:0,(anonymous_1)
FNDA:0,(anonymous_2)
FNDA:0,(anonymous_3)
FNDA:0,(anonymous_4)
FNDA:0,(anonymous_5)
FNDA:0,(anonymous_6)
FNDA:0,(anonymous_7)
FNDA:0,(anonymous_8)
FNDA:0,(anonymous_9)
FNDA:0,(anonymous_10)
DA:1,0
DA:4,0
DA:5,0
DA:7,0
DA:16,0
DA:33,0
DA:48,0
DA:49,0
DA:50,0
DA:51,0
DA:54,0
DA:55,0
DA:56,0
DA:57,0
DA:58,0
DA:61,0
DA:64,0
DA:65,0
DA:66,0
DA:67,0
DA:70,0
DA:71,0
DA:72,0
DA:73,0
DA:74,0
DA:77,0
DA:80,0
DA:81,0
DA:82,0
DA:83,0
DA:85,0
DA:86,0
DA:87,0
DA:88,0
DA:89,0
DA:92,0
DA:95,0
DA:96,0
DA:97,0
DA:100,0
DA:101,0
DA:102,0
DA:103,0
DA:104,0
DA:105,0
LF:45
LH:0
BRDA:57,0,0,0
BRDA:57,0,1,0
BRDA:65,1,0,0
BRDA:81,2,0,0
BRDA:88,3,0,0
BRDA:88,3,1,0
BRF:6
BRH:0
end_of_record
TN:
SF:src/handlers/regrades-handler.ts
FN:6,(anonymous_1)
FN:12,(anonymous_2)
FN:23,(anonymous_3)
FN:32,(anonymous_4)
FN:33,(anonymous_5)
FN:34,(anonymous_6)
FNF:6
FNH:0
FNDA:0,(anonymous_1)
FNDA:0,(anonymous_2)
FNDA:0,(anonymous_3)
FNDA:0,(anonymous_4)
FNDA:0,(anonymous_5)
FNDA:0,(anonymous_6)
DA:3,0
DA:4,0
DA:6,0
DA:7,0
DA:8,0
DA:9,0
DA:12,0
DA:15,0
DA:16,0
DA:19,0
DA:20,0
DA:23,0
DA:24,0
DA:26,0
DA:27,0
DA:28,0
DA:32,0
DA:33,0
DA:34,0
LF:19
LH:0
BRDA:15,0,0,0
BRDA:15,1,0,0
BRDA:15,1,1,0
BRDA:15,2,0,0
BRDA:15,2,1,0
BRDA:27,3,0,0
BRDA:27,3,1,0
BRF:7
BRH:0
end_of_record
TN:
SF:src/handlers/sales-order-handler.ts
FN:46,(anonymous_1)
FN:52,(anonymous_2)
FN:59,(anonymous_3)
FN:75,(anonymous_4)
FN:90,(anonymous_5)
FN:99,(anonymous_6)
FN:100,(anonymous_7)
FN:101,(anonymous_8)
FN:102,(anonymous_9)
FN:103,(anonymous_10)
FNF:10
FNH:0
FNDA:0,(anonymous_1)
FNDA:0,(anonymous_2)
FNDA:0,(anonymous_3)
FNDA:0,(anonymous_4)
FNDA:0,(anonymous_5)
FNDA:0,(anonymous_6)
FNDA:0,(anonymous_7)
FNDA:0,(anonymous_8)
FNDA:0,(anonymous_9)
FNDA:0,(anonymous_10)
DA:1,0
DA:4,0
DA:5,0
DA:7,0
DA:17,0
DA:31,0
DA:46,0
DA:47,0
DA:48,0
DA:49,0
DA:52,0
DA:53,0
DA:54,0
DA:55,0
DA:56,0
DA:59,0
DA:62,0
DA:63,0
DA:64,0
DA:65,0
DA:68,0
DA:69,0
DA:70,0
DA:71,0
DA:72,0
DA:75,0
DA:78,0
DA:79,0
DA:80,0
DA:81,0
DA:83,0
DA:84,0
DA:85,0
DA:86,0
DA:87,0
DA:90,0
DA:93,0
DA:94,0
DA:95,0
DA:98,0
DA:99,0
DA:100,0
DA:101,0
DA:102,0
DA:103,0
LF:45
LH:0
BRDA:55,0,0,0
BRDA:55,0,1,0
BRDA:63,1,0,0
BRDA:79,2,0,0
BRDA:86,3,0,0
BRDA:86,3,1,0
BRF:6
BRH:0
end_of_record
TN:
SF:src/handlers/utilities.ts
FN:26,getS3params
FN:39,getQueryParams
FN:55,getCorsHeaders
FN:64,isEmpty
FN:68,createResponse
FN:86,createErrorResponse
FN:94,getHeader
FN:108,handler
FN:109,(anonymous_9)
FN:173,(anonymous_10)
FN:185,exceptionResponseFilter
FNF:11
FNH:9
FNDA:0,getS3params
FNDA:5,getQueryParams
FNDA:51,getCorsHeaders
FNDA:6,isEmpty
FNDA:27,createResponse
FNDA:12,createErrorResponse
FNDA:0,getHeader
FNDA:64,handler
FNDA:39,(anonymous_9)
FNDA:39,(anonymous_10)
FNDA:11,exceptionResponseFilter
DA:4,18
DA:6,18
DA:7,18
DA:9,18
DA:10,18
DA:11,18
DA:12,18
DA:14,18
DA:26,18
DA:27,0
DA:28,0
DA:32,0
DA:36,0
DA:39,18
DA:40,5
DA:43,5
DA:46,5
DA:48,5
DA:50,5
DA:52,5
DA:55,18
DA:56,51
DA:64,18
DA:65,6
DA:68,18
DA:69,27
DA:70,27
DA:72,27
DA:73,0
DA:74,27
DA:75,2
DA:77,25
DA:79,27
DA:86,18
DA:87,12
DA:94,18
DA:95,0
DA:108,18
DA:109,64
DA:110,39
DA:111,0
DA:112,0
DA:114,39
DA:115,39
DA:120,39
DA:121,0
DA:128,0
DA:130,39
DA:137,39
DA:140,39
DA:142,39
DA:143,6
DA:147,39
DA:148,32
DA:153,39
DA:154,32
DA:155,32
DA:162,7
DA:168,39
DA:170,39
DA:173,64
DA:186,11
DA:187,6
DA:189,5
DA:190,5
DA:192,0
DA:193,0
DA:196,0
DA:197,0
DA:199,0
LF:70
LH:55
BRDA:40,0,0,1
BRDA:40,0,1,4
BRDA:40,1,0,5
BRDA:40,1,1,1
BRDA:40,1,2,1
BRDA:43,2,0,1
BRDA:43,2,1,4
BRDA:43,3,0,5
BRDA:43,3,1,1
BRDA:43,3,2,1
BRDA:46,4,0,1
BRDA:46,4,1,4
BRDA:46,5,0,5
BRDA:46,5,1,1
BRDA:48,6,0,1
BRDA:48,6,1,4
BRDA:48,7,0,5
BRDA:48,7,1,1
BRDA:50,8,0,0
BRDA:50,8,1,5
BRDA:50,9,0,5
BRDA:50,9,1,1
BRDA:68,10,0,0
BRDA:69,11,0,27
BRDA:69,11,1,27
BRDA:69,11,2,27
BRDA:70,12,0,27
BRDA:70,12,1,25
BRDA:72,13,0,0
BRDA:72,13,1,27
BRDA:74,14,0,2
BRDA:74,14,1,25
BRDA:86,15,0,0
BRDA:96,16,0,0
BRDA:96,16,1,0
BRDA:110,17,0,0
BRDA:120,18,0,0
BRDA:120,18,1,39
BRDA:128,19,0,0
BRDA:128,19,1,0
BRDA:142,20,0,6
BRDA:147,21,0,32
BRDA:147,22,0,39
BRDA:147,22,1,33
BRDA:153,23,0,32
BRDA:153,23,1,7
BRDA:153,24,0,39
BRDA:153,24,1,32
BRDA:157,25,0,32
BRDA:157,25,1,13
BRDA:186,26,0,6
BRDA:189,27,0,5
BRDA:192,28,0,0
BRF:53
BRH:42
end_of_record
TN:
SF:src/handlers/yard-handler.ts
FN:12,(anonymous_1)
FN:17,(anonymous_2)
FN:25,(anonymous_3)
FN:31,(anonymous_4)
FN:38,(anonymous_5)
FN:49,(anonymous_6)
FNF:6
FNH:2
FNDA:0,(anonymous_1)
FNDA:0,(anonymous_2)
FNDA:0,(anonymous_3)
FNDA:0,(anonymous_4)
FNDA:1,(anonymous_5)
FNDA:2,(anonymous_6)
DA:1,1
DA:2,1
DA:6,1
DA:8,1
DA:12,1
DA:13,0
DA:14,0
DA:17,1
DA:18,0
DA:19,0
DA:20,0
DA:21,0
DA:24,1
DA:26,0
DA:27,0
DA:30,1
DA:32,0
DA:33,0
DA:34,0
DA:37,1
DA:40,1
DA:42,1
DA:44,1
DA:48,1
DA:51,2
DA:52,2
DA:53,1
DA:54,1
DA:57,1
DA:58,1
LF:30
LH:19
BRDA:20,0,0,0
BRDA:20,0,1,0
BRDA:21,1,0,0
BRDA:21,1,1,0
BRDA:21,2,0,0
BRDA:21,2,1,0
BRDA:33,3,0,0
BRDA:33,3,1,0
BRDA:52,4,0,1
BRF:9
BRH:1
end_of_record
TN:
SF:src/utilities/findUndefined.js
FN:1,findUndefined
FN:5,(anonymous_1)
FNF:2
FNH:0
FNDA:0,findUndefined
FNDA:0,(anonymous_1)
DA:1,0
DA:2,0
DA:3,0
DA:4,0
DA:5,0
DA:6,0
DA:8,0
DA:9,0
DA:10,0
LF:9
LH:0
BRDA:1,0,0,0
BRDA:2,1,0,0
BRDA:2,1,1,0
BRDA:4,2,0,0
BRDA:4,2,1,0
BRDA:6,3,0,0
BRDA:9,4,0,0
BRF:7
BRH:0
end_of_record
TN:
SF:src/utilities/generateTag.js
FN:3,(anonymous_0)
FNF:1
FNH:0
FNDA:0,(anonymous_0)
DA:1,1
DA:3,1
DA:5,0
DA:6,0
DA:9,0
DA:10,0
DA:11,0
DA:12,0
DA:15,0
LF:9
LH:2
BRF:0
BRH:0
end_of_record
TN:
SF:src/utilities/getCollection.ts
FN:1,getCollection
FNF:1
FNH:0
FNDA:0,getCollection
DA:1,0
DA:2,0
LF:2
LH:0
BRF:0
BRH:0
end_of_record
TN:
SF:src/utilities/getStatusObj.js
FN:1,(anonymous_0)
FNF:1
FNH:0
FNDA:0,(anonymous_0)
DA:1,0
LF:1
LH:0
BRF:0
BRH:0
end_of_record
TN:
SF:src/utilities/handleWarmerEvent.ts
FN:5,handleWarmerEvent
FN:17,sleep
FN:18,(anonymous_2)
FNF:3
FNH:0
FNDA:0,handleWarmerEvent
FNDA:0,sleep
FNDA:0,(anonymous_2)
DA:1,19
DA:3,19
DA:5,19
DA:6,0
DA:7,0
DA:8,0
DA:10,0
DA:11,0
DA:12,0
DA:13,0
DA:14,0
DA:18,0
LF:12
LH:3
BRDA:7,0,0,0
BRDA:14,1,0,0
BRDA:14,1,1,0
BRF:3
BRH:0
end_of_record
TN:
SF:src/utilities/isUuid.js
FN:1,(anonymous_0)
FNF:1
FNH:0
FNDA:0,(anonymous_0)
DA:1,0
LF:1
LH:0
BRF:0
BRH:0
end_of_record
TN:
SF:src/utilities/mapAsync.js
FN:1,mapAsync
FN:6,processItem
FNF:2
FNH:2
FNDA:19,mapAsync
FNDA:25,processItem
DA:2,19
DA:3,19
DA:4,19
DA:5,19
DA:7,25
DA:8,25
DA:9,14
DA:10,14
DA:11,14
DA:13,19
DA:14,19
DA:15,11
DA:17,19
DA:18,19
DA:19,14
DA:21,19
DA:24,11
LF:17
LH:17
BRDA:1,0,0,18
BRDA:4,1,0,19
BRDA:4,1,1,18
BRDA:4,2,0,18
BRDA:4,2,1,1
BRDA:4,3,0,19
BRDA:4,3,1,19
BRDA:8,4,0,11
BRF:8
BRH:8
end_of_record
TN:
SF:src/utilities/price-utility.ts
FN:7,getDineroValueFuncFromNumber
FN:23,getValueFromNumber
FN:31,getValueFromValueJSONAndMultiplier
FN:44,getPriceFromValueJSONAndWeight
FN:59,addTwoJSONValues
FN:70,subtractSecondJSONValueFromFirst
FN:81,convertDollarStringToPrice
FN:92,convertPriceToDollarString
FN:97,convertPercentageToDecimal
FN:110,convertDecimalToPercentage
FNF:10
FNH:5
FNDA:49,getDineroValueFuncFromNumber
FNDA:13,getValueFromNumber
FNDA:0,getValueFromValueJSONAndMultiplier
FNDA:5,getPriceFromValueJSONAndWeight
FNDA:1,addTwoJSONValues
FNDA:1,subtractSecondJSONValueFromFirst
FNDA:0,convertDollarStringToPrice
FNDA:0,convertPriceToDollarString
FNDA:0,convertPercentageToDecimal
FNDA:0,convertDecimalToPercentage
DA:1,20
DA:2,20
DA:5,20
DA:7,20
DA:8,49
DA:9,49
DA:10,49
DA:11,26
DA:12,26
DA:14,49
DA:16,49
DA:23,20
DA:24,13
DA:25,13
DA:27,13
DA:28,13
DA:31,20
DA:32,0
DA:34,0
DA:36,0
DA:38,0
DA:39,0
DA:40,0
DA:44,20
DA:45,5
DA:46,5
DA:47,4
DA:48,4
DA:50,5
DA:51,5
DA:52,5
DA:53,5
DA:59,20
DA:60,1
DA:61,1
DA:63,1
DA:65,1
DA:66,1
DA:67,1
DA:70,20
DA:71,1
DA:72,1
DA:74,1
DA:76,1
DA:77,1
DA:78,1
DA:81,20
DA:82,0
DA:83,0
DA:89,0
DA:92,20
DA:94,0
DA:97,20
DA:98,0
DA:100,0
DA:101,0
DA:103,0
DA:105,0
DA:107,0
DA:110,20
DA:111,0
DA:114,20
LF:62
LH:45
BRDA:7,0,0,0
BRDA:10,1,0,75
BRDA:10,1,1,32
BRDA:23,2,0,13
BRDA:44,3,0,4
BRDA:46,4,0,4
BRDA:51,5,0,5
BRDA:51,5,1,0
BRDA:81,6,0,0
BRDA:82,7,0,0
BRDA:98,8,0,0
BRDA:100,9,0,0
BRDA:100,9,1,0
BRF:13
BRH:6
end_of_record
TN:
SF:src/utilities/states.js
FNF:0
FNH:0
DA:1,4
LF:1
LH:1
BRF:0
BRH:0
end_of_record
TN:
SF:src/utilities/weight-utility.ts
FN:3,(anonymous_0)
FNF:1
FNH:0
FNDA:0,(anonymous_0)
DA:1,8
DA:3,8
DA:4,0
LF:3
LH:2
BRDA:3,0,0,0
BRF:1
BRH:0
end_of_record
