<?xml version="1.0" ?>
<!DOCTYPE coverage SYSTEM "http://cobertura.sourceforge.net/xml/coverage-04.dtd">
<coverage lines-valid="4754" lines-covered="1875" line-rate="0.3944" branches-valid="1840" branches-covered="673" branch-rate="0.3657" timestamp="1664492118860" complexity="0" version="0.1">
  <sources>
    <source>/Users/brianmccann/git-repos/greenspark-aws</source>
  </sources>
  <packages>
    <package name="core-api.src" line-rate="0" branch-rate="1">
      <classes>
        <class name="index.ts" filename="core-api/src/index.ts" line-rate="0" branch-rate="1">
          <methods>
          </methods>
          <lines>
            <line number="1" hits="0" branch="false"/>
          </lines>
        </class>
      </classes>
    </package>
    <package name="core-api.src.api.mapper" line-rate="0.6168" branch-rate="0.47659999999999997">
      <classes>
        <class name="AccountMapper.ts" filename="core-api/src/api/mapper/AccountMapper.ts" line-rate="0.1666" branch-rate="1">
          <methods>
            <method name="(anonymous_0)" hits="0" signature="()V">
              <lines>
                <line number="8" hits="0"/>
              </lines>
            </method>
            <method name="(anonymous_1)" hits="0" signature="()V">
              <lines>
                <line number="19" hits="0"/>
              </lines>
            </method>
            <method name="(anonymous_2)" hits="0" signature="()V">
              <lines>
                <line number="29" hits="0"/>
              </lines>
            </method>
            <method name="(anonymous_3)" hits="0" signature="()V">
              <lines>
                <line number="36" hits="0"/>
              </lines>
            </method>
          </methods>
          <lines>
            <line number="6" hits="2" branch="false"/>
            <line number="9" hits="0" branch="false"/>
            <line number="20" hits="0" branch="false"/>
            <line number="30" hits="0" branch="false"/>
            <line number="36" hits="0" branch="false"/>
            <line number="37" hits="0" branch="false"/>
          </lines>
        </class>
        <class name="BarcodeMapper.ts" filename="core-api/src/api/mapper/BarcodeMapper.ts" line-rate="1" branch-rate="1">
          <methods>
            <method name="(anonymous_0)" hits="2" signature="()V">
              <lines>
                <line number="4" hits="2"/>
              </lines>
            </method>
            <method name="(anonymous_1)" hits="2" signature="()V">
              <lines>
                <line number="15" hits="2"/>
              </lines>
            </method>
          </methods>
          <lines>
            <line number="3" hits="2" branch="false"/>
            <line number="5" hits="2" branch="false"/>
            <line number="16" hits="2" branch="false"/>
          </lines>
        </class>
        <class name="BenchmarkMapper.ts" filename="core-api/src/api/mapper/BenchmarkMapper.ts" line-rate="1" branch-rate="1">
          <methods>
            <method name="(anonymous_0)" hits="2" signature="()V">
              <lines>
                <line number="8" hits="2"/>
              </lines>
            </method>
            <method name="(anonymous_1)" hits="2" signature="()V">
              <lines>
                <line number="10" hits="2"/>
              </lines>
            </method>
            <method name="(anonymous_2)" hits="2" signature="()V">
              <lines>
                <line number="19" hits="2"/>
              </lines>
            </method>
            <method name="(anonymous_3)" hits="30" signature="()V">
              <lines>
                <line number="23" hits="30"/>
              </lines>
            </method>
            <method name="(anonymous_4)" hits="28" signature="()V">
              <lines>
                <line number="41" hits="28"/>
              </lines>
            </method>
            <method name="(anonymous_5)" hits="28" signature="()V">
              <lines>
                <line number="46" hits="28"/>
              </lines>
            </method>
            <method name="(anonymous_6)" hits="4" signature="()V">
              <lines>
                <line number="62" hits="4"/>
              </lines>
            </method>
          </methods>
          <lines>
            <line number="1" hits="26" branch="false"/>
            <line number="3" hits="26" branch="false"/>
            <line number="7" hits="26" branch="false"/>
            <line number="9" hits="2" branch="false"/>
            <line number="10" hits="2" branch="false"/>
            <line number="20" hits="2" branch="false"/>
            <line number="24" hits="30" branch="false"/>
            <line number="42" hits="28" branch="false"/>
            <line number="44" hits="28" branch="false"/>
            <line number="46" hits="28" branch="false"/>
            <line number="63" hits="4" branch="true" condition-coverage="100% (2/2)"/>
            <line number="64" hits="4" branch="false"/>
            <line number="74" hits="4" branch="false"/>
          </lines>
        </class>
        <class name="CommodityMapper.ts" filename="core-api/src/api/mapper/CommodityMapper.ts" line-rate="1" branch-rate="1">
          <methods>
            <method name="(anonymous_0)" hits="2" signature="()V">
              <lines>
                <line number="8" hits="2"/>
              </lines>
            </method>
            <method name="(anonymous_1)" hits="2" signature="()V">
              <lines>
                <line number="9" hits="2"/>
              </lines>
            </method>
            <method name="(anonymous_2)" hits="6" signature="()V">
              <lines>
                <line number="12" hits="6"/>
              </lines>
            </method>
            <method name="(anonymous_3)" hits="8" signature="()V">
              <lines>
                <line number="35" hits="8"/>
              </lines>
            </method>
            <method name="(anonymous_4)" hits="2" signature="()V">
              <lines>
                <line number="49" hits="2"/>
              </lines>
            </method>
            <method name="(anonymous_5)" hits="2" signature="()V">
              <lines>
                <line number="61" hits="2"/>
              </lines>
            </method>
            <method name="(anonymous_6)" hits="2" signature="()V">
              <lines>
                <line number="70" hits="2"/>
              </lines>
            </method>
          </methods>
          <lines>
            <line number="1" hits="10" branch="false"/>
            <line number="3" hits="10" branch="false"/>
            <line number="7" hits="10" branch="false"/>
            <line number="9" hits="2" branch="false"/>
            <line number="13" hits="6" branch="true" condition-coverage="100% (2/2)"/>
            <line number="14" hits="6" branch="false"/>
            <line number="36" hits="8" branch="true" condition-coverage="100% (2/2)"/>
            <line number="37" hits="8" branch="true" condition-coverage="100% (2/2)"/>
            <line number="38" hits="8" branch="false"/>
            <line number="50" hits="2" branch="false"/>
            <line number="62" hits="2" branch="false"/>
            <line number="70" hits="2" branch="false"/>
            <line number="71" hits="2" branch="false"/>
          </lines>
        </class>
        <class name="ContactMapper.ts" filename="core-api/src/api/mapper/ContactMapper.ts" line-rate="1" branch-rate="1">
          <methods>
            <method name="(anonymous_0)" hits="2" signature="()V">
              <lines>
                <line number="9" hits="2"/>
              </lines>
            </method>
            <method name="(anonymous_1)" hits="2" signature="()V">
              <lines>
                <line number="12" hits="2"/>
              </lines>
            </method>
            <method name="(anonymous_2)" hits="2" signature="()V">
              <lines>
                <line number="16" hits="2"/>
              </lines>
            </method>
            <method name="(anonymous_3)" hits="8" signature="()V">
              <lines>
                <line number="20" hits="8"/>
              </lines>
            </method>
            <method name="(anonymous_4)" hits="6" signature="()V">
              <lines>
                <line number="52" hits="6"/>
              </lines>
            </method>
            <method name="(anonymous_5)" hits="8" signature="()V">
              <lines>
                <line number="90" hits="8"/>
              </lines>
            </method>
            <method name="(anonymous_6)" hits="2" signature="()V">
              <lines>
                <line number="94" hits="2"/>
              </lines>
            </method>
            <method name="(anonymous_7)" hits="12" signature="()V">
              <lines>
                <line number="97" hits="12"/>
              </lines>
            </method>
            <method name="(anonymous_8)" hits="4" signature="()V">
              <lines>
                <line number="101" hits="4"/>
              </lines>
            </method>
          </methods>
          <lines>
            <line number="3" hits="12" branch="false"/>
            <line number="8" hits="12" branch="false"/>
            <line number="10" hits="2" branch="false"/>
            <line number="13" hits="2" branch="false"/>
            <line number="17" hits="2" branch="false"/>
            <line number="21" hits="8" branch="false"/>
            <line number="53" hits="6" branch="false"/>
            <line number="91" hits="8" branch="true" condition-coverage="100% (3/3)"/>
            <line number="92" hits="6" branch="false"/>
            <line number="94" hits="2" branch="false"/>
            <line number="98" hits="12" branch="true" condition-coverage="100% (3/3)"/>
            <line number="99" hits="8" branch="false"/>
            <line number="101" hits="4" branch="false"/>
          </lines>
        </class>
        <class name="CustomerMapper.ts" filename="core-api/src/api/mapper/CustomerMapper.ts" line-rate="1" branch-rate="1">
          <methods>
            <method name="(anonymous_1)" hits="4" signature="()V">
              <lines>
                <line number="15" hits="4"/>
              </lines>
            </method>
            <method name="(anonymous_2)" hits="10" signature="()V">
              <lines>
                <line number="57" hits="10"/>
              </lines>
            </method>
            <method name="(anonymous_3)" hits="2" signature="()V">
              <lines>
                <line number="63" hits="2"/>
              </lines>
            </method>
            <method name="(anonymous_4)" hits="2" signature="()V">
              <lines>
                <line number="102" hits="2"/>
              </lines>
            </method>
            <method name="(anonymous_5)" hits="2" signature="()V">
              <lines>
                <line number="112" hits="2"/>
              </lines>
            </method>
            <method name="(anonymous_6)" hits="2" signature="()V">
              <lines>
                <line number="126" hits="2"/>
              </lines>
            </method>
            <method name="(anonymous_7)" hits="2" signature="()V">
              <lines>
                <line number="134" hits="2"/>
              </lines>
            </method>
          </methods>
          <lines>
            <line number="1" hits="10" branch="false"/>
            <line number="3" hits="10" branch="false"/>
            <line number="4" hits="10" branch="false"/>
            <line number="5" hits="10" branch="false"/>
            <line number="6" hits="10" branch="false"/>
            <line number="10" hits="10" branch="false"/>
            <line number="11" hits="10" branch="false"/>
            <line number="12" hits="10" branch="false"/>
            <line number="14" hits="10" branch="false"/>
            <line number="16" hits="4" branch="false"/>
            <line number="58" hits="10" branch="false"/>
            <line number="59" hits="10" branch="false"/>
            <line number="61" hits="10" branch="false"/>
            <line number="62" hits="2" branch="true" condition-coverage="100% (1/1)"/>
            <line number="63" hits="2" branch="false"/>
            <line number="64" hits="2" branch="true" condition-coverage="100% (1/1)"/>
            <line number="65" hits="2" branch="false"/>
            <line number="66" hits="2" branch="false"/>
            <line number="71" hits="10" branch="false"/>
            <line number="103" hits="2" branch="false"/>
            <line number="113" hits="2" branch="false"/>
            <line number="127" hits="2" branch="false"/>
            <line number="134" hits="2" branch="false"/>
            <line number="135" hits="2" branch="false"/>
          </lines>
        </class>
        <class name="FinishedGoodMapper.ts" filename="core-api/src/api/mapper/FinishedGoodMapper.ts" line-rate="1" branch-rate="1">
          <methods>
            <method name="(anonymous_0)" hits="4" signature="()V">
              <lines>
                <line number="8" hits="4"/>
              </lines>
            </method>
            <method name="(anonymous_1)" hits="4" signature="()V">
              <lines>
                <line number="34" hits="4"/>
              </lines>
            </method>
            <method name="(anonymous_2)" hits="6" signature="()V">
              <lines>
                <line number="57" hits="6"/>
              </lines>
            </method>
            <method name="(anonymous_3)" hits="6" signature="()V">
              <lines>
                <line number="62" hits="6"/>
              </lines>
            </method>
            <method name="(anonymous_4)" hits="2" signature="()V">
              <lines>
                <line number="113" hits="2"/>
              </lines>
            </method>
            <method name="(anonymous_5)" hits="2" signature="()V">
              <lines>
                <line number="121" hits="2"/>
              </lines>
            </method>
          </methods>
          <lines>
            <line number="1" hits="12" branch="false"/>
            <line number="3" hits="12" branch="false"/>
            <line number="5" hits="12" branch="false"/>
            <line number="7" hits="12" branch="false"/>
            <line number="10" hits="4" branch="false"/>
            <line number="12" hits="4" branch="true" condition-coverage="100% (2/2)"/>
            <line number="13" hits="2" branch="false"/>
            <line number="15" hits="2" branch="false"/>
            <line number="18" hits="4" branch="false"/>
            <line number="19" hits="4" branch="false"/>
            <line number="20" hits="4" branch="false"/>
            <line number="22" hits="4" branch="false"/>
            <line number="23" hits="4" branch="false"/>
            <line number="26" hits="4" branch="false"/>
            <line number="28" hits="4" branch="false"/>
            <line number="31" hits="4" branch="false"/>
            <line number="33" hits="4" branch="true" condition-coverage="100% (1/1)"/>
            <line number="34" hits="4" branch="false"/>
            <line number="35" hits="4" branch="false"/>
            <line number="36" hits="4" branch="true" condition-coverage="100% (2/2)"/>
            <line number="37" hits="2" branch="false"/>
            <line number="39" hits="2" branch="false"/>
            <line number="42" hits="4" branch="false"/>
            <line number="43" hits="4" branch="false"/>
            <line number="45" hits="4" branch="true" condition-coverage="100% (2/2)"/>
            <line number="46" hits="2" branch="false"/>
            <line number="48" hits="2" branch="false"/>
            <line number="50" hits="4" branch="false"/>
            <line number="54" hits="4" branch="false"/>
            <line number="58" hits="6" branch="false"/>
            <line number="61" hits="6" branch="true" condition-coverage="100% (1/1)"/>
            <line number="62" hits="6" branch="false"/>
            <line number="63" hits="6" branch="false"/>
            <line number="72" hits="6" branch="false"/>
            <line number="114" hits="2" branch="false"/>
            <line number="121" hits="2" branch="false"/>
            <line number="122" hits="2" branch="false"/>
          </lines>
        </class>
        <class name="InboundTicketMapper.ts" filename="core-api/src/api/mapper/InboundTicketMapper.ts" line-rate="0.5086999999999999" branch-rate="0.409">
          <methods>
            <method name="(anonymous_1)" hits="2" signature="()V">
              <lines>
                <line number="21" hits="2"/>
              </lines>
            </method>
            <method name="(anonymous_2)" hits="0" signature="()V">
              <lines>
                <line number="95" hits="0"/>
              </lines>
            </method>
            <method name="(anonymous_3)" hits="2" signature="()V">
              <lines>
                <line number="170" hits="2"/>
              </lines>
            </method>
            <method name="(anonymous_4)" hits="0" signature="()V">
              <lines>
                <line number="243" hits="0"/>
              </lines>
            </method>
            <method name="(anonymous_5)" hits="0" signature="()V">
              <lines>
                <line number="252" hits="0"/>
              </lines>
            </method>
            <method name="(anonymous_6)" hits="0" signature="()V">
              <lines>
                <line number="259" hits="0"/>
              </lines>
            </method>
            <method name="(anonymous_7)" hits="2" signature="()V">
              <lines>
                <line number="263" hits="2"/>
              </lines>
            </method>
            <method name="(anonymous_8)" hits="0" signature="()V">
              <lines>
                <line number="267" hits="0"/>
              </lines>
            </method>
          </methods>
          <lines>
            <line number="1" hits="8" branch="false"/>
            <line number="7" hits="8" branch="false"/>
            <line number="8" hits="8" branch="false"/>
            <line number="9" hits="8" branch="false"/>
            <line number="10" hits="8" branch="false"/>
            <line number="12" hits="8" branch="false"/>
            <line number="19" hits="8" branch="false"/>
            <line number="20" hits="8" branch="false"/>
            <line number="22" hits="2" branch="false"/>
            <line number="23" hits="2" branch="false"/>
            <line number="24" hits="2" branch="true" condition-coverage="100% (3/3)"/>
            <line number="25" hits="2" branch="false"/>
            <line number="28" hits="2" branch="false"/>
            <line number="29" hits="2" branch="true" condition-coverage="66.66666666666666% (2/3)"/>
            <line number="30" hits="0" branch="false"/>
            <line number="37" hits="2" branch="false"/>
            <line number="38" hits="2" branch="true" condition-coverage="0% (0/1)"/>
            <line number="39" hits="0" branch="false"/>
            <line number="41" hits="2" branch="false"/>
            <line number="42" hits="2" branch="true" condition-coverage="100% (3/3)"/>
            <line number="43" hits="2" branch="false"/>
            <line number="48" hits="2" branch="false"/>
            <line number="96" hits="0" branch="false"/>
            <line number="97" hits="0" branch="true" condition-coverage="0% (0/1)"/>
            <line number="98" hits="0" branch="false"/>
            <line number="100" hits="0" branch="false"/>
            <line number="102" hits="0" branch="true" condition-coverage="0% (0/3)"/>
            <line number="103" hits="0" branch="false"/>
            <line number="110" hits="0" branch="false"/>
            <line number="111" hits="0" branch="true" condition-coverage="0% (0/1)"/>
            <line number="112" hits="0" branch="false"/>
            <line number="115" hits="0" branch="false"/>
            <line number="116" hits="0" branch="true" condition-coverage="0% (0/3)"/>
            <line number="117" hits="0" branch="false"/>
            <line number="123" hits="0" branch="false"/>
            <line number="172" hits="2" branch="false"/>
            <line number="173" hits="2" branch="false"/>
            <line number="175" hits="2" branch="false"/>
            <line number="176" hits="2" branch="true" condition-coverage="0% (0/1)"/>
            <line number="177" hits="0" branch="false"/>
            <line number="180" hits="2" branch="false"/>
            <line number="244" hits="0" branch="false"/>
            <line number="253" hits="0" branch="false"/>
            <line number="259" hits="0" branch="false"/>
            <line number="260" hits="0" branch="false"/>
            <line number="264" hits="2" branch="false"/>
            <line number="266" hits="2" branch="true" condition-coverage="100% (1/1)"/>
            <line number="267" hits="2" branch="false"/>
            <line number="268" hits="0" branch="false"/>
            <line number="269" hits="0" branch="true" condition-coverage="0% (0/2)"/>
            <line number="270" hits="0" branch="false"/>
            <line number="272" hits="0" branch="false"/>
            <line number="275" hits="0" branch="false"/>
            <line number="276" hits="0" branch="false"/>
            <line number="277" hits="0" branch="false"/>
            <line number="279" hits="0" branch="false"/>
            <line number="283" hits="2" branch="false"/>
          </lines>
        </class>
        <class name="InvoiceMapper.ts" filename="core-api/src/api/mapper/InvoiceMapper.ts" line-rate="0.4" branch-rate="1">
          <methods>
            <method name="(anonymous_0)" hits="0" signature="()V">
              <lines>
                <line number="6" hits="0"/>
              </lines>
            </method>
            <method name="(anonymous_1)" hits="0" signature="()V">
              <lines>
                <line number="38" hits="0"/>
              </lines>
            </method>
          </methods>
          <lines>
            <line number="1" hits="4" branch="false"/>
            <line number="5" hits="4" branch="false"/>
            <line number="11" hits="0" branch="false"/>
            <line number="12" hits="0" branch="false"/>
            <line number="40" hits="0" branch="false"/>
          </lines>
        </class>
        <class name="InvoicePaymentMapper.ts" filename="core-api/src/api/mapper/InvoicePaymentMapper.ts" line-rate="0.2857" branch-rate="1">
          <methods>
            <method name="(anonymous_0)" hits="0" signature="()V">
              <lines>
                <line number="7" hits="0"/>
              </lines>
            </method>
            <method name="(anonymous_1)" hits="0" signature="()V">
              <lines>
                <line number="29" hits="0"/>
              </lines>
            </method>
            <method name="(anonymous_2)" hits="0" signature="()V">
              <lines>
                <line number="43" hits="0"/>
              </lines>
            </method>
            <method name="(anonymous_3)" hits="0" signature="()V">
              <lines>
                <line number="50" hits="0"/>
              </lines>
            </method>
          </methods>
          <lines>
            <line number="3" hits="2" branch="false"/>
            <line number="6" hits="2" branch="false"/>
            <line number="13" hits="0" branch="false"/>
            <line number="30" hits="0" branch="false"/>
            <line number="44" hits="0" branch="false"/>
            <line number="50" hits="0" branch="false"/>
            <line number="51" hits="0" branch="false"/>
          </lines>
        </class>
        <class name="LocationMapper.ts" filename="core-api/src/api/mapper/LocationMapper.ts" line-rate="0.6153" branch-rate="0.75">
          <methods>
            <method name="(anonymous_0)" hits="0" signature="()V">
              <lines>
                <line number="9" hits="0"/>
              </lines>
            </method>
            <method name="(anonymous_1)" hits="0" signature="()V">
              <lines>
                <line number="13" hits="0"/>
              </lines>
            </method>
            <method name="(anonymous_2)" hits="2" signature="()V">
              <lines>
                <line number="17" hits="2"/>
              </lines>
            </method>
            <method name="(anonymous_3)" hits="0" signature="()V">
              <lines>
                <line number="33" hits="0"/>
              </lines>
            </method>
            <method name="(anonymous_4)" hits="0" signature="()V">
              <lines>
                <line number="37" hits="0"/>
              </lines>
            </method>
            <method name="(anonymous_5)" hits="4" signature="()V">
              <lines>
                <line number="58" hits="4"/>
              </lines>
            </method>
            <method name="(anonymous_6)" hits="0" signature="()V">
              <lines>
                <line number="62" hits="0"/>
              </lines>
            </method>
            <method name="(anonymous_7)" hits="10" signature="()V">
              <lines>
                <line number="65" hits="10"/>
              </lines>
            </method>
            <method name="(anonymous_8)" hits="2" signature="()V">
              <lines>
                <line number="69" hits="2"/>
              </lines>
            </method>
          </methods>
          <lines>
            <line number="3" hits="10" branch="false"/>
            <line number="7" hits="10" branch="false"/>
            <line number="10" hits="0" branch="false"/>
            <line number="14" hits="0" branch="false"/>
            <line number="18" hits="2" branch="false"/>
            <line number="34" hits="0" branch="false"/>
            <line number="38" hits="0" branch="false"/>
            <line number="59" hits="4" branch="true" condition-coverage="100% (3/3)"/>
            <line number="60" hits="4" branch="false"/>
            <line number="62" hits="0" branch="false"/>
            <line number="66" hits="10" branch="true" condition-coverage="100% (3/3)"/>
            <line number="67" hits="8" branch="false"/>
            <line number="69" hits="2" branch="false"/>
          </lines>
        </class>
        <class name="MaterialMapper.ts" filename="core-api/src/api/mapper/MaterialMapper.ts" line-rate="0.5" branch-rate="0.3188">
          <methods>
            <method name="(anonymous_1)" hits="8" signature="()V">
              <lines>
                <line number="16" hits="8"/>
              </lines>
            </method>
            <method name="(anonymous_2)" hits="0" signature="()V">
              <lines>
                <line number="27" hits="0"/>
              </lines>
            </method>
            <method name="(anonymous_3)" hits="0" signature="()V">
              <lines>
                <line number="29" hits="0"/>
              </lines>
            </method>
            <method name="(anonymous_4)" hits="0" signature="()V">
              <lines>
                <line number="32" hits="0"/>
              </lines>
            </method>
            <method name="(anonymous_5)" hits="28" signature="()V">
              <lines>
                <line number="83" hits="28"/>
              </lines>
            </method>
            <method name="(anonymous_6)" hits="0" signature="()V">
              <lines>
                <line number="163" hits="0"/>
              </lines>
            </method>
            <method name="(anonymous_7)" hits="22" signature="()V">
              <lines>
                <line number="172" hits="22"/>
              </lines>
            </method>
            <method name="(anonymous_8)" hits="26" signature="()V">
              <lines>
                <line number="173" hits="26"/>
              </lines>
            </method>
            <method name="(anonymous_9)" hits="0" signature="()V">
              <lines>
                <line number="177" hits="0"/>
              </lines>
            </method>
            <method name="(anonymous_10)" hits="0" signature="()V">
              <lines>
                <line number="184" hits="0"/>
              </lines>
            </method>
          </methods>
          <lines>
            <line number="1" hits="14" branch="false"/>
            <line number="10" hits="14" branch="false"/>
            <line number="11" hits="14" branch="false"/>
            <line number="14" hits="14" branch="false"/>
            <line number="16" hits="14" branch="false"/>
            <line number="17" hits="8" branch="false"/>
            <line number="19" hits="8" branch="true" condition-coverage="100% (1/1)"/>
            <line number="20" hits="2" branch="false"/>
            <line number="23" hits="8" branch="false"/>
            <line number="26" hits="14" branch="false"/>
            <line number="29" hits="0" branch="false"/>
            <line number="33" hits="0" branch="true" condition-coverage="0% (0/2)"/>
            <line number="34" hits="0" branch="false"/>
            <line number="35" hits="0" branch="true" condition-coverage="0% (0/4)"/>
            <line number="37" hits="0" branch="false"/>
            <line number="40" hits="0" branch="true" condition-coverage="0% (0/8)"/>
            <line number="42" hits="0" branch="false"/>
            <line number="43" hits="0" branch="true" condition-coverage="0% (0/4)"/>
            <line number="45" hits="0" branch="false"/>
            <line number="48" hits="0" branch="true" condition-coverage="0% (0/8)"/>
            <line number="51" hits="0" branch="false"/>
            <line number="53" hits="0" branch="false"/>
            <line number="84" hits="28" branch="false"/>
            <line number="86" hits="28" branch="false"/>
            <line number="92" hits="28" branch="true" condition-coverage="50% (1/2)"/>
            <line number="93" hits="0" branch="false"/>
            <line number="100" hits="28" branch="false"/>
            <line number="108" hits="28" branch="false"/>
            <line number="164" hits="0" branch="false"/>
            <line number="173" hits="26" branch="false"/>
            <line number="174" hits="22" branch="false"/>
            <line number="178" hits="0" branch="false"/>
            <line number="184" hits="0" branch="false"/>
            <line number="185" hits="0" branch="false"/>
          </lines>
        </class>
        <class name="MaterialTypeMapper.ts" filename="core-api/src/api/mapper/MaterialTypeMapper.ts" line-rate="0.3846" branch-rate="1">
          <methods>
            <method name="(anonymous_0)" hits="0" signature="()V">
              <lines>
                <line number="9" hits="0"/>
              </lines>
            </method>
            <method name="(anonymous_1)" hits="0" signature="()V">
              <lines>
                <line number="10" hits="0"/>
              </lines>
            </method>
            <method name="(anonymous_2)" hits="28" signature="()V">
              <lines>
                <line number="13" hits="28"/>
              </lines>
            </method>
            <method name="(anonymous_3)" hits="0" signature="()V">
              <lines>
                <line number="44" hits="0"/>
              </lines>
            </method>
            <method name="(anonymous_4)" hits="0" signature="()V">
              <lines>
                <line number="52" hits="0"/>
              </lines>
            </method>
            <method name="(anonymous_5)" hits="0" signature="()V">
              <lines>
                <line number="57" hits="0"/>
              </lines>
            </method>
            <method name="(anonymous_6)" hits="0" signature="()V">
              <lines>
                <line number="67" hits="0"/>
              </lines>
            </method>
          </methods>
          <lines>
            <line number="1" hits="22" branch="false"/>
            <line number="3" hits="22" branch="false"/>
            <line number="7" hits="22" branch="false"/>
            <line number="10" hits="0" branch="false"/>
            <line number="15" hits="28" branch="true" condition-coverage="100% (1/1)"/>
            <line number="16" hits="28" branch="false"/>
            <line number="38" hits="0" branch="false"/>
            <line number="45" hits="0" branch="false"/>
            <line number="52" hits="0" branch="false"/>
            <line number="53" hits="0" branch="false"/>
            <line number="54" hits="0" branch="false"/>
            <line number="58" hits="0" branch="false"/>
            <line number="68" hits="0" branch="false"/>
          </lines>
        </class>
        <class name="OrganizationMapper.ts" filename="core-api/src/api/mapper/OrganizationMapper.ts" line-rate="0.2666" branch-rate="0">
          <methods>
            <method name="(anonymous_1)" hits="0" signature="()V">
              <lines>
                <line number="15" hits="0"/>
              </lines>
            </method>
            <method name="(anonymous_2)" hits="0" signature="()V">
              <lines>
                <line number="23" hits="0"/>
              </lines>
            </method>
            <method name="(anonymous_3)" hits="0" signature="()V">
              <lines>
                <line number="27" hits="0"/>
              </lines>
            </method>
            <method name="(anonymous_4)" hits="0" signature="()V">
              <lines>
                <line number="39" hits="0"/>
              </lines>
            </method>
            <method name="(anonymous_5)" hits="0" signature="()V">
              <lines>
                <line number="49" hits="0"/>
              </lines>
            </method>
            <method name="(anonymous_6)" hits="0" signature="()V">
              <lines>
                <line number="59" hits="0"/>
              </lines>
            </method>
            <method name="(anonymous_7)" hits="0" signature="()V">
              <lines>
                <line number="63" hits="0"/>
              </lines>
            </method>
          </methods>
          <lines>
            <line number="4" hits="4" branch="false"/>
            <line number="6" hits="4" branch="false"/>
            <line number="9" hits="4" branch="false"/>
            <line number="10" hits="4" branch="false"/>
            <line number="16" hits="0" branch="false"/>
            <line number="23" hits="0" branch="false"/>
            <line number="24" hits="0" branch="false"/>
            <line number="28" hits="0" branch="false"/>
            <line number="40" hits="0" branch="false"/>
            <line number="50" hits="0" branch="false"/>
            <line number="59" hits="0" branch="false"/>
            <line number="60" hits="0" branch="true" condition-coverage="0% (0/2)"/>
            <line number="61" hits="0" branch="false"/>
            <line number="63" hits="0" branch="false"/>
            <line number="64" hits="0" branch="false"/>
          </lines>
        </class>
        <class name="OutboundTicketMapper.ts" filename="core-api/src/api/mapper/OutboundTicketMapper.ts" line-rate="0.07139999999999999" branch-rate="0">
          <methods>
            <method name="(anonymous_0)" hits="0" signature="()V">
              <lines>
                <line number="12" hits="0"/>
              </lines>
            </method>
            <method name="(anonymous_1)" hits="0" signature="()V">
              <lines>
                <line number="37" hits="0"/>
              </lines>
            </method>
            <method name="(anonymous_2)" hits="0" signature="()V">
              <lines>
                <line number="47" hits="0"/>
              </lines>
            </method>
            <method name="(anonymous_3)" hits="0" signature="()V">
              <lines>
                <line number="63" hits="0"/>
              </lines>
            </method>
            <method name="(anonymous_4)" hits="0" signature="()V">
              <lines>
                <line number="71" hits="0"/>
              </lines>
            </method>
            <method name="(anonymous_5)" hits="0" signature="()V">
              <lines>
                <line number="121" hits="0"/>
              </lines>
            </method>
            <method name="(anonymous_6)" hits="0" signature="()V">
              <lines>
                <line number="130" hits="0"/>
              </lines>
            </method>
            <method name="(anonymous_7)" hits="0" signature="()V">
              <lines>
                <line number="137" hits="0"/>
              </lines>
            </method>
          </methods>
          <lines>
            <line number="1" hits="4" branch="false"/>
            <line number="9" hits="4" branch="false"/>
            <line number="11" hits="4" branch="false"/>
            <line number="13" hits="0" branch="false"/>
            <line number="15" hits="0" branch="true" condition-coverage="0% (0/1)"/>
            <line number="16" hits="0" branch="false"/>
            <line number="19" hits="0" branch="false"/>
            <line number="20" hits="0" branch="true" condition-coverage="0% (0/1)"/>
            <line number="21" hits="0" branch="false"/>
            <line number="24" hits="0" branch="false"/>
            <line number="25" hits="0" branch="false"/>
            <line number="26" hits="0" branch="false"/>
            <line number="28" hits="0" branch="true" condition-coverage="0% (0/5)"/>
            <line number="29" hits="0" branch="false"/>
            <line number="32" hits="0" branch="false"/>
            <line number="34" hits="0" branch="false"/>
            <line number="39" hits="0" branch="false"/>
            <line number="41" hits="0" branch="true" condition-coverage="0% (0/1)"/>
            <line number="42" hits="0" branch="false"/>
            <line number="46" hits="0" branch="true" condition-coverage="0% (0/1)"/>
            <line number="47" hits="0" branch="false"/>
            <line number="48" hits="0" branch="false"/>
            <line number="61" hits="0" branch="false"/>
            <line number="62" hits="0" branch="true" condition-coverage="0% (0/1)"/>
            <line number="63" hits="0" branch="false"/>
            <line number="64" hits="0" branch="false"/>
            <line number="69" hits="0" branch="true" condition-coverage="0% (0/1)"/>
            <line number="71" hits="0" branch="false"/>
            <line number="72" hits="0" branch="false"/>
            <line number="85" hits="0" branch="false"/>
            <line number="89" hits="0" branch="false"/>
            <line number="90" hits="0" branch="true" condition-coverage="0% (0/1)"/>
            <line number="91" hits="0" branch="false"/>
            <line number="92" hits="0" branch="false"/>
            <line number="95" hits="0" branch="false"/>
            <line number="96" hits="0" branch="true" condition-coverage="0% (0/1)"/>
            <line number="97" hits="0" branch="false"/>
            <line number="100" hits="0" branch="false"/>
            <line number="122" hits="0" branch="false"/>
            <line number="131" hits="0" branch="false"/>
            <line number="137" hits="0" branch="false"/>
            <line number="138" hits="0" branch="false"/>
          </lines>
        </class>
        <class name="PackingListMapper.ts" filename="core-api/src/api/mapper/PackingListMapper.ts" line-rate="0.1052" branch-rate="0">
          <methods>
            <method name="(anonymous_1)" hits="0" signature="()V">
              <lines>
                <line number="9" hits="0"/>
              </lines>
            </method>
            <method name="(anonymous_2)" hits="0" signature="()V">
              <lines>
                <line number="33" hits="0"/>
              </lines>
            </method>
            <method name="(anonymous_3)" hits="0" signature="()V">
              <lines>
                <line number="56" hits="0"/>
              </lines>
            </method>
            <method name="(anonymous_4)" hits="0" signature="()V">
              <lines>
                <line number="60" hits="0"/>
              </lines>
            </method>
            <method name="(anonymous_5)" hits="0" signature="()V">
              <lines>
                <line number="67" hits="0"/>
              </lines>
            </method>
            <method name="(anonymous_6)" hits="0" signature="()V">
              <lines>
                <line number="84" hits="0"/>
              </lines>
            </method>
            <method name="(anonymous_7)" hits="0" signature="()V">
              <lines>
                <line number="89" hits="0"/>
              </lines>
            </method>
            <method name="(anonymous_8)" hits="0" signature="()V">
              <lines>
                <line number="98" hits="0"/>
              </lines>
            </method>
            <method name="(anonymous_9)" hits="0" signature="()V">
              <lines>
                <line number="105" hits="0"/>
              </lines>
            </method>
          </methods>
          <lines>
            <line number="3" hits="6" branch="false"/>
            <line number="4" hits="6" branch="false"/>
            <line number="6" hits="6" branch="false"/>
            <line number="8" hits="6" branch="false"/>
            <line number="15" hits="0" branch="false"/>
            <line number="17" hits="0" branch="true" condition-coverage="0% (0/2)"/>
            <line number="18" hits="0" branch="false"/>
            <line number="20" hits="0" branch="false"/>
            <line number="23" hits="0" branch="false"/>
            <line number="25" hits="0" branch="false"/>
            <line number="27" hits="0" branch="false"/>
            <line number="30" hits="0" branch="false"/>
            <line number="32" hits="0" branch="true" condition-coverage="0% (0/1)"/>
            <line number="33" hits="0" branch="false"/>
            <line number="34" hits="0" branch="false"/>
            <line number="35" hits="0" branch="true" condition-coverage="0% (0/2)"/>
            <line number="36" hits="0" branch="false"/>
            <line number="38" hits="0" branch="false"/>
            <line number="41" hits="0" branch="false"/>
            <line number="42" hits="0" branch="false"/>
            <line number="44" hits="0" branch="true" condition-coverage="0% (0/2)"/>
            <line number="45" hits="0" branch="false"/>
            <line number="47" hits="0" branch="false"/>
            <line number="49" hits="0" branch="false"/>
            <line number="53" hits="0" branch="false"/>
            <line number="57" hits="0" branch="false"/>
            <line number="59" hits="0" branch="true" condition-coverage="0% (0/1)"/>
            <line number="60" hits="0" branch="false"/>
            <line number="61" hits="0" branch="false"/>
            <line number="66" hits="0" branch="true" condition-coverage="0% (0/1)"/>
            <line number="67" hits="0" branch="false"/>
            <line number="68" hits="0" branch="false"/>
            <line number="77" hits="0" branch="false"/>
            <line number="84" hits="0" branch="false"/>
            <line number="90" hits="0" branch="false"/>
            <line number="99" hits="0" branch="false"/>
            <line number="105" hits="0" branch="false"/>
            <line number="106" hits="0" branch="false"/>
          </lines>
        </class>
        <class name="PaymentsMapper.ts" filename="core-api/src/api/mapper/PaymentsMapper.ts" line-rate="0.5" branch-rate="0">
          <methods>
            <method name="(anonymous_0)" hits="0" signature="()V">
              <lines>
                <line number="7" hits="0"/>
              </lines>
            </method>
            <method name="(anonymous_1)" hits="0" signature="()V">
              <lines>
                <line number="35" hits="0"/>
              </lines>
            </method>
            <method name="(anonymous_2)" hits="0" signature="()V">
              <lines>
                <line number="58" hits="0"/>
              </lines>
            </method>
            <method name="(anonymous_3)" hits="2" signature="()V">
              <lines>
                <line number="76" hits="2"/>
              </lines>
            </method>
            <method name="(anonymous_4)" hits="0" signature="()V">
              <lines>
                <line number="78" hits="0"/>
              </lines>
            </method>
          </methods>
          <lines>
            <line number="1" hits="2" branch="false"/>
            <line number="2" hits="2" branch="false"/>
            <line number="6" hits="2" branch="false"/>
            <line number="11" hits="0" branch="false"/>
            <line number="12" hits="0" branch="false"/>
            <line number="37" hits="0" branch="false"/>
            <line number="60" hits="0" branch="false"/>
            <line number="78" hits="2" branch="false"/>
          </lines>
        </class>
        <class name="PriceEntryMapper.ts" filename="core-api/src/api/mapper/PriceEntryMapper.ts" line-rate="0.9647" branch-rate="0.8108">
          <methods>
            <method name="(anonymous_1)" hits="12" signature="()V">
              <lines>
                <line number="19" hits="12"/>
              </lines>
            </method>
            <method name="(anonymous_2)" hits="36" signature="()V">
              <lines>
                <line number="27" hits="36"/>
              </lines>
            </method>
            <method name="(anonymous_3)" hits="36" signature="()V">
              <lines>
                <line number="28" hits="36"/>
              </lines>
            </method>
            <method name="(anonymous_4)" hits="18" signature="()V">
              <lines>
                <line number="29" hits="18"/>
              </lines>
            </method>
            <method name="(anonymous_5)" hits="26" signature="()V">
              <lines>
                <line number="31" hits="26"/>
              </lines>
            </method>
            <method name="(anonymous_6)" hits="8" signature="()V">
              <lines>
                <line number="38" hits="8"/>
              </lines>
            </method>
            <method name="(anonymous_7)" hits="20" signature="()V">
              <lines>
                <line number="43" hits="20"/>
              </lines>
            </method>
            <method name="(anonymous_8)" hits="70" signature="()V">
              <lines>
                <line number="52" hits="70"/>
              </lines>
            </method>
            <method name="(anonymous_9)" hits="70" signature="()V">
              <lines>
                <line number="105" hits="70"/>
              </lines>
            </method>
            <method name="(anonymous_10)" hits="32" signature="()V">
              <lines>
                <line number="133" hits="32"/>
              </lines>
            </method>
            <method name="(anonymous_11)" hits="22" signature="()V">
              <lines>
                <line number="173" hits="22"/>
              </lines>
            </method>
            <method name="(anonymous_12)" hits="2" signature="()V">
              <lines>
                <line number="203" hits="2"/>
              </lines>
            </method>
          </methods>
          <lines>
            <line number="1" hits="22" branch="false"/>
            <line number="9" hits="22" branch="false"/>
            <line number="11" hits="22" branch="false"/>
            <line number="12" hits="22" branch="false"/>
            <line number="13" hits="22" branch="false"/>
            <line number="16" hits="22" branch="false"/>
            <line number="17" hits="22" branch="false"/>
            <line number="20" hits="12" branch="false"/>
            <line number="27" hits="36" branch="false"/>
            <line number="28" hits="36" branch="false"/>
            <line number="29" hits="18" branch="false"/>
            <line number="30" hits="12" branch="false"/>
            <line number="31" hits="26" branch="false"/>
            <line number="32" hits="18" branch="true" condition-coverage="100% (2/2)"/>
            <line number="33" hits="10" branch="false"/>
            <line number="35" hits="8" branch="false"/>
            <line number="38" hits="12" branch="false"/>
            <line number="39" hits="12" branch="false"/>
            <line number="40" hits="12" branch="false"/>
            <line number="44" hits="20" branch="false"/>
            <line number="45" hits="20" branch="false"/>
            <line number="46" hits="20" branch="false"/>
            <line number="47" hits="20" branch="false"/>
            <line number="48" hits="20" branch="false"/>
            <line number="49" hits="20" branch="false"/>
            <line number="53" hits="70" branch="false"/>
            <line number="59" hits="70" branch="true" condition-coverage="100% (2/2)"/>
            <line number="65" hits="70" branch="true" condition-coverage="100% (2/2)"/>
            <line number="72" hits="70" branch="true" condition-coverage="100% (2/2)"/>
            <line number="74" hits="70" branch="true" condition-coverage="100% (3/3)"/>
            <line number="76" hits="12" branch="false"/>
            <line number="77" hits="12" branch="false"/>
            <line number="78" hits="12" branch="false"/>
            <line number="79" hits="12" branch="false"/>
            <line number="80" hits="12" branch="false"/>
            <line number="81" hits="12" branch="false"/>
            <line number="82" hits="12" branch="false"/>
            <line number="83" hits="12" branch="false"/>
            <line number="86" hits="70" branch="false"/>
            <line number="106" hits="70" branch="true" condition-coverage="0% (0/1)"/>
            <line number="107" hits="0" branch="false"/>
            <line number="109" hits="70" branch="false"/>
            <line number="110" hits="70" branch="false"/>
            <line number="125" hits="70" branch="true" condition-coverage="100% (2/2)"/>
            <line number="126" hits="36" branch="false"/>
            <line number="128" hits="34" branch="false"/>
            <line number="130" hits="70" branch="false"/>
            <line number="134" hits="32" branch="false"/>
            <line number="135" hits="32" branch="false"/>
            <line number="136" hits="32" branch="false"/>
            <line number="137" hits="32" branch="false"/>
            <line number="138" hits="32" branch="true" condition-coverage="0% (0/1)"/>
            <line number="139" hits="0" branch="false"/>
            <line number="141" hits="0" branch="false"/>
            <line number="144" hits="32" branch="false"/>
            <line number="174" hits="22" branch="false"/>
            <line number="175" hits="22" branch="false"/>
            <line number="176" hits="22" branch="true" condition-coverage="100% (1/1)"/>
            <line number="177" hits="16" branch="false"/>
            <line number="178" hits="16" branch="false"/>
            <line number="179" hits="16" branch="false"/>
            <line number="180" hits="16" branch="false"/>
            <line number="181" hits="16" branch="false"/>
            <line number="182" hits="16" branch="false"/>
            <line number="183" hits="16" branch="false"/>
            <line number="184" hits="16" branch="false"/>
            <line number="185" hits="16" branch="false"/>
            <line number="186" hits="16" branch="false"/>
            <line number="188" hits="22" branch="true" condition-coverage="100% (1/1)"/>
            <line number="189" hits="16" branch="false"/>
            <line number="190" hits="16" branch="false"/>
            <line number="191" hits="16" branch="false"/>
            <line number="192" hits="16" branch="false"/>
            <line number="193" hits="16" branch="false"/>
            <line number="194" hits="16" branch="false"/>
            <line number="195" hits="16" branch="false"/>
            <line number="196" hits="16" branch="false"/>
            <line number="197" hits="16" branch="false"/>
            <line number="198" hits="16" branch="false"/>
            <line number="200" hits="22" branch="false"/>
            <line number="204" hits="2" branch="false"/>
            <line number="205" hits="2" branch="false"/>
            <line number="206" hits="6" branch="false"/>
            <line number="207" hits="6" branch="false"/>
            <line number="209" hits="2" branch="false"/>
          </lines>
        </class>
        <class name="PriceSheetMapper.ts" filename="core-api/src/api/mapper/PriceSheetMapper.ts" line-rate="0.9523" branch-rate="1">
          <methods>
            <method name="(anonymous_1)" hits="0" signature="()V">
              <lines>
                <line number="19" hits="0"/>
              </lines>
            </method>
            <method name="(anonymous_2)" hits="0" signature="()V">
              <lines>
                <line number="20" hits="0"/>
              </lines>
            </method>
            <method name="(anonymous_3)" hits="8" signature="()V">
              <lines>
                <line number="23" hits="8"/>
              </lines>
            </method>
            <method name="(anonymous_4)" hits="2" signature="()V">
              <lines>
                <line number="29" hits="2"/>
              </lines>
            </method>
            <method name="(anonymous_5)" hits="4" signature="()V">
              <lines>
                <line number="37" hits="4"/>
              </lines>
            </method>
            <method name="(anonymous_6)" hits="2" signature="()V">
              <lines>
                <line number="41" hits="2"/>
              </lines>
            </method>
            <method name="(anonymous_7)" hits="4" signature="()V">
              <lines>
                <line number="49" hits="4"/>
              </lines>
            </method>
            <method name="(anonymous_8)" hits="6" signature="()V">
              <lines>
                <line number="53" hits="6"/>
              </lines>
            </method>
            <method name="(anonymous_9)" hits="2" signature="()V">
              <lines>
                <line number="64" hits="2"/>
              </lines>
            </method>
          </methods>
          <lines>
            <line number="8" hits="20" branch="false"/>
            <line number="9" hits="20" branch="false"/>
            <line number="11" hits="20" branch="false"/>
            <line number="14" hits="20" branch="false"/>
            <line number="15" hits="20" branch="false"/>
            <line number="17" hits="20" branch="false"/>
            <line number="20" hits="0" branch="false"/>
            <line number="24" hits="8" branch="false"/>
            <line number="30" hits="2" branch="false"/>
            <line number="37" hits="4" branch="false"/>
            <line number="38" hits="2" branch="false"/>
            <line number="42" hits="2" branch="false"/>
            <line number="49" hits="4" branch="false"/>
            <line number="50" hits="2" branch="false"/>
            <line number="54" hits="6" branch="false"/>
            <line number="55" hits="6" branch="false"/>
            <line number="65" hits="2" branch="false"/>
            <line number="66" hits="2" branch="false"/>
            <line number="67" hits="6" branch="false"/>
            <line number="68" hits="6" branch="false"/>
            <line number="70" hits="2" branch="false"/>
          </lines>
        </class>
        <class name="PurchaseOrderDetailsMapper.ts" filename="core-api/src/api/mapper/PurchaseOrderDetailsMapper.ts" line-rate="0.4" branch-rate="0">
          <methods>
            <method name="(anonymous_0)" hits="0" signature="()V">
              <lines>
                <line number="6" hits="0"/>
              </lines>
            </method>
            <method name="(anonymous_1)" hits="0" signature="()V">
              <lines>
                <line number="20" hits="0"/>
              </lines>
            </method>
          </methods>
          <lines>
            <line number="2" hits="6" branch="false"/>
            <line number="5" hits="6" branch="false"/>
            <line number="9" hits="0" branch="false"/>
            <line number="10" hits="0" branch="false"/>
            <line number="22" hits="0" branch="false"/>
          </lines>
        </class>
        <class name="PurchaseOrderMapper.ts" filename="core-api/src/api/mapper/PurchaseOrderMapper.ts" line-rate="0.1818" branch-rate="0">
          <methods>
            <method name="(anonymous_0)" hits="0" signature="()V">
              <lines>
                <line number="11" hits="0"/>
              </lines>
            </method>
            <method name="(anonymous_1)" hits="0" signature="()V">
              <lines>
                <line number="39" hits="0"/>
              </lines>
            </method>
            <method name="(anonymous_2)" hits="0" signature="()V">
              <lines>
                <line number="65" hits="0"/>
              </lines>
            </method>
            <method name="(anonymous_3)" hits="0" signature="()V">
              <lines>
                <line number="76" hits="0"/>
              </lines>
            </method>
            <method name="(anonymous_4)" hits="0" signature="()V">
              <lines>
                <line number="85" hits="0"/>
              </lines>
            </method>
            <method name="(anonymous_5)" hits="0" signature="()V">
              <lines>
                <line number="91" hits="0"/>
              </lines>
            </method>
          </methods>
          <lines>
            <line number="7" hits="6" branch="false"/>
            <line number="10" hits="6" branch="false"/>
            <line number="16" hits="0" branch="false"/>
            <line number="17" hits="0" branch="false"/>
            <line number="42" hits="0" branch="false"/>
            <line number="68" hits="0" branch="false"/>
            <line number="79" hits="0" branch="false"/>
            <line number="85" hits="0" branch="false"/>
            <line number="86" hits="0" branch="false"/>
            <line number="88" hits="0" branch="false"/>
            <line number="93" hits="0" branch="false"/>
          </lines>
        </class>
        <class name="RegradeMapper.ts" filename="core-api/src/api/mapper/RegradeMapper.ts" line-rate="0.8946999999999999" branch-rate="0.6666">
          <methods>
            <method name="(anonymous_1)" hits="10" signature="()V">
              <lines>
                <line number="11" hits="10"/>
              </lines>
            </method>
            <method name="(anonymous_2)" hits="6" signature="()V">
              <lines>
                <line number="19" hits="6"/>
              </lines>
            </method>
            <method name="(anonymous_3)" hits="16" signature="()V">
              <lines>
                <line number="27" hits="16"/>
              </lines>
            </method>
            <method name="(anonymous_4)" hits="10" signature="()V">
              <lines>
                <line number="29" hits="10"/>
              </lines>
            </method>
            <method name="(anonymous_5)" hits="0" signature="()V">
              <lines>
                <line number="52" hits="0"/>
              </lines>
            </method>
            <method name="(anonymous_6)" hits="2" signature="()V">
              <lines>
                <line number="55" hits="2"/>
              </lines>
            </method>
            <method name="(anonymous_7)" hits="0" signature="()V">
              <lines>
                <line number="64" hits="0"/>
              </lines>
            </method>
          </methods>
          <lines>
            <line number="5" hits="4" branch="false"/>
            <line number="6" hits="4" branch="false"/>
            <line number="9" hits="4" branch="false"/>
            <line number="13" hits="10" branch="false"/>
            <line number="14" hits="10" branch="false"/>
            <line number="19" hits="10" branch="false"/>
            <line number="20" hits="6" branch="true" condition-coverage="100% (1/1)"/>
            <line number="22" hits="4" branch="false"/>
            <line number="24" hits="2" branch="false"/>
            <line number="27" hits="16" branch="false"/>
            <line number="28" hits="10" branch="false"/>
            <line number="29" hits="10" branch="false"/>
            <line number="30" hits="10" branch="false"/>
            <line number="37" hits="10" branch="false"/>
            <line number="38" hits="10" branch="false"/>
            <line number="40" hits="10" branch="false"/>
            <line number="53" hits="0" branch="false"/>
            <line number="56" hits="2" branch="false"/>
            <line number="65" hits="0" branch="false"/>
          </lines>
        </class>
        <class name="SalesOrderDetailsMapper.ts" filename="core-api/src/api/mapper/SalesOrderDetailsMapper.ts" line-rate="0.4" branch-rate="0">
          <methods>
            <method name="(anonymous_0)" hits="0" signature="()V">
              <lines>
                <line number="6" hits="0"/>
              </lines>
            </method>
            <method name="(anonymous_1)" hits="0" signature="()V">
              <lines>
                <line number="21" hits="0"/>
              </lines>
            </method>
          </methods>
          <lines>
            <line number="2" hits="4" branch="false"/>
            <line number="5" hits="4" branch="false"/>
            <line number="9" hits="0" branch="false"/>
            <line number="10" hits="0" branch="false"/>
            <line number="23" hits="0" branch="false"/>
          </lines>
        </class>
        <class name="SalesOrderMapper.ts" filename="core-api/src/api/mapper/SalesOrderMapper.ts" line-rate="0.1818" branch-rate="0">
          <methods>
            <method name="(anonymous_0)" hits="0" signature="()V">
              <lines>
                <line number="7" hits="0"/>
              </lines>
            </method>
            <method name="(anonymous_1)" hits="0" signature="()V">
              <lines>
                <line number="35" hits="0"/>
              </lines>
            </method>
            <method name="(anonymous_2)" hits="0" signature="()V">
              <lines>
                <line number="64" hits="0"/>
              </lines>
            </method>
            <method name="(anonymous_3)" hits="0" signature="()V">
              <lines>
                <line number="75" hits="0"/>
              </lines>
            </method>
            <method name="(anonymous_4)" hits="0" signature="()V">
              <lines>
                <line number="84" hits="0"/>
              </lines>
            </method>
            <method name="(anonymous_5)" hits="0" signature="()V">
              <lines>
                <line number="90" hits="0"/>
              </lines>
            </method>
          </methods>
          <lines>
            <line number="2" hits="4" branch="false"/>
            <line number="6" hits="4" branch="false"/>
            <line number="12" hits="0" branch="false"/>
            <line number="13" hits="0" branch="false"/>
            <line number="38" hits="0" branch="false"/>
            <line number="67" hits="0" branch="false"/>
            <line number="78" hits="0" branch="false"/>
            <line number="84" hits="0" branch="false"/>
            <line number="85" hits="0" branch="false"/>
            <line number="87" hits="0" branch="false"/>
            <line number="92" hits="0" branch="false"/>
          </lines>
        </class>
        <class name="VehicleMapper.ts" filename="core-api/src/api/mapper/VehicleMapper.ts" line-rate="0.6875" branch-rate="0.8181">
          <methods>
            <method name="(anonymous_0)" hits="0" signature="()V">
              <lines>
                <line number="8" hits="0"/>
              </lines>
            </method>
            <method name="(anonymous_1)" hits="0" signature="()V">
              <lines>
                <line number="12" hits="0"/>
              </lines>
            </method>
            <method name="(anonymous_2)" hits="2" signature="()V">
              <lines>
                <line number="16" hits="2"/>
              </lines>
            </method>
            <method name="(anonymous_3)" hits="0" signature="()V">
              <lines>
                <line number="33" hits="0"/>
              </lines>
            </method>
            <method name="(anonymous_4)" hits="2" signature="()V">
              <lines>
                <line number="37" hits="2"/>
              </lines>
            </method>
            <method name="(anonymous_5)" hits="4" signature="()V">
              <lines>
                <line number="59" hits="4"/>
              </lines>
            </method>
            <method name="(anonymous_6)" hits="0" signature="()V">
              <lines>
                <line number="63" hits="0"/>
              </lines>
            </method>
            <method name="(anonymous_7)" hits="2" signature="()V">
              <lines>
                <line number="66" hits="2"/>
              </lines>
            </method>
            <method name="(anonymous_8)" hits="2" signature="()V">
              <lines>
                <line number="70" hits="2"/>
              </lines>
            </method>
            <method name="(anonymous_9)" hits="12" signature="()V">
              <lines>
                <line number="73" hits="12"/>
              </lines>
            </method>
            <method name="(anonymous_10)" hits="2" signature="()V">
              <lines>
                <line number="77" hits="2"/>
              </lines>
            </method>
          </methods>
          <lines>
            <line number="3" hits="18" branch="false"/>
            <line number="6" hits="18" branch="false"/>
            <line number="9" hits="0" branch="false"/>
            <line number="13" hits="0" branch="false"/>
            <line number="17" hits="2" branch="false"/>
            <line number="34" hits="0" branch="false"/>
            <line number="38" hits="2" branch="false"/>
            <line number="60" hits="4" branch="true" condition-coverage="100% (3/3)"/>
            <line number="61" hits="4" branch="false"/>
            <line number="63" hits="0" branch="false"/>
            <line number="67" hits="2" branch="true" condition-coverage="66.66666666666666% (2/3)"/>
            <line number="68" hits="0" branch="false"/>
            <line number="70" hits="2" branch="false"/>
            <line number="74" hits="12" branch="true" condition-coverage="100% (3/3)"/>
            <line number="75" hits="10" branch="false"/>
            <line number="77" hits="2" branch="false"/>
          </lines>
        </class>
        <class name="YardMapper.ts" filename="core-api/src/api/mapper/YardMapper.ts" line-rate="0.25" branch-rate="0.5">
          <methods>
            <method name="(anonymous_0)" hits="0" signature="()V">
              <lines>
                <line number="6" hits="0"/>
              </lines>
            </method>
            <method name="(anonymous_1)" hits="0" signature="()V">
              <lines>
                <line number="14" hits="0"/>
              </lines>
            </method>
            <method name="(anonymous_2)" hits="0" signature="()V">
              <lines>
                <line number="18" hits="0"/>
              </lines>
            </method>
            <method name="(anonymous_3)" hits="0" signature="()V">
              <lines>
                <line number="19" hits="0"/>
              </lines>
            </method>
            <method name="(anonymous_4)" hits="0" signature="()V">
              <lines>
                <line number="22" hits="0"/>
              </lines>
            </method>
            <method name="(anonymous_5)" hits="6" signature="()V">
              <lines>
                <line number="33" hits="6"/>
              </lines>
            </method>
            <method name="(anonymous_6)" hits="0" signature="()V">
              <lines>
                <line number="51" hits="0"/>
              </lines>
            </method>
          </methods>
          <lines>
            <line number="5" hits="24" branch="false"/>
            <line number="7" hits="0" branch="false"/>
            <line number="14" hits="0" branch="false"/>
            <line number="15" hits="0" branch="false"/>
            <line number="19" hits="0" branch="false"/>
            <line number="23" hits="0" branch="false"/>
            <line number="34" hits="6" branch="false"/>
            <line number="52" hits="0" branch="false"/>
          </lines>
        </class>
      </classes>
    </package>
    <package name="core-api.src.api.models.dto" line-rate="0.9152" branch-rate="0.6666">
      <classes>
        <class name="common.ts" filename="core-api/src/api/models/dto/common.ts" line-rate="0.8863" branch-rate="0.6666">
          <methods>
            <method name="(anonymous_0)" hits="72" signature="()V">
              <lines>
                <line number="12" hits="72"/>
              </lines>
            </method>
            <method name="(anonymous_1)" hits="72" signature="()V">
              <lines>
                <line number="19" hits="72"/>
              </lines>
            </method>
            <method name="(anonymous_2)" hits="72" signature="()V">
              <lines>
                <line number="24" hits="72"/>
              </lines>
            </method>
            <method name="getPaymentTerms" hits="10" signature="()V">
              <lines>
                <line number="31" hits="10"/>
              </lines>
            </method>
            <method name="(anonymous_4)" hits="72" signature="()V">
              <lines>
                <line number="57" hits="72"/>
              </lines>
            </method>
          </methods>
          <lines>
            <line number="1" hits="72" branch="false"/>
            <line number="12" hits="72" branch="true" condition-coverage="100% (2/2)"/>
            <line number="13" hits="72" branch="false"/>
            <line number="14" hits="72" branch="false"/>
            <line number="15" hits="72" branch="false"/>
            <line number="16" hits="72" branch="false"/>
            <line number="19" hits="72" branch="true" condition-coverage="100% (2/2)"/>
            <line number="20" hits="72" branch="false"/>
            <line number="21" hits="72" branch="false"/>
            <line number="24" hits="72" branch="true" condition-coverage="100% (2/2)"/>
            <line number="25" hits="72" branch="false"/>
            <line number="26" hits="72" branch="false"/>
            <line number="27" hits="72" branch="false"/>
            <line number="28" hits="72" branch="false"/>
            <line number="31" hits="72" branch="false"/>
            <line number="32" hits="10" branch="true" condition-coverage="28.57142857142857% (2/7)"/>
            <line number="34" hits="0" branch="false"/>
            <line number="37" hits="0" branch="false"/>
            <line number="40" hits="0" branch="false"/>
            <line number="43" hits="0" branch="false"/>
            <line number="46" hits="0" branch="false"/>
            <line number="49" hits="4" branch="false"/>
            <line number="52" hits="6" branch="false"/>
            <line number="57" hits="72" branch="true" condition-coverage="100% (2/2)"/>
            <line number="58" hits="72" branch="false"/>
            <line number="59" hits="72" branch="false"/>
            <line number="60" hits="72" branch="false"/>
            <line number="61" hits="72" branch="false"/>
            <line number="62" hits="72" branch="false"/>
            <line number="63" hits="72" branch="false"/>
            <line number="64" hits="72" branch="false"/>
            <line number="65" hits="72" branch="false"/>
            <line number="66" hits="72" branch="false"/>
            <line number="67" hits="72" branch="false"/>
            <line number="68" hits="72" branch="false"/>
            <line number="69" hits="72" branch="false"/>
            <line number="70" hits="72" branch="false"/>
            <line number="71" hits="72" branch="false"/>
            <line number="72" hits="72" branch="false"/>
            <line number="73" hits="72" branch="false"/>
            <line number="74" hits="72" branch="false"/>
            <line number="75" hits="72" branch="false"/>
            <line number="302" hits="72" branch="false"/>
            <line number="326" hits="72" branch="false"/>
          </lines>
        </class>
        <class name="index.ts" filename="core-api/src/api/models/dto/index.ts" line-rate="1" branch-rate="1">
          <methods>
          </methods>
          <lines>
            <line number="1" hits="72" branch="false"/>
            <line number="2" hits="72" branch="false"/>
            <line number="3" hits="72" branch="false"/>
            <line number="4" hits="72" branch="false"/>
            <line number="5" hits="72" branch="false"/>
            <line number="6" hits="72" branch="false"/>
            <line number="7" hits="72" branch="false"/>
            <line number="8" hits="72" branch="false"/>
            <line number="9" hits="72" branch="false"/>
            <line number="10" hits="72" branch="false"/>
            <line number="11" hits="72" branch="false"/>
            <line number="12" hits="72" branch="false"/>
            <line number="13" hits="72" branch="false"/>
            <line number="14" hits="72" branch="false"/>
            <line number="15" hits="72" branch="false"/>
          </lines>
        </class>
      </classes>
    </package>
    <package name="core-api.src.api.models.memoryDatabase" line-rate="0.1527" branch-rate="0">
      <classes>
        <class name="mock-db.ts" filename="core-api/src/api/models/memoryDatabase/mock-db.ts" line-rate="0.1527" branch-rate="0">
          <methods>
            <method name="(anonymous_0)" hits="8" signature="()V">
              <lines>
                <line number="12" hits="8"/>
              </lines>
            </method>
            <method name="(anonymous_1)" hits="0" signature="()V">
              <lines>
                <line number="25" hits="0"/>
              </lines>
            </method>
            <method name="(anonymous_2)" hits="0" signature="()V">
              <lines>
                <line number="32" hits="0"/>
              </lines>
            </method>
            <method name="(anonymous_3)" hits="0" signature="()V">
              <lines>
                <line number="46" hits="0"/>
              </lines>
            </method>
            <method name="(anonymous_4)" hits="0" signature="()V">
              <lines>
                <line number="67" hits="0"/>
              </lines>
            </method>
            <method name="(anonymous_5)" hits="0" signature="()V">
              <lines>
                <line number="83" hits="0"/>
              </lines>
            </method>
            <method name="(anonymous_6)" hits="0" signature="()V">
              <lines>
                <line number="85" hits="0"/>
              </lines>
            </method>
            <method name="(anonymous_7)" hits="0" signature="()V">
              <lines>
                <line number="89" hits="0"/>
              </lines>
            </method>
            <method name="(anonymous_8)" hits="0" signature="()V">
              <lines>
                <line number="99" hits="0"/>
              </lines>
            </method>
            <method name="(anonymous_9)" hits="0" signature="()V">
              <lines>
                <line number="104" hits="0"/>
              </lines>
            </method>
            <method name="(anonymous_10)" hits="0" signature="()V">
              <lines>
                <line number="114" hits="0"/>
              </lines>
            </method>
            <method name="(anonymous_11)" hits="0" signature="()V">
              <lines>
                <line number="137" hits="0"/>
              </lines>
            </method>
            <method name="(anonymous_12)" hits="0" signature="()V">
              <lines>
                <line number="143" hits="0"/>
              </lines>
            </method>
            <method name="(anonymous_13)" hits="0" signature="()V">
              <lines>
                <line number="146" hits="0"/>
              </lines>
            </method>
            <method name="(anonymous_14)" hits="0" signature="()V">
              <lines>
                <line number="153" hits="0"/>
              </lines>
            </method>
            <method name="(anonymous_15)" hits="0" signature="()V">
              <lines>
                <line number="164" hits="0"/>
              </lines>
            </method>
          </methods>
          <lines>
            <line number="2" hits="8" branch="false"/>
            <line number="3" hits="8" branch="false"/>
            <line number="4" hits="8" branch="false"/>
            <line number="5" hits="8" branch="false"/>
            <line number="7" hits="8" branch="false"/>
            <line number="14" hits="8" branch="false"/>
            <line number="15" hits="8" branch="false"/>
            <line number="16" hits="8" branch="false"/>
            <line number="17" hits="8" branch="false"/>
            <line number="26" hits="0" branch="true" condition-coverage="0% (0/1)"/>
            <line number="27" hits="0" branch="false"/>
            <line number="29" hits="0" branch="false"/>
            <line number="33" hits="0" branch="false"/>
            <line number="35" hits="0" branch="false"/>
            <line number="36" hits="0" branch="false"/>
            <line number="40" hits="0" branch="false"/>
            <line number="42" hits="0" branch="false"/>
            <line number="54" hits="0" branch="true" condition-coverage="0% (0/1)"/>
            <line number="55" hits="0" branch="false"/>
            <line number="57" hits="0" branch="false"/>
            <line number="58" hits="0" branch="true" condition-coverage="0% (0/1)"/>
            <line number="59" hits="0" branch="false"/>
            <line number="60" hits="0" branch="true" condition-coverage="0% (0/1)"/>
            <line number="61" hits="0" branch="false"/>
            <line number="62" hits="0" branch="false"/>
            <line number="67" hits="0" branch="false"/>
            <line number="69" hits="0" branch="true" condition-coverage="0% (0/2)"/>
            <line number="70" hits="0" branch="false"/>
            <line number="71" hits="0" branch="false"/>
            <line number="73" hits="0" branch="true" condition-coverage="0% (0/4)"/>
            <line number="74" hits="0" branch="false"/>
            <line number="84" hits="0" branch="false"/>
            <line number="85" hits="0" branch="false"/>
            <line number="86" hits="0" branch="true" condition-coverage="0% (0/2)"/>
            <line number="90" hits="0" branch="false"/>
            <line number="91" hits="0" branch="false"/>
            <line number="92" hits="0" branch="true" condition-coverage="0% (0/1)"/>
            <line number="93" hits="0" branch="false"/>
            <line number="95" hits="0" branch="false"/>
            <line number="96" hits="0" branch="false"/>
            <line number="100" hits="0" branch="false"/>
[...]
            <line number="6" hits="2" branch="false"/>
            <line number="7" hits="2" branch="false"/>
            <line number="32" hits="2" branch="false"/>
            <line number="34" hits="2" branch="true" condition-coverage="100% (1/1)"/>
            <line number="35" hits="2" branch="false"/>
            <line number="38" hits="2" branch="false"/>
            <line number="39" hits="2" branch="false"/>
            <line number="44" hits="2" branch="false"/>
            <line number="46" hits="2" branch="false"/>
            <line number="48" hits="2" branch="false"/>
            <line number="49" hits="2" branch="false"/>
            <line number="52" hits="2" branch="false"/>
            <line number="54" hits="2" branch="false"/>
            <line number="55" hits="2" branch="false"/>
            <line number="57" hits="0" branch="false"/>
            <line number="62" hits="2" branch="false"/>
            <line number="63" hits="2" branch="false"/>
            <line number="64" hits="2" branch="false"/>
            <line number="66" hits="0" branch="false"/>
            <line number="67" hits="0" branch="true" condition-coverage="0% (0/1)"/>
            <line number="68" hits="0" branch="true" condition-coverage="0% (0/4)"/>
            <line number="70" hits="0" branch="false"/>
            <line number="72" hits="2" branch="false"/>
            <line number="75" hits="2" branch="false"/>
            <line number="76" hits="2" branch="false"/>
            <line number="79" hits="0" branch="false"/>
            <line number="80" hits="0" branch="true" condition-coverage="0% (0/1)"/>
            <line number="81" hits="0" branch="true" condition-coverage="0% (0/4)"/>
            <line number="83" hits="0" branch="false"/>
            <line number="86" hits="2" branch="false"/>
          </lines>
        </class>
      </classes>
    </package>
    <package name="erp-sync-workflow.src.step-fn-workflow.mbc.vendorPayment" line-rate="0.8591" branch-rate="0.6537999999999999">
      <classes>
        <class name="fetchPaymentsForSync.ts" filename="erp-sync-workflow/src/step-fn-workflow/mbc/vendorPayment/fetchPaymentsForSync.ts" line-rate="1" branch-rate="0.7777">
          <methods>
            <method name="(anonymous_0)" hits="2" signature="()V">
              <lines>
                <line number="26" hits="2"/>
              </lines>
            </method>
            <method name="(anonymous_1)" hits="4" signature="()V">
              <lines>
                <line number="38" hits="4"/>
              </lines>
            </method>
            <method name="(anonymous_2)" hits="4" signature="()V">
              <lines>
                <line number="44" hits="4"/>
              </lines>
            </method>
            <method name="removeExtraPaymentFields" hits="4" signature="()V">
              <lines>
                <line number="59" hits="4"/>
              </lines>
            </method>
          </methods>
          <lines>
            <line number="3" hits="2" branch="false"/>
            <line number="26" hits="2" branch="false"/>
            <line number="28" hits="2" branch="true" condition-coverage="100% (1/1)"/>
            <line number="29" hits="2" branch="false"/>
            <line number="31" hits="2" branch="false"/>
            <line number="32" hits="2" branch="false"/>
            <line number="34" hits="2" branch="false"/>
            <line number="36" hits="2" branch="false"/>
            <line number="38" hits="2" branch="false"/>
            <line number="39" hits="4" branch="false"/>
            <line number="44" hits="2" branch="false"/>
            <line number="45" hits="4" branch="false"/>
            <line number="53" hits="2" branch="false"/>
            <line number="60" hits="4" branch="false"/>
          </lines>
        </class>
        <class name="mapPaymentToVendorPayments.ts" filename="erp-sync-workflow/src/step-fn-workflow/mbc/vendorPayment/mapPaymentToVendorPayments.ts" line-rate="0.375" branch-rate="0">
          <methods>
            <method name="(anonymous_1)" hits="0" signature="()V">
              <lines>
                <line number="17" hits="0"/>
              </lines>
            </method>
          </methods>
          <lines>
            <line number="4" hits="2" branch="false"/>
            <line number="6" hits="2" branch="false"/>
            <line number="17" hits="2" branch="false"/>
            <line number="18" hits="0" branch="true" condition-coverage="0% (0/1)"/>
            <line number="19" hits="0" branch="false"/>
            <line number="22" hits="0" branch="false"/>
            <line number="25" hits="0" branch="false"/>
            <line number="27" hits="0" branch="false"/>
          </lines>
        </class>
        <class name="markAsSynced.ts" filename="erp-sync-workflow/src/step-fn-workflow/mbc/vendorPayment/markAsSynced.ts" line-rate="1" branch-rate="0.9">
          <methods>
            <method name="(anonymous_0)" hits="2" signature="()V">
              <lines>
                <line number="13" hits="2"/>
              </lines>
            </method>
            <method name="(anonymous_1)" hits="6" signature="()V">
              <lines>
                <line number="27" hits="6"/>
              </lines>
            </method>
            <method name="(anonymous_2)" hits="6" signature="()V">
              <lines>
                <line number="36" hits="6"/>
              </lines>
            </method>
            <method name="(anonymous_3)" hits="8" signature="()V">
              <lines>
                <line number="37" hits="8"/>
              </lines>
            </method>
            <method name="(anonymous_4)" hits="6" signature="()V">
              <lines>
                <line number="50" hits="6"/>
              </lines>
            </method>
          </methods>
          <lines>
            <line number="2" hits="2" branch="false"/>
            <line number="7" hits="2" branch="false"/>
            <line number="13" hits="2" branch="false"/>
            <line number="14" hits="2" branch="true" condition-coverage="100% (1/1)"/>
            <line number="15" hits="2" branch="false"/>
            <line number="17" hits="2" branch="false"/>
            <line number="18" hits="2" branch="false"/>
            <line number="19" hits="2" branch="false"/>
            <line number="22" hits="2" branch="false"/>
            <line number="23" hits="2" branch="false"/>
            <line number="24" hits="2" branch="false"/>
            <line number="27" hits="2" branch="false"/>
            <line number="28" hits="6" branch="false"/>
            <line number="30" hits="6" branch="true" condition-coverage="100% (3/3)"/>
            <line number="31" hits="4" branch="false"/>
            <line number="36" hits="2" branch="false"/>
            <line number="37" hits="6" branch="true" condition-coverage="75% (3/4)"/>
            <line number="38" hits="8" branch="false"/>
            <line number="41" hits="6" branch="false"/>
            <line number="50" hits="2" branch="false"/>
            <line number="51" hits="6" branch="false"/>
            <line number="59" hits="2" branch="false"/>
            <line number="62" hits="2" branch="false"/>
          </lines>
        </class>
        <class name="sendVendorPaymentToMBC.ts" filename="erp-sync-workflow/src/step-fn-workflow/mbc/vendorPayment/sendVendorPaymentToMBC.ts" line-rate="0.8076000000000001" branch-rate="0.1666">
          <methods>
            <method name="(anonymous_1)" hits="2" signature="()V">
              <lines>
                <line number="30" hits="2"/>
              </lines>
            </method>
          </methods>
          <lines>
            <line number="5" hits="2" branch="false"/>
            <line number="12" hits="2" branch="false"/>
            <line number="13" hits="2" branch="false"/>
            <line number="30" hits="2" branch="false"/>
            <line number="31" hits="2" branch="false"/>
            <line number="33" hits="2" branch="true" condition-coverage="100% (1/1)"/>
            <line number="34" hits="2" branch="false"/>
            <line number="36" hits="2" branch="false"/>
            <line number="38" hits="2" branch="false"/>
            <line number="39" hits="2" branch="false"/>
            <line number="42" hits="2" branch="false"/>
            <line number="44" hits="2" branch="false"/>
            <line number="45" hits="2" branch="false"/>
            <line number="48" hits="2" branch="false"/>
            <line number="50" hits="2" branch="false"/>
            <line number="51" hits="2" branch="false"/>
            <line number="53" hits="0" branch="false"/>
            <line number="58" hits="2" branch="false"/>
            <line number="60" hits="2" branch="false"/>
            <line number="61" hits="2" branch="false"/>
            <line number="63" hits="0" branch="false"/>
            <line number="64" hits="0" branch="true" condition-coverage="0% (0/1)"/>
            <line number="65" hits="0" branch="true" condition-coverage="0% (0/4)"/>
            <line number="67" hits="0" branch="false"/>
            <line number="70" hits="2" branch="false"/>
            <line number="72" hits="2" branch="false"/>
          </lines>
        </class>
      </classes>
    </package>
    <package name="erp-sync-workflow.src.step-fn-workflow.qbo.bill" line-rate="0.9814" branch-rate="0.7272">
      <classes>
        <class name="fetchIBTsForSync.ts" filename="erp-sync-workflow/src/step-fn-workflow/qbo/bill/fetchIBTsForSync.ts" line-rate="1" branch-rate="1">
          <methods>
            <method name="(anonymous_0)" hits="2" signature="()V">
              <lines>
                <line number="15" hits="2"/>
              </lines>
            </method>
            <method name="(anonymous_1)" hits="4" signature="()V">
              <lines>
                <line number="26" hits="4"/>
              </lines>
            </method>
          </methods>
          <lines>
            <line number="2" hits="2" branch="false"/>
            <line number="15" hits="2" branch="false"/>
            <line number="16" hits="2" branch="true" condition-coverage="100% (1/1)"/>
            <line number="17" hits="2" branch="false"/>
            <line number="20" hits="2" branch="false"/>
            <line number="21" hits="2" branch="false"/>
            <line number="23" hits="2" branch="false"/>
            <line number="26" hits="2" branch="false"/>
            <line number="27" hits="4" branch="false"/>
            <line number="34" hits="2" branch="false"/>
          </lines>
        </class>
        <class name="mapIBTtoBill.ts" filename="erp-sync-workflow/src/step-fn-workflow/qbo/bill/mapIBTtoBill.ts" line-rate="1" branch-rate="1">
          <methods>
            <method name="(anonymous_1)" hits="2" signature="()V">
              <lines>
                <line number="8" hits="2"/>
              </lines>
            </method>
          </methods>
          <lines>
            <line number="2" hits="2" branch="false"/>
            <line number="8" hits="2" branch="false"/>
            <line number="9" hits="2" branch="false"/>
            <line number="10" hits="2" branch="false"/>
            <line number="11" hits="2" branch="false"/>
          </lines>
        </class>
        <class name="markAsSynced.ts" filename="erp-sync-workflow/src/step-fn-workflow/qbo/bill/markAsSynced.ts" line-rate="1" branch-rate="0.7142000000000001">
          <methods>
            <method name="(anonymous_0)" hits="2" signature="()V">
              <lines>
                <line number="14" hits="2"/>
              </lines>
            </method>
            <method name="(anonymous_1)" hits="4" signature="()V">
              <lines>
                <line number="29" hits="4"/>
              </lines>
            </method>
            <method name="(anonymous_2)" hits="4" signature="()V">
              <lines>
                <line number="34" hits="4"/>
              </lines>
            </method>
            <method name="(anonymous_3)" hits="4" signature="()V">
              <lines>
                <line number="45" hits="4"/>
              </lines>
            </method>
          </methods>
          <lines>
            <line number="3" hits="2" branch="false"/>
            <line number="14" hits="2" branch="false"/>
            <line number="16" hits="2" branch="true" condition-coverage="100% (1/1)"/>
            <line number="17" hits="2" branch="false"/>
            <line number="19" hits="2" branch="false"/>
            <line number="20" hits="2" branch="false"/>
            <line number="21" hits="2" branch="false"/>
            <line number="24" hits="2" branch="false"/>
            <line number="25" hits="2" branch="false"/>
            <line number="26" hits="2" branch="false"/>
            <line number="29" hits="2" branch="false"/>
            <line number="30" hits="4" branch="true" condition-coverage="75% (3/4)"/>
            <line number="34" hits="2" branch="false"/>
            <line number="35" hits="4" branch="false"/>
            <line number="36" hits="4" branch="false"/>
            <line number="45" hits="2" branch="false"/>
            <line number="46" hits="4" branch="false"/>
            <line number="55" hits="2" branch="false"/>
            <line number="58" hits="2" branch="false"/>
          </lines>
        </class>
        <class name="sendBillsToQbo.ts" filename="erp-sync-workflow/src/step-fn-workflow/qbo/bill/sendBillsToQbo.ts" line-rate="0.95" branch-rate="0.6666">
          <methods>
            <method name="(anonymous_1)" hits="4" signature="()V">
              <lines>
                <line number="29" hits="4"/>
              </lines>
            </method>
          </methods>
          <lines>
            <line number="6" hits="2" branch="false"/>
            <line number="7" hits="2" branch="false"/>
            <line number="8" hits="2" branch="false"/>
            <line number="29" hits="2" branch="false"/>
            <line number="31" hits="4" branch="true" condition-coverage="100% (1/1)"/>
            <line number="32" hits="2" branch="false"/>
            <line number="33" hits="2" branch="false"/>
            <line number="34" hits="2" branch="false"/>
            <line number="40" hits="4" branch="false"/>
            <line number="41" hits="4" branch="false"/>
            <line number="42" hits="4" branch="false"/>
            <line number="44" hits="4" branch="false"/>
            <line number="47" hits="4" branch="false"/>
            <line number="49" hits="4" branch="false"/>
            <line number="52" hits="4" branch="true" condition-coverage="50% (1/2)"/>
            <line number="53" hits="4" branch="false"/>
            <line number="55" hits="0" branch="false"/>
            <line number="59" hits="4" branch="false"/>
            <line number="61" hits="2" branch="false"/>
            <line number="63" hits="2" branch="false"/>
          </lines>
        </class>
      </classes>
    </package>
    <package name="erp-sync-workflow.src.step-fn-workflow.qbo.payment" line-rate="0.4583" branch-rate="0.1666">
      <classes>
        <class name="fetchPaymentsForSync.ts" filename="erp-sync-workflow/src/step-fn-workflow/qbo/payment/fetchPaymentsForSync.ts" line-rate="0.14279999999999998" branch-rate="0">
          <methods>
            <method name="(anonymous_0)" hits="0" signature="()V">
              <lines>
                <line number="27" hits="0"/>
              </lines>
            </method>
            <method name="(anonymous_1)" hits="0" signature="()V">
              <lines>
                <line number="39" hits="0"/>
              </lines>
            </method>
            <method name="(anonymous_2)" hits="0" signature="()V">
              <lines>
                <line number="45" hits="0"/>
              </lines>
            </method>
            <method name="removeExtraPaymentFields" hits="0" signature="()V">
              <lines>
                <line number="60" hits="0"/>
              </lines>
            </method>
          </methods>
          <lines>
            <line number="3" hits="2" branch="false"/>
            <line number="27" hits="2" branch="false"/>
            <line number="29" hits="0" branch="true" condition-coverage="0% (0/1)"/>
            <line number="30" hits="0" branch="false"/>
            <line number="32" hits="0" branch="false"/>
            <line number="33" hits="0" branch="false"/>
            <line number="35" hits="0" branch="false"/>
            <line number="37" hits="0" branch="false"/>
            <line number="39" hits="0" branch="false"/>
            <line number="40" hits="0" branch="false"/>
            <line number="45" hits="0" branch="false"/>
            <line number="46" hits="0" branch="false"/>
            <line number="54" hits="0" branch="false"/>
            <line number="61" hits="0" branch="false"/>
          </lines>
        </class>
        <class name="mapPaymentToQbPayment.ts" filename="erp-sync-workflow/src/step-fn-workflow/qbo/payment/mapPaymentToQbPayment.ts" line-rate="0.9" branch-rate="0.6666">
          <methods>
            <method name="(anonymous_0)" hits="2" signature="()V">
              <lines>
                <line number="18" hits="2"/>
              </lines>
            </method>
          </methods>
          <lines>
            <line number="4" hits="2" branch="false"/>
            <line number="5" hits="2" branch="false"/>
            <line number="18" hits="2" branch="false"/>
            <line number="19" hits="2" branch="true" condition-coverage="100% (1/1)"/>
            <line number="20" hits="2" branch="false"/>
            <line number="23" hits="2" branch="false"/>
            <line number="28" hits="2" branch="true" condition-coverage="50% (1/2)"/>
            <line number="29" hits="0" branch="false"/>
            <line number="31" hits="2" branch="false"/>
            <line number="34" hits="2" branch="false"/>
          </lines>
        </class>
      </classes>
    </package>
    <package name="erp-sync-workflow.src.utility" line-rate="0.9" branch-rate="0.6666">
      <classes>
        <class name="getNetCost.ts" filename="erp-sync-workflow/src/utility/getNetCost.ts" line-rate="1" branch-rate="0.8">
          <methods>
            <method name="getNetCostFromMaterial" hits="2" signature="()V">
              <lines>
                <line number="4" hits="2"/>
              </lines>
            </method>
          </methods>
          <lines>
            <line number="4" hits="6" branch="false"/>
            <line number="5" hits="2" branch="false"/>
            <line number="7" hits="2" branch="true" condition-coverage="100% (1/1)"/>
            <line number="8" hits="2" branch="false"/>
            <line number="9" hits="4" branch="true" condition-coverage="75% (3/4)"/>
            <line number="13" hits="2" branch="false"/>
          </lines>
        </class>
        <class name="verifyEnvVarsExist.ts" filename="erp-sync-workflow/src/utility/verifyEnvVarsExist.ts" line-rate="0.75" branch-rate="0">
          <methods>
            <method name="verifyEnvVarsExist" hits="6" signature="()V">
              <lines>
                <line number="1" hits="6"/>
              </lines>
            </method>
            <method name="(anonymous_1)" hits="14" signature="()V">
              <lines>
                <line number="2" hits="14"/>
              </lines>
            </method>
          </methods>
          <lines>
            <line number="1" hits="6" branch="false"/>
            <line number="2" hits="6" branch="false"/>
            <line number="3" hits="14" branch="true" condition-coverage="0% (0/1)"/>
            <line number="4" hits="0" branch="false"/>
          </lines>
        </class>
      </classes>
    </package>
  </packages>
</coverage>
