<?xml version="1.0" ?>
<!DOCTYPE coverage SYSTEM "http://cobertura.sourceforge.net/xml/coverage-04.dtd">
<coverage lines-valid="5595" lines-covered="2691" line-rate="0.48090000000000005" branches-valid="1625" branches-covered="549" branch-rate="0.3378" timestamp="1664542451162" complexity="0" version="0.1">
  <sources>
    <source>/Users/brianmccann/git-repos/greenspark-aws</source>
  </sources>
  <packages>
    <package name="common.src.db-access" line-rate="1" branch-rate="0.5">
      <classes>
        <class name="Transformer.ts" filename="common/src/db-access/Transformer.ts" line-rate="1" branch-rate="1">
          <methods>
            <method name="(anonymous_0)" hits="4" signature="()V">
              <lines>
                <line number="2" hits="4"/>
              </lines>
            </method>
            <method name="(anonymous_1)" hits="5" signature="()V">
              <lines>
                <line number="5" hits="5"/>
              </lines>
            </method>
          </methods>
          <lines>
            <line number="1" hits="8" branch="false"/>
            <line number="3" hits="4" branch="false"/>
            <line number="6" hits="5" branch="false"/>
          </lines>
        </class>
        <class name="initDataSource.ts" filename="common/src/db-access/initDataSource.ts" line-rate="1" branch-rate="0.5">
          <methods>
            <method name="(anonymous_6)" hits="7" signature="()V">
              <lines>
                <line number="6" hits="7"/>
              </lines>
            </method>
            <method name="(anonymous_7)" hits="3" signature="()V">
              <lines>
                <line number="23" hits="3"/>
              </lines>
            </method>
          </methods>
          <lines>
            <line number="1" hits="8" branch="false"/>
            <line number="2" hits="8" branch="false"/>
            <line number="6" hits="8" branch="false"/>
            <line number="8" hits="7" branch="false"/>
            <line number="18" hits="7" branch="false"/>
            <line number="19" hits="7" branch="false"/>
            <line number="20" hits="7" branch="false"/>
            <line number="23" hits="8" branch="false"/>
            <line number="24" hits="3" branch="true" condition-coverage="50% (1/2)"/>
            <line number="25" hits="3" branch="false"/>
          </lines>
        </class>
      </classes>
    </package>
    <package name="common.src.db-access.entity" line-rate="0.9932" branch-rate="0.5555">
      <classes>
        <class name="AccountEntity.ts" filename="common/src/db-access/entity/AccountEntity.ts" line-rate="1" branch-rate="1">
          <methods>
          </methods>
          <lines>
            <line number="1" hits="8" branch="false"/>
            <line number="5" hits="8" branch="false"/>
            <line number="6" hits="8" branch="false"/>
            <line number="9" hits="8" branch="false"/>
            <line number="12" hits="8" branch="false"/>
            <line number="15" hits="8" branch="false"/>
            <line number="18" hits="8" branch="false"/>
            <line number="21" hits="8" branch="false"/>
          </lines>
        </class>
        <class name="BaseEntity.ts" filename="common/src/db-access/entity/BaseEntity.ts" line-rate="1" branch-rate="1">
          <methods>
          </methods>
          <lines>
            <line number="1" hits="8" branch="false"/>
            <line number="3" hits="8" branch="false"/>
            <line number="4" hits="8" branch="false"/>
            <line number="7" hits="8" branch="false"/>
            <line number="10" hits="8" branch="false"/>
            <line number="13" hits="8" branch="false"/>
          </lines>
        </class>
        <class name="BenchmarkEntity.ts" filename="common/src/db-access/entity/BenchmarkEntity.ts" line-rate="1" branch-rate="1">
          <methods>
            <method name="(anonymous_2)" hits="7" signature="()V">
              <lines>
                <line number="21" hits="7"/>
              </lines>
            </method>
            <method name="(anonymous_3)" hits="7" signature="()V">
              <lines>
                <line number="21" hits="7"/>
              </lines>
            </method>
            <method name="(anonymous_4)" hits="7" signature="()V">
              <lines>
                <line number="29" hits="7"/>
              </lines>
            </method>
            <method name="(anonymous_5)" hits="7" signature="()V">
              <lines>
                <line number="30" hits="7"/>
              </lines>
            </method>
            <method name="(anonymous_6)" hits="7" signature="()V">
              <lines>
                <line number="37" hits="7"/>
              </lines>
            </method>
            <method name="(anonymous_7)" hits="7" signature="()V">
              <lines>
                <line number="37" hits="7"/>
              </lines>
            </method>
          </methods>
          <lines>
            <line number="1" hits="8" branch="false"/>
            <line number="2" hits="8" branch="false"/>
            <line number="3" hits="8" branch="false"/>
            <line number="4" hits="8" branch="false"/>
            <line number="8" hits="8" branch="false"/>
            <line number="9" hits="8" branch="false"/>
            <line number="12" hits="8" branch="false"/>
            <line number="15" hits="8" branch="false"/>
            <line number="18" hits="8" branch="false"/>
            <line number="21" hits="8" branch="false"/>
            <line number="25" hits="8" branch="false"/>
            <line number="28" hits="8" branch="false"/>
            <line number="29" hits="7" branch="false"/>
            <line number="30" hits="7" branch="false"/>
            <line number="37" hits="8" branch="false"/>
          </lines>
        </class>
        <class name="BenchmarkHistory.ts" filename="common/src/db-access/entity/BenchmarkHistory.ts" line-rate="1" branch-rate="1">
          <methods>
            <method name="(anonymous_2)" hits="7" signature="()V">
              <lines>
                <line number="25" hits="7"/>
              </lines>
            </method>
            <method name="(anonymous_3)" hits="7" signature="()V">
              <lines>
                <line number="25" hits="7"/>
              </lines>
            </method>
          </methods>
          <lines>
            <line number="1" hits="8" branch="false"/>
            <line number="2" hits="8" branch="false"/>
            <line number="6" hits="8" branch="false"/>
            <line number="7" hits="8" branch="false"/>
            <line number="10" hits="8" branch="false"/>
            <line number="13" hits="8" branch="false"/>
            <line number="16" hits="8" branch="false"/>
            <line number="19" hits="8" branch="false"/>
            <line number="22" hits="8" branch="false"/>
            <line number="25" hits="8" branch="false"/>
            <line number="29" hits="8" branch="false"/>
          </lines>
        </class>
        <class name="CommodityEntity.ts" filename="common/src/db-access/entity/CommodityEntity.ts" line-rate="1" branch-rate="1">
          <methods>
            <method name="(anonymous_2)" hits="7" signature="()V">
              <lines>
                <line number="27" hits="7"/>
              </lines>
            </method>
            <method name="(anonymous_3)" hits="7" signature="()V">
              <lines>
                <line number="27" hits="7"/>
              </lines>
            </method>
            <method name="(anonymous_4)" hits="7" signature="()V">
              <lines>
                <line number="35" hits="7"/>
              </lines>
            </method>
            <method name="(anonymous_5)" hits="7" signature="()V">
              <lines>
                <line number="36" hits="7"/>
              </lines>
            </method>
            <method name="(anonymous_6)" hits="7" signature="()V">
              <lines>
                <line number="43" hits="7"/>
              </lines>
            </method>
            <method name="(anonymous_7)" hits="7" signature="()V">
              <lines>
                <line number="43" hits="7"/>
              </lines>
            </method>
          </methods>
          <lines>
            <line number="1" hits="8" branch="false"/>
            <line number="2" hits="8" branch="false"/>
            <line number="3" hits="8" branch="false"/>
            <line number="4" hits="8" branch="false"/>
            <line number="8" hits="8" branch="false"/>
            <line number="9" hits="8" branch="false"/>
            <line number="12" hits="8" branch="false"/>
            <line number="15" hits="8" branch="false"/>
            <line number="18" hits="8" branch="false"/>
            <line number="21" hits="8" branch="false"/>
            <line number="24" hits="8" branch="false"/>
            <line number="27" hits="8" branch="false"/>
            <line number="31" hits="8" branch="false"/>
            <line number="34" hits="8" branch="false"/>
            <line number="35" hits="7" branch="false"/>
            <line number="36" hits="7" branch="false"/>
            <line number="43" hits="8" branch="false"/>
          </lines>
        </class>
        <class name="CommodityStatus.ts" filename="common/src/db-access/entity/CommodityStatus.ts" line-rate="1" branch-rate="1">
          <methods>
            <method name="(anonymous_2)" hits="7" signature="()V">
              <lines>
                <line number="19" hits="7"/>
              </lines>
            </method>
            <method name="(anonymous_3)" hits="7" signature="()V">
              <lines>
                <line number="19" hits="7"/>
              </lines>
            </method>
          </methods>
          <lines>
            <line number="1" hits="8" branch="false"/>
            <line number="2" hits="8" branch="false"/>
            <line number="6" hits="8" branch="false"/>
            <line number="7" hits="8" branch="false"/>
            <line number="10" hits="8" branch="false"/>
            <line number="13" hits="8" branch="false"/>
            <line number="16" hits="8" branch="false"/>
            <line number="19" hits="8" branch="false"/>
            <line number="23" hits="8" branch="false"/>
          </lines>
        </class>
        <class name="ContactEntity.ts" filename="common/src/db-access/entity/ContactEntity.ts" line-rate="1" branch-rate="1">
          <methods>
            <method name="(anonymous_2)" hits="7" signature="()V">
              <lines>
                <line number="90" hits="7"/>
              </lines>
            </method>
            <method name="(anonymous_3)" hits="7" signature="()V">
              <lines>
                <line number="90" hits="7"/>
              </lines>
            </method>
            <method name="(anonymous_4)" hits="7" signature="()V">
              <lines>
                <line number="97" hits="7"/>
              </lines>
            </method>
            <method name="(anonymous_5)" hits="7" signature="()V">
              <lines>
                <line number="97" hits="7"/>
              </lines>
            </method>
            <method name="(anonymous_6)" hits="7" signature="()V">
              <lines>
                <line number="104" hits="7"/>
              </lines>
            </method>
            <method name="(anonymous_7)" hits="7" signature="()V">
              <lines>
                <line number="104" hits="7"/>
              </lines>
            </method>
          </methods>
          <lines>
            <line number="1" hits="8" branch="false"/>
            <line number="2" hits="8" branch="false"/>
            <line number="3" hits="8" branch="false"/>
            <line number="4" hits="8" branch="false"/>
            <line number="8" hits="8" branch="false"/>
            <line number="9" hits="8" branch="false"/>
            <line number="12" hits="8" branch="false"/>
            <line number="15" hits="8" branch="false"/>
            <line number="18" hits="8" branch="false"/>
            <line number="21" hits="8" branch="false"/>
            <line number="24" hits="8" branch="false"/>
            <line number="27" hits="8" branch="false"/>
            <line number="30" hits="8" branch="false"/>
            <line number="33" hits="8" branch="false"/>
            <line number="36" hits="8" branch="false"/>
            <line number="39" hits="8" branch="false"/>
            <line number="42" hits="8" branch="false"/>
            <line number="45" hits="8" branch="false"/>
            <line number="48" hits="8" branch="false"/>
            <line number="51" hits="8" branch="false"/>
            <line number="54" hits="8" branch="false"/>
            <line number="57" hits="8" branch="false"/>
            <line number="60" hits="8" branch="false"/>
            <line number="66" hits="8" branch="false"/>
            <line number="69" hits="8" branch="false"/>
            <line number="72" hits="8" branch="false"/>
            <line number="75" hits="8" branch="false"/>
            <line number="78" hits="8" branch="false"/>
            <line number="81" hits="8" branch="false"/>
            <line number="84" hits="8" branch="false"/>
            <line number="87" hits="8" branch="false"/>
            <line number="90" hits="8" branch="false"/>
            <line number="94" hits="8" branch="false"/>
            <line number="97" hits="8" branch="false"/>
            <line number="101" hits="8" branch="false"/>
            <line number="104" hits="8" branch="false"/>
            <line number="108" hits="8" branch="false"/>
            <line number="111" hits="8" branch="false"/>
          </lines>
        </class>
        <class name="CustomerEntity.ts" filename="common/src/db-access/entity/CustomerEntity.ts" line-rate="1" branch-rate="1">
          <methods>
            <method name="(anonymous_2)" hits="0" signature="()V">
              <lines>
                <line number="17" hits="0"/>
              </lines>
            </method>
            <method name="(anonymous_3)" hits="0" signature="()V">
              <lines>
                <line number="20" hits="0"/>
              </lines>
            </method>
            <method name="(anonymous_4)" hits="0" signature="()V">
              <lines>
                <line number="39" hits="0"/>
              </lines>
            </method>
            <method name="(anonymous_5)" hits="7" signature="()V">
              <lines>
                <line number="78" hits="7"/>
              </lines>
            </method>
            <method name="(anonymous_6)" hits="7" signature="()V">
              <lines>
                <line number="78" hits="7"/>
              </lines>
            </method>
            <method name="(anonymous_7)" hits="7" signature="()V">
              <lines>
                <line number="85" hits="7"/>
              </lines>
            </method>
            <method name="(anonymous_8)" hits="7" signature="()V">
              <lines>
                <line number="85" hits="7"/>
              </lines>
            </method>
            <method name="(anonymous_9)" hits="7" signature="()V">
              <lines>
                <line number="92" hits="7"/>
              </lines>
            </method>
            <method name="(anonymous_10)" hits="7" signature="()V">
              <lines>
                <line number="92" hits="7"/>
              </lines>
            </method>
            <method name="(anonymous_11)" hits="7" signature="()V">
              <lines>
                <line number="95" hits="7"/>
              </lines>
            </method>
            <method name="(anonymous_12)" hits="7" signature="()V">
              <lines>
                <line number="95" hits="7"/>
              </lines>
            </method>
            <method name="(anonymous_13)" hits="7" signature="()V">
              <lines>
                <line number="98" hits="7"/>
              </lines>
            </method>
            <method name="(anonymous_14)" hits="7" signature="()V">
              <lines>
                <line number="98" hits="7"/>
              </lines>
            </method>
            <method name="(anonymous_15)" hits="7" signature="()V">
              <lines>
                <line number="104" hits="7"/>
              </lines>
            </method>
            <method name="(anonymous_16)" hits="7" signature="()V">
              <lines>
                <line number="104" hits="7"/>
              </lines>
            </method>
            <method name="(anonymous_17)" hits="7" signature="()V">
              <lines>
                <line number="107" hits="7"/>
              </lines>
            </method>
            <method name="(anonymous_18)" hits="7" signature="()V">
              <lines>
                <line number="107" hits="7"/>
              </lines>
            </method>
            <method name="(anonymous_19)" hits="7" signature="()V">
              <lines>
                <line number="113" hits="7"/>
              </lines>
            </method>
            <method name="(anonymous_20)" hits="7" signature="()V">
              <lines>
                <line number="113" hits="7"/>
              </lines>
            </method>
          </methods>
          <lines>
            <line number="1" hits="8" branch="false"/>
            <line number="2" hits="8" branch="false"/>
            <line number="3" hits="8" branch="false"/>
            <line number="4" hits="8" branch="false"/>
            <line number="5" hits="8" branch="false"/>
            <line number="6" hits="8" branch="false"/>
            <line number="7" hits="8" branch="false"/>
            <line number="8" hits="8" branch="false"/>
            <line number="9" hits="8" branch="false"/>
            <line number="13" hits="8" branch="false"/>
            <line number="14" hits="8" branch="false"/>
            <line number="17" hits="8" branch="false"/>
            <line number="20" hits="8" branch="false"/>
            <line number="23" hits="8" branch="false"/>
            <line number="26" hits="8" branch="false"/>
            <line number="29" hits="8" branch="false"/>
            <line number="32" hits="8" branch="false"/>
            <line number="39" hits="8" branch="false"/>
            <line number="42" hits="8" branch="false"/>
            <line number="45" hits="8" branch="false"/>
            <line number="48" hits="8" branch="false"/>
            <line number="51" hits="8" branch="false"/>
            <line number="54" hits="8" branch="false"/>
            <line number="57" hits="8" branch="false"/>
            <line number="65" hits="8" branch="false"/>
            <line number="68" hits="8" branch="false"/>
            <line number="72" hits="8" branch="false"/>
            <line number="75" hits="8" branch="false"/>
            <line number="78" hits="8" branch="false"/>
            <line number="82" hits="8" branch="false"/>
            <line number="85" hits="8" branch="false"/>
            <line number="89" hits="8" branch="false"/>
            <line number="92" hits="8" branch="false"/>
            <line number="95" hits="8" branch="false"/>
            <line number="98" hits="8" branch="false"/>
            <line number="104" hits="8" branch="false"/>
            <line number="107" hits="8" branch="false"/>
            <line number="113" hits="8" branch="false"/>
          </lines>
        </class>
        <class name="CustomerStatus.ts" filename="common/src/db-access/entity/CustomerStatus.ts" line-rate="1" branch-rate="1">
          <methods>
            <method name="(anonymous_2)" hits="7" signature="()V">
              <lines>
                <line number="19" hits="7"/>
              </lines>
            </method>
            <method name="(anonymous_3)" hits="7" signature="()V">
              <lines>
                <line number="19" hits="7"/>
              </lines>
            </method>
          </methods>
          <lines>
            <line number="1" hits="8" branch="false"/>
            <line number="2" hits="8" branch="false"/>
            <line number="6" hits="8" branch="false"/>
            <line number="7" hits="8" branch="false"/>
            <line number="10" hits="8" branch="false"/>
            <line number="13" hits="8" branch="false"/>
            <line number="16" hits="8" branch="false"/>
            <line number="19" hits="8" branch="false"/>
            <line number="23" hits="8" branch="false"/>
          </lines>
        </class>
        <class name="DbEnums.ts" filename="common/src/db-access/entity/DbEnums.ts" line-rate="1" branch-rate="1">
          <methods>
            <method name="(anonymous_0)" hits="8" signature="()V">
              <lines>
                <line number="1" hits="8"/>
              </lines>
            </method>
            <method name="(anonymous_1)" hits="8" signature="()V">
              <lines>
                <line number="10" hits="8"/>
              </lines>
            </method>
          </methods>
          <lines>
            <line number="1" hits="8" branch="true" condition-coverage="100% (2/2)"/>
            <line number="2" hits="8" branch="false"/>
            <line number="3" hits="8" branch="false"/>
            <line number="4" hits="8" branch="false"/>
            <line number="5" hits="8" branch="false"/>
            <line number="6" hits="8" branch="false"/>
            <line number="7" hits="8" branch="false"/>
            <line number="8" hits="8" branch="false"/>
            <line number="10" hits="8" branch="true" condition-coverage="100% (2/2)"/>
            <line number="11" hits="8" branch="false"/>
            <line number="12" hits="8" branch="false"/>
            <line number="13" hits="8" branch="false"/>
          </lines>
        </class>
        <class name="DeviceEntity.ts" filename="common/src/db-access/entity/DeviceEntity.ts" line-rate="1" branch-rate="1">
          <methods>
            <method name="(anonymous_2)" hits="7" signature="()V">
              <lines>
                <line number="34" hits="7"/>
              </lines>
            </method>
          </methods>
          <lines>
            <line number="1" hits="8" branch="false"/>
            <line number="6" hits="8" branch="false"/>
            <line number="7" hits="8" branch="false"/>
            <line number="13" hits="8" branch="false"/>
            <line number="16" hits="8" branch="false"/>
            <line number="19" hits="8" branch="false"/>
            <line number="22" hits="8" branch="false"/>
            <line number="25" hits="8" branch="false"/>
            <line number="28" hits="8" branch="false"/>
            <line number="31" hits="8" branch="false"/>
            <line number="35" hits="7" branch="false"/>
          </lines>
        </class>
        <class name="ErpSettingsEntity.ts" filename="common/src/db-access/entity/ErpSettingsEntity.ts" line-rate="1" branch-rate="1">
          <methods>
          </methods>
          <lines>
            <line number="1" hits="8" branch="false"/>
            <line number="5" hits="8" branch="false"/>
            <line number="6" hits="8" branch="false"/>
            <line number="9" hits="8" branch="false"/>
            <line number="12" hits="8" branch="false"/>
            <line number="15" hits="8" branch="false"/>
          </lines>
        </class>
        <class name="ErpSyncBatchEntity.ts" filename="common/src/db-access/entity/ErpSyncBatchEntity.ts" line-rate="1" branch-rate="1">
          <methods>
            <method name="(anonymous_2)" hits="12" signature="()V">
              <lines>
                <line number="30" hits="12"/>
              </lines>
            </method>
            <method name="(anonymous_3)" hits="7" signature="()V">
              <lines>
                <line number="20" hits="7"/>
              </lines>
            </method>
            <method name="(anonymous_4)" hits="7" signature="()V">
              <lines>
                <line number="20" hits="7"/>
              </lines>
            </method>
          </methods>
          <lines>
            <line number="1" hits="8" branch="false"/>
            <line number="2" hits="8" branch="false"/>
            <line number="5" hits="8" branch="false"/>
            <line number="7" hits="8" branch="false"/>
            <line number="10" hits="8" branch="false"/>
            <line number="13" hits="8" branch="false"/>
            <line number="16" hits="8" branch="false"/>
            <line number="19" hits="8" branch="false"/>
            <line number="20" hits="7" branch="false"/>
            <line number="35" hits="12" branch="false"/>
            <line number="36" hits="12" branch="false"/>
            <line number="37" hits="12" branch="false"/>
            <line number="38" hits="12" branch="false"/>
          </lines>
        </class>
        <class name="ErpToolCredsEntity.ts" filename="common/src/db-access/entity/ErpToolCredsEntity.ts" line-rate="1" branch-rate="1">
          <methods>
          </methods>
          <lines>
            <line number="1" hits="8" branch="false"/>
            <line number="2" hits="8" branch="false"/>
            <line number="5" hits="8" branch="false"/>
            <line number="7" hits="8" branch="false"/>
            <line number="10" hits="8" branch="false"/>
            <line number="13" hits="8" branch="false"/>
            <line number="16" hits="8" branch="false"/>
            <line number="19" hits="8" branch="false"/>
            <line number="22" hits="8" branch="false"/>
            <line number="25" hits="8" branch="false"/>
            <line number="28" hits="8" branch="false"/>
          </lines>
        </class>
        <class name="ErpToolSyncStatusEntity.ts" filename="common/src/db-access/entity/ErpToolSyncStatusEntity.ts" line-rate="1" branch-rate="1">
          <methods>
            <method name="(anonymous_2)" hits="17" signature="()V">
              <lines>
                <line number="44" hits="17"/>
              </lines>
            </method>
            <method name="(anonymous_3)" hits="7" signature="()V">
              <lines>
                <line number="33" hits="7"/>
              </lines>
            </method>
            <method name="(anonymous_4)" hits="7" signature="()V">
              <lines>
                <line number="33" hits="7"/>
              </lines>
            </method>
          </methods>
          <lines>
            <line number="1" hits="8" branch="false"/>
            <line number="2" hits="8" branch="false"/>
            <line number="3" hits="8" branch="false"/>
            <line number="4" hits="8" branch="false"/>
            <line number="7" hits="8" branch="false"/>
            <line number="9" hits="8" branch="false"/>
            <line number="12" hits="8" branch="false"/>
            <line number="15" hits="8" branch="false"/>
            <line number="18" hits="8" branch="false"/>
            <line number="21" hits="8" branch="false"/>
            <line number="24" hits="8" branch="false"/>
            <line number="27" hits="8" branch="false"/>
            <line number="33" hits="8" branch="false"/>
            <line number="45" hits="17" branch="false"/>
            <line number="46" hits="17" branch="false"/>
            <line number="47" hits="17" branch="false"/>
            <line number="48" hits="17" branch="false"/>
            <line number="49" hits="17" branch="false"/>
          </lines>
        </class>
        <class name="FinishedGoodCommoditiesVw.ts" filename="common/src/db-access/entity/FinishedGoodCommoditiesVw.ts" line-rate="1" branch-rate="1">
          <methods>
          </methods>
          <lines>
            <line number="1" hits="8" branch="false"/>
            <line number="3" hits="8" branch="false"/>
            <line number="6" hits="8" branch="false"/>
            <line number="7" hits="8" branch="false"/>
            <line number="10" hits="8" branch="false"/>
            <line number="19" hits="8" branch="false"/>
            <line number="22" hits="8" branch="false"/>
          </lines>
        </class>
        <class name="FinishedGoodEntity.ts" filename="common/src/db-access/entity/FinishedGoodEntity.ts" line-rate="1" branch-rate="1">
          <methods>
            <method name="(anonymous_2)" hits="7" signature="()V">
              <lines>
                <line number="44" hits="7"/>
              </lines>
            </method>
            <method name="(anonymous_3)" hits="7" signature="()V">
              <lines>
                <line number="44" hits="7"/>
              </lines>
            </method>
            <method name="(anonymous_4)" hits="7" signature="()V">
              <lines>
                <line number="57" hits="7"/>
              </lines>
            </method>
            <method name="(anonymous_5)" hits="7" signature="()V">
              <lines>
                <line number="58" hits="7"/>
              </lines>
            </method>
            <method name="(anonymous_6)" hits="7" signature="()V">
              <lines>
                <line number="66" hits="7"/>
              </lines>
            </method>
            <method name="(anonymous_7)" hits="7" signature="()V">
              <lines>
                <line number="66" hits="7"/>
              </lines>
            </method>
            <method name="(anonymous_8)" hits="7" signature="()V">
              <lines>
                <line number="73" hits="7"/>
              </lines>
            </method>
            <method name="(anonymous_9)" hits="7" signature="()V">
              <lines>
                <line number="73" hits="7"/>
              </lines>
            </method>
            <method name="(anonymous_10)" hits="7" signature="()V">
              <lines>
                <line number="81" hits="7"/>
              </lines>
            </method>
            <method name="(anonymous_11)" hits="7" signature="()V">
              <lines>
                <line number="82" hits="7"/>
              </lines>
            </method>
            <method name="(anonymous_12)" hits="7" signature="()V">
              <lines>
                <line number="88" hits="7"/>
              </lines>
            </method>
            <method name="(anonymous_13)" hits="7" signature="()V">
              <lines>
                <line number="89" hits="7"/>
              </lines>
            </method>
            <method name="(anonymous_14)" hits="7" signature="()V">
              <lines>
                <line number="94" hits="7"/>
              </lines>
            </method>
            <method name="(anonymous_15)" hits="7" signature="()V">
              <lines>
                <line number="94" hits="7"/>
              </lines>
            </method>
          </methods>
          <lines>
            <line number="1" hits="8" branch="false"/>
            <line number="2" hits="8" branch="false"/>
            <line number="3" hits="8" branch="false"/>
            <line number="4" hits="8" branch="false"/>
            <line number="5" hits="8" branch="false"/>
            <line number="6" hits="8" branch="false"/>
            <line number="7" hits="8" branch="false"/>
            <line number="8" hits="8" branch="false"/>
            <line number="12" hits="8" branch="false"/>
            <line number="13" hits="8" branch="false"/>
            <line number="16" hits="8" branch="false"/>
            <line number="19" hits="8" branch="false"/>
            <line number="22" hits="8" branch="false"/>
            <line number="25" hits="8" branch="false"/>
            <line number="28" hits="8" branch="false"/>
            <line number="31" hits="8" branch="false"/>
            <line number="34" hits="8" branch="false"/>
            <line number="37" hits="8" branch="false"/>
            <line number="40" hits="8" branch="false"/>
            <line number="43" hits="8" branch="false"/>
            <line number="44" hits="7" branch="false"/>
            <line number="50" hits="8" branch="false"/>
            <line number="53" hits="8" branch="false"/>
            <line number="56" hits="8" branch="false"/>
            <line number="57" hits="7" branch="false"/>
            <line number="58" hits="7" branch="false"/>
            <line number="63" hits="8" branch="false"/>
            <line number="66" hits="8" branch="false"/>
            <line number="70" hits="8" branch="false"/>
            <line number="73" hits="8" branch="false"/>
            <line number="77" hits="8" branch="false"/>
            <line number="80" hits="8" branch="false"/>
            <line number="81" hits="7" branch="false"/>
            <line number="82" hits="7" branch="false"/>
            <line number="87" hits="8" branch="false"/>
            <line number="88" hits="7" branch="false"/>
            <line number="89" hits="7" branch="false"/>
            <line number="94" hits="8" branch="false"/>
          </lines>
        </class>
        <class name="FinishedGoodNoteEntity.ts" filename="common/src/db-access/entity/FinishedGoodNoteEntity.ts" line-rate="1" branch-rate="1">
          <methods>
            <method name="(anonymous_2)" hits="7" signature="()V">
              <lines>
                <line number="26" hits="7"/>
              </lines>
            </method>
            <method name="(anonymous_3)" hits="7" signature="()V">
              <lines>
                <line number="27" hits="7"/>
              </lines>
            </method>
          </methods>
          <lines>
            <line number="1" hits="8" branch="false"/>
            <line number="2" hits="8" branch="false"/>
            <line number="6" hits="8" branch="false"/>
            <line number="7" hits="8" branch="false"/>
            <line number="10" hits="8" branch="false"/>
            <line number="13" hits="8" branch="false"/>
            <line number="16" hits="8" branch="false"/>
            <line number="19" hits="8" branch="false"/>
            <line number="22" hits="8" branch="false"/>
            <line number="25" hits="8" branch="false"/>
            <line number="26" hits="7" branch="false"/>
            <line number="27" hits="7" branch="false"/>
          </lines>
        </class>
        <class name="FinishedGoodStatusEntity.ts" filename="common/src/db-access/entity/FinishedGoodStatusEntity.ts" line-rate="1" branch-rate="1">
          <methods>
            <method name="(anonymous_2)" hits="7" signature="()V">
              <lines>
                <line number="20" hits="7"/>
              </lines>
            </method>
            <method name="(anonymous_3)" hits="7" signature="()V">
              <lines>
                <line number="21" hits="7"/>
              </lines>
            </method>
          </methods>
          <lines>
            <line number="1" hits="8" branch="false"/>
            <line number="2" hits="8" branch="false"/>
            <line number="6" hits="8" branch="false"/>
            <line number="7" hits="8" branch="false"/>
            <line number="10" hits="8" branch="false"/>
            <line number="13" hits="8" branch="false"/>
            <line number="16" hits="8" branch="false"/>
            <line number="19" hits="8" branch="false"/>
            <line number="20" hits="7" branch="false"/>
            <line number="21" hits="7" branch="false"/>
            <line number="26" hits="8" branch="false"/>
          </lines>
        </class>
        <class name="GsUserEntity.ts" filename="common/src/db-access/entity/GsUserEntity.ts" line-rate="1" branch-rate="1">
          <methods>
            <method name="(anonymous_2)" hits="7" signature="()V">
              <lines>
                <line number="35" hits="7"/>
              </lines>
            </method>
            <method name="(anonymous_3)" hits="7" signature="()V">
              <lines>
                <line number="39" hits="7"/>
              </lines>
            </method>
            <method name="(anonymous_4)" hits="7" signature="()V">
              <lines>
                <line number="39" hits="7"/>
              </lines>
            </method>
          </methods>
          <lines>
            <line number="1" hits="8" branch="false"/>
            <line number="2" hits="8" branch="false"/>
            <line number="3" hits="8" branch="false"/>
            <line number="7" hits="8" branch="false"/>
            <line number="8" hits="8" branch="false"/>
            <line number="11" hits="8" branch="false"/>
            <line number="14" hits="8" branch="false"/>
            <line number="17" hits="8" branch="false"/>
            <line number="20" hits="8" branch="false"/>
            <line number="23" hits="8" branch="false"/>
            <line number="26" hits="8" branch="false"/>
            <line number="29" hits="8" branch="false"/>
            <line number="32" hits="8" branch="false"/>
            <line number="35" hits="8" branch="false"/>
            <line number="39" hits="8" branch="false"/>
          </lines>
        </class>
        <class name="InboundTicketEntity.ts" filename="common/src/db-access/entity/InboundTicketEntity.ts" line-rate="0.8793000000000001" branch-rate="0">
          <methods>
            <method name="(anonymous_3)" hits="8" signature="()V">
              <lines>
                <line number="200" hits="8"/>
              </lines>
            </method>
            <method name="(anonymous_4)" hits="0" signature="()V">
              <lines>
                <line number="156" hits="0"/>
              </lines>
            </method>
            <method name="(anonymous_5)" hits="7" signature="()V">
              <lines>
                <line number="104" hits="7"/>
              </lines>
            </method>
            <method name="(anonymous_6)" hits="7" signature="()V">
              <lines>
                <line number="104" hits="7"/>
              </lines>
            </method>
            <method name="(anonymous_7)" hits="7" signature="()V">
              <lines>
                <line number="111" hits="7"/>
              </lines>
            </method>
            <method name="(anonymous_8)" hits="7" signature="()V">
              <lines>
                <line number="111" hits="7"/>
              </lines>
            </method>
            <method name="(anonymous_9)" hits="7" signature="()V">
              <lines>
                <line number="121" hits="7"/>
              </lines>
            </method>
            <method name="(anonymous_10)" hits="7" signature="()V">
              <lines>
                <line number="121" hits="7"/>
              </lines>
            </method>
            <method name="(anonymous_11)" hits="7" signature="()V">
              <lines>
                <line number="126" hits="7"/>
              </lines>
            </method>
            <method name="(anonymous_12)" hits="7" signature="()V">
              <lines>
                <line number="126" hits="7"/>
              </lines>
            </method>
            <method name="(anonymous_13)" hits="7" signature="()V">
              <lines>
                <line number="132" hits="7"/>
              </lines>
            </method>
            <method name="(anonymous_14)" hits="7" signature="()V">
              <lines>
                <line number="133" hits="7"/>
              </lines>
            </method>
            <method name="(anonymous_15)" hits="7" signature="()V">
              <lines>
                <line number="140" hits="7"/>
              </lines>
            </method>
            <method name="(anonymous_16)" hits="7" signature="()V">
              <lines>
                <line number="140" hits="7"/>
              </lines>
            </method>
            <method name="(anonymous_17)" hits="7" signature="()V">
              <lines>
                <line number="145" hits="7"/>
              </lines>
            </method>
            <method name="(anonymous_18)" hits="7" signature="()V">
              <lines>
                <line number="145" hits="7"/>
              </lines>
            </method>
            <method name="(anonymous_19)" hits="7" signature="()V">
              <lines>
                <line number="150" hits="7"/>
              </lines>
            </method>
          </methods>
          <lines>
            <line number="1" hits="8" branch="false"/>
            <line number="2" hits="8" branch="false"/>
            <line number="3" hits="8" branch="false"/>
            <line number="4" hits="8" branch="false"/>
            <line number="5" hits="8" branch="false"/>
            <line number="6" hits="8" branch="false"/>
            <line number="7" hits="8" branch="false"/>
            <line number="8" hits="8" branch="false"/>
            <line number="9" hits="8" branch="false"/>
            <line number="10" hits="8" branch="false"/>
            <line number="14" hits="8" branch="false"/>
            <line number="15" hits="8" branch="false"/>
            <line number="18" hits="8" branch="false"/>
            <line number="21" hits="8" branch="false"/>
            <line number="24" hits="8" branch="false"/>
            <line number="28" hits="8" branch="false"/>
            <line number="34" hits="8" branch="false"/>
            <line number="37" hits="8" branch="false"/>
            <line number="40" hits="8" branch="false"/>
            <line number="43" hits="8" branch="false"/>
            <line number="46" hits="8" branch="false"/>
            <line number="49" hits="8" branch="false"/>
            <line number="52" hits="8" branch="false"/>
            <line number="55" hits="8" branch="false"/>
            <line number="58" hits="8" branch="false"/>
            <line number="66" hits="8" branch="false"/>
            <line number="74" hits="8" branch="false"/>
            <line number="77" hits="8" branch="false"/>
            <line number="80" hits="8" branch="false"/>
            <line number="83" hits="8" branch="false"/>
            <line number="86" hits="8" branch="false"/>
            <line number="89" hits="8" branch="false"/>
            <line number="92" hits="8" branch="false"/>
            <line number="95" hits="8" branch="false"/>
            <line number="98" hits="8" branch="false"/>
            <line number="101" hits="8" branch="false"/>
            <line number="104" hits="8" branch="false"/>
            <line number="108" hits="8" branch="false"/>
            <line number="111" hits="8" branch="false"/>
            <line number="115" hits="8" branch="false"/>
            <line number="118" hits="8" branch="false"/>
            <line number="121" hits="8" branch="false"/>
            <line number="125" hits="8" branch="false"/>
            <line number="126" hits="7" branch="false"/>
            <line number="131" hits="8" branch="false"/>
            <line number="132" hits="7" branch="false"/>
            <line number="133" hits="7" branch="false"/>
            <line number="140" hits="8" branch="false"/>
            <line number="145" hits="8" branch="false"/>
            <line number="150" hits="8" branch="false"/>
            <line number="157" hits="0" branch="true" condition-coverage="0% (0/2)"/>
            <line number="193" hits="0" branch="false"/>
            <line number="194" hits="0" branch="true" condition-coverage="0% (0/1)"/>
            <line number="195" hits="0" branch="false"/>
            <line number="196" hits="0" branch="false"/>
            <line number="201" hits="8" branch="true" condition-coverage="0% (0/1)"/>
            <line number="202" hits="0" branch="false"/>
            <line number="204" hits="0" branch="false"/>
          </lines>
        </class>
        <class name="InboundTicketNote.ts" filename="common/src/db-access/entity/InboundTicketNote.ts" line-rate="1" branch-rate="1">
          <methods>
            <method name="(anonymous_2)" hits="7" signature="()V">
              <lines>
                <line number="26" hits="7"/>
              </lines>
            </method>
            <method name="(anonymous_3)" hits="7" signature="()V">
              <lines>
                <line number="27" hits="7"/>
              </lines>
            </method>
          </methods>
          <lines>
            <line number="1" hits="8" branch="false"/>
            <line number="2" hits="8" branch="false"/>
            <line number="6" hits="8" branch="false"/>
            <line number="7" hits="8" branch="false"/>
            <line number="10" hits="8" branch="false"/>
            <line number="13" hits="8" branch="false"/>
            <line number="16" hits="8" branch="false"/>
            <line number="19" hits="8" branch="false"/>
            <line number="22" hits="8" branch="false"/>
            <line number="25" hits="8" branch="false"/>
            <line number="26" hits="7" branch="false"/>
            <line number="27" hits="7" branch="false"/>
          </lines>
        </class>
        <class name="InboundTicketStatus.ts" filename="common/src/db-access/entity/InboundTicketStatus.ts" line-rate="1" branch-rate="1">
          <methods>
            <method name="(anonymous_2)" hits="7" signature="()V">
              <lines>
                <line number="26" hits="7"/>
              </lines>
            </method>
            <method name="(anonymous_3)" hits="7" signature="()V">
              <lines>
                <line number="27" hits="7"/>
              </lines>
            </method>
          </methods>
          <lines>
            <line number="1" hits="8" branch="false"/>
            <line number="2" hits="8" branch="false"/>
            <line number="6" hits="8" branch="false"/>
            <line number="7" hits="8" branch="false"/>
            <line number="10" hits="8" branch="false"/>
            <line number="13" hits="8" branch="false"/>
            <line number="16" hits="8" branch="false"/>
            <line number="19" hits="8" branch="false"/>
            <line number="22" hits="8" branch="false"/>
            <line number="25" hits="8" branch="false"/>
            <line number="26" hits="7" branch="false"/>
            <line number="27" hits="7" branch="false"/>
            <line number="32" hits="8" branch="false"/>
          </lines>
        </class>
        <class name="IntegrationConfigEntity.ts" filename="common/src/db-access/entity/IntegrationConfigEntity.ts" line-rate="1" branch-rate="1">
          <methods>
          </methods>
          <lines>
            <line number="1" hits="8" branch="false"/>
            <line number="5" hits="8" branch="false"/>
            <line number="6" hits="8" branch="false"/>
            <line number="9" hits="8" branch="false"/>
            <line number="12" hits="8" branch="false"/>
          </lines>
        </class>
        <class name="InventoryByMaterialTypeVw.ts" filename="common/src/db-access/entity/InventoryByMaterialTypeVw.ts" line-rate="1" branch-rate="1">
          <methods>
          </methods>
          <lines>
            <line number="1" hits="8" branch="false"/>
            <line number="3" hits="8" branch="false"/>
            <line number="6" hits="8" branch="false"/>
            <line number="7" hits="8" branch="false"/>
            <line number="10" hits="8" branch="false"/>
            <line number="13" hits="8" branch="false"/>
            <line number="16" hits="8" branch="false"/>
            <line number="19" hits="8" branch="false"/>
            <line number="22" hits="8" branch="false"/>
            <line number="31" hits="8" branch="false"/>
            <line number="40" hits="8" branch="false"/>
            <line number="49" hits="8" branch="false"/>
            <line number="58" hits="8" branch="false"/>
            <line number="61" hits="8" branch="false"/>
            <line number="64" hits="8" branch="false"/>
            <line number="67" hits="8" branch="false"/>
          </lines>
        </class>
        <class name="InventoryFinishedGoodVw.ts" filename="common/src/db-access/entity/InventoryFinishedGoodVw.ts" line-rate="1" branch-rate="1">
          <methods>
            <method name="(anonymous_2)" hits="7" signature="()V">
              <lines>
                <line number="25" hits="7"/>
              </lines>
            </method>
            <method name="(anonymous_3)" hits="7" signature="()V">
              <lines>
                <line number="25" hits="7"/>
              </lines>
            </method>
          </methods>
          <lines>
            <line number="1" hits="8" branch="false"/>
            <line number="2" hits="8" branch="false"/>
            <line number="3" hits="8" branch="false"/>
            <line number="6" hits="8" branch="false"/>
            <line number="7" hits="8" branch="false"/>
            <line number="10" hits="8" branch="false"/>
            <line number="13" hits="8" branch="false"/>
            <line number="16" hits="8" branch="false"/>
            <line number="19" hits="8" branch="false"/>
            <line number="22" hits="8" branch="false"/>
            <line number="25" hits="8" branch="false"/>
            <line number="29" hits="8" branch="false"/>
          </lines>
        </class>
        <class name="InventoryPackingListVw.ts" filename="common/src/db-access/entity/InventoryPackingListVw.ts" line-rate="1" branch-rate="1">
          <methods>
            <method name="(anonymous_2)" hits="7" signature="()V">
              <lines>
                <line number="25" hits="7"/>
              </lines>
            </method>
            <method name="(anonymous_3)" hits="7" signature="()V">
              <lines>
                <line number="25" hits="7"/>
              </lines>
            </method>
          </methods>
          <lines>
            <line number="1" hits="8" branch="false"/>
            <line number="2" hits="8" branch="false"/>
            <line number="3" hits="8" branch="false"/>
            <line number="6" hits="8" branch="false"/>
            <line number="7" hits="8" branch="false"/>
            <line number="10" hits="8" branch="false"/>
            <line number="13" hits="8" branch="false"/>
            <line number="16" hits="8" branch="false"/>
            <line number="19" hits="8" branch="false"/>
            <line number="22" hits="8" branch="false"/>
            <line number="25" hits="8" branch="false"/>
            <line number="29" hits="8" branch="false"/>
          </lines>
        </class>
        <class name="InventoryRegradeVw.ts" filename="common/src/db-access/entity/InventoryRegradeVw.ts" line-rate="1" branch-rate="1">
          <methods>
          </methods>
          <lines>
            <line number="1" hits="8" branch="false"/>
            <line number="3" hits="8" branch="false"/>
            <line number="6" hits="8" branch="false"/>
            <line number="7" hits="8" branch="false"/>
            <line number="10" hits="8" branch="false"/>
            <line number="13" hits="8" branch="false"/>
            <line number="16" hits="8" branch="false"/>
            <line number="19" hits="8" branch="false"/>
            <line number="22" hits="8" branch="false"/>
          </lines>
        </class>
        <class name="InvoiceEntity.ts" filename="common/src/db-access/entity/InvoiceEntity.ts" line-rate="1" branch-rate="1">
          <methods>
            <method name="(anonymous_2)" hits="7" signature="()V">
              <lines>
                <line number="27" hits="7"/>
              </lines>
            </method>
            <method name="(anonymous_3)" hits="7" signature="()V">
              <lines>
                <line number="28" hits="7"/>
              </lines>
            </method>
            <method name="(anonymous_4)" hits="7" signature="()V">
              <lines>
                <line number="48" hits="7"/>
              </lines>
            </method>
            <method name="(anonymous_5)" hits="7" signature="()V">
              <lines>
                <line number="48" hits="7"/>
              </lines>
            </method>
            <method name="(anonymous_6)" hits="7" signature="()V">
              <lines>
                <line number="51" hits="7"/>
              </lines>
            </method>
            <method name="(anonymous_7)" hits="7" signature="()V">
              <lines>
                <line number="55" hits="7"/>
              </lines>
            </method>
            <method name="(anonymous_8)" hits="7" signature="()V">
              <lines>
                <line number="55" hits="7"/>
              </lines>
            </method>
          </methods>
          <lines>
            <line number="1" hits="8" branch="false"/>
            <line number="2" hits="8" branch="false"/>
            <line number="3" hits="8" branch="false"/>
            <line number="4" hits="8" branch="false"/>
            <line number="5" hits="8" branch="false"/>
            <line number="7" hits="8" branch="false"/>
            <line number="8" hits="8" branch="false"/>
            <line number="12" hits="8" branch="false"/>
            <line number="14" hits="8" branch="false"/>
            <line number="23" hits="8" branch="false"/>
            <line number="26" hits="8" branch="false"/>
            <line number="27" hits="7" branch="false"/>
            <line number="28" hits="7" branch="false"/>
            <line number="34" hits="8" branch="false"/>
            <line number="39" hits="8" branch="false"/>
            <line number="42" hits="8" branch="false"/>
            <line number="45" hits="8" branch="false"/>
            <line number="48" hits="8" branch="false"/>
            <line number="51" hits="8" branch="false"/>
            <line number="55" hits="8" branch="false"/>
            <line number="59" hits="8" branch="false"/>
          </lines>
        </class>
        <class name="InvoicePaymentEntity.ts" filename="common/src/db-access/entity/InvoicePaymentEntity.ts" line-rate="1" branch-rate="1">
          <methods>
          </methods>
          <lines>
            <line number="1" hits="8" branch="false"/>
            <line number="2" hits="8" branch="false"/>
            <line number="6" hits="8" branch="false"/>
            <line number="8" hits="8" branch="false"/>
            <line number="11" hits="8" branch="false"/>
            <line number="14" hits="8" branch="false"/>
            <line number="23" hits="8" branch="false"/>
            <line number="26" hits="8" branch="false"/>
            <line number="29" hits="8" branch="false"/>
            <line number="32" hits="8" branch="false"/>
            <line number="35" hits="8" branch="false"/>
            <line number="38" hits="8" branch="false"/>
            <line number="41" hits="8" branch="false"/>
            <line number="44" hits="8" branch="false"/>
            <line number="47" hits="8" branch="false"/>
          </lines>
        </class>
        <class name="InvoiceStatus.ts" filename="common/src/db-access/entity/InvoiceStatus.ts" line-rate="1" branch-rate="1">
          <methods>
            <method name="(anonymous_2)" hits="7" signature="()V">
              <lines>
                <line number="20" hits="7"/>
              </lines>
            </method>
            <method name="(anonymous_3)" hits="7" signature="()V">
              <lines>
                <line number="21" hits="7"/>
              </lines>
            </method>
          </methods>
          <lines>
            <line number="1" hits="8" branch="false"/>
            <line number="2" hits="8" branch="false"/>
            <line number="6" hits="8" branch="false"/>
            <line number="7" hits="8" branch="false"/>
            <line number="10" hits="8" branch="false"/>
            <line number="13" hits="8" branch="false"/>
            <line number="16" hits="8" branch="false"/>
            <line number="19" hits="8" branch="false"/>
            <line number="20" hits="7" branch="false"/>
            <line number="21" hits="7" branch="false"/>
            <line number="26" hits="8" branch="false"/>
          </lines>
        </class>
        <class name="LocationEntity.ts" filename="common/src/db-access/entity/LocationEntity.ts" line-rate="1" branch-rate="1">
          <methods>
            <method name="(anonymous_2)" hits="7" signature="()V">
              <lines>
                <line number="42" hits="7"/>
              </lines>
            </method>
            <method name="(anonymous_3)" hits="7" signature="()V">
              <lines>
                <line number="42" hits="7"/>
              </lines>
            </method>
            <method name="(anonymous_4)" hits="7" signature="()V">
              <lines>
                <line number="45" hits="7"/>
              </lines>
            </method>
            <method name="(anonymous_5)" hits="7" signature="()V">
              <lines>
                <line number="45" hits="7"/>
              </lines>
            </method>
            <method name="(anonymous_6)" hits="7" signature="()V">
              <lines>
                <line number="52" hits="7"/>
              </lines>
            </method>
            <method name="(anonymous_7)" hits="7" signature="()V">
              <lines>
                <line number="52" hits="7"/>
              </lines>
            </method>
          </methods>
          <lines>
            <line number="1" hits="8" branch="false"/>
            <line number="2" hits="8" branch="false"/>
            <line number="3" hits="8" branch="false"/>
            <line number="4" hits="8" branch="false"/>
            <line number="8" hits="8" branch="false"/>
            <line number="9" hits="8" branch="false"/>
            <line number="12" hits="8" branch="false"/>
            <line number="15" hits="8" branch="false"/>
            <line number="18" hits="8" branch="false"/>
            <line number="21" hits="8" branch="false"/>
            <line number="24" hits="8" branch="false"/>
            <line number="27" hits="8" branch="false"/>
            <line number="30" hits="8" branch="false"/>
            <line number="33" hits="8" branch="false"/>
            <line number="36" hits="8" branch="false"/>
            <line number="39" hits="8" branch="false"/>
            <line number="42" hits="8" branch="false"/>
            <line number="45" hits="8" branch="false"/>
            <line number="49" hits="8" branch="false"/>
            <line number="52" hits="8" branch="false"/>
            <line number="56" hits="8" branch="false"/>
          </lines>
        </class>
        <class name="MaterialEntity.ts" filename="common/src/db-access/entity/MaterialEntity.ts" line-rate="1" branch-rate="1">
          <methods>
            <method name="(anonymous_2)" hits="7" signature="()V">
              <lines>
                <line number="25" hits="7"/>
              </lines>
            </method>
            <method name="(anonymous_3)" hits="7" signature="()V">
              <lines>
                <line number="25" hits="7"/>
              </lines>
            </method>
            <method name="(anonymous_4)" hits="7" signature="()V">
              <lines>
                <line number="31" hits="7"/>
              </lines>
            </method>
            <method name="(anonymous_5)" hits="7" signature="()V">
              <lines>
                <line number="31" hits="7"/>
              </lines>
            </method>
            <method name="(anonymous_6)" hits="7" signature="()V">
              <lines>
                <line number="34" hits="7"/>
              </lines>
            </method>
            <method name="(anonymous_7)" hits="7" signature="()V">
              <lines>
                <line number="34" hits="7"/>
              </lines>
            </method>
            <method name="(anonymous_8)" hits="7" signature="()V">
              <lines>
                <line number="41" hits="7"/>
              </lines>
            </method>
            <method name="(anonymous_9)" hits="7" signature="()V">
              <lines>
                <line number="41" hits="7"/>
              </lines>
            </method>
            <method name="(anonymous_10)" hits="7" signature="()V">
              <lines>
                <line number="48" hits="7"/>
              </lines>
            </method>
            <method name="(anonymous_11)" hits="7" signature="()V">
              <lines>
                <line number="48" hits="7"/>
              </lines>
            </method>
            <method name="(anonymous_12)" hits="7" signature="()V">
              <lines>
                <line number="57" hits="7"/>
              </lines>
            </method>
            <method name="(anonymous_13)" hits="7" signature="()V">
              <lines>
                <line number="57" hits="7"/>
              </lines>
            </method>
            <method name="(anonymous_14)" hits="7" signature="()V">
              <lines>
                <line number="64" hits="7"/>
              </lines>
            </method>
            <method name="(anonymous_15)" hits="7" signature="()V">
              <lines>
                <line number="64" hits="7"/>
              </lines>
            </method>
            <method name="(anonymous_16)" hits="7" signature="()V">
              <lines>
                <line number="72" hits="7"/>
              </lines>
            </method>
            <method name="(anonymous_17)" hits="7" signature="()V">
              <lines>
                <line number="72" hits="7"/>
              </lines>
            </method>
            <method name="(anonymous_18)" hits="7" signature="()V">
              <lines>
                <line number="79" hits="7"/>
              </lines>
            </method>
            <method name="(anonymous_19)" hits="7" signature="()V">
              <lines>
                <line number="79" hits="7"/>
              </lines>
            </method>
          </methods>
          <lines>
            <line number="1" hits="8" branch="false"/>
            <line number="2" hits="8" branch="false"/>
            <line number="3" hits="8" branch="false"/>
            <line number="4" hits="8" branch="false"/>
            <line number="5" hits="8" branch="false"/>
            <line number="6" hits="8" branch="false"/>
            <line number="7" hits="8" branch="false"/>
            <line number="8" hits="8" branch="false"/>
            <line number="12" hits="8" branch="false"/>
            <line number="13" hits="8" branch="false"/>
            <line number="16" hits="8" branch="false"/>
            <line number="19" hits="8" branch="false"/>
            <line number="22" hits="8" branch="false"/>
            <line number="25" hits="8" branch="false"/>
            <line number="31" hits="8" branch="false"/>
            <line number="34" hits="8" branch="false"/>
            <line number="38" hits="8" branch="false"/>
            <line number="41" hits="8" branch="false"/>
            <line number="45" hits="8" branch="false"/>
            <line number="48" hits="8" branch="false"/>
            <line number="54" hits="8" branch="false"/>
            <line number="57" hits="8" branch="false"/>
            <line number="61" hits="8" branch="false"/>
            <line number="64" hits="8" branch="false"/>
            <line number="68" hits="8" branch="false"/>
            <line number="72" hits="8" branch="false"/>
            <line number="79" hits="8" branch="false"/>
          </lines>
        </class>
        <class name="MaterialStatus.ts" filename="common/src/db-access/entity/MaterialStatus.ts" line-rate="1" branch-rate="1">
          <methods>
            <method name="(anonymous_2)" hits="7" signature="()V">
              <lines>
                <line number="64" hits="7"/>
              </lines>
            </method>
            <method name="(anonymous_3)" hits="7" signature="()V">
              <lines>
                <line number="64" hits="7"/>
              </lines>
            </method>
          </methods>
          <lines>
            <line number="1" hits="8" branch="false"/>
            <line number="2" hits="8" branch="false"/>
            <line number="6" hits="8" branch="false"/>
            <line number="7" hits="8" branch="false"/>
            <line number="10" hits="8" branch="false"/>
            <line number="13" hits="8" branch="false"/>
            <line number="16" hits="8" branch="false"/>
            <line number="19" hits="8" branch="false"/>
            <line number="22" hits="8" branch="false"/>
            <line number="25" hits="8" branch="false"/>
            <line number="33" hits="8" branch="false"/>
            <line number="41" hits="8" branch="false"/>
            <line number="44" hits="8" branch="false"/>
            <line number="47" hits="8" branch="false"/>
            <line number="50" hits="8" branch="false"/>
            <line number="58" hits="8" branch="false"/>
            <line number="61" hits="8" branch="false"/>
            <line number="64" hits="8" branch="false"/>
            <line number="71" hits="8" branch="false"/>
            <line number="77" hits="8" branch="false"/>
          </lines>
        </class>
        <class name="MaterialStatusVw.ts" filename="common/src/db-access/entity/MaterialStatusVw.ts" line-rate="1" branch-rate="1">
          <methods>
            <method name="(anonymous_2)" hits="7" signature="()V">
              <lines>
                <line number="64" hits="7"/>
              </lines>
            </method>
            <method name="(anonymous_3)" hits="7" signature="()V">
              <lines>
                <line number="64" hits="7"/>
              </lines>
            </method>
          </methods>
          <lines>
            <line number="1" hits="8" branch="false"/>
            <line number="2" hits="8" branch="false"/>
            <line number="6" hits="8" branch="false"/>
            <line number="7" hits="8" branch="false"/>
            <line number="10" hits="8" branch="false"/>
            <line number="13" hits="8" branch="false"/>
            <line number="16" hits="8" branch="false"/>
            <line number="19" hits="8" branch="false"/>
            <line number="22" hits="8" branch="false"/>
            <line number="25" hits="8" branch="false"/>
            <line number="33" hits="8" branch="false"/>
            <line number="41" hits="8" branch="false"/>
            <line number="44" hits="8" branch="false"/>
            <line number="47" hits="8" branch="false"/>
            <line number="50" hits="8" branch="false"/>
            <line number="58" hits="8" branch="false"/>
            <line number="61" hits="8" branch="false"/>
            <line number="64" hits="8" branch="false"/>
            <line number="71" hits="8" branch="false"/>
          </lines>
        </class>
        <class name="MaterialTypeEntity.ts" filename="common/src/db-access/entity/MaterialTypeEntity.ts" line-rate="1" branch-rate="1">
          <methods>
            <method name="(anonymous_2)" hits="7" signature="()V">
              <lines>
                <line number="24" hits="7"/>
              </lines>
            </method>
            <method name="(anonymous_3)" hits="7" signature="()V">
              <lines>
                <line number="24" hits="7"/>
              </lines>
            </method>
            <method name="(anonymous_4)" hits="7" signature="()V">
              <lines>
                <line number="27" hits="7"/>
              </lines>
            </method>
            <method name="(anonymous_5)" hits="7" signature="()V">
              <lines>
                <line number="27" hits="7"/>
              </lines>
            </method>
            <method name="(anonymous_6)" hits="7" signature="()V">
              <lines>
                <line number="30" hits="7"/>
              </lines>
            </method>
            <method name="(anonymous_7)" hits="7" signature="()V">
              <lines>
                <line number="30" hits="7"/>
              </lines>
            </method>
            <method name="(anonymous_8)" hits="7" signature="()V">
              <lines>
                <line number="39" hits="7"/>
              </lines>
            </method>
            <method name="(anonymous_9)" hits="7" signature="()V">
              <lines>
                <line number="39" hits="7"/>
              </lines>
            </method>
            <method name="(anonymous_10)" hits="7" signature="()V">
              <lines>
                <line number="48" hits="7"/>
              </lines>
            </method>
            <method name="(anonymous_11)" hits="7" signature="()V">
              <lines>
                <line number="48" hits="7"/>
              </lines>
            </method>
            <method name="(anonymous_12)" hits="7" signature="()V">
              <lines>
                <line number="52" hits="7"/>
              </lines>
            </method>
            <method name="(anonymous_13)" hits="7" signature="()V">
              <lines>
                <line number="53" hits="7"/>
              </lines>
            </method>
          </methods>
          <lines>
            <line number="1" hits="8" branch="false"/>
            <line number="2" hits="8" branch="false"/>
            <line number="3" hits="8" branch="false"/>
            <line number="4" hits="8" branch="false"/>
            <line number="5" hits="8" branch="false"/>
            <line number="6" hits="8" branch="false"/>
            <line number="7" hits="8" branch="false"/>
            <line number="11" hits="8" branch="false"/>
            <line number="12" hits="8" branch="false"/>
            <line number="15" hits="8" branch="false"/>
            <line number="18" hits="8" branch="false"/>
            <line number="21" hits="8" branch="false"/>
            <line number="24" hits="8" branch="false"/>
            <line number="27" hits="8" branch="false"/>
            <line number="30" hits="8" branch="false"/>
            <line number="36" hits="8" branch="false"/>
            <line number="39" hits="8" branch="false"/>
            <line number="43" hits="8" branch="false"/>
            <line number="45" hits="8" branch="false"/>
            <line number="48" hits="8" branch="false"/>
            <line number="51" hits="8" branch="false"/>
            <line number="52" hits="7" branch="false"/>
            <line number="53" hits="7" branch="false"/>
          </lines>
        </class>
        <class name="MaterialTypeStatus.ts" filename="common/src/db-access/entity/MaterialTypeStatus.ts" line-rate="1" branch-rate="1">
          <methods>
            <method name="(anonymous_2)" hits="7" signature="()V">
              <lines>
                <line number="20" hits="7"/>
              </lines>
            </method>
            <method name="(anonymous_3)" hits="7" signature="()V">
              <lines>
                <line number="21" hits="7"/>
              </lines>
            </method>
          </methods>
          <lines>
            <line number="1" hits="8" branch="false"/>
            <line number="2" hits="8" branch="false"/>
            <line number="6" hits="8" branch="false"/>
            <line number="7" hits="8" branch="false"/>
            <line number="10" hits="8" branch="false"/>
            <line number="13" hits="8" branch="false"/>
            <line number="16" hits="8" branch="false"/>
            <line number="19" hits="8" branch="false"/>
            <line number="20" hits="7" branch="false"/>
            <line number="21" hits="7" branch="false"/>
            <line number="26" hits="8" branch="false"/>
          </lines>
        </class>
        <class name="OrganizationEntity.ts" filename="common/src/db-access/entity/OrganizationEntity.ts" line-rate="1" branch-rate="1">
          <methods>
            <method name="(anonymous_2)" hits="7" signature="()V">
              <lines>
                <line number="21" hits="7"/>
              </lines>
            </method>
            <method name="(anonymous_3)" hits="7" signature="()V">
              <lines>
                <line number="21" hits="7"/>
              </lines>
            </method>
            <method name="(anonymous_4)" hits="7" signature="()V">
              <lines>
                <line number="24" hits="7"/>
              </lines>
            </method>
            <method name="(anonymous_5)" hits="7" signature="()V">
              <lines>
                <line number="24" hits="7"/>
              </lines>
            </method>
            <method name="(anonymous_6)" hits="7" signature="()V">
              <lines>
                <line number="30" hits="7"/>
              </lines>
            </method>
            <method name="(anonymous_7)" hits="7" signature="()V">
              <lines>
                <line number="30" hits="7"/>
              </lines>
            </method>
          </methods>
          <lines>
            <line number="1" hits="8" branch="false"/>
            <line number="2" hits="8" branch="false"/>
            <line number="3" hits="8" branch="false"/>
            <line number="4" hits="8" branch="false"/>
            <line number="8" hits="8" branch="false"/>
            <line number="9" hits="8" branch="false"/>
            <line number="12" hits="8" branch="false"/>
            <line number="15" hits="8" branch="false"/>
            <line number="18" hits="8" branch="false"/>
            <line number="21" hits="8" branch="false"/>
            <line number="24" hits="8" branch="false"/>
            <line number="30" hits="8" branch="false"/>
          </lines>
        </class>
        <class name="OutboundTicketEntity.ts" filename="common/src/db-access/entity/OutboundTicketEntity.ts" line-rate="1" branch-rate="1">
          <methods>
            <method name="(anonymous_2)" hits="7" signature="()V">
              <lines>
                <line number="53" hits="7"/>
              </lines>
            </method>
            <method name="(anonymous_3)" hits="7" signature="()V">
              <lines>
                <line number="53" hits="7"/>
              </lines>
            </method>
            <method name="(anonymous_4)" hits="7" signature="()V">
              <lines>
                <line number="57" hits="7"/>
              </lines>
            </method>
            <method name="(anonymous_5)" hits="7" signature="()V">
              <lines>
                <line number="57" hits="7"/>
              </lines>
            </method>
            <method name="(anonymous_6)" hits="7" signature="()V">
              <lines>
                <line number="61" hits="7"/>
              </lines>
            </method>
            <method name="(anonymous_7)" hits="7" signature="()V">
              <lines>
                <line number="61" hits="7"/>
              </lines>
            </method>
            <method name="(anonymous_8)" hits="7" signature="()V">
              <lines>
                <line number="69" hits="7"/>
              </lines>
            </method>
            <method name="(anonymous_9)" hits="7" signature="()V">
              <lines>
                <line number="69" hits="7"/>
              </lines>
            </method>
            <method name="(anonymous_10)" hits="7" signature="()V">
              <lines>
                <line number="74" hits="7"/>
              </lines>
            </method>
            <method name="(anonymous_11)" hits="7" signature="()V">
              <lines>
                <line number="74" hits="7"/>
              </lines>
            </method>
            <method name="(anonymous_12)" hits="7" signature="()V">
              <lines>
                <line number="79" hits="7"/>
              </lines>
            </method>
            <method name="(anonymous_13)" hits="7" signature="()V">
              <lines>
                <line number="80" hits="7"/>
              </lines>
            </method>
            <method name="(anonymous_14)" hits="7" signature="()V">
              <lines>
                <line number="85" hits="7"/>
              </lines>
            </method>
            <method name="(anonymous_15)" hits="7" signature="()V">
              <lines>
                <line number="85" hits="7"/>
              </lines>
            </method>
          </methods>
          <lines>
            <line number="1" hits="8" branch="false"/>
            <line number="2" hits="8" branch="false"/>
            <line number="3" hits="8" branch="false"/>
            <line number="4" hits="8" branch="false"/>
            <line number="5" hits="8" branch="false"/>
            <line number="6" hits="8" branch="false"/>
            <line number="7" hits="8" branch="false"/>
            <line number="8" hits="8" branch="false"/>
            <line number="13" hits="8" branch="false"/>
            <line number="15" hits="8" branch="false"/>
            <line number="18" hits="8" branch="false"/>
            <line number="21" hits="8" branch="false"/>
            <line number="24" hits="8" branch="false"/>
            <line number="29" hits="8" branch="false"/>
            <line number="36" hits="8" branch="false"/>
            <line number="43" hits="8" branch="false"/>
            <line number="46" hits="8" branch="false"/>
            <line number="53" hits="8" branch="false"/>
            <line number="57" hits="8" branch="false"/>
            <line number="61" hits="8" branch="false"/>
            <line number="66" hits="8" branch="false"/>
            <line number="69" hits="8" branch="false"/>
            <line number="74" hits="8" branch="false"/>
            <line number="78" hits="8" branch="false"/>
            <line number="79" hits="7" branch="false"/>
            <line number="80" hits="7" branch="false"/>
            <line number="85" hits="8" branch="false"/>
            <line number="89" hits="8" branch="false"/>
            <line number="92" hits="8" branch="false"/>
            <line number="98" hits="8" branch="false"/>
            <line number="101" hits="8" branch="false"/>
          </lines>
        </class>
        <class name="OutboundTicketNoteEntity.ts" filename="common/src/db-access/entity/OutboundTicketNoteEntity.ts" line-rate="1" branch-rate="1">
          <methods>
            <method name="(anonymous_2)" hits="7" signature="()V">
              <lines>
                <line number="26" hits="7"/>
              </lines>
            </method>
            <method name="(anonymous_3)" hits="7" signature="()V">
              <lines>
                <line number="27" hits="7"/>
              </lines>
            </method>
          </methods>
          <lines>
            <line number="1" hits="8" branch="false"/>
            <line number="2" hits="8" branch="false"/>
            <line number="6" hits="8" branch="false"/>
            <line number="7" hits="8" branch="false"/>
            <line number="10" hits="8" branch="false"/>
            <line number="13" hits="8" branch="false"/>
            <line number="16" hits="8" branch="false"/>
            <line number="19" hits="8" branch="false"/>
            <line number="22" hits="8" branch="false"/>
            <line number="25" hits="8" branch="false"/>
            <line number="26" hits="7" branch="false"/>
            <line number="27" hits="7" branch="false"/>
          </lines>
        </class>
        <class name="POMaterialVw.ts" filename="common/src/db-access/entity/POMaterialVw.ts" line-rate="1" branch-rate="1">
          <methods>
            <method name="(anonymous_2)" hits="7" signature="()V">
              <lines>
                <line number="9" hits="7"/>
              </lines>
            </method>
[...]
            <line number="56" hits="51" branch="false"/>
            <line number="64" hits="18" branch="false"/>
            <line number="65" hits="6" branch="false"/>
            <line number="68" hits="18" branch="true" condition-coverage="0% (0/1)"/>
            <line number="69" hits="27" branch="true" condition-coverage="100% (3/3)"/>
            <line number="70" hits="27" branch="true" condition-coverage="100% (2/2)"/>
            <line number="72" hits="27" branch="true" condition-coverage="50% (1/2)"/>
            <line number="73" hits="0" branch="false"/>
            <line number="74" hits="27" branch="true" condition-coverage="100% (2/2)"/>
            <line number="75" hits="2" branch="false"/>
            <line number="77" hits="25" branch="false"/>
            <line number="79" hits="27" branch="false"/>
            <line number="86" hits="18" branch="true" condition-coverage="0% (0/1)"/>
            <line number="87" hits="12" branch="false"/>
            <line number="94" hits="18" branch="false"/>
            <line number="95" hits="0" branch="false"/>
            <line number="108" hits="18" branch="false"/>
            <line number="109" hits="64" branch="false"/>
            <line number="110" hits="39" branch="true" condition-coverage="0% (0/1)"/>
            <line number="111" hits="0" branch="false"/>
            <line number="112" hits="0" branch="false"/>
            <line number="114" hits="39" branch="false"/>
            <line number="115" hits="39" branch="false"/>
            <line number="120" hits="39" branch="true" condition-coverage="50% (1/2)"/>
            <line number="121" hits="0" branch="false"/>
            <line number="128" hits="0" branch="true" condition-coverage="0% (0/2)"/>
            <line number="130" hits="39" branch="false"/>
            <line number="137" hits="39" branch="false"/>
            <line number="140" hits="39" branch="false"/>
            <line number="142" hits="39" branch="true" condition-coverage="100% (1/1)"/>
            <line number="143" hits="6" branch="false"/>
            <line number="147" hits="39" branch="true" condition-coverage="100% (3/3)"/>
            <line number="148" hits="32" branch="false"/>
            <line number="153" hits="39" branch="true" condition-coverage="100% (4/4)"/>
            <line number="154" hits="32" branch="false"/>
            <line number="155" hits="32" branch="false"/>
            <line number="162" hits="7" branch="false"/>
            <line number="168" hits="39" branch="false"/>
            <line number="170" hits="39" branch="false"/>
            <line number="173" hits="64" branch="false"/>
            <line number="186" hits="11" branch="true" condition-coverage="100% (1/1)"/>
            <line number="187" hits="6" branch="false"/>
            <line number="189" hits="5" branch="true" condition-coverage="100% (1/1)"/>
            <line number="190" hits="5" branch="false"/>
            <line number="192" hits="0" branch="true" condition-coverage="0% (0/1)"/>
            <line number="193" hits="0" branch="false"/>
            <line number="196" hits="0" branch="false"/>
            <line number="197" hits="0" branch="false"/>
            <line number="199" hits="0" branch="false"/>
          </lines>
        </class>
        <class name="yard-handler.ts" filename="core-api/src/handlers/yard-handler.ts" line-rate="0.6333" branch-rate="0.11109999999999999">
          <methods>
            <method name="(anonymous_1)" hits="0" signature="()V">
              <lines>
                <line number="12" hits="0"/>
              </lines>
            </method>
            <method name="(anonymous_2)" hits="0" signature="()V">
              <lines>
                <line number="17" hits="0"/>
              </lines>
            </method>
            <method name="(anonymous_3)" hits="0" signature="()V">
              <lines>
                <line number="25" hits="0"/>
              </lines>
            </method>
            <method name="(anonymous_4)" hits="0" signature="()V">
              <lines>
                <line number="31" hits="0"/>
              </lines>
            </method>
            <method name="(anonymous_5)" hits="1" signature="()V">
              <lines>
                <line number="38" hits="1"/>
              </lines>
            </method>
            <method name="(anonymous_6)" hits="2" signature="()V">
              <lines>
                <line number="49" hits="2"/>
              </lines>
            </method>
          </methods>
          <lines>
            <line number="1" hits="1" branch="false"/>
            <line number="2" hits="1" branch="false"/>
            <line number="6" hits="1" branch="false"/>
            <line number="8" hits="1" branch="false"/>
            <line number="12" hits="1" branch="false"/>
            <line number="13" hits="0" branch="false"/>
            <line number="14" hits="0" branch="false"/>
            <line number="17" hits="1" branch="false"/>
            <line number="18" hits="0" branch="false"/>
            <line number="19" hits="0" branch="false"/>
            <line number="20" hits="0" branch="true" condition-coverage="0% (0/2)"/>
            <line number="21" hits="0" branch="true" condition-coverage="0% (0/4)"/>
            <line number="24" hits="1" branch="false"/>
            <line number="26" hits="0" branch="false"/>
            <line number="27" hits="0" branch="false"/>
            <line number="30" hits="1" branch="false"/>
            <line number="32" hits="0" branch="false"/>
            <line number="33" hits="0" branch="true" condition-coverage="0% (0/2)"/>
            <line number="34" hits="0" branch="false"/>
            <line number="37" hits="1" branch="false"/>
            <line number="40" hits="1" branch="false"/>
            <line number="42" hits="1" branch="false"/>
            <line number="44" hits="1" branch="false"/>
            <line number="48" hits="1" branch="false"/>
            <line number="51" hits="2" branch="false"/>
            <line number="52" hits="2" branch="true" condition-coverage="100% (1/1)"/>
            <line number="53" hits="1" branch="false"/>
            <line number="54" hits="1" branch="false"/>
            <line number="57" hits="1" branch="false"/>
            <line number="58" hits="1" branch="false"/>
          </lines>
        </class>
      </classes>
    </package>
    <package name="core-api.src.utilities" line-rate="0.5982" branch-rate="0.4375">
      <classes>
        <class name="findUndefined.js" filename="core-api/src/utilities/findUndefined.js" line-rate="0" branch-rate="0">
          <methods>
            <method name="findUndefined" hits="0" signature="()V">
              <lines>
                <line number="1" hits="0"/>
              </lines>
            </method>
            <method name="(anonymous_1)" hits="0" signature="()V">
              <lines>
                <line number="5" hits="0"/>
              </lines>
            </method>
          </methods>
          <lines>
            <line number="1" hits="0" branch="true" condition-coverage="0% (0/1)"/>
            <line number="2" hits="0" branch="true" condition-coverage="0% (0/2)"/>
            <line number="3" hits="0" branch="false"/>
            <line number="4" hits="0" branch="true" condition-coverage="0% (0/2)"/>
            <line number="5" hits="0" branch="false"/>
            <line number="6" hits="0" branch="true" condition-coverage="0% (0/1)"/>
            <line number="8" hits="0" branch="false"/>
            <line number="9" hits="0" branch="true" condition-coverage="0% (0/1)"/>
            <line number="10" hits="0" branch="false"/>
          </lines>
        </class>
        <class name="generateTag.js" filename="core-api/src/utilities/generateTag.js" line-rate="0.22219999999999998" branch-rate="1">
          <methods>
            <method name="(anonymous_0)" hits="0" signature="()V">
              <lines>
                <line number="3" hits="0"/>
              </lines>
            </method>
          </methods>
          <lines>
            <line number="1" hits="1" branch="false"/>
            <line number="3" hits="1" branch="false"/>
            <line number="5" hits="0" branch="false"/>
            <line number="6" hits="0" branch="false"/>
            <line number="9" hits="0" branch="false"/>
            <line number="10" hits="0" branch="false"/>
            <line number="11" hits="0" branch="false"/>
            <line number="12" hits="0" branch="false"/>
            <line number="15" hits="0" branch="false"/>
          </lines>
        </class>
        <class name="getCollection.ts" filename="core-api/src/utilities/getCollection.ts" line-rate="0" branch-rate="1">
          <methods>
            <method name="getCollection" hits="0" signature="()V">
              <lines>
                <line number="1" hits="0"/>
              </lines>
            </method>
          </methods>
          <lines>
            <line number="1" hits="0" branch="false"/>
            <line number="2" hits="0" branch="false"/>
          </lines>
        </class>
        <class name="getStatusObj.js" filename="core-api/src/utilities/getStatusObj.js" line-rate="0" branch-rate="1">
          <methods>
            <method name="(anonymous_0)" hits="0" signature="()V">
              <lines>
                <line number="1" hits="0"/>
              </lines>
            </method>
          </methods>
          <lines>
            <line number="1" hits="0" branch="false"/>
          </lines>
        </class>
        <class name="handleWarmerEvent.ts" filename="core-api/src/utilities/handleWarmerEvent.ts" line-rate="0.25" branch-rate="0">
          <methods>
            <method name="handleWarmerEvent" hits="0" signature="()V">
              <lines>
                <line number="5" hits="0"/>
              </lines>
            </method>
            <method name="sleep" hits="0" signature="()V">
              <lines>
                <line number="17" hits="0"/>
              </lines>
            </method>
            <method name="(anonymous_2)" hits="0" signature="()V">
              <lines>
                <line number="18" hits="0"/>
              </lines>
            </method>
          </methods>
          <lines>
            <line number="1" hits="19" branch="false"/>
            <line number="3" hits="19" branch="false"/>
            <line number="5" hits="19" branch="false"/>
            <line number="6" hits="0" branch="false"/>
            <line number="7" hits="0" branch="true" condition-coverage="0% (0/1)"/>
            <line number="8" hits="0" branch="false"/>
            <line number="10" hits="0" branch="false"/>
            <line number="11" hits="0" branch="false"/>
            <line number="12" hits="0" branch="false"/>
            <line number="13" hits="0" branch="false"/>
            <line number="14" hits="0" branch="true" condition-coverage="0% (0/2)"/>
            <line number="18" hits="0" branch="false"/>
          </lines>
        </class>
        <class name="isUuid.js" filename="core-api/src/utilities/isUuid.js" line-rate="0" branch-rate="1">
          <methods>
            <method name="(anonymous_0)" hits="0" signature="()V">
              <lines>
                <line number="1" hits="0"/>
              </lines>
            </method>
          </methods>
          <lines>
            <line number="1" hits="0" branch="false"/>
          </lines>
        </class>
        <class name="mapAsync.js" filename="core-api/src/utilities/mapAsync.js" line-rate="1" branch-rate="1">
          <methods>
            <method name="mapAsync" hits="19" signature="()V">
              <lines>
                <line number="1" hits="19"/>
              </lines>
            </method>
            <method name="processItem" hits="25" signature="()V">
              <lines>
                <line number="6" hits="25"/>
              </lines>
            </method>
          </methods>
          <lines>
            <line number="2" hits="19" branch="false"/>
            <line number="3" hits="19" branch="false"/>
            <line number="4" hits="19" branch="true" condition-coverage="100% (6/6)"/>
            <line number="5" hits="19" branch="false"/>
            <line number="7" hits="25" branch="false"/>
            <line number="8" hits="25" branch="true" condition-coverage="100% (1/1)"/>
            <line number="9" hits="14" branch="false"/>
            <line number="10" hits="14" branch="false"/>
            <line number="11" hits="14" branch="false"/>
            <line number="13" hits="19" branch="false"/>
            <line number="14" hits="19" branch="false"/>
            <line number="15" hits="11" branch="false"/>
            <line number="17" hits="19" branch="false"/>
            <line number="18" hits="19" branch="false"/>
            <line number="19" hits="14" branch="false"/>
            <line number="21" hits="19" branch="false"/>
            <line number="24" hits="11" branch="false"/>
          </lines>
        </class>
        <class name="price-utility.ts" filename="core-api/src/utilities/price-utility.ts" line-rate="0.7258" branch-rate="0.46149999999999997">
          <methods>
            <method name="getDineroValueFuncFromNumber" hits="49" signature="()V">
              <lines>
                <line number="7" hits="49"/>
              </lines>
            </method>
            <method name="getValueFromNumber" hits="13" signature="()V">
              <lines>
                <line number="23" hits="13"/>
              </lines>
            </method>
            <method name="getValueFromValueJSONAndMultiplier" hits="0" signature="()V">
              <lines>
                <line number="31" hits="0"/>
              </lines>
            </method>
            <method name="getPriceFromValueJSONAndWeight" hits="5" signature="()V">
              <lines>
                <line number="44" hits="5"/>
              </lines>
            </method>
            <method name="addTwoJSONValues" hits="1" signature="()V">
              <lines>
                <line number="59" hits="1"/>
              </lines>
            </method>
            <method name="subtractSecondJSONValueFromFirst" hits="1" signature="()V">
              <lines>
                <line number="70" hits="1"/>
              </lines>
            </method>
            <method name="convertDollarStringToPrice" hits="0" signature="()V">
              <lines>
                <line number="81" hits="0"/>
              </lines>
            </method>
            <method name="convertPriceToDollarString" hits="0" signature="()V">
              <lines>
                <line number="92" hits="0"/>
              </lines>
            </method>
            <method name="convertPercentageToDecimal" hits="0" signature="()V">
              <lines>
                <line number="97" hits="0"/>
              </lines>
            </method>
            <method name="convertDecimalToPercentage" hits="0" signature="()V">
              <lines>
                <line number="110" hits="0"/>
              </lines>
            </method>
          </methods>
          <lines>
            <line number="1" hits="20" branch="false"/>
            <line number="2" hits="20" branch="false"/>
            <line number="5" hits="20" branch="false"/>
            <line number="7" hits="20" branch="true" condition-coverage="0% (0/1)"/>
            <line number="8" hits="49" branch="false"/>
            <line number="9" hits="49" branch="false"/>
            <line number="10" hits="49" branch="true" condition-coverage="100% (2/2)"/>
            <line number="11" hits="26" branch="false"/>
            <line number="12" hits="26" branch="false"/>
            <line number="14" hits="49" branch="false"/>
            <line number="16" hits="49" branch="false"/>
            <line number="23" hits="20" branch="true" condition-coverage="100% (1/1)"/>
            <line number="24" hits="13" branch="false"/>
            <line number="25" hits="13" branch="false"/>
            <line number="27" hits="13" branch="false"/>
            <line number="28" hits="13" branch="false"/>
            <line number="31" hits="20" branch="false"/>
            <line number="32" hits="0" branch="false"/>
            <line number="34" hits="0" branch="false"/>
            <line number="36" hits="0" branch="false"/>
            <line number="38" hits="0" branch="false"/>
            <line number="39" hits="0" branch="false"/>
            <line number="40" hits="0" branch="false"/>
            <line number="44" hits="20" branch="true" condition-coverage="100% (1/1)"/>
            <line number="45" hits="5" branch="false"/>
            <line number="46" hits="5" branch="true" condition-coverage="100% (1/1)"/>
            <line number="47" hits="4" branch="false"/>
            <line number="48" hits="4" branch="false"/>
            <line number="50" hits="5" branch="false"/>
            <line number="51" hits="5" branch="true" condition-coverage="50% (1/2)"/>
            <line number="52" hits="5" branch="false"/>
            <line number="53" hits="5" branch="false"/>
            <line number="59" hits="20" branch="false"/>
            <line number="60" hits="1" branch="false"/>
            <line number="61" hits="1" branch="false"/>
            <line number="63" hits="1" branch="false"/>
            <line number="65" hits="1" branch="false"/>
            <line number="66" hits="1" branch="false"/>
            <line number="67" hits="1" branch="false"/>
            <line number="70" hits="20" branch="false"/>
            <line number="71" hits="1" branch="false"/>
            <line number="72" hits="1" branch="false"/>
            <line number="74" hits="1" branch="false"/>
            <line number="76" hits="1" branch="false"/>
            <line number="77" hits="1" branch="false"/>
            <line number="78" hits="1" branch="false"/>
            <line number="81" hits="20" branch="true" condition-coverage="0% (0/1)"/>
            <line number="82" hits="0" branch="true" condition-coverage="0% (0/1)"/>
            <line number="83" hits="0" branch="false"/>
            <line number="89" hits="0" branch="false"/>
            <line number="92" hits="20" branch="false"/>
            <line number="94" hits="0" branch="false"/>
            <line number="97" hits="20" branch="false"/>
            <line number="98" hits="0" branch="true" condition-coverage="0% (0/1)"/>
            <line number="100" hits="0" branch="true" condition-coverage="0% (0/2)"/>
            <line number="101" hits="0" branch="false"/>
            <line number="103" hits="0" branch="false"/>
            <line number="105" hits="0" branch="false"/>
            <line number="107" hits="0" branch="false"/>
            <line number="110" hits="20" branch="false"/>
            <line number="111" hits="0" branch="false"/>
            <line number="114" hits="20" branch="false"/>
          </lines>
        </class>
        <class name="states.js" filename="core-api/src/utilities/states.js" line-rate="1" branch-rate="1">
          <methods>
          </methods>
          <lines>
            <line number="1" hits="4" branch="false"/>
          </lines>
        </class>
        <class name="weight-utility.ts" filename="core-api/src/utilities/weight-utility.ts" line-rate="0.6666" branch-rate="0">
          <methods>
            <method name="(anonymous_0)" hits="0" signature="()V">
              <lines>
                <line number="3" hits="0"/>
              </lines>
            </method>
          </methods>
          <lines>
            <line number="1" hits="8" branch="false"/>
            <line number="3" hits="8" branch="true" condition-coverage="0% (0/1)"/>
            <line number="4" hits="0" branch="false"/>
          </lines>
        </class>
      </classes>
    </package>
  </packages>
</coverage>
