{"total": {"lines":{"total":5595,"covered":2691,"skipped":0,"pct":48.09},"statements":{"total":6179,"covered":3149,"skipped":0,"pct":50.96},"functions":{"total":1216,"covered":528,"skipped":0,"pct":43.42},"branches":{"total":1625,"covered":549,"skipped":0,"pct":33.78},"branchesTrue":{"total":0,"covered":0,"skipped":0,"pct":100}}
,"/Users/brianmccann/git-repos/greenspark-aws/common/src/db-access/Transformer.ts": {"lines":{"total":3,"covered":3,"skipped":0,"pct":100},"functions":{"total":2,"covered":2,"skipped":0,"pct":100},"statements":{"total":3,"covered":3,"skipped":0,"pct":100},"branches":{"total":0,"covered":0,"skipped":0,"pct":100}}
,"/Users/brianmccann/git-repos/greenspark-aws/common/src/db-access/initDataSource.ts": {"lines":{"total":10,"covered":10,"skipped":0,"pct":100},"functions":{"total":2,"covered":2,"skipped":0,"pct":100},"statements":{"total":13,"covered":12,"skipped":0,"pct":92.3},"branches":{"total":10,"covered":5,"skipped":0,"pct":50}}
,"/Users/brianmccann/git-repos/greenspark-aws/common/src/db-access/entity/AccountEntity.ts": {"lines":{"total":8,"covered":8,"skipped":0,"pct":100},"functions":{"total":0,"covered":0,"skipped":0,"pct":100},"statements":{"total":10,"covered":10,"skipped":0,"pct":100},"branches":{"total":0,"covered":0,"skipped":0,"pct":100}}
,"/Users/brianmccann/git-repos/greenspark-aws/common/src/db-access/entity/BaseEntity.ts": {"lines":{"total":6,"covered":6,"skipped":0,"pct":100},"functions":{"total":0,"covered":0,"skipped":0,"pct":100},"statements":{"total":6,"covered":6,"skipped":0,"pct":100},"branches":{"total":0,"covered":0,"skipped":0,"pct":100}}
,"/Users/brianmccann/git-repos/greenspark-aws/common/src/db-access/entity/BenchmarkEntity.ts": {"lines":{"total":15,"covered":15,"skipped":0,"pct":100},"functions":{"total":6,"covered":6,"skipped":0,"pct":100},"statements":{"total":21,"covered":21,"skipped":0,"pct":100},"branches":{"total":0,"covered":0,"skipped":0,"pct":100}}
,"/Users/brianmccann/git-repos/greenspark-aws/common/src/db-access/entity/BenchmarkHistory.ts": {"lines":{"total":11,"covered":11,"skipped":0,"pct":100},"functions":{"total":2,"covered":2,"skipped":0,"pct":100},"statements":{"total":15,"covered":15,"skipped":0,"pct":100},"branches":{"total":0,"covered":0,"skipped":0,"pct":100}}
,"/Users/brianmccann/git-repos/greenspark-aws/common/src/db-access/entity/CommodityEntity.ts": {"lines":{"total":17,"covered":17,"skipped":0,"pct":100},"functions":{"total":6,"covered":6,"skipped":0,"pct":100},"statements":{"total":23,"covered":23,"skipped":0,"pct":100},"branches":{"total":0,"covered":0,"skipped":0,"pct":100}}
,"/Users/brianmccann/git-repos/greenspark-aws/common/src/db-access/entity/CommodityStatus.ts": {"lines":{"total":9,"covered":9,"skipped":0,"pct":100},"functions":{"total":2,"covered":2,"skipped":0,"pct":100},"statements":{"total":13,"covered":13,"skipped":0,"pct":100},"branches":{"total":0,"covered":0,"skipped":0,"pct":100}}
,"/Users/brianmccann/git-repos/greenspark-aws/common/src/db-access/entity/ContactEntity.ts": {"lines":{"total":38,"covered":38,"skipped":0,"pct":100},"functions":{"total":6,"covered":6,"skipped":0,"pct":100},"statements":{"total":46,"covered":46,"skipped":0,"pct":100},"branches":{"total":0,"covered":0,"skipped":0,"pct":100}}
,"/Users/brianmccann/git-repos/greenspark-aws/common/src/db-access/entity/CustomerEntity.ts": {"lines":{"total":38,"covered":38,"skipped":0,"pct":100},"functions":{"total":19,"covered":16,"skipped":0,"pct":84.21},"statements":{"total":59,"covered":56,"skipped":0,"pct":94.91},"branches":{"total":0,"covered":0,"skipped":0,"pct":100}}
,"/Users/brianmccann/git-repos/greenspark-aws/common/src/db-access/entity/CustomerStatus.ts": {"lines":{"total":9,"covered":9,"skipped":0,"pct":100},"functions":{"total":2,"covered":2,"skipped":0,"pct":100},"statements":{"total":13,"covered":13,"skipped":0,"pct":100},"branches":{"total":0,"covered":0,"skipped":0,"pct":100}}
,"/Users/brianmccann/git-repos/greenspark-aws/common/src/db-access/entity/DbEnums.ts": {"lines":{"total":12,"covered":12,"skipped":0,"pct":100},"functions":{"total":2,"covered":2,"skipped":0,"pct":100},"statements":{"total":12,"covered":12,"skipped":0,"pct":100},"branches":{"total":4,"covered":4,"skipped":0,"pct":100}}
,"/Users/brianmccann/git-repos/greenspark-aws/common/src/db-access/entity/DeviceEntity.ts": {"lines":{"total":11,"covered":11,"skipped":0,"pct":100},"functions":{"total":1,"covered":1,"skipped":0,"pct":100},"statements":{"total":13,"covered":13,"skipped":0,"pct":100},"branches":{"total":1,"covered":1,"skipped":0,"pct":100}}
,"/Users/brianmccann/git-repos/greenspark-aws/common/src/db-access/entity/ErpSettingsEntity.ts": {"lines":{"total":6,"covered":6,"skipped":0,"pct":100},"functions":{"total":0,"covered":0,"skipped":0,"pct":100},"statements":{"total":8,"covered":8,"skipped":0,"pct":100},"branches":{"total":0,"covered":0,"skipped":0,"pct":100}}
,"/Users/brianmccann/git-repos/greenspark-aws/common/src/db-access/entity/ErpSyncBatchEntity.ts": {"lines":{"total":13,"covered":13,"skipped":0,"pct":100},"functions":{"total":3,"covered":3,"skipped":0,"pct":100},"statements":{"total":16,"covered":16,"skipped":0,"pct":100},"branches":{"total":0,"covered":0,"skipped":0,"pct":100}}
,"/Users/brianmccann/git-repos/greenspark-aws/common/src/db-access/entity/ErpToolCredsEntity.ts": {"lines":{"total":11,"covered":11,"skipped":0,"pct":100},"functions":{"total":0,"covered":0,"skipped":0,"pct":100},"statements":{"total":13,"covered":13,"skipped":0,"pct":100},"branches":{"total":0,"covered":0,"skipped":0,"pct":100}}
,"/Users/brianmccann/git-repos/greenspark-aws/common/src/db-access/entity/ErpToolSyncStatusEntity.ts": {"lines":{"total":18,"covered":18,"skipped":0,"pct":100},"functions":{"total":3,"covered":3,"skipped":0,"pct":100},"statements":{"total":22,"covered":22,"skipped":0,"pct":100},"branches":{"total":0,"covered":0,"skipped":0,"pct":100}}
,"/Users/brianmccann/git-repos/greenspark-aws/common/src/db-access/entity/FinishedGoodCommoditiesVw.ts": {"lines":{"total":7,"covered":7,"skipped":0,"pct":100},"functions":{"total":0,"covered":0,"skipped":0,"pct":100},"statements":{"total":9,"covered":9,"skipped":0,"pct":100},"branches":{"total":0,"covered":0,"skipped":0,"pct":100}}
,"/Users/brianmccann/git-repos/greenspark-aws/common/src/db-access/entity/FinishedGoodEntity.ts": {"lines":{"total":38,"covered":38,"skipped":0,"pct":100},"functions":{"total":14,"covered":14,"skipped":0,"pct":100},"statements":{"total":47,"covered":47,"skipped":0,"pct":100},"branches":{"total":0,"covered":0,"skipped":0,"pct":100}}
,"/Users/brianmccann/git-repos/greenspark-aws/common/src/db-access/entity/FinishedGoodNoteEntity.ts": {"lines":{"total":12,"covered":12,"skipped":0,"pct":100},"functions":{"total":2,"covered":2,"skipped":0,"pct":100},"statements":{"total":14,"covered":14,"skipped":0,"pct":100},"branches":{"total":0,"covered":0,"skipped":0,"pct":100}}
,"/Users/brianmccann/git-repos/greenspark-aws/common/src/db-access/entity/FinishedGoodStatusEntity.ts": {"lines":{"total":11,"covered":11,"skipped":0,"pct":100},"functions":{"total":2,"covered":2,"skipped":0,"pct":100},"statements":{"total":13,"covered":13,"skipped":0,"pct":100},"branches":{"total":0,"covered":0,"skipped":0,"pct":100}}
,"/Users/brianmccann/git-repos/greenspark-aws/common/src/db-access/entity/GsUserEntity.ts": {"lines":{"total":15,"covered":15,"skipped":0,"pct":100},"functions":{"total":3,"covered":3,"skipped":0,"pct":100},"statements":{"total":20,"covered":20,"skipped":0,"pct":100},"branches":{"total":0,"covered":0,"skipped":0,"pct":100}}
,"/Users/brianmccann/git-repos/greenspark-aws/common/src/db-access/entity/InboundTicketEntity.ts": {"lines":{"total":58,"covered":51,"skipped":0,"pct":87.93},"functions":{"total":17,"covered":16,"skipped":0,"pct":94.11},"statements":{"total":72,"covered":65,"skipped":0,"pct":90.27},"branches":{"total":4,"covered":0,"skipped":0,"pct":0}}
,"/Users/brianmccann/git-repos/greenspark-aws/common/src/db-access/entity/InboundTicketNote.ts": {"lines":{"total":12,"covered":12,"skipped":0,"pct":100},"functions":{"total":2,"covered":2,"skipped":0,"pct":100},"statements":{"total":14,"covered":14,"skipped":0,"pct":100},"branches":{"total":0,"covered":0,"skipped":0,"pct":100}}
,"/Users/brianmccann/git-repos/greenspark-aws/common/src/db-access/entity/InboundTicketStatus.ts": {"lines":{"total":13,"covered":13,"skipped":0,"pct":100},"functions":{"total":2,"covered":2,"skipped":0,"pct":100},"statements":{"total":15,"covered":15,"skipped":0,"pct":100},"branches":{"total":0,"covered":0,"skipped":0,"pct":100}}
,"/Users/brianmccann/git-repos/greenspark-aws/common/src/db-access/entity/IntegrationConfigEntity.ts": {"lines":{"total":5,"covered":5,"skipped":0,"pct":100},"functions":{"total":0,"covered":0,"skipped":0,"pct":100},"statements":{"total":7,"covered":7,"skipped":0,"pct":100},"branches":{"total":0,"covered":0,"skipped":0,"pct":100}}
,"/Users/brianmccann/git-repos/greenspark-aws/common/src/db-access/entity/InventoryByMaterialTypeVw.ts": {"lines":{"total":16,"covered":16,"skipped":0,"pct":100},"functions":{"total":0,"covered":0,"skipped":0,"pct":100},"statements":{"total":18,"covered":18,"skipped":0,"pct":100},"branches":{"total":0,"covered":0,"skipped":0,"pct":100}}
,"/Users/brianmccann/git-repos/greenspark-aws/common/src/db-access/entity/InventoryFinishedGoodVw.ts": {"lines":{"total":12,"covered":12,"skipped":0,"pct":100},"functions":{"total":2,"covered":2,"skipped":0,"pct":100},"statements":{"total":16,"covered":16,"skipped":0,"pct":100},"branches":{"total":0,"covered":0,"skipped":0,"pct":100}}
,"/Users/brianmccann/git-repos/greenspark-aws/common/src/db-access/entity/InventoryPackingListVw.ts": {"lines":{"total":12,"covered":12,"skipped":0,"pct":100},"functions":{"total":2,"covered":2,"skipped":0,"pct":100},"statements":{"total":16,"covered":16,"skipped":0,"pct":100},"branches":{"total":0,"covered":0,"skipped":0,"pct":100}}
,"/Users/brianmccann/git-repos/greenspark-aws/common/src/db-access/entity/InventoryRegradeVw.ts": {"lines":{"total":9,"covered":9,"skipped":0,"pct":100},"functions":{"total":0,"covered":0,"skipped":0,"pct":100},"statements":{"total":11,"covered":11,"skipped":0,"pct":100},"branches":{"total":0,"covered":0,"skipped":0,"pct":100}}
,"/Users/brianmccann/git-repos/greenspark-aws/common/src/db-access/entity/InvoiceEntity.ts": {"lines":{"total":21,"covered":21,"skipped":0,"pct":100},"functions":{"total":7,"covered":7,"skipped":0,"pct":100},"statements":{"total":28,"covered":28,"skipped":0,"pct":100},"branches":{"total":0,"covered":0,"skipped":0,"pct":100}}
,"/Users/brianmccann/git-repos/greenspark-aws/common/src/db-access/entity/InvoicePaymentEntity.ts": {"lines":{"total":15,"covered":15,"skipped":0,"pct":100},"functions":{"total":0,"covered":0,"skipped":0,"pct":100},"statements":{"total":17,"covered":17,"skipped":0,"pct":100},"branches":{"total":0,"covered":0,"skipped":0,"pct":100}}
,"/Users/brianmccann/git-repos/greenspark-aws/common/src/db-access/entity/InvoiceStatus.ts": {"lines":{"total":11,"covered":11,"skipped":0,"pct":100},"functions":{"total":2,"covered":2,"skipped":0,"pct":100},"statements":{"total":13,"covered":13,"skipped":0,"pct":100},"branches":{"total":0,"covered":0,"skipped":0,"pct":100}}
,"/Users/brianmccann/git-repos/greenspark-aws/common/src/db-access/entity/LocationEntity.ts": {"lines":{"total":21,"covered":21,"skipped":0,"pct":100},"functions":{"total":6,"covered":6,"skipped":0,"pct":100},"statements":{"total":29,"covered":29,"skipped":0,"pct":100},"branches":{"total":0,"covered":0,"skipped":0,"pct":100}}
,"/Users/brianmccann/git-repos/greenspark-aws/common/src/db-access/entity/MaterialEntity.ts": {"lines":{"total":27,"covered":27,"skipped":0,"pct":100},"functions":{"total":18,"covered":18,"skipped":0,"pct":100},"statements":{"total":47,"covered":47,"skipped":0,"pct":100},"branches":{"total":0,"covered":0,"skipped":0,"pct":100}}
,"/Users/brianmccann/git-repos/greenspark-aws/common/src/db-access/entity/MaterialStatus.ts": {"lines":{"total":20,"covered":20,"skipped":0,"pct":100},"functions":{"total":2,"covered":2,"skipped":0,"pct":100},"statements":{"total":24,"covered":24,"skipped":0,"pct":100},"branches":{"total":0,"covered":0,"skipped":0,"pct":100}}
,"/Users/brianmccann/git-repos/greenspark-aws/common/src/db-access/entity/MaterialStatusVw.ts": {"lines":{"total":19,"covered":19,"skipped":0,"pct":100},"functions":{"total":2,"covered":2,"skipped":0,"pct":100},"statements":{"total":23,"covered":23,"skipped":0,"pct":100},"branches":{"total":0,"covered":0,"skipped":0,"pct":100}}
,"/Users/brianmccann/git-repos/greenspark-aws/common/src/db-access/entity/MaterialTypeEntity.ts": {"lines":{"total":23,"covered":23,"skipped":0,"pct":100},"functions":{"total":12,"covered":12,"skipped":0,"pct":100},"statements":{"total":35,"covered":35,"skipped":0,"pct":100},"branches":{"total":0,"covered":0,"skipped":0,"pct":100}}
,"/Users/brianmccann/git-repos/greenspark-aws/common/src/db-access/entity/MaterialTypeStatus.ts": {"lines":{"total":11,"covered":11,"skipped":0,"pct":100},"functions":{"total":2,"covered":2,"skipped":0,"pct":100},"statements":{"total":13,"covered":13,"skipped":0,"pct":100},"branches":{"total":0,"covered":0,"skipped":0,"pct":100}}
,"/Users/brianmccann/git-repos/greenspark-aws/common/src/db-access/entity/OrganizationEntity.ts": {"lines":{"total":12,"covered":12,"skipped":0,"pct":100},"functions":{"total":6,"covered":6,"skipped":0,"pct":100},"statements":{"total":20,"covered":20,"skipped":0,"pct":100},"branches":{"total":0,"covered":0,"skipped":0,"pct":100}}
,"/Users/brianmccann/git-repos/greenspark-aws/common/src/db-access/entity/OutboundTicketEntity.ts": {"lines":{"total":31,"covered":31,"skipped":0,"pct":100},"functions":{"total":14,"covered":14,"skipped":0,"pct":100},"statements":{"total":45,"covered":45,"skipped":0,"pct":100},"branches":{"total":0,"covered":0,"skipped":0,"pct":100}}
,"/Users/brianmccann/git-repos/greenspark-aws/common/src/db-access/entity/OutboundTicketNoteEntity.ts": {"lines":{"total":12,"covered":12,"skipped":0,"pct":100},"functions":{"total":2,"covered":2,"skipped":0,"pct":100},"statements":{"total":14,"covered":14,"skipped":0,"pct":100},"branches":{"total":0,"covered":0,"skipped":0,"pct":100}}
,"/Users/brianmccann/git-repos/greenspark-aws/common/src/db-access/entity/POMaterialVw.ts": {"lines":{"total":14,"covered":14,"skipped":0,"pct":100},"functions":{"total":2,"covered":2,"skipped":0,"pct":100},"statements":{"total":18,"covered":18,"skipped":0,"pct":100},"branches":{"total":0,"covered":0,"skipped":0,"pct":100}}
,"/Users/brianmccann/git-repos/greenspark-aws/common/src/db-access/entity/PackingListEntity.ts": {"lines":{"total":28,"covered":28,"skipped":0,"pct":100},"functions":{"total":10,"covered":10,"skipped":0,"pct":100},"statements":{"total":34,"covered":34,"skipped":0,"pct":100},"branches":{"total":0,"covered":0,"skipped":0,"pct":100}}
,"/Users/brianmccann/git-repos/greenspark-aws/common/src/db-access/entity/PackingListNoteEntity.ts": {"lines":{"total":12,"covered":12,"skipped":0,"pct":100},"functions":{"total":2,"covered":2,"skipped":0,"pct":100},"statements":{"total":14,"covered":14,"skipped":0,"pct":100},"branches":{"total":0,"covered":0,"skipped":0,"pct":100}}
,"/Users/brianmccann/git-repos/greenspark-aws/common/src/db-access/entity/PackingListStatus.ts": {"lines":{"total":11,"covered":11,"skipped":0,"pct":100},"functions":{"total":2,"covered":2,"skipped":0,"pct":100},"statements":{"total":13,"covered":13,"skipped":0,"pct":100},"branches":{"total":0,"covered":0,"skipped":0,"pct":100}}
,"/Users/brianmccann/git-repos/greenspark-aws/common/src/db-access/entity/PaymentsEntity.ts": {"lines":{"total":28,"covered":28,"skipped":0,"pct":100},"functions":{"total":6,"covered":6,"skipped":0,"pct":100},"statements":{"total":36,"covered":36,"skipped":0,"pct":100},"branches":{"total":0,"covered":0,"skipped":0,"pct":100}}
,"/Users/brianmccann/git-repos/greenspark-aws/common/src/db-access/entity/PriceEntryEntity.ts": {"lines":{"total":34,"covered":34,"skipped":0,"pct":100},"functions":{"total":12,"covered":12,"skipped":0,"pct":100},"statements":{"total":48,"covered":48,"skipped":0,"pct":100},"branches":{"total":0,"covered":0,"skipped":0,"pct":100}}
,"/Users/brianmccann/git-repos/greenspark-aws/common/src/db-access/entity/PriceEntryHistoryEntity.ts": {"lines":{"total":15,"covered":15,"skipped":0,"pct":100},"functions":{"total":3,"covered":3,"skipped":0,"pct":100},"statements":{"total":19,"covered":19,"skipped":0,"pct":100},"branches":{"total":0,"covered":0,"skipped":0,"pct":100}}
,"/Users/brianmccann/git-repos/greenspark-aws/common/src/db-access/entity/PriceSheetEntity.ts": {"lines":{"total":14,"covered":14,"skipped":0,"pct":100},"functions":{"total":6,"covered":6,"skipped":0,"pct":100},"statements":{"total":21,"covered":21,"skipped":0,"pct":100},"branches":{"total":0,"covered":0,"skipped":0,"pct":100}}
,"/Users/brianmccann/git-repos/greenspark-aws/common/src/db-access/entity/PurchaseOrderDetailsEntity.ts": {"lines":{"total":8,"covered":8,"skipped":0,"pct":100},"functions":{"total":0,"covered":0,"skipped":0,"pct":100},"statements":{"total":10,"covered":10,"skipped":0,"pct":100},"branches":{"total":0,"covered":0,"skipped":0,"pct":100}}
,"/Users/brianmccann/git-repos/greenspark-aws/common/src/db-access/entity/PurchaseOrderEntity.ts": {"lines":{"total":26,"covered":26,"skipped":0,"pct":100},"functions":{"total":5,"covered":5,"skipped":0,"pct":100},"statements":{"total":33,"covered":33,"skipped":0,"pct":100},"branches":{"total":0,"covered":0,"skipped":0,"pct":100}}
,"/Users/brianmccann/git-repos/greenspark-aws/common/src/db-access/entity/RegradeEntity.ts": {"lines":{"total":13,"covered":13,"skipped":0,"pct":100},"functions":{"total":4,"covered":4,"skipped":0,"pct":100},"statements":{"total":19,"covered":19,"skipped":0,"pct":100},"branches":{"total":0,"covered":0,"skipped":0,"pct":100}}
,"/Users/brianmccann/git-repos/greenspark-aws/common/src/db-access/entity/SalesOrderDetailsEntity.ts": {"lines":{"total":9,"covered":9,"skipped":0,"pct":100},"functions":{"total":0,"covered":0,"skipped":0,"pct":100},"statements":{"total":11,"covered":11,"skipped":0,"pct":100},"branches":{"total":0,"covered":0,"skipped":0,"pct":100}}
,"/Users/brianmccann/git-repos/greenspark-aws/common/src/db-access/entity/SalesOrderEntity.ts": {"lines":{"total":26,"covered":26,"skipped":0,"pct":100},"functions":{"total":5,"covered":5,"skipped":0,"pct":100},"statements":{"total":33,"covered":33,"skipped":0,"pct":100},"branches":{"total":0,"covered":0,"skipped":0,"pct":100}}
,"/Users/brianmccann/git-repos/greenspark-aws/common/src/db-access/entity/VehicleEntity.ts": {"lines":{"total":21,"covered":21,"skipped":0,"pct":100},"functions":{"total":4,"covered":4,"skipped":0,"pct":100},"statements":{"total":27,"covered":27,"skipped":0,"pct":100},"branches":{"total":0,"covered":0,"skipped":0,"pct":100}}
,"/Users/brianmccann/git-repos/greenspark-aws/common/src/db-access/entity/WipCommoditiesVw.ts": {"lines":{"total":7,"covered":7,"skipped":0,"pct":100},"functions":{"total":0,"covered":0,"skipped":0,"pct":100},"statements":{"total":9,"covered":9,"skipped":0,"pct":100},"branches":{"total":0,"covered":0,"skipped":0,"pct":100}}
,"/Users/brianmccann/git-repos/greenspark-aws/common/src/db-access/entity/YardAtmEntity.ts": {"lines":{"total":4,"covered":4,"skipped":0,"pct":100},"functions":{"total":0,"covered":0,"skipped":0,"pct":100},"statements":{"total":6,"covered":6,"skipped":0,"pct":100},"branches":{"total":0,"covered":0,"skipped":0,"pct":100}}
,"/Users/brianmccann/git-repos/greenspark-aws/common/src/db-access/entity/YardEntity.ts": {"lines":{"total":50,"covered":50,"skipped":0,"pct":100},"functions":{"total":35,"covered":35,"skipped":0,"pct":100},"statements":{"total":87,"covered":87,"skipped":0,"pct":100},"branches":{"total":0,"covered":0,"skipped":0,"pct":100}}
,"/Users/brianmccann/git-repos/greenspark-aws/common/src/db-access/entity/index.ts": {"lines":{"total":55,"covered":55,"skipped":0,"pct":100},"functions":{"total":0,"covered":0,"skipped":0,"pct":100},"statements":{"total":55,"covered":55,"skipped":0,"pct":100},"branches":{"total":0,"covered":0,"skipped":0,"pct":100}}
,"/Users/brianmccann/git-repos/greenspark-aws/common/src/db-access/model/enum.ts": {"lines":{"total":24,"covered":24,"skipped":0,"pct":100},"functions":{"total":5,"covered":5,"skipped":0,"pct":100},"statements":{"total":24,"covered":24,"skipped":0,"pct":100},"branches":{"total":10,"covered":10,"skipped":0,"pct":100}}
,"/Users/brianmccann/git-repos/greenspark-aws/common/src/db-access/model/index.ts": {"lines":{"total":2,"covered":2,"skipped":0,"pct":100},"functions":{"total":0,"covered":0,"skipped":0,"pct":100},"statements":{"total":2,"covered":2,"skipped":0,"pct":100},"branches":{"total":0,"covered":0,"skipped":0,"pct":100}}
,"/Users/brianmccann/git-repos/greenspark-aws/common/src/db-access/repository/CommodityRepository.ts": {"lines":{"total":7,"covered":3,"skipped":0,"pct":42.85},"functions":{"total":3,"covered":1,"skipped":0,"pct":33.33},"statements":{"total":8,"covered":4,"skipped":0,"pct":50},"branches":{"total":0,"covered":0,"skipped":0,"pct":100}}
,"/Users/brianmccann/git-repos/greenspark-aws/common/src/db-access/repository/CustomerRepository.ts": {"lines":{"total":7,"covered":3,"skipped":0,"pct":42.85},"functions":{"total":3,"covered":1,"skipped":0,"pct":33.33},"statements":{"total":8,"covered":4,"skipped":0,"pct":50},"branches":{"total":0,"covered":0,"skipped":0,"pct":100}}
,"/Users/brianmccann/git-repos/greenspark-aws/common/src/db-access/repository/DeviceRepository.ts": {"lines":{"total":5,"covered":3,"skipped":0,"pct":60},"functions":{"total":3,"covered":1,"skipped":0,"pct":33.33},"statements":{"total":6,"covered":4,"skipped":0,"pct":66.66},"branches":{"total":4,"covered":0,"skipped":0,"pct":0}}
,"/Users/brianmccann/git-repos/greenspark-aws/common/src/db-access/repository/ErpBatchRepository.ts": {"lines":{"total":53,"covered":25,"skipped":0,"pct":47.16},"functions":{"total":24,"covered":12,"skipped":0,"pct":50},"statements":{"total":55,"covered":27,"skipped":0,"pct":49.09},"branches":{"total":22,"covered":4,"skipped":0,"pct":18.18}}
,"/Users/brianmccann/git-repos/greenspark-aws/common/src/db-access/repository/ErpSettingsRepository.ts": {"lines":{"total":3,"covered":3,"skipped":0,"pct":100},"functions":{"total":2,"covered":2,"skipped":0,"pct":100},"statements":{"total":5,"covered":5,"skipped":0,"pct":100},"branches":{"total":0,"covered":0,"skipped":0,"pct":100}}
,"/Users/brianmccann/git-repos/greenspark-aws/common/src/db-access/repository/ErpToolSyncStatusRepository.ts": {"lines":{"total":4,"covered":2,"skipped":0,"pct":50},"functions":{"total":3,"covered":1,"skipped":0,"pct":33.33},"statements":{"total":6,"covered":4,"skipped":0,"pct":66.66},"branches":{"total":0,"covered":0,"skipped":0,"pct":100}}
,"/Users/brianmccann/git-repos/greenspark-aws/common/src/db-access/repository/FinishedGoodRepository.ts": {"lines":{"total":47,"covered":11,"skipped":0,"pct":23.4},"functions":{"total":15,"covered":1,"skipped":0,"pct":6.66},"statements":{"total":51,"covered":14,"skipped":0,"pct":27.45},"branches":{"total":12,"covered":0,"skipped":0,"pct":0}}
,"/Users/brianmccann/git-repos/greenspark-aws/common/src/db-access/repository/IbtRepository.ts": {"lines":{"total":43,"covered":12,"skipped":0,"pct":27.9},"functions":{"total":14,"covered":2,"skipped":0,"pct":14.28},"statements":{"total":46,"covered":15,"skipped":0,"pct":32.6},"branches":{"total":17,"covered":0,"skipped":0,"pct":0}}
,"/Users/brianmccann/git-repos/greenspark-aws/common/src/db-access/repository/IntegrationConfigRepository.ts": {"lines":{"total":4,"covered":4,"skipped":0,"pct":100},"functions":{"total":2,"covered":2,"skipped":0,"pct":100},"statements":{"total":5,"covered":5,"skipped":0,"pct":100},"branches":{"total":0,"covered":0,"skipped":0,"pct":100}}
,"/Users/brianmccann/git-repos/greenspark-aws/common/src/db-access/repository/InvoicePaymentRepository.ts": {"lines":{"total":6,"covered":3,"skipped":0,"pct":50},"functions":{"total":2,"covered":0,"skipped":0,"pct":0},"statements":{"total":8,"covered":5,"skipped":0,"pct":62.5},"branches":{"total":0,"covered":0,"skipped":0,"pct":100}}
,"/Users/brianmccann/git-repos/greenspark-aws/common/src/db-access/repository/InvoicesRepository.ts": {"lines":{"total":17,"covered":8,"skipped":0,"pct":47.05},"functions":{"total":8,"covered":3,"skipped":0,"pct":37.5},"statements":{"total":18,"covered":9,"skipped":0,"pct":50},"branches":{"total":3,"covered":0,"skipped":0,"pct":0}}
,"/Users/brianmccann/git-repos/greenspark-aws/common/src/db-access/repository/MaterialRepository.ts": {"lines":{"total":41,"covered":12,"skipped":0,"pct":29.26},"functions":{"total":11,"covered":0,"skipped":0,"pct":0},"statements":{"total":49,"covered":19,"skipped":0,"pct":38.77},"branches":{"total":11,"covered":0,"skipped":0,"pct":0}}
,"/Users/brianmccann/git-repos/greenspark-aws/common/src/db-access/repository/MaterialTypeRepository.ts": {"lines":{"total":9,"covered":5,"skipped":0,"pct":55.55},"functions":{"total":4,"covered":0,"skipped":0,"pct":0},"statements":{"total":13,"covered":9,"skipped":0,"pct":69.23},"branches":{"total":0,"covered":0,"skipped":0,"pct":100}}
,"/Users/brianmccann/git-repos/greenspark-aws/common/src/db-access/repository/OrganizationRepository.ts": {"lines":{"total":2,"covered":1,"skipped":0,"pct":50},"functions":{"total":1,"covered":0,"skipped":0,"pct":0},"statements":{"total":3,"covered":2,"skipped":0,"pct":66.66},"branches":{"total":0,"covered":0,"skipped":0,"pct":100}}
,"/Users/brianmccann/git-repos/greenspark-aws/common/src/db-access/repository/OutboundTicketRepository.ts": {"lines":{"total":39,"covered":13,"skipped":0,"pct":33.33},"functions":{"total":11,"covered":0,"skipped":0,"pct":0},"statements":{"total":46,"covered":19,"skipped":0,"pct":41.3},"branches":{"total":9,"covered":0,"skipped":0,"pct":0}}
,"/Users/brianmccann/git-repos/greenspark-aws/common/src/db-access/repository/PackingListRepository.ts": {"lines":{"total":43,"covered":10,"skipped":0,"pct":23.25},"functions":{"total":11,"covered":0,"skipped":0,"pct":0},"statements":{"total":49,"covered":15,"skipped":0,"pct":30.61},"branches":{"total":5,"covered":0,"skipped":0,"pct":0}}
,"/Users/brianmccann/git-repos/greenspark-aws/common/src/db-access/repository/PaymentsRepository.ts": {"lines":{"total":21,"covered":6,"skipped":0,"pct":28.57},"functions":{"total":12,"covered":2,"skipped":0,"pct":16.66},"statements":{"total":24,"covered":9,"skipped":0,"pct":37.5},"branches":{"total":0,"covered":0,"skipped":0,"pct":100}}
,"/Users/brianmccann/git-repos/greenspark-aws/common/src/db-access/repository/PriceEntryRepository.ts": {"lines":{"total":19,"covered":3,"skipped":0,"pct":15.78},"functions":{"total":6,"covered":1,"skipped":0,"pct":16.66},"statements":{"total":23,"covered":6,"skipped":0,"pct":26.08},"branches":{"total":4,"covered":0,"skipped":0,"pct":0}}
,"/Users/brianmccann/git-repos/greenspark-aws/common/src/db-access/repository/PriceSheetRepository.ts": {"lines":{"total":16,"covered":4,"skipped":0,"pct":25},"functions":{"total":5,"covered":1,"skipped":0,"pct":20},"statements":{"total":19,"covered":7,"skipped":0,"pct":36.84},"branches":{"total":1,"covered":0,"skipped":0,"pct":0}}
,"/Users/brianmccann/git-repos/greenspark-aws/common/src/db-access/repository/PurchaseOrderRepository.ts": {"lines":{"total":20,"covered":9,"skipped":0,"pct":45},"functions":{"total":10,"covered":1,"skipped":0,"pct":10},"statements":{"total":26,"covered":15,"skipped":0,"pct":57.69},"branches":{"total":0,"covered":0,"skipped":0,"pct":100}}
,"/Users/brianmccann/git-repos/greenspark-aws/common/src/db-access/repository/RegradeRepository.ts": {"lines":{"total":22,"covered":7,"skipped":0,"pct":31.81},"functions":{"total":5,"covered":0,"skipped":0,"pct":0},"statements":{"total":25,"covered":10,"skipped":0,"pct":40},"branches":{"total":1,"covered":0,"skipped":0,"pct":0}}
,"/Users/brianmccann/git-repos/greenspark-aws/common/src/db-access/repository/SalesOrderRepository.ts": {"lines":{"total":24,"covered":12,"skipped":0,"pct":50},"functions":{"total":11,"covered":3,"skipped":0,"pct":27.27},"statements":{"total":29,"covered":17,"skipped":0,"pct":58.62},"branches":{"total":0,"covered":0,"skipped":0,"pct":100}}
,"/Users/brianmccann/git-repos/greenspark-aws/common/src/db-access/repository/YardAtmRepository.ts": {"lines":{"total":2,"covered":1,"skipped":0,"pct":50},"functions":{"total":1,"covered":0,"skipped":0,"pct":0},"statements":{"total":3,"covered":2,"skipped":0,"pct":66.66},"branches":{"total":0,"covered":0,"skipped":0,"pct":100}}
,"/Users/brianmccann/git-repos/greenspark-aws/common/src/db-access/repository/YardRepository.ts": {"lines":{"total":9,"covered":3,"skipped":0,"pct":33.33},"functions":{"total":4,"covered":1,"skipped":0,"pct":25},"statements":{"total":10,"covered":4,"skipped":0,"pct":40},"branches":{"total":5,"covered":0,"skipped":0,"pct":0}}
,"/Users/brianmccann/git-repos/greenspark-aws/common/src/db-access/repository/common.ts": {"lines":{"total":6,"covered":1,"skipped":0,"pct":16.66},"functions":{"total":1,"covered":0,"skipped":0,"pct":0},"statements":{"total":7,"covered":2,"skipped":0,"pct":28.57},"branches":{"total":2,"covered":0,"skipped":0,"pct":0}}
,"/Users/brianmccann/git-repos/greenspark-aws/common/src/db-access/repository/index.ts": {"lines":{"total":42,"covered":42,"skipped":0,"pct":100},"functions":{"total":1,"covered":1,"skipped":0,"pct":100},"statements":{"total":42,"covered":42,"skipped":0,"pct":100},"branches":{"total":0,"covered":0,"skipped":0,"pct":100}}
,"/Users/brianmccann/git-repos/greenspark-aws/common/src/enums/Erp.ts": {"lines":{"total":3,"covered":3,"skipped":0,"pct":100},"functions":{"total":1,"covered":1,"skipped":0,"pct":100},"statements":{"total":3,"covered":3,"skipped":0,"pct":100},"branches":{"total":2,"covered":2,"skipped":0,"pct":100}}
,"/Users/brianmccann/git-repos/greenspark-aws/common/src/enums/Payment.ts": {"lines":{"total":10,"covered":10,"skipped":0,"pct":100},"functions":{"total":2,"covered":2,"skipped":0,"pct":100},"statements":{"total":10,"covered":10,"skipped":0,"pct":100},"branches":{"total":4,"covered":4,"skipped":0,"pct":100}}
,"/Users/brianmccann/git-repos/greenspark-aws/common/src/enums/Role.ts": {"lines":{"total":4,"covered":4,"skipped":0,"pct":100},"functions":{"total":1,"covered":1,"skipped":0,"pct":100},"statements":{"total":4,"covered":4,"skipped":0,"pct":100},"branches":{"total":2,"covered":2,"skipped":0,"pct":100}}
,"/Users/brianmccann/git-repos/greenspark-aws/common/src/enums/index.ts": {"lines":{"total":3,"covered":3,"skipped":0,"pct":100},"functions":{"total":0,"covered":0,"skipped":0,"pct":100},"statements":{"total":3,"covered":3,"skipped":0,"pct":100},"branches":{"total":0,"covered":0,"skipped":0,"pct":100}}
,"/Users/brianmccann/git-repos/greenspark-aws/common/src/models/RestApi.ts": {"lines":{"total":1,"covered":1,"skipped":0,"pct":100},"functions":{"total":0,"covered":0,"skipped":0,"pct":100},"statements":{"total":1,"covered":1,"skipped":0,"pct":100},"branches":{"total":0,"covered":0,"skipped":0,"pct":100}}
,"/Users/brianmccann/git-repos/greenspark-aws/common/src/models/common.ts": {"lines":{"total":51,"covered":43,"skipped":0,"pct":84.31},"functions":{"total":6,"covered":5,"skipped":0,"pct":83.33},"statements":{"total":51,"covered":43,"skipped":0,"pct":84.31},"branches":{"total":17,"covered":10,"skipped":0,"pct":58.82}}
,"/Users/brianmccann/git-repos/greenspark-aws/common/src/models/inbound-ticket.ts": {"lines":{"total":6,"covered":6,"skipped":0,"pct":100},"functions":{"total":2,"covered":2,"skipped":0,"pct":100},"statements":{"total":6,"covered":6,"skipped":0,"pct":100},"branches":{"total":4,"covered":4,"skipped":0,"pct":100}}
,"/Users/brianmccann/git-repos/greenspark-aws/common/src/models/index.ts": {"lines":{"total":7,"covered":7,"skipped":0,"pct":100},"functions":{"total":0,"covered":0,"skipped":0,"pct":100},"statements":{"total":7,"covered":7,"skipped":0,"pct":100},"branches":{"total":0,"covered":0,"skipped":0,"pct":100}}
,"/Users/brianmccann/git-repos/greenspark-aws/core-api/src/index.ts": {"lines":{"total":1,"covered":0,"skipped":0,"pct":0},"functions":{"total":0,"covered":0,"skipped":0,"pct":100},"statements":{"total":1,"covered":0,"skipped":0,"pct":0},"branches":{"total":0,"covered":0,"skipped":0,"pct":100}}
,"/Users/brianmccann/git-repos/greenspark-aws/core-api/src/api/mapper/AccountMapper.ts": {"lines":{"total":6,"covered":1,"skipped":0,"pct":16.66},"functions":{"total":4,"covered":0,"skipped":0,"pct":0},"statements":{"total":7,"covered":1,"skipped":0,"pct":14.28},"branches":{"total":0,"covered":0,"skipped":0,"pct":100}}
,"/Users/brianmccann/git-repos/greenspark-aws/core-api/src/api/mapper/BarcodeMapper.ts": {"lines":{"total":3,"covered":3,"skipped":0,"pct":100},"functions":{"total":2,"covered":2,"skipped":0,"pct":100},"statements":{"total":3,"covered":3,"skipped":0,"pct":100},"branches":{"total":0,"covered":0,"skipped":0,"pct":100}}
,"/Users/brianmccann/git-repos/greenspark-aws/core-api/src/api/mapper/BenchmarkMapper.ts": {"lines":{"total":13,"covered":13,"skipped":0,"pct":100},"functions":{"total":7,"covered":7,"skipped":0,"pct":100},"statements":{"total":13,"covered":13,"skipped":0,"pct":100},"branches":{"total":2,"covered":2,"skipped":0,"pct":100}}
,"/Users/brianmccann/git-repos/greenspark-aws/core-api/src/api/mapper/CommodityMapper.ts": {"lines":{"total":13,"covered":13,"skipped":0,"pct":100},"functions":{"total":7,"covered":7,"skipped":0,"pct":100},"statements":{"total":15,"covered":15,"skipped":0,"pct":100},"branches":{"total":6,"covered":6,"skipped":0,"pct":100}}
,"/Users/brianmccann/git-repos/greenspark-aws/core-api/src/api/mapper/ContactMapper.ts": {"lines":{"total":13,"covered":13,"skipped":0,"pct":100},"functions":{"total":9,"covered":9,"skipped":0,"pct":100},"statements":{"total":15,"covered":15,"skipped":0,"pct":100},"branches":{"total":16,"covered":16,"skipped":0,"pct":100}}
,"/Users/brianmccann/git-repos/greenspark-aws/core-api/src/api/mapper/CustomerMapper.ts": {"lines":{"total":24,"covered":24,"skipped":0,"pct":100},"functions":{"total":7,"covered":7,"skipped":0,"pct":100},"statements":{"total":25,"covered":25,"skipped":0,"pct":100},"branches":{"total":20,"covered":20,"skipped":0,"pct":100}}
,"/Users/brianmccann/git-repos/greenspark-aws/core-api/src/api/mapper/FinishedGoodMapper.ts": {"lines":{"total":37,"covered":37,"skipped":0,"pct":100},"functions":{"total":6,"covered":6,"skipped":0,"pct":100},"statements":{"total":38,"covered":38,"skipped":0,"pct":100},"branches":{"total":10,"covered":10,"skipped":0,"pct":100}}
,"/Users/brianmccann/git-repos/greenspark-aws/core-api/src/api/mapper/InboundTicketMapper.ts": {"lines":{"total":57,"covered":29,"skipped":0,"pct":50.87},"functions":{"total":8,"covered":3,"skipped":0,"pct":37.5},"statements":{"total":58,"covered":29,"skipped":0,"pct":50},"branches":{"total":154,"covered":63,"skipped":0,"pct":40.9}}
,"/Users/brianmccann/git-repos/greenspark-aws/core-api/src/api/mapper/InvoiceMapper.ts": {"lines":{"total":5,"covered":2,"skipped":0,"pct":40},"functions":{"total":2,"covered":0,"skipped":0,"pct":0},"statements":{"total":5,"covered":2,"skipped":0,"pct":40},"branches":{"total":0,"covered":0,"skipped":0,"pct":100}}
,"/Users/brianmccann/git-repos/greenspark-aws/core-api/src/api/mapper/InvoicePaymentMapper.ts": {"lines":{"total":7,"covered":2,"skipped":0,"pct":28.57},"functions":{"total":4,"covered":0,"skipped":0,"pct":0},"statements":{"total":8,"covered":2,"skipped":0,"pct":25},"branches":{"total":0,"covered":0,"skipped":0,"pct":100}}
,"/Users/brianmccann/git-repos/greenspark-aws/core-api/src/api/mapper/LocationMapper.ts": {"lines":{"total":13,"covered":8,"skipped":0,"pct":61.53},"functions":{"total":9,"covered":4,"skipped":0,"pct":44.44},"statements":{"total":15,"covered":9,"skipped":0,"pct":60},"branches":{"total":8,"covered":6,"skipped":0,"pct":75}}
,"/Users/brianmccann/git-repos/greenspark-aws/core-api/src/api/mapper/MaterialMapper.ts": {"lines":{"total":34,"covered":17,"skipped":0,"pct":50},"functions":{"total":10,"covered":4,"skipped":0,"pct":40},"statements":{"total":38,"covered":19,"skipped":0,"pct":50},"branches":{"total":69,"covered":22,"skipped":0,"pct":31.88}}
,"/Users/brianmccann/git-repos/greenspark-aws/core-api/src/api/mapper/MaterialTypeMapper.ts": {"lines":{"total":13,"covered":5,"skipped":0,"pct":38.46},"functions":{"total":7,"covered":1,"skipped":0,"pct":14.28},"statements":{"total":14,"covered":5,"skipped":0,"pct":35.71},"branches":{"total":5,"covered":5,"skipped":0,"pct":100}}
,"/Users/brianmccann/git-repos/greenspark-aws/core-api/src/api/mapper/OrganizationMapper.ts": {"lines":{"total":15,"covered":4,"skipped":0,"pct":26.66},"functions":{"total":7,"covered":0,"skipped":0,"pct":0},"statements":{"total":17,"covered":4,"skipped":0,"pct":23.52},"branches":{"total":4,"covered":0,"skipped":0,"pct":0}}
,"/Users/brianmccann/git-repos/greenspark-aws/core-api/src/api/mapper/OutboundTicketMapper.ts": {"lines":{"total":42,"covered":3,"skipped":0,"pct":7.14},"functions":{"total":8,"covered":0,"skipped":0,"pct":0},"statements":{"total":43,"covered":3,"skipped":0,"pct":6.97},"branches":{"total":15,"covered":0,"skipped":0,"pct":0}}
,"/Users/brianmccann/git-repos/greenspark-aws/core-api/src/api/mapper/PackingListMapper.ts": {"lines":{"total":38,"covered":4,"skipped":0,"pct":10.52},"functions":{"total":9,"covered":0,"skipped":0,"pct":0},"statements":{"total":39,"covered":4,"skipped":0,"pct":10.25},"branches":{"total":9,"covered":0,"skipped":0,"pct":0}}
,"/Users/brianmccann/git-repos/greenspark-aws/core-api/src/api/mapper/PaymentsMapper.ts": {"lines":{"total":8,"covered":4,"skipped":0,"pct":50},"functions":{"total":5,"covered":1,"skipped":0,"pct":20},"statements":{"total":9,"covered":4,"skipped":0,"pct":44.44},"branches":{"total":10,"covered":0,"skipped":0,"pct":0}}
,"/Users/brianmccann/git-repos/greenspark-aws/core-api/src/api/mapper/PriceEntryMapper.ts": {"lines":{"total":85,"covered":82,"skipped":0,"pct":96.47},"functions":{"total":12,"covered":12,"skipped":0,"pct":100},"statements":{"total":90,"covered":87,"skipped":0,"pct":96.66},"branches":{"total":37,"covered":30,"skipped":0,"pct":81.08}}
,"/Users/brianmccann/git-repos/greenspark-aws/core-api/src/api/mapper/PriceSheetMapper.ts": {"lines":{"total":21,"covered":20,"skipped":0,"pct":95.23},"functions":{"total":9,"covered":7,"skipped":0,"pct":77.77},"statements":{"total":24,"covered":22,"skipped":0,"pct":91.66},"branches":{"total":2,"covered":2,"skipped":0,"pct":100}}
,"/Users/brianmccann/git-repos/greenspark-aws/core-api/src/api/mapper/PurchaseOrderDetailsMapper.ts": {"lines":{"total":5,"covered":2,"skipped":0,"pct":40},"functions":{"total":2,"covered":0,"skipped":0,"pct":0},"statements":{"total":5,"covered":2,"skipped":0,"pct":40},"branches":{"total":8,"covered":0,"skipped":0,"pct":0}}
,"/Users/brianmccann/git-repos/greenspark-aws/core-api/src/api/mapper/PurchaseOrderMapper.ts": {"lines":{"total":11,"covered":2,"skipped":0,"pct":18.18},"functions":{"total":6,"covered":0,"skipped":0,"pct":0},"statements":{"total":11,"covered":2,"skipped":0,"pct":18.18},"branches":{"total":4,"covered":0,"skipped":0,"pct":0}}
,"/Users/brianmccann/git-repos/greenspark-aws/core-api/src/api/mapper/RegradeMapper.ts": {"lines":{"total":19,"covered":17,"skipped":0,"pct":89.47},"functions":{"total":7,"covered":5,"skipped":0,"pct":71.42},"statements":{"total":20,"covered":18,"skipped":0,"pct":90},"branches":{"total":3,"covered":2,"skipped":0,"pct":66.66}}
,"/Users/brianmccann/git-repos/greenspark-aws/core-api/src/api/mapper/SalesOrderDetailsMapper.ts": {"lines":{"total":5,"covered":2,"skipped":0,"pct":40},"functions":{"total":2,"covered":0,"skipped":0,"pct":0},"statements":{"total":5,"covered":2,"skipped":0,"pct":40},"branches":{"total":8,"covered":0,"skipped":0,"pct":0}}
,"/Users/brianmccann/git-repos/greenspark-aws/core-api/src/api/mapper/SalesOrderMapper.ts": {"lines":{"total":11,"covered":2,"skipped":0,"pct":18.18},"functions":{"total":6,"covered":0,"skipped":0,"pct":0},"statements":{"total":11,"covered":2,"skipped":0,"pct":18.18},"branches":{"total":4,"covered":0,"skipped":0,"pct":0}}
,"/Users/brianmccann/git-repos/greenspark-aws/core-api/src/api/mapper/VehicleMapper.ts": {"lines":{"total":16,"covered":11,"skipped":0,"pct":68.75},"functions":{"total":11,"covered":7,"skipped":0,"pct":63.63},"statements":{"total":19,"covered":13,"skipped":0,"pct":68.42},"branches":{"total":11,"covered":9,"skipped":0,"pct":81.81}}
,"/Users/brianmccann/git-repos/greenspark-aws/core-api/src/api/mapper/YardMapper.ts": {"lines":{"total":8,"covered":2,"skipped":0,"pct":25},"functions":{"total":7,"covered":1,"skipped":0,"pct":14.28},"statements":{"total":10,"covered":2,"skipped":0,"pct":20},"branches":{"total":2,"covered":1,"skipped":0,"pct":50}}
,"/Users/brianmccann/git-repos/greenspark-aws/core-api/src/api/models/dto/common.ts": {"lines":{"total":44,"covered":39,"skipped":0,"pct":88.63},"functions":{"total":5,"covered":5,"skipped":0,"pct":100},"statements":{"total":44,"covered":39,"skipped":0,"pct":88.63},"branches":{"total":15,"covered":10,"skipped":0,"pct":66.66}}
,"/Users/brianmccann/git-repos/greenspark-aws/core-api/src/api/models/dto/index.ts": {"lines":{"total":15,"covered":15,"skipped":0,"pct":100},"functions":{"total":0,"covered":0,"skipped":0,"pct":100},"statements":{"total":15,"covered":15,"skipped":0,"pct":100},"branches":{"total":0,"covered":0,"skipped":0,"pct":100}}
,"/Users/brianmccann/git-repos/greenspark-aws/core-api/src/api/models/memoryDatabase/mock-db.ts": {"lines":{"total":72,"covered":11,"skipped":0,"pct":15.27},"functions":{"total":16,"covered":1,"skipped":0,"pct":6.25},"statements":{"total":77,"covered":11,"skipped":0,"pct":14.28},"branches":{"total":23,"covered":0,"skipped":0,"pct":0}}
,"/Users/brianmccann/git-repos/greenspark-aws/core-api/src/api/models/runtime/GreensparkEntityNotFoundError.ts": {"lines":{"total":4,"covered":1,"skipped":0,"pct":25},"functions":{"total":1,"covered":0,"skipped":0,"pct":0},"statements":{"total":4,"covered":1,"skipped":0,"pct":25},"branches":{"total":0,"covered":0,"skipped":0,"pct":100}}
,"/Users/brianmccann/git-repos/greenspark-aws/core-api/src/api/models/runtime/GreensparkError.ts": {"lines":{"total":4,"covered":4,"skipped":0,"pct":100},"functions":{"total":1,"covered":1,"skipped":0,"pct":100},"statements":{"total":4,"covered":4,"skipped":0,"pct":100},"branches":{"total":0,"covered":0,"skipped":0,"pct":100}}
,"/Users/brianmccann/git-repos/greenspark-aws/core-api/src/api/services/businessLogic/account-logic.ts": {"lines":{"total":43,"covered":31,"skipped":0,"pct":72.09},"functions":{"total":8,"covered":3,"skipped":0,"pct":37.5},"statements":{"total":50,"covered":36,"skipped":0,"pct":72},"branches":{"total":2,"covered":1,"skipped":0,"pct":50}}
,"/Users/brianmccann/git-repos/greenspark-aws/core-api/src/api/services/businessLogic/asset-logic.ts": {"lines":{"total":38,"covered":23,"skipped":0,"pct":60.52},"functions":{"total":7,"covered":3,"skipped":0,"pct":42.85},"statements":{"total":39,"covered":24,"skipped":0,"pct":61.53},"branches":{"total":7,"covered":3,"skipped":0,"pct":42.85}}
,"/Users/brianmccann/git-repos/greenspark-aws/core-api/src/api/services/businessLogic/atm-logic.ts": {"lines":{"total":15,"covered":11,"skipped":0,"pct":73.33},"functions":{"total":1,"covered":1,"skipped":0,"pct":100},"statements":{"total":15,"covered":11,"skipped":0,"pct":73.33},"branches":{"total":2,"covered":0,"skipped":0,"pct":0}}
,"/Users/brianmccann/git-repos/greenspark-aws/core-api/src/api/services/businessLogic/benchmark-logic.ts": {"lines":{"total":34,"covered":6,"skipped":0,"pct":17.64},"functions":{"total":5,"covered":0,"skipped":0,"pct":0},"statements":{"total":35,"covered":6,"skipped":0,"pct":17.14},"branches":{"total":3,"covered":0,"skipped":0,"pct":0}}
,"/Users/brianmccann/git-repos/greenspark-aws/core-api/src/api/services/businessLogic/commodity-logic.ts": {"lines":{"total":31,"covered":7,"skipped":0,"pct":22.58},"functions":{"total":5,"covered":0,"skipped":0,"pct":0},"statements":{"total":32,"covered":7,"skipped":0,"pct":21.87},"branches":{"total":3,"covered":0,"skipped":0,"pct":0}}
,"/Users/brianmccann/git-repos/greenspark-aws/core-api/src/api/services/businessLogic/customer-logic.ts": {"lines":{"total":73,"covered":14,"skipped":0,"pct":19.17},"functions":{"total":13,"covered":0,"skipped":0,"pct":0},"statements":{"total":79,"covered":14,"skipped":0,"pct":17.72},"branches":{"total":35,"covered":0,"skipped":0,"pct":0}}
,"/Users/brianmccann/git-repos/greenspark-aws/core-api/src/api/services/businessLogic/device-logic.ts": {"lines":{"total":36,"covered":0,"skipped":0,"pct":0},"functions":{"total":6,"covered":0,"skipped":0,"pct":0},"statements":{"total":37,"covered":0,"skipped":0,"pct":0},"branches":{"total":4,"covered":0,"skipped":0,"pct":0}}
,"/Users/brianmccann/git-repos/greenspark-aws/core-api/src/api/services/businessLogic/finished-goods.ts": {"lines":{"total":159,"covered":10,"skipped":0,"pct":6.28},"functions":{"total":24,"covered":0,"skipped":0,"pct":0},"statements":{"total":164,"covered":10,"skipped":0,"pct":6.09},"branches":{"total":43,"covered":0,"skipped":0,"pct":0}}
,"/Users/brianmccann/git-repos/greenspark-aws/core-api/src/api/services/businessLogic/inventory-logic.ts": {"lines":{"total":75,"covered":0,"skipped":0,"pct":0},"functions":{"total":18,"covered":0,"skipped":0,"pct":0},"statements":{"total":78,"covered":0,"skipped":0,"pct":0},"branches":{"total":21,"covered":0,"skipped":0,"pct":0}}
,"/Users/brianmccann/git-repos/greenspark-aws/core-api/src/api/services/businessLogic/invoice-logic.ts": {"lines":{"total":53,"covered":5,"skipped":0,"pct":9.43},"functions":{"total":6,"covered":0,"skipped":0,"pct":0},"statements":{"total":53,"covered":5,"skipped":0,"pct":9.43},"branches":{"total":4,"covered":0,"skipped":0,"pct":0}}
,"/Users/brianmccann/git-repos/greenspark-aws/core-api/src/api/services/businessLogic/invoice-payment-logic.ts": {"lines":{"total":26,"covered":7,"skipped":0,"pct":26.92},"functions":{"total":2,"covered":0,"skipped":0,"pct":0},"statements":{"total":26,"covered":7,"skipped":0,"pct":26.92},"branches":{"total":3,"covered":0,"skipped":0,"pct":0}}
,"/Users/brianmccann/git-repos/greenspark-aws/core-api/src/api/services/businessLogic/material-logic.ts": {"lines":{"total":135,"covered":12,"skipped":0,"pct":8.88},"functions":{"total":21,"covered":2,"skipped":0,"pct":9.52},"statements":{"total":138,"covered":12,"skipped":0,"pct":8.69},"branches":{"total":12,"covered":3,"skipped":0,"pct":25}}
,"/Users/brianmccann/git-repos/greenspark-aws/core-api/src/api/services/businessLogic/material-type-logic.ts": {"lines":{"total":24,"covered":7,"skipped":0,"pct":29.16},"functions":{"total":5,"covered":0,"skipped":0,"pct":0},"statements":{"total":25,"covered":7,"skipped":0,"pct":28},"branches":{"total":3,"covered":0,"skipped":0,"pct":0}}
,"/Users/brianmccann/git-repos/greenspark-aws/core-api/src/api/services/businessLogic/organization-logic.ts": {"lines":{"total":29,"covered":14,"skipped":0,"pct":48.27},"functions":{"total":7,"covered":3,"skipped":0,"pct":42.85},"statements":{"total":31,"covered":15,"skipped":0,"pct":48.38},"branches":{"total":8,"covered":3,"skipped":0,"pct":37.5}}
,"/Users/brianmccann/git-repos/greenspark-aws/core-api/src/api/services/businessLogic/packing-list-logic.ts": {"lines":{"total":105,"covered":7,"skipped":0,"pct":6.66},"functions":{"total":20,"covered":0,"skipped":0,"pct":0},"statements":{"total":108,"covered":7,"skipped":0,"pct":6.48},"branches":{"total":28,"covered":0,"skipped":0,"pct":0}}
,"/Users/brianmccann/git-repos/greenspark-aws/core-api/src/api/services/businessLogic/payments-logic.ts": {"lines":{"total":102,"covered":0,"skipped":0,"pct":0},"functions":{"total":10,"covered":0,"skipped":0,"pct":0},"statements":{"total":105,"covered":0,"skipped":0,"pct":0},"branches":{"total":40,"covered":0,"skipped":0,"pct":0}}
,"/Users/brianmccann/git-repos/greenspark-aws/core-api/src/api/services/businessLogic/price-entry-logic.ts": {"lines":{"total":64,"covered":58,"skipped":0,"pct":90.62},"functions":{"total":16,"covered":15,"skipped":0,"pct":93.75},"statements":{"total":70,"covered":62,"skipped":0,"pct":88.57},"branches":{"total":37,"covered":23,"skipped":0,"pct":62.16}}
,"/Users/brianmccann/git-repos/greenspark-aws/core-api/src/api/services/businessLogic/price-sheet-logic.ts": {"lines":{"total":32,"covered":10,"skipped":0,"pct":31.25},"functions":{"total":6,"covered":2,"skipped":0,"pct":33.33},"statements":{"total":33,"covered":10,"skipped":0,"pct":30.3},"branches":{"total":4,"covered":0,"skipped":0,"pct":0}}
,"/Users/brianmccann/git-repos/greenspark-aws/core-api/src/api/services/businessLogic/purchase-order-logic.ts": {"lines":{"total":100,"covered":15,"skipped":0,"pct":15},"functions":{"total":10,"covered":1,"skipped":0,"pct":10},"statements":{"total":106,"covered":17,"skipped":0,"pct":16.03},"branches":{"total":24,"covered":0,"skipped":0,"pct":0}}
,"/Users/brianmccann/git-repos/greenspark-aws/core-api/src/api/services/businessLogic/regrades-logic.ts": {"lines":{"total":109,"covered":12,"skipped":0,"pct":11},"functions":{"total":12,"covered":2,"skipped":0,"pct":16.66},"statements":{"total":112,"covered":13,"skipped":0,"pct":11.6},"branches":{"total":11,"covered":0,"skipped":0,"pct":0}}
,"/Users/brianmccann/git-repos/greenspark-aws/core-api/src/api/services/businessLogic/sales-order-logic.ts": {"lines":{"total":76,"covered":11,"skipped":0,"pct":14.47},"functions":{"total":8,"covered":0,"skipped":0,"pct":0},"statements":{"total":79,"covered":13,"skipped":0,"pct":16.45},"branches":{"total":21,"covered":0,"skipped":0,"pct":0}}
,"/Users/brianmccann/git-repos/greenspark-aws/core-api/src/api/services/businessLogic/validate.ts": {"lines":{"total":94,"covered":48,"skipped":0,"pct":51.06},"functions":{"total":29,"covered":17,"skipped":0,"pct":58.62},"statements":{"total":107,"covered":56,"skipped":0,"pct":52.33},"branches":{"total":70,"covered":22,"skipped":0,"pct":31.42}}
,"/Users/brianmccann/git-repos/greenspark-aws/core-api/src/api/services/businessLogic/yard-logic.ts": {"lines":{"total":31,"covered":0,"skipped":0,"pct":0},"functions":{"total":6,"covered":0,"skipped":0,"pct":0},"statements":{"total":32,"covered":0,"skipped":0,"pct":0},"branches":{"total":3,"covered":0,"skipped":0,"pct":0}}
,"/Users/brianmccann/git-repos/greenspark-aws/core-api/src/api/services/businessLogic/inbound-ticket/inbound-ticket-events.ts": {"lines":{"total":11,"covered":4,"skipped":0,"pct":36.36},"functions":{"total":1,"covered":0,"skipped":0,"pct":0},"statements":{"total":12,"covered":5,"skipped":0,"pct":41.66},"branches":{"total":0,"covered":0,"skipped":0,"pct":100}}
,"/Users/brianmccann/git-repos/greenspark-aws/core-api/src/api/services/businessLogic/inbound-ticket/inbound-ticket-helper.ts": {"lines":{"total":74,"covered":68,"skipped":0,"pct":91.89},"functions":{"total":8,"covered":7,"skipped":0,"pct":87.5},"statements":{"total":81,"covered":75,"skipped":0,"pct":92.59},"branches":{"total":22,"covered":18,"skipped":0,"pct":81.81}}
,"/Users/brianmccann/git-repos/greenspark-aws/core-api/src/api/services/businessLogic/inbound-ticket/inbound-ticket-logic.ts": {"lines":{"total":169,"covered":103,"skipped":0,"pct":60.94},"functions":{"total":27,"covered":18,"skipped":0,"pct":66.66},"statements":{"total":177,"covered":105,"skipped":0,"pct":59.32},"branches":{"total":173,"covered":107,"skipped":0,"pct":61.84}}
,"/Users/brianmccann/git-repos/greenspark-aws/core-api/src/api/services/businessLogic/outbound-ticket/outbound-tickets-flow.ts": {"lines":{"total":61,"covered":9,"skipped":0,"pct":14.75},"functions":{"total":15,"covered":0,"skipped":0,"pct":0},"statements":{"total":64,"covered":9,"skipped":0,"pct":14.06},"branches":{"total":18,"covered":0,"skipped":0,"pct":0}}
,"/Users/brianmccann/git-repos/greenspark-aws/core-api/src/api/services/businessLogic/outbound-ticket/outbound-tickets-logic-helper.ts": {"lines":{"total":126,"covered":9,"skipped":0,"pct":7.14},"functions":{"total":24,"covered":0,"skipped":0,"pct":0},"statements":{"total":133,"covered":9,"skipped":0,"pct":6.76},"branches":{"total":39,"covered":0,"skipped":0,"pct":0}}
,"/Users/brianmccann/git-repos/greenspark-aws/core-api/src/api/services/businessLogic/outbound-ticket/outbound-tickets-logic.ts": {"lines":{"total":99,"covered":11,"skipped":0,"pct":11.11},"functions":{"total":7,"covered":0,"skipped":0,"pct":0},"statements":{"total":99,"covered":11,"skipped":0,"pct":11.11},"branches":{"total":24,"covered":0,"skipped":0,"pct":0}}
,"/Users/brianmccann/git-repos/greenspark-aws/core-api/src/api/services/compositeLogic/material-type-composite-logic.ts": {"lines":{"total":71,"covered":7,"skipped":0,"pct":9.85},"functions":{"total":25,"covered":0,"skipped":0,"pct":0},"statements":{"total":78,"covered":7,"skipped":0,"pct":8.97},"branches":{"total":15,"covered":0,"skipped":0,"pct":0}}
,"/Users/brianmccann/git-repos/greenspark-aws/core-api/src/api/services/compositeLogic/price-sheet-composite-logic.ts": {"lines":{"total":171,"covered":12,"skipped":0,"pct":7.01},"functions":{"total":31,"covered":0,"skipped":0,"pct":0},"statements":{"total":179,"covered":12,"skipped":0,"pct":6.7},"branches":{"total":66,"covered":0,"skipped":0,"pct":0}}
,"/Users/brianmccann/git-repos/greenspark-aws/core-api/src/api/services/compositeLogic/upload-inventory-logic.ts": {"lines":{"total":60,"covered":0,"skipped":0,"pct":0},"functions":{"total":13,"covered":0,"skipped":0,"pct":0},"statements":{"total":62,"covered":0,"skipped":0,"pct":0},"branches":{"total":4,"covered":0,"skipped":0,"pct":0}}
,"/Users/brianmccann/git-repos/greenspark-aws/core-api/src/handlers/account-handler.ts": {"lines":{"total":26,"covered":18,"skipped":0,"pct":69.23},"functions":{"total":4,"covered":2,"skipped":0,"pct":50},"statements":{"total":26,"covered":18,"skipped":0,"pct":69.23},"branches":{"total":8,"covered":7,"skipped":0,"pct":87.5}}
,"/Users/brianmccann/git-repos/greenspark-aws/core-api/src/handlers/asset-handler.ts": {"lines":{"total":28,"covered":18,"skipped":0,"pct":64.28},"functions":{"total":3,"covered":2,"skipped":0,"pct":66.66},"statements":{"total":30,"covered":20,"skipped":0,"pct":66.66},"branches":{"total":16,"covered":12,"skipped":0,"pct":75}}
,"/Users/brianmccann/git-repos/greenspark-aws/core-api/src/handlers/authorizer.ts": {"lines":{"total":53,"covered":43,"skipped":0,"pct":81.13},"functions":{"total":7,"covered":5,"skipped":0,"pct":71.42},"statements":{"total":58,"covered":46,"skipped":0,"pct":79.31},"branches":{"total":33,"covered":22,"skipped":0,"pct":66.66}}
,"/Users/brianmccann/git-repos/greenspark-aws/core-api/src/handlers/benchmark-handler.ts": {"lines":{"total":33,"covered":0,"skipped":0,"pct":0},"functions":{"total":4,"covered":0,"skipped":0,"pct":0},"statements":{"total":33,"covered":0,"skipped":0,"pct":0},"branches":{"total":8,"covered":0,"skipped":0,"pct":0}}
,"/Users/brianmccann/git-repos/greenspark-aws/core-api/src/handlers/commodity-handler.ts": {"lines":{"total":21,"covered":8,"skipped":0,"pct":38.09},"functions":{"total":5,"covered":0,"skipped":0,"pct":0},"statements":{"total":22,"covered":9,"skipped":0,"pct":40.9},"branches":{"total":4,"covered":0,"skipped":0,"pct":0}}
,"/Users/brianmccann/git-repos/greenspark-aws/core-api/src/handlers/customer-handler.ts": {"lines":{"total":19,"covered":19,"skipped":0,"pct":100},"functions":{"total":5,"covered":4,"skipped":0,"pct":80},"statements":{"total":21,"covered":20,"skipped":0,"pct":95.23},"branches":{"total":4,"covered":2,"skipped":0,"pct":50}}
,"/Users/brianmccann/git-repos/greenspark-aws/core-api/src/handlers/device-handler.ts": {"lines":{"total":9,"covered":0,"skipped":0,"pct":0},"functions":{"total":2,"covered":0,"skipped":0,"pct":0},"statements":{"total":9,"covered":0,"skipped":0,"pct":0},"branches":{"total":0,"covered":0,"skipped":0,"pct":100}}
,"/Users/brianmccann/git-repos/greenspark-aws/core-api/src/handlers/external-handler.ts": {"lines":{"total":25,"covered":17,"skipped":0,"pct":68},"functions":{"total":2,"covered":2,"skipped":0,"pct":100},"statements":{"total":25,"covered":17,"skipped":0,"pct":68},"branches":{"total":8,"covered":5,"skipped":0,"pct":62.5}}
,"/Users/brianmccann/git-repos/greenspark-aws/core-api/src/handlers/finished-goods.ts": {"lines":{"total":39,"covered":0,"skipped":0,"pct":0},"functions":{"total":5,"covered":0,"skipped":0,"pct":0},"statements":{"total":39,"covered":0,"skipped":0,"pct":0},"branches":{"total":14,"covered":0,"skipped":0,"pct":0}}
,"/Users/brianmccann/git-repos/greenspark-aws/core-api/src/handlers/inbound-ticket-handler.ts": {"lines":{"total":24,"covered":7,"skipped":0,"pct":29.16},"functions":{"total":5,"covered":0,"skipped":0,"pct":0},"statements":{"total":24,"covered":7,"skipped":0,"pct":29.16},"branches":{"total":2,"covered":0,"skipped":0,"pct":0}}
,"/Users/brianmccann/git-repos/greenspark-aws/core-api/src/handlers/index.ts": {"lines":{"total":1,"covered":1,"skipped":0,"pct":100},"functions":{"total":0,"covered":0,"skipped":0,"pct":100},"statements":{"total":1,"covered":1,"skipped":0,"pct":100},"branches":{"total":0,"covered":0,"skipped":0,"pct":100}}
,"/Users/brianmccann/git-repos/greenspark-aws/core-api/src/handlers/inventory-handler.ts": {"lines":{"total":19,"covered":0,"skipped":0,"pct":0},"functions":{"total":5,"covered":0,"skipped":0,"pct":0},"statements":{"total":19,"covered":0,"skipped":0,"pct":0},"branches":{"total":2,"covered":0,"skipped":0,"pct":0}}
,"/Users/brianmccann/git-repos/greenspark-aws/core-api/src/handlers/invoice-handler.ts": {"lines":{"total":36,"covered":27,"skipped":0,"pct":75},"functions":{"total":5,"covered":3,"skipped":0,"pct":60},"statements":{"total":36,"covered":27,"skipped":0,"pct":75},"branches":{"total":6,"covered":2,"skipped":0,"pct":33.33}}
,"/Users/brianmccann/git-repos/greenspark-aws/core-api/src/handlers/invoice-payment-handler.ts": {"lines":{"total":19,"covered":19,"skipped":0,"pct":100},"functions":{"total":2,"covered":2,"skipped":0,"pct":100},"statements":{"total":19,"covered":19,"skipped":0,"pct":100},"branches":{"total":4,"covered":4,"skipped":0,"pct":100}}
,"/Users/brianmccann/git-repos/greenspark-aws/core-api/src/handlers/material-handler.ts": {"lines":{"total":9,"covered":4,"skipped":0,"pct":44.44},"functions":{"total":2,"covered":0,"skipped":0,"pct":0},"statements":{"total":9,"covered":4,"skipped":0,"pct":44.44},"branches":{"total":2,"covered":0,"skipped":0,"pct":0}}
,"/Users/brianmccann/git-repos/greenspark-aws/core-api/src/handlers/material-type-handler.ts": {"lines":{"total":41,"covered":15,"skipped":0,"pct":36.58},"functions":{"total":7,"covered":0,"skipped":0,"pct":0},"statements":{"total":43,"covered":16,"skipped":0,"pct":37.2},"branches":{"total":7,"covered":0,"skipped":0,"pct":0}}
,"/Users/brianmccann/git-repos/greenspark-aws/core-api/src/handlers/organization-handler.ts": {"lines":{"total":21,"covered":21,"skipped":0,"pct":100},"functions":{"total":5,"covered":5,"skipped":0,"pct":100},"statements":{"total":21,"covered":21,"skipped":0,"pct":100},"branches":{"total":6,"covered":3,"skipped":0,"pct":50}}
,"/Users/brianmccann/git-repos/greenspark-aws/core-api/src/handlers/outbound-ticket-handler.ts": {"lines":{"total":32,"covered":15,"skipped":0,"pct":46.87},"functions":{"total":5,"covered":1,"skipped":0,"pct":20},"statements":{"total":32,"covered":15,"skipped":0,"pct":46.87},"branches":{"total":4,"covered":1,"skipped":0,"pct":25}}
,"/Users/brianmccann/git-repos/greenspark-aws/core-api/src/handlers/packing-list-handler.ts": {"lines":{"total":35,"covered":10,"skipped":0,"pct":28.57},"functions":{"total":5,"covered":0,"skipped":0,"pct":0},"statements":{"total":35,"covered":10,"skipped":0,"pct":28.57},"branches":{"total":13,"covered":0,"skipped":0,"pct":0}}
,"/Users/brianmccann/git-repos/greenspark-aws/core-api/src/handlers/payments-handler.ts": {"lines":{"total":35,"covered":0,"skipped":0,"pct":0},"functions":{"total":5,"covered":0,"skipped":0,"pct":0},"statements":{"total":35,"covered":0,"skipped":0,"pct":0},"branches":{"total":6,"covered":0,"skipped":0,"pct":0}}
,"/Users/brianmccann/git-repos/greenspark-aws/core-api/src/handlers/permissions-handler.ts": {"lines":{"total":15,"covered":14,"skipped":0,"pct":93.33},"functions":{"total":1,"covered":1,"skipped":0,"pct":100},"statements":{"total":15,"covered":14,"skipped":0,"pct":93.33},"branches":{"total":5,"covered":4,"skipped":0,"pct":80}}
,"/Users/brianmccann/git-repos/greenspark-aws/core-api/src/handlers/price-entry-handler.ts": {"lines":{"total":20,"covered":0,"skipped":0,"pct":0},"functions":{"total":5,"covered":0,"skipped":0,"pct":0},"statements":{"total":20,"covered":0,"skipped":0,"pct":0},"branches":{"total":4,"covered":0,"skipped":0,"pct":0}}
,"/Users/brianmccann/git-repos/greenspark-aws/core-api/src/handlers/price-sheet-handler.ts": {"lines":{"total":46,"covered":13,"skipped":0,"pct":28.26},"functions":{"total":9,"covered":0,"skipped":0,"pct":0},"statements":{"total":50,"covered":15,"skipped":0,"pct":30},"branches":{"total":8,"covered":0,"skipped":0,"pct":0}}
,"/Users/brianmccann/git-repos/greenspark-aws/core-api/src/handlers/purchase-order-handler.ts": {"lines":{"total":45,"covered":0,"skipped":0,"pct":0},"functions":{"total":10,"covered":0,"skipped":0,"pct":0},"statements":{"total":45,"covered":0,"skipped":0,"pct":0},"branches":{"total":6,"covered":0,"skipped":0,"pct":0}}
,"/Users/brianmccann/git-repos/greenspark-aws/core-api/src/handlers/regrades-handler.ts": {"lines":{"total":19,"covered":0,"skipped":0,"pct":0},"functions":{"total":6,"covered":0,"skipped":0,"pct":0},"statements":{"total":25,"covered":0,"skipped":0,"pct":0},"branches":{"total":7,"covered":0,"skipped":0,"pct":0}}
,"/Users/brianmccann/git-repos/greenspark-aws/core-api/src/handlers/sales-order-handler.ts": {"lines":{"total":45,"covered":0,"skipped":0,"pct":0},"functions":{"total":10,"covered":0,"skipped":0,"pct":0},"statements":{"total":45,"covered":0,"skipped":0,"pct":0},"branches":{"total":6,"covered":0,"skipped":0,"pct":0}}
,"/Users/brianmccann/git-repos/greenspark-aws/core-api/src/handlers/utilities.ts": {"lines":{"total":70,"covered":55,"skipped":0,"pct":78.57},"functions":{"total":11,"covered":9,"skipped":0,"pct":81.81},"statements":{"total":71,"covered":56,"skipped":0,"pct":78.87},"branches":{"total":53,"covered":42,"skipped":0,"pct":79.24}}
,"/Users/brianmccann/git-repos/greenspark-aws/core-api/src/handlers/yard-handler.ts": {"lines":{"total":30,"covered":19,"skipped":0,"pct":63.33},"functions":{"total":6,"covered":2,"skipped":0,"pct":33.33},"statements":{"total":30,"covered":19,"skipped":0,"pct":63.33},"branches":{"total":9,"covered":1,"skipped":0,"pct":11.11}}
,"/Users/brianmccann/git-repos/greenspark-aws/core-api/src/utilities/findUndefined.js": {"lines":{"total":9,"covered":0,"skipped":0,"pct":0},"functions":{"total":2,"covered":0,"skipped":0,"pct":0},"statements":{"total":10,"covered":0,"skipped":0,"pct":0},"branches":{"total":7,"covered":0,"skipped":0,"pct":0}}
,"/Users/brianmccann/git-repos/greenspark-aws/core-api/src/utilities/generateTag.js": {"lines":{"total":9,"covered":2,"skipped":0,"pct":22.22},"functions":{"total":1,"covered":0,"skipped":0,"pct":0},"statements":{"total":10,"covered":2,"skipped":0,"pct":20},"branches":{"total":0,"covered":0,"skipped":0,"pct":100}}
,"/Users/brianmccann/git-repos/greenspark-aws/core-api/src/utilities/getCollection.ts": {"lines":{"total":2,"covered":0,"skipped":0,"pct":0},"functions":{"total":1,"covered":0,"skipped":0,"pct":0},"statements":{"total":2,"covered":0,"skipped":0,"pct":0},"branches":{"total":0,"covered":0,"skipped":0,"pct":100}}
,"/Users/brianmccann/git-repos/greenspark-aws/core-api/src/utilities/getStatusObj.js": {"lines":{"total":1,"covered":0,"skipped":0,"pct":0},"functions":{"total":1,"covered":0,"skipped":0,"pct":0},"statements":{"total":2,"covered":0,"skipped":0,"pct":0},"branches":{"total":0,"covered":0,"skipped":0,"pct":100}}
,"/Users/brianmccann/git-repos/greenspark-aws/core-api/src/utilities/handleWarmerEvent.ts": {"lines":{"total":12,"covered":3,"skipped":0,"pct":25},"functions":{"total":3,"covered":0,"skipped":0,"pct":0},"statements":{"total":13,"covered":3,"skipped":0,"pct":23.07},"branches":{"total":3,"covered":0,"skipped":0,"pct":0}}
,"/Users/brianmccann/git-repos/greenspark-aws/core-api/src/utilities/isUuid.js": {"lines":{"total":1,"covered":0,"skipped":0,"pct":0},"functions":{"total":1,"covered":0,"skipped":0,"pct":0},"statements":{"total":2,"covered":0,"skipped":0,"pct":0},"branches":{"total":0,"covered":0,"skipped":0,"pct":100}}
,"/Users/brianmccann/git-repos/greenspark-aws/core-api/src/utilities/mapAsync.js": {"lines":{"total":17,"covered":17,"skipped":0,"pct":100},"functions":{"total":2,"covered":2,"skipped":0,"pct":100},"statements":{"total":20,"covered":20,"skipped":0,"pct":100},"branches":{"total":8,"covered":8,"skipped":0,"pct":100}}
,"/Users/brianmccann/git-repos/greenspark-aws/core-api/src/utilities/price-utility.ts": {"lines":{"total":62,"covered":45,"skipped":0,"pct":72.58},"functions":{"total":10,"covered":5,"skipped":0,"pct":50},"statements":{"total":62,"covered":45,"skipped":0,"pct":72.58},"branches":{"total":13,"covered":6,"skipped":0,"pct":46.15}}
,"/Users/brianmccann/git-repos/greenspark-aws/core-api/src/utilities/states.js": {"lines":{"total":1,"covered":1,"skipped":0,"pct":100},"functions":{"total":0,"covered":0,"skipped":0,"pct":100},"statements":{"total":1,"covered":1,"skipped":0,"pct":100},"branches":{"total":0,"covered":0,"skipped":0,"pct":100}}
,"/Users/brianmccann/git-repos/greenspark-aws/core-api/src/utilities/weight-utility.ts": {"lines":{"total":3,"covered":2,"skipped":0,"pct":66.66},"functions":{"total":1,"covered":0,"skipped":0,"pct":0},"statements":{"total":4,"covered":3,"skipped":0,"pct":75},"branches":{"total":1,"covered":0,"skipped":0,"pct":0}}
}
